<?xml version="1.0" encoding="UTF-8"?>
<testsuites name="Regress 3" time="1864.727" tests="9" failures="1" errors="1">
   <testsuite name="Regress 3" tests="9" failures="1" errors="1" time="1864.727" skipped="0" timestamp="2022-02-15 09:38:16" hostname="a00139272 - 192.168.0.189" id="Test Suites/Regress 3">
      <properties>
         <property name="deviceName" value="samsung SM-G965F (Android 10)"/>
         <property name="devicePlatform" value=""/>
         <property name="logFolder" value="/Users/a00139272/Katalon Studio/MAEAutomation2/Reports/20220215_093806/Regress 3/20220215_093806"/>
         <property name="logFiles" value="/Users/a00139272/Katalon Studio/MAEAutomation2/Reports/20220215_093806/Regress 3/20220215_093806/execution0.log, /Users/a00139272/Katalon Studio/MAEAutomation2/Reports/20220215_093806/Regress 3/20220215_093806/appium.log"/>
         <property name="attachments" value=""/>
         <property name="hostName" value="a00139272 - 192.168.0.189"/>
         <property name="os" value="Mac OS X 64bit"/>
         <property name="appiumServerStatus" value="{&quot;value&quot;:{&quot;build&quot;:{&quot;version&quot;:&quot;1.22.1&quot;}},&quot;sessionId&quot;:null,&quot;status&quot;:0}"/>
         <property name="katalonVersion" value="8.2.0.208"/>
         <property name="deviceOS" value="Android"/>
         <property name="appiumVersion" value="1.22.1"/>
         <property name="deviceModel" value="SM-G965F"/>
         <property name="hostAddress" value="192.168.0.189"/>
         <property name="deviceManufacturer" value="samsung"/>
         <property name="deviceId" value="2252c030550d7ece"/>
         <property name="deviceName" value="samsung SM-G965F (Android 10)"/>
         <property name="deviceOSVersion" value="10"/>
      </properties>
      <testcase name="Test Cases/Transfer/transfer_moneyTransferMaybank" time="395.439" classname="Test Cases/Transfer/transfer_moneyTransferMaybank" status="PASSED">
         <system-out><![CDATA[2022-02-15 09:38:17 - [TEST_CASE][PASSED] - Test Cases/Transfer/transfer_moneyTransferMaybank: Test Cases/Transfer/transfer_moneyTransferMaybank

2022-02-15 09:38:17 - [TEST_STEP][PASSED] - try: Delayed 5 second(s)

2022-02-15 09:38:17 - [TEST_STEP][PASSED] - setMobileDriverPreferencesProperty("appPackage", "com.maybank2u.life.sit"): null

2022-02-15 09:38:17 - [TEST_STEP][PASSED] - setMobileDriverPreferencesProperty("appActivity", "com.maybank2u.life.MainActivity"): null

2022-02-15 09:38:17 - [TEST_STEP][PASSED] - if (isApplicationOpened == false): Started app at: '/Users/a00139272/Katalon Studio/MAE/androidapp/app-sit-universal-release-copy.apk'

2022-02-15 09:38:17 - [TEST_STEP][PASSED] - startApplication(appPath, false): Started app at: '/Users/a00139272/Katalon Studio/MAE/androidapp/app-sit-universal-release-copy.apk'

2022-02-15 09:38:17 - [MESSAGE][INFO] - User set preference: ['appWaitActivity', '*']

2022-02-15 09:38:17 - [MESSAGE][INFO] - User set preference: ['deviceId', '2252c030550d7ece']

2022-02-15 09:38:17 - [MESSAGE][INFO] - User set preference: ['appPackage', 'com.maybank2u.life.sit']

2022-02-15 09:38:17 - [MESSAGE][INFO] - User set preference: ['appActivity', 'com.maybank2u.life.MainActivity']

2022-02-15 09:38:19 - [MESSAGE][INFO] - Appium server started on port 57,592

2022-02-15 09:38:32 - [MESSAGE][PASSED] - Started app at: '/Users/a00139272/Katalon Studio/MAE/androidapp/app-sit-universal-release-copy.apk'

2022-02-15 09:38:32 - [TEST_STEP][PASSED] - delay(5): Delayed 5 second(s)

2022-02-15 09:38:37 - [MESSAGE][PASSED] - Delayed 5 second(s)

2022-02-15 09:38:37 - [TEST_STEP][PASSED] - if (getDeviceManufacturer() == "samsung"): null

2022-02-15 09:38:37 - [MESSAGE][PASSED] - Device manufacturer is: 'samsung'

2022-02-15 09:38:37 - [TEST_STEP][PASSED] - tapAtPosition(459, 2680): Tapped at [459, 2,680]

2022-02-15 09:38:37 - [MESSAGE][PASSED] - Tapped at [459, 2,680]

2022-02-15 09:38:37 - [TEST_STEP][PASSED] - if (verifyElementVisible(findTestObject("Main/mainEnterPINMessage"), 0, OPTIONAL)): null

2022-02-15 09:38:37 - [MESSAGE][WARNING] - Timeout '0' is invalid. Using default page load timeout: '20'

2022-02-15 09:38:39 - [MESSAGE][PASSED] - Element 'Object Repository/Main/mainEnterPINMessage' is visible

2022-02-15 09:38:39 - [TEST_STEP][PASSED] - tap(findTestObject("Login Onboarding/PIN1"), 0): Tapped on element 'Object Repository/Login Onboarding/PIN1'

2022-02-15 09:38:39 - [MESSAGE][WARNING] - Timeout '0' is invalid. Using default page load timeout: '20'

2022-02-15 09:38:39 - [MESSAGE][PASSED] - Tapped on element 'Object Repository/Login Onboarding/PIN1'

2022-02-15 09:38:39 - [TEST_STEP][PASSED] - tap(findTestObject("Login Onboarding/PIN1"), 0): Tapped on element 'Object Repository/Login Onboarding/PIN1'

2022-02-15 09:38:39 - [MESSAGE][WARNING] - Timeout '0' is invalid. Using default page load timeout: '20'

2022-02-15 09:38:41 - [MESSAGE][PASSED] - Tapped on element 'Object Repository/Login Onboarding/PIN1'

2022-02-15 09:38:41 - [TEST_STEP][PASSED] - tap(findTestObject("Login Onboarding/PIN1"), 0): Tapped on element 'Object Repository/Login Onboarding/PIN1'

2022-02-15 09:38:41 - [MESSAGE][WARNING] - Timeout '0' is invalid. Using default page load timeout: '20'

2022-02-15 09:38:43 - [MESSAGE][PASSED] - Tapped on element 'Object Repository/Login Onboarding/PIN1'

2022-02-15 09:38:43 - [TEST_STEP][PASSED] - tap(findTestObject("Login Onboarding/PIN1"), 0): Tapped on element 'Object Repository/Login Onboarding/PIN1'

2022-02-15 09:38:43 - [MESSAGE][WARNING] - Timeout '0' is invalid. Using default page load timeout: '20'

2022-02-15 09:38:45 - [MESSAGE][PASSED] - Tapped on element 'Object Repository/Login Onboarding/PIN1'

2022-02-15 09:38:45 - [TEST_STEP][PASSED] - tap(findTestObject("Login Onboarding/PIN1"), 0): Tapped on element 'Object Repository/Login Onboarding/PIN1'

2022-02-15 09:38:45 - [MESSAGE][WARNING] - Timeout '0' is invalid. Using default page load timeout: '20'

2022-02-15 09:38:47 - [MESSAGE][PASSED] - Tapped on element 'Object Repository/Login Onboarding/PIN1'

2022-02-15 09:38:47 - [TEST_STEP][PASSED] - tap(findTestObject("Login Onboarding/PIN2"), 0): Tapped on element 'Object Repository/Login Onboarding/PIN2'

2022-02-15 09:38:47 - [MESSAGE][WARNING] - Timeout '0' is invalid. Using default page load timeout: '20'

2022-02-15 09:38:49 - [MESSAGE][PASSED] - Tapped on element 'Object Repository/Login Onboarding/PIN2'

2022-02-15 09:38:49 - [TEST_STEP][PASSED] - delay(2): Delayed 2 second(s)

2022-02-15 09:38:51 - [MESSAGE][PASSED] - Delayed 2 second(s)

2022-02-15 09:38:51 - [TEST_STEP][PASSED] - verifyElementVisible(findTestObject("Banking/m2uAccountTypeSelection", ["text":"MAE"]), 10): Element 'Object Repository/Banking/m2uAccountTypeSelection' is visible

2022-02-15 09:38:54 - [MESSAGE][PASSED] - Element 'Object Repository/Banking/m2uAccountTypeSelection' is visible

2022-02-15 09:38:54 - [TEST_STEP][PASSED] - tap(findTestObject("Banking/m2uAccountTypeSelection", ["text":"MAE"]), 10): Tapped on element 'Object Repository/Banking/m2uAccountTypeSelection'

2022-02-15 09:38:57 - [MESSAGE][PASSED] - Tapped on element 'Object Repository/Banking/m2uAccountTypeSelection'

2022-02-15 09:38:57 - [TEST_STEP][PASSED] - delay(5): Delayed 5 second(s)

2022-02-15 09:39:02 - [MESSAGE][PASSED] - Delayed 5 second(s)

2022-02-15 09:39:02 - [TEST_STEP][PASSED] - verifyElementVisible(findTestObject("Banking/m2uAccountTransferIconSelect"), 0): Element 'Object Repository/Banking/m2uAccountTransferIconSelect' is visible

2022-02-15 09:39:02 - [MESSAGE][WARNING] - Timeout '0' is invalid. Using default page load timeout: '20'

2022-02-15 09:39:02 - [MESSAGE][PASSED] - Element 'Object Repository/Banking/m2uAccountTransferIconSelect' is visible

2022-02-15 09:39:02 - [TEST_STEP][PASSED] - tap(findTestObject("Banking/m2uAccountTransferIconSelect"), 0): Tapped on element 'Object Repository/Banking/m2uAccountTransferIconSelect'

2022-02-15 09:39:02 - [MESSAGE][WARNING] - Timeout '0' is invalid. Using default page load timeout: '20'

2022-02-15 09:39:13 - [MESSAGE][PASSED] - Tapped on element 'Object Repository/Banking/m2uAccountTransferIconSelect'

2022-02-15 09:39:13 - [TEST_STEP][PASSED] - delay(5): Delayed 5 second(s)

2022-02-15 09:39:18 - [MESSAGE][PASSED] - Delayed 5 second(s)

2022-02-15 09:39:18 - [TEST_STEP][PASSED] - if (verifyElementVisible(findTestObject("Tabung/tabungEnterPasswordTxt"), 0, OPTIONAL)): null

2022-02-15 09:39:18 - [MESSAGE][WARNING] - Timeout '0' is invalid. Using default page load timeout: '20'

2022-02-15 09:40:08 - [MESSAGE][PASSED] - Element 'Object Repository/Tabung/tabungEnterPasswordTxt' is visible

2022-02-15 09:40:08 - [TEST_STEP][PASSED] - setText(findTestObject("Tabung/tabungSignInInputPasswordField"), Password, 0): Text 'Sanjay@49' has been set to element 'Object Repository/Tabung/tabungSignInInputPasswordField'

2022-02-15 09:40:08 - [MESSAGE][WARNING] - Timeout '0' is invalid. Using default page load timeout: '20'

2022-02-15 09:42:00 - [MESSAGE][PASSED] - Text 'Sanjay@49' has been set to element 'Object Repository/Tabung/tabungSignInInputPasswordField'

2022-02-15 09:42:00 - [TEST_STEP][PASSED] - hideKeyboard(): Keyboard is hidden

2022-02-15 09:42:01 - [MESSAGE][PASSED] - Keyboard is hidden

2022-02-15 09:42:01 - [TEST_STEP][PASSED] - tap(findTestObject("Tabung/tabungSignInContinueBtn"), 0): Tapped on element 'Object Repository/Tabung/tabungSignInContinueBtn'

2022-02-15 09:42:01 - [MESSAGE][WARNING] - Timeout '0' is invalid. Using default page load timeout: '20'

2022-02-15 09:43:02 - [MESSAGE][PASSED] - Tapped on element 'Object Repository/Tabung/tabungSignInContinueBtn'

2022-02-15 09:43:02 - [TEST_STEP][PASSED] - delay(3): Delayed 3 second(s)

2022-02-15 09:43:05 - [MESSAGE][PASSED] - Delayed 3 second(s)

2022-02-15 09:43:05 - [TEST_STEP][PASSED] - tap(findTestObject("Banking/transferBanksIconSelect"), 0): Tapped on element 'Object Repository/Banking/transferBanksIconSelect'

2022-02-15 09:43:05 - [MESSAGE][WARNING] - Timeout '0' is invalid. Using default page load timeout: '20'

2022-02-15 09:43:58 - [MESSAGE][PASSED] - Tapped on element 'Object Repository/Banking/transferBanksIconSelect'

2022-02-15 09:43:58 - [TEST_STEP][PASSED] - tap(findTestObject("Banking/transferToMaybankSelect"), 0): Tapped on element 'Object Repository/Banking/transferToMaybankSelect'

2022-02-15 09:43:58 - [MESSAGE][WARNING] - Timeout '0' is invalid. Using default page load timeout: '20'

2022-02-15 09:43:59 - [MESSAGE][PASSED] - Tapped on element 'Object Repository/Banking/transferToMaybankSelect'

2022-02-15 09:43:59 - [TEST_STEP][PASSED] - setText(findTestObject("Banking/transferAccountNoInputField"), accountNum, 0): Text '514012082699' has been set to element 'Object Repository/Banking/transferAccountNoInputField'

2022-02-15 09:43:59 - [MESSAGE][WARNING] - Timeout '0' is invalid. Using default page load timeout: '20'

2022-02-15 09:44:01 - [MESSAGE][PASSED] - Text '514012082699' has been set to element 'Object Repository/Banking/transferAccountNoInputField'

2022-02-15 09:44:01 - [TEST_STEP][PASSED] - hideKeyboard(): Keyboard is hidden

2022-02-15 09:44:02 - [MESSAGE][PASSED] - Keyboard is hidden

2022-02-15 09:44:02 - [TEST_STEP][PASSED] - tap(findTestObject("Login Onboarding/loginExistingContinueBtn"), 0): Tapped on element 'Object Repository/Login Onboarding/loginExistingContinueBtn'

2022-02-15 09:44:02 - [MESSAGE][WARNING] - Timeout '0' is invalid. Using default page load timeout: '20'

2022-02-15 09:44:03 - [MESSAGE][PASSED] - Tapped on element 'Object Repository/Login Onboarding/loginExistingContinueBtn'

2022-02-15 09:44:03 - [TEST_STEP][PASSED] - tap(findTestObject("Login Onboarding/PIN4"), 0): Tapped on element 'Object Repository/Login Onboarding/PIN4'

2022-02-15 09:44:03 - [MESSAGE][WARNING] - Timeout '0' is invalid. Using default page load timeout: '20'

2022-02-15 09:44:14 - [MESSAGE][PASSED] - Tapped on element 'Object Repository/Login Onboarding/PIN4'

2022-02-15 09:44:14 - [TEST_STEP][PASSED] - delay(3): Delayed 3 second(s)

2022-02-15 09:44:17 - [MESSAGE][PASSED] - Delayed 3 second(s)

2022-02-15 09:44:17 - [TEST_STEP][PASSED] - tap(findTestObject("Login Onboarding/loginPinTickBtn"), 0): Tapped on element 'Object Repository/Login Onboarding/loginPinTickBtn'

2022-02-15 09:44:17 - [MESSAGE][WARNING] - Timeout '0' is invalid. Using default page load timeout: '20'

2022-02-15 09:44:17 - [MESSAGE][PASSED] - Tapped on element 'Object Repository/Login Onboarding/loginPinTickBtn'

2022-02-15 09:44:17 - [TEST_STEP][PASSED] - setText(findTestObject("Banking/transferReferenceInputField"), "MBBTransfer", 0): Text 'MBBTransfer' has been set to element 'Object Repository/Banking/transferReferenceInputField'

2022-02-15 09:44:17 - [MESSAGE][WARNING] - Timeout '0' is invalid. Using default page load timeout: '20'

2022-02-15 09:44:20 - [MESSAGE][PASSED] - Text 'MBBTransfer' has been set to element 'Object Repository/Banking/transferReferenceInputField'

2022-02-15 09:44:20 - [TEST_STEP][PASSED] - hideKeyboard(): Keyboard is hidden

2022-02-15 09:44:21 - [MESSAGE][PASSED] - Keyboard is hidden

2022-02-15 09:44:21 - [TEST_STEP][PASSED] - tap(findTestObject("Login Onboarding/loginExistingContinueBtn"), 0): Tapped on element 'Object Repository/Login Onboarding/loginExistingContinueBtn'

2022-02-15 09:44:21 - [MESSAGE][WARNING] - Timeout '0' is invalid. Using default page load timeout: '20'

2022-02-15 09:44:22 - [MESSAGE][PASSED] - Tapped on element 'Object Repository/Login Onboarding/loginExistingContinueBtn'

2022-02-15 09:44:22 - [TEST_STEP][PASSED] - tap(findTestObject("Main/mainTransferNowBtn"), 0): Tapped on element 'Object Repository/Main/mainTransferNowBtn'

2022-02-15 09:44:22 - [MESSAGE][WARNING] - Timeout '0' is invalid. Using default page load timeout: '20'

2022-02-15 09:44:25 - [MESSAGE][PASSED] - Tapped on element 'Object Repository/Main/mainTransferNowBtn'

2022-02-15 09:44:25 - [TEST_STEP][PASSED] - if (verifyElementVisible(findTestObject("Festive Season/seasonalGreetingAngpaoTACNoTxt"), 5, OPTIONAL)): Element 'Object Repository/Festive Season/seasonalGreetingAngpaoTACNoTxt' not found

2022-02-15 09:44:30 - [MESSAGE][WARNING] - Element 'Object Repository/Festive Season/seasonalGreetingAngpaoTACNoTxt' not found

2022-02-15 09:44:30 - [TEST_STEP][PASSED] - else: Tapped on element 'Object Repository/Main/mainS2UApproveBtn'

2022-02-15 09:44:30 - [TEST_STEP][PASSED] - delay(5): Delayed 5 second(s)

2022-02-15 09:44:35 - [MESSAGE][PASSED] - Delayed 5 second(s)

2022-02-15 09:44:35 - [TEST_STEP][PASSED] - verifyElementVisible(findTestObject("Main/mainS2UApproveBtn"), 0): Element 'Object Repository/Main/mainS2UApproveBtn' is visible

2022-02-15 09:44:35 - [MESSAGE][WARNING] - Timeout '0' is invalid. Using default page load timeout: '20'

2022-02-15 09:44:35 - [MESSAGE][PASSED] - Element 'Object Repository/Main/mainS2UApproveBtn' is visible

2022-02-15 09:44:35 - [TEST_STEP][PASSED] - tap(findTestObject("Main/mainS2UApproveBtn"), 0): Tapped on element 'Object Repository/Main/mainS2UApproveBtn'

2022-02-15 09:44:36 - [MESSAGE][WARNING] - Timeout '0' is invalid. Using default page load timeout: '20'

2022-02-15 09:44:36 - [MESSAGE][PASSED] - Tapped on element 'Object Repository/Main/mainS2UApproveBtn'

2022-02-15 09:44:36 - [TEST_STEP][PASSED] - message = getText(findTestObject("Main/mainTransactionStatusMessageTxt"), 10): Text of element 'Object Repository/Main/mainTransactionStatusMessageTxt' is: 'Transfer successful'

2022-02-15 09:44:41 - [MESSAGE][PASSED] - Text of element 'Object Repository/Main/mainTransactionStatusMessageTxt' is: 'Transfer successful'

2022-02-15 09:44:41 - [TEST_STEP][PASSED] - println(message): null

2022-02-15 09:44:41 - [TEST_STEP][PASSED] - delay(5): Delayed 5 second(s)

2022-02-15 09:44:46 - [MESSAGE][PASSED] - Delayed 5 second(s)

2022-02-15 09:44:46 - [TEST_STEP][PASSED] - referenceID = getText(findTestObject("Send Request Money/requestMoneyPaySummaryRefIDTxt"), 0): Text of element 'Object Repository/Send Request Money/requestMoneyPaySummaryRefIDTxt' is: '181193361M'

2022-02-15 09:44:46 - [MESSAGE][WARNING] - Timeout '0' is invalid. Using default page load timeout: '20'

2022-02-15 09:44:46 - [MESSAGE][PASSED] - Text of element 'Object Repository/Send Request Money/requestMoneyPaySummaryRefIDTxt' is: '181193361M'

2022-02-15 09:44:46 - [TEST_STEP][PASSED] - println(referenceID): null

2022-02-15 09:44:46 - [TEST_STEP][PASSED] - test = dataFolder: null

2022-02-15 09:44:46 - [TEST_STEP][PASSED] - sheetName = "Sheet1": null

2022-02-15 09:44:46 - [TEST_STEP][PASSED] - file1 = new java.io.File(test): null

2022-02-15 09:44:46 - [TEST_STEP][PASSED] - assert file1.exists() == true: null

2022-02-15 09:44:46 - [TEST_STEP][PASSED] - woorkbook1 = getWorkbook(test): null

2022-02-15 09:44:47 - [TEST_STEP][PASSED] - sheet1 = getExcelSheet(woorkbook1, sheetName): null

2022-02-15 09:44:47 - [TEST_STEP][PASSED] - setValueToCellByIndex(sheet1, 3, 1, referenceID): null

2022-02-15 09:44:47 - [TEST_STEP][PASSED] - saveWorkbook(test, woorkbook1): null

2022-02-15 09:44:47 - [TEST_STEP][PASSED] - tap(findTestObject("Main/mainDoneBtn"), 0): Tapped on element 'Object Repository/Main/mainDoneBtn'

2022-02-15 09:44:47 - [MESSAGE][WARNING] - Timeout '0' is invalid. Using default page load timeout: '20'

2022-02-15 09:44:47 - [MESSAGE][PASSED] - Tapped on element 'Object Repository/Main/mainDoneBtn'

2022-02-15 09:44:47 - [TEST_STEP][PASSED] - delay(5): Delayed 5 second(s)

2022-02-15 09:44:52 - [MESSAGE][PASSED] - Delayed 5 second(s)]]></system-out>
         <system-err><![CDATA[]]></system-err>
      </testcase>
      <testcase name="Test Cases/Transfer/transfer_moneyTransferMaybankFuture" time="121.889" classname="Test Cases/Transfer/transfer_moneyTransferMaybankFuture" status="PASSED">
         <system-out><![CDATA[2022-02-15 09:44:52 - [TEST_CASE][PASSED] - Test Cases/Transfer/transfer_moneyTransferMaybankFuture: Test Cases/Transfer/transfer_moneyTransferMaybankFuture

2022-02-15 09:44:52 - [TEST_STEP][PASSED] - start = "Starts": null

2022-02-15 09:44:52 - [TEST_STEP][PASSED] - println(start): null

2022-02-15 09:44:52 - [TEST_STEP][PASSED] - delay(5): Delayed 5 second(s)

2022-02-15 09:44:57 - [MESSAGE][PASSED] - Delayed 5 second(s)

2022-02-15 09:44:57 - [TEST_STEP][PASSED] - verifyElementVisible(findTestObject("Banking/m2uAccountTransferIconSelect"), 0): Element 'Object Repository/Banking/m2uAccountTransferIconSelect' is visible

2022-02-15 09:44:57 - [MESSAGE][WARNING] - Timeout '0' is invalid. Using default page load timeout: '20'

2022-02-15 09:44:58 - [MESSAGE][PASSED] - Element 'Object Repository/Banking/m2uAccountTransferIconSelect' is visible

2022-02-15 09:44:58 - [TEST_STEP][PASSED] - tap(findTestObject("Banking/m2uAccountTransferIconSelect"), 0): Tapped on element 'Object Repository/Banking/m2uAccountTransferIconSelect'

2022-02-15 09:44:58 - [MESSAGE][WARNING] - Timeout '0' is invalid. Using default page load timeout: '20'

2022-02-15 09:45:08 - [MESSAGE][PASSED] - Tapped on element 'Object Repository/Banking/m2uAccountTransferIconSelect'

2022-02-15 09:45:08 - [TEST_STEP][PASSED] - delay(5): Delayed 5 second(s)

2022-02-15 09:45:13 - [MESSAGE][PASSED] - Delayed 5 second(s)

2022-02-15 09:45:13 - [TEST_STEP][PASSED] - tap(findTestObject("Banking/transferBanksIconSelect"), 0): Tapped on element 'Object Repository/Banking/transferBanksIconSelect'

2022-02-15 09:45:13 - [MESSAGE][WARNING] - Timeout '0' is invalid. Using default page load timeout: '20'

2022-02-15 09:46:06 - [MESSAGE][PASSED] - Tapped on element 'Object Repository/Banking/transferBanksIconSelect'

2022-02-15 09:46:06 - [TEST_STEP][PASSED] - tap(findTestObject("Banking/transferToMaybankSelect"), 0): Tapped on element 'Object Repository/Banking/transferToMaybankSelect'

2022-02-15 09:46:06 - [MESSAGE][WARNING] - Timeout '0' is invalid. Using default page load timeout: '20'

2022-02-15 09:46:07 - [MESSAGE][PASSED] - Tapped on element 'Object Repository/Banking/transferToMaybankSelect'

2022-02-15 09:46:07 - [TEST_STEP][PASSED] - setText(findTestObject("Banking/transferAccountNoInputField"), "514012082699", 0): Text '514012082699' has been set to element 'Object Repository/Banking/transferAccountNoInputField'

2022-02-15 09:46:07 - [MESSAGE][WARNING] - Timeout '0' is invalid. Using default page load timeout: '20'

2022-02-15 09:46:09 - [MESSAGE][PASSED] - Text '514012082699' has been set to element 'Object Repository/Banking/transferAccountNoInputField'

2022-02-15 09:46:09 - [TEST_STEP][PASSED] - hideKeyboard(): Keyboard is hidden

2022-02-15 09:46:10 - [MESSAGE][PASSED] - Keyboard is hidden

2022-02-15 09:46:10 - [TEST_STEP][PASSED] - tap(findTestObject("Login Onboarding/loginExistingContinueBtn"), 0): Tapped on element 'Object Repository/Login Onboarding/loginExistingContinueBtn'

2022-02-15 09:46:10 - [MESSAGE][WARNING] - Timeout '0' is invalid. Using default page load timeout: '20'

2022-02-15 09:46:11 - [MESSAGE][PASSED] - Tapped on element 'Object Repository/Login Onboarding/loginExistingContinueBtn'

2022-02-15 09:46:11 - [TEST_STEP][PASSED] - tap(findTestObject("Login Onboarding/PIN4"), 0): Tapped on element 'Object Repository/Login Onboarding/PIN4'

2022-02-15 09:46:11 - [MESSAGE][WARNING] - Timeout '0' is invalid. Using default page load timeout: '20'

2022-02-15 09:46:14 - [MESSAGE][PASSED] - Tapped on element 'Object Repository/Login Onboarding/PIN4'

2022-02-15 09:46:14 - [TEST_STEP][PASSED] - delay(3): Delayed 3 second(s)

2022-02-15 09:46:17 - [MESSAGE][PASSED] - Delayed 3 second(s)

2022-02-15 09:46:17 - [TEST_STEP][PASSED] - tap(findTestObject("Login Onboarding/loginPinTickBtn"), 0): Tapped on element 'Object Repository/Login Onboarding/loginPinTickBtn'

2022-02-15 09:46:17 - [MESSAGE][WARNING] - Timeout '0' is invalid. Using default page load timeout: '20'

2022-02-15 09:46:18 - [MESSAGE][PASSED] - Tapped on element 'Object Repository/Login Onboarding/loginPinTickBtn'

2022-02-15 09:46:18 - [TEST_STEP][PASSED] - setText(findTestObject("Banking/transferReferenceInputField"), "AmountTranser", 0): Text 'AmountTranser' has been set to element 'Object Repository/Banking/transferReferenceInputField'

2022-02-15 09:46:18 - [MESSAGE][WARNING] - Timeout '0' is invalid. Using default page load timeout: '20'

2022-02-15 09:46:20 - [MESSAGE][PASSED] - Text 'AmountTranser' has been set to element 'Object Repository/Banking/transferReferenceInputField'

2022-02-15 09:46:20 - [TEST_STEP][PASSED] - hideKeyboard(): Keyboard is hidden

2022-02-15 09:46:21 - [MESSAGE][PASSED] - Keyboard is hidden

2022-02-15 09:46:21 - [TEST_STEP][PASSED] - tap(findTestObject("Login Onboarding/loginExistingContinueBtn"), 0): Tapped on element 'Object Repository/Login Onboarding/loginExistingContinueBtn'

2022-02-15 09:46:21 - [MESSAGE][WARNING] - Timeout '0' is invalid. Using default page load timeout: '20'

2022-02-15 09:46:22 - [MESSAGE][PASSED] - Tapped on element 'Object Repository/Login Onboarding/loginExistingContinueBtn'

2022-02-15 09:46:22 - [TEST_STEP][PASSED] - tap(findTestObject("Main/mainDatePickerTodaySelect"), 0): Tapped on element 'Object Repository/Main/mainDatePickerTodaySelect'

2022-02-15 09:46:22 - [MESSAGE][WARNING] - Timeout '0' is invalid. Using default page load timeout: '20'

2022-02-15 09:46:25 - [MESSAGE][PASSED] - Tapped on element 'Object Repository/Main/mainDatePickerTodaySelect'

2022-02-15 09:46:25 - [TEST_STEP][PASSED] - tap(findTestObject("Main/mainCalenderPickerNextBtn"), 0): Tapped on element 'Object Repository/Main/mainCalenderPickerNextBtn'

2022-02-15 09:46:26 - [MESSAGE][WARNING] - Timeout '0' is invalid. Using default page load timeout: '20'

2022-02-15 09:46:28 - [MESSAGE][PASSED] - Tapped on element 'Object Repository/Main/mainCalenderPickerNextBtn'

2022-02-15 09:46:28 - [TEST_STEP][PASSED] - delay(3): Delayed 3 second(s)

2022-02-15 09:46:31 - [MESSAGE][PASSED] - Delayed 3 second(s)

2022-02-15 09:46:31 - [TEST_STEP][PASSED] - tap(findTestObject("Main/mainDatePicker1"), 0): Tapped on element 'Object Repository/Main/mainDatePicker1'

2022-02-15 09:46:31 - [MESSAGE][WARNING] - Timeout '0' is invalid. Using default page load timeout: '20'

2022-02-15 09:46:31 - [MESSAGE][PASSED] - Tapped on element 'Object Repository/Main/mainDatePicker1'

2022-02-15 09:46:31 - [TEST_STEP][PASSED] - tap(findTestObject("Main/mainCalenderPickerDoneBtn"), 0): Tapped on element 'Object Repository/Main/mainCalenderPickerDoneBtn'

2022-02-15 09:46:31 - [MESSAGE][WARNING] - Timeout '0' is invalid. Using default page load timeout: '20'

2022-02-15 09:46:33 - [MESSAGE][PASSED] - Tapped on element 'Object Repository/Main/mainCalenderPickerDoneBtn'

2022-02-15 09:46:33 - [TEST_STEP][PASSED] - date = getText(findTestObject("Main/mainGetTransactionDateTxt"), 10): Text of element 'Object Repository/Main/mainGetTransactionDateTxt' is: '3 Mar 2022'

2022-02-15 09:46:33 - [MESSAGE][PASSED] - Text of element 'Object Repository/Main/mainGetTransactionDateTxt' is: '3 Mar 2022'

2022-02-15 09:46:33 - [TEST_STEP][PASSED] - println("Date is " + date): null

2022-02-15 09:46:33 - [TEST_STEP][PASSED] - tap(findTestObject("Main/mainTransferNowBtn"), 0): Tapped on element 'Object Repository/Main/mainTransferNowBtn'

2022-02-15 09:46:33 - [MESSAGE][WARNING] - Timeout '0' is invalid. Using default page load timeout: '20'

2022-02-15 09:46:34 - [MESSAGE][PASSED] - Tapped on element 'Object Repository/Main/mainTransferNowBtn'

2022-02-15 09:46:34 - [TEST_STEP][PASSED] - if (verifyElementVisible(findTestObject("Festive Season/seasonalGreetingAngpaoTACNoTxt"), 5, OPTIONAL)): Element 'Object Repository/Festive Season/seasonalGreetingAngpaoTACNoTxt' not found

2022-02-15 09:46:39 - [MESSAGE][WARNING] - Element 'Object Repository/Festive Season/seasonalGreetingAngpaoTACNoTxt' not found

2022-02-15 09:46:39 - [TEST_STEP][PASSED] - else: Tapped on element 'Object Repository/Main/mainS2UApproveBtn'

2022-02-15 09:46:39 - [TEST_STEP][PASSED] - delay(5): Delayed 5 second(s)

2022-02-15 09:46:44 - [MESSAGE][PASSED] - Delayed 5 second(s)

2022-02-15 09:46:44 - [TEST_STEP][PASSED] - verifyElementVisible(findTestObject("Main/mainS2UApproveBtn"), 3): Element 'Object Repository/Main/mainS2UApproveBtn' is visible

2022-02-15 09:46:44 - [MESSAGE][PASSED] - Element 'Object Repository/Main/mainS2UApproveBtn' is visible

2022-02-15 09:46:44 - [TEST_STEP][PASSED] - tap(findTestObject("Main/mainS2UApproveBtn"), 0): Tapped on element 'Object Repository/Main/mainS2UApproveBtn'

2022-02-15 09:46:44 - [MESSAGE][WARNING] - Timeout '0' is invalid. Using default page load timeout: '20'

2022-02-15 09:46:45 - [MESSAGE][PASSED] - Tapped on element 'Object Repository/Main/mainS2UApproveBtn'

2022-02-15 09:46:45 - [TEST_STEP][PASSED] - delay(2): Delayed 2 second(s)

2022-02-15 09:46:47 - [MESSAGE][PASSED] - Delayed 2 second(s)

2022-02-15 09:46:47 - [TEST_STEP][PASSED] - RefID = getText(findTestObject("Transfer/transferTransactionRefIDTxt"), 10): Text of element 'Object Repository/Transfer/transferTransactionRefIDTxt' is: 'Date & time'

2022-02-15 09:46:48 - [MESSAGE][PASSED] - Text of element 'Object Repository/Transfer/transferTransactionRefIDTxt' is: 'Date & time'

2022-02-15 09:46:48 - [TEST_STEP][PASSED] - println("Reference ID is" + RefID): null

2022-02-15 09:46:48 - [TEST_STEP][PASSED] - verifyElementVisible(findTestObject("Main/mainDoneBtn"), 3): Element 'Object Repository/Main/mainDoneBtn' is visible

2022-02-15 09:46:49 - [MESSAGE][PASSED] - Element 'Object Repository/Main/mainDoneBtn' is visible

2022-02-15 09:46:49 - [TEST_STEP][PASSED] - tap(findTestObject("Main/mainDoneBtn"), 0): Tapped on element 'Object Repository/Main/mainDoneBtn'

2022-02-15 09:46:49 - [MESSAGE][WARNING] - Timeout '0' is invalid. Using default page load timeout: '20'

2022-02-15 09:46:49 - [MESSAGE][PASSED] - Tapped on element 'Object Repository/Main/mainDoneBtn'

2022-02-15 09:46:49 - [TEST_STEP][PASSED] - println("Payment Scheduled Test Case Completed"): null

2022-02-15 09:46:49 - [TEST_STEP][PASSED] - delay(5): Delayed 5 second(s)

2022-02-15 09:46:54 - [MESSAGE][PASSED] - Delayed 5 second(s)]]></system-out>
         <system-err><![CDATA[]]></system-err>
      </testcase>
      <testcase name="Test Cases/Transfer/transfer_moneyTransferThirdParty" time="148.201" classname="Test Cases/Transfer/transfer_moneyTransferThirdParty" status="PASSED">
         <system-out><![CDATA[2022-02-15 09:46:54 - [TEST_CASE][PASSED] - Test Cases/Transfer/transfer_moneyTransferThirdParty: Test Cases/Transfer/transfer_moneyTransferThirdParty

2022-02-15 09:46:54 - [TEST_STEP][PASSED] - start = "Starts": null

2022-02-15 09:46:54 - [TEST_STEP][PASSED] - println(start): null

2022-02-15 09:46:54 - [TEST_STEP][PASSED] - delay(5): Delayed 5 second(s)

2022-02-15 09:46:59 - [MESSAGE][PASSED] - Delayed 5 second(s)

2022-02-15 09:46:59 - [TEST_STEP][PASSED] - verifyElementVisible(findTestObject("Banking/m2uAccountTransferIconSelect"), 0): Element 'Object Repository/Banking/m2uAccountTransferIconSelect' is visible

2022-02-15 09:46:59 - [MESSAGE][WARNING] - Timeout '0' is invalid. Using default page load timeout: '20'

2022-02-15 09:47:00 - [MESSAGE][PASSED] - Element 'Object Repository/Banking/m2uAccountTransferIconSelect' is visible

2022-02-15 09:47:00 - [TEST_STEP][PASSED] - tap(findTestObject("Banking/m2uAccountTransferIconSelect"), 0): Tapped on element 'Object Repository/Banking/m2uAccountTransferIconSelect'

2022-02-15 09:47:00 - [MESSAGE][WARNING] - Timeout '0' is invalid. Using default page load timeout: '20'

2022-02-15 09:47:10 - [MESSAGE][PASSED] - Tapped on element 'Object Repository/Banking/m2uAccountTransferIconSelect'

2022-02-15 09:47:10 - [TEST_STEP][PASSED] - delay(5): Delayed 5 second(s)

2022-02-15 09:47:15 - [MESSAGE][PASSED] - Delayed 5 second(s)

2022-02-15 09:47:15 - [TEST_STEP][PASSED] - println("InterBank Test Case Started"): null

2022-02-15 09:47:15 - [TEST_STEP][PASSED] - tap(findTestObject("Banking/transferBanksIconSelect"), 0): Tapped on element 'Object Repository/Banking/transferBanksIconSelect'

2022-02-15 09:47:15 - [MESSAGE][WARNING] - Timeout '0' is invalid. Using default page load timeout: '20'

2022-02-15 09:48:08 - [MESSAGE][PASSED] - Tapped on element 'Object Repository/Banking/transferBanksIconSelect'

2022-02-15 09:48:08 - [TEST_STEP][PASSED] - scrollToText("PUBLIC BANK", STOP_ON_FAILURE): Scrolling to text 'PUBLIC BANK' successfully

2022-02-15 09:48:25 - [MESSAGE][PASSED] - Scrolling to text 'PUBLIC BANK' successfully

2022-02-15 09:48:25 - [TEST_STEP][PASSED] - tap(findTestObject("Banking/transferBankSelection", ["text":"PUBLIC BANK"]), 10): Tapped on element 'Object Repository/Banking/transferBankSelection'

2022-02-15 09:48:25 - [MESSAGE][PASSED] - Tapped on element 'Object Repository/Banking/transferBankSelection'

2022-02-15 09:48:25 - [TEST_STEP][PASSED] - setText(findTestObject("Banking/transferAccountNoInputField"), accountNum, 0): Text '3099117112' has been set to element 'Object Repository/Banking/transferAccountNoInputField'

2022-02-15 09:48:25 - [MESSAGE][WARNING] - Timeout '0' is invalid. Using default page load timeout: '20'

2022-02-15 09:48:28 - [MESSAGE][PASSED] - Text '3099117112' has been set to element 'Object Repository/Banking/transferAccountNoInputField'

2022-02-15 09:48:28 - [TEST_STEP][PASSED] - hideKeyboard(): Keyboard is hidden

2022-02-15 09:48:29 - [MESSAGE][PASSED] - Keyboard is hidden

2022-02-15 09:48:29 - [TEST_STEP][PASSED] - tap(findTestObject("Login Onboarding/loginExistingContinueBtn"), 0): Tapped on element 'Object Repository/Login Onboarding/loginExistingContinueBtn'

2022-02-15 09:48:29 - [MESSAGE][WARNING] - Timeout '0' is invalid. Using default page load timeout: '20'

2022-02-15 09:48:30 - [MESSAGE][PASSED] - Tapped on element 'Object Repository/Login Onboarding/loginExistingContinueBtn'

2022-02-15 09:48:30 - [TEST_STEP][PASSED] - tap(findTestObject("Login Onboarding/PIN4"), 0): Tapped on element 'Object Repository/Login Onboarding/PIN4'

2022-02-15 09:48:30 - [MESSAGE][WARNING] - Timeout '0' is invalid. Using default page load timeout: '20'

2022-02-15 09:48:31 - [MESSAGE][PASSED] - Tapped on element 'Object Repository/Login Onboarding/PIN4'

2022-02-15 09:48:31 - [TEST_STEP][PASSED] - delay(3): Delayed 3 second(s)

2022-02-15 09:48:34 - [MESSAGE][PASSED] - Delayed 3 second(s)

2022-02-15 09:48:34 - [TEST_STEP][PASSED] - tap(findTestObject("Login Onboarding/loginPinTickBtn"), 0): Tapped on element 'Object Repository/Login Onboarding/loginPinTickBtn'

2022-02-15 09:48:34 - [MESSAGE][WARNING] - Timeout '0' is invalid. Using default page load timeout: '20'

2022-02-15 09:48:35 - [MESSAGE][PASSED] - Tapped on element 'Object Repository/Login Onboarding/loginPinTickBtn'

2022-02-15 09:48:35 - [TEST_STEP][PASSED] - setText(findTestObject("Banking/transferReferenceInputField"), "AmountTransfer", 0): Text 'AmountTransfer' has been set to element 'Object Repository/Banking/transferReferenceInputField'

2022-02-15 09:48:35 - [MESSAGE][WARNING] - Timeout '0' is invalid. Using default page load timeout: '20'

2022-02-15 09:48:37 - [MESSAGE][PASSED] - Text 'AmountTransfer' has been set to element 'Object Repository/Banking/transferReferenceInputField'

2022-02-15 09:48:37 - [TEST_STEP][PASSED] - hideKeyboard(): Keyboard is hidden

2022-02-15 09:48:38 - [MESSAGE][PASSED] - Keyboard is hidden

2022-02-15 09:48:38 - [TEST_STEP][PASSED] - tap(findTestObject("Login Onboarding/loginExistingContinueBtn"), 0): Tapped on element 'Object Repository/Login Onboarding/loginExistingContinueBtn'

2022-02-15 09:48:38 - [MESSAGE][WARNING] - Timeout '0' is invalid. Using default page load timeout: '20'

2022-02-15 09:48:39 - [MESSAGE][PASSED] - Tapped on element 'Object Repository/Login Onboarding/loginExistingContinueBtn'

2022-02-15 09:48:39 - [TEST_STEP][PASSED] - tap(findTestObject("Banking/transferTypeDropdownSelection"), 0): Tapped on element 'Object Repository/Banking/transferTypeDropdownSelection'

2022-02-15 09:48:39 - [MESSAGE][WARNING] - Timeout '0' is invalid. Using default page load timeout: '20'

2022-02-15 09:48:42 - [MESSAGE][PASSED] - Tapped on element 'Object Repository/Banking/transferTypeDropdownSelection'

2022-02-15 09:48:42 - [TEST_STEP][PASSED] - scrollToText("Fund Transfer", STOP_ON_FAILURE): Scrolling to text 'Fund Transfer' successfully

2022-02-15 09:48:46 - [MESSAGE][PASSED] - Scrolling to text 'Fund Transfer' successfully

2022-02-15 09:48:46 - [TEST_STEP][PASSED] - tap(findTestObject("Banking/tansferTypeFundDropdownSelection"), 0): Tapped on element 'Object Repository/Banking/tansferTypeFundDropdownSelection'

2022-02-15 09:48:46 - [MESSAGE][WARNING] - Timeout '0' is invalid. Using default page load timeout: '20'

2022-02-15 09:48:47 - [MESSAGE][PASSED] - Tapped on element 'Object Repository/Banking/tansferTypeFundDropdownSelection'

2022-02-15 09:48:47 - [TEST_STEP][PASSED] - tap(findTestObject("Banking/transferModeDropdownDoneBtn"), 0): Tapped on element 'Object Repository/Banking/transferModeDropdownDoneBtn'

2022-02-15 09:48:47 - [MESSAGE][WARNING] - Timeout '0' is invalid. Using default page load timeout: '20'

2022-02-15 09:48:47 - [MESSAGE][PASSED] - Tapped on element 'Object Repository/Banking/transferModeDropdownDoneBtn'

2022-02-15 09:48:47 - [TEST_STEP][PASSED] - tap(findTestObject("Login Onboarding/loginExistingContinueBtn"), 0): Tapped on element 'Object Repository/Login Onboarding/loginExistingContinueBtn'

2022-02-15 09:48:47 - [MESSAGE][WARNING] - Timeout '0' is invalid. Using default page load timeout: '20'

2022-02-15 09:48:48 - [MESSAGE][PASSED] - Tapped on element 'Object Repository/Login Onboarding/loginExistingContinueBtn'

2022-02-15 09:48:48 - [TEST_STEP][PASSED] - tap(findTestObject("Main/mainTransferNowBtn"), 0): Tapped on element 'Object Repository/Main/mainTransferNowBtn'

2022-02-15 09:48:48 - [MESSAGE][WARNING] - Timeout '0' is invalid. Using default page load timeout: '20'

2022-02-15 09:48:53 - [MESSAGE][PASSED] - Tapped on element 'Object Repository/Main/mainTransferNowBtn'

2022-02-15 09:48:53 - [TEST_STEP][PASSED] - if (verifyElementVisible(findTestObject("Festive Season/seasonalGreetingAngpaoTACNoTxt"), 5, OPTIONAL)): Element 'Object Repository/Festive Season/seasonalGreetingAngpaoTACNoTxt' not found

2022-02-15 09:48:59 - [MESSAGE][WARNING] - Element 'Object Repository/Festive Season/seasonalGreetingAngpaoTACNoTxt' not found

2022-02-15 09:48:59 - [TEST_STEP][PASSED] - else: Tapped on element 'Object Repository/Main/mainS2UApproveBtn'

2022-02-15 09:48:59 - [TEST_STEP][PASSED] - delay(5): Delayed 5 second(s)

2022-02-15 09:49:04 - [MESSAGE][PASSED] - Delayed 5 second(s)

2022-02-15 09:49:04 - [TEST_STEP][PASSED] - verifyElementVisible(findTestObject("Main/mainS2UApproveBtn"), 3): Element 'Object Repository/Main/mainS2UApproveBtn' is visible

2022-02-15 09:49:04 - [MESSAGE][PASSED] - Element 'Object Repository/Main/mainS2UApproveBtn' is visible

2022-02-15 09:49:04 - [TEST_STEP][PASSED] - tap(findTestObject("Main/mainS2UApproveBtn"), 0): Tapped on element 'Object Repository/Main/mainS2UApproveBtn'

2022-02-15 09:49:04 - [MESSAGE][WARNING] - Timeout '0' is invalid. Using default page load timeout: '20'

2022-02-15 09:49:05 - [MESSAGE][PASSED] - Tapped on element 'Object Repository/Main/mainS2UApproveBtn'

2022-02-15 09:49:05 - [TEST_STEP][PASSED] - println("Interbank Test Case Completed"): null

2022-02-15 09:49:05 - [TEST_STEP][PASSED] - delay(5): Delayed 5 second(s)

2022-02-15 09:49:10 - [MESSAGE][PASSED] - Delayed 5 second(s)

2022-02-15 09:49:10 - [TEST_STEP][PASSED] - referenceID = getText(findTestObject("Send Request Money/requestMoneyPaySummaryRefIDTxt"), 0): Text of element 'Object Repository/Send Request Money/requestMoneyPaySummaryRefIDTxt' is: '181193423M'

2022-02-15 09:49:10 - [MESSAGE][WARNING] - Timeout '0' is invalid. Using default page load timeout: '20'

2022-02-15 09:49:11 - [MESSAGE][PASSED] - Text of element 'Object Repository/Send Request Money/requestMoneyPaySummaryRefIDTxt' is: '181193423M'

2022-02-15 09:49:11 - [TEST_STEP][PASSED] - println(referenceID): null

2022-02-15 09:49:11 - [TEST_STEP][PASSED] - test = dataFolder: null

2022-02-15 09:49:11 - [TEST_STEP][PASSED] - sheetName = "Sheet1": null

2022-02-15 09:49:11 - [TEST_STEP][PASSED] - file1 = new java.io.File(test): null

2022-02-15 09:49:11 - [TEST_STEP][PASSED] - assert file1.exists() == true: null

2022-02-15 09:49:11 - [TEST_STEP][PASSED] - woorkbook1 = getWorkbook(test): null

2022-02-15 09:49:11 - [TEST_STEP][PASSED] - sheet1 = getExcelSheet(woorkbook1, sheetName): null

2022-02-15 09:49:11 - [TEST_STEP][PASSED] - setValueToCellByIndex(sheet1, 2, 1, referenceID): null

2022-02-15 09:49:11 - [TEST_STEP][PASSED] - saveWorkbook(test, woorkbook1): null

2022-02-15 09:49:11 - [TEST_STEP][PASSED] - delay(3): Delayed 3 second(s)

2022-02-15 09:49:14 - [MESSAGE][PASSED] - Delayed 3 second(s)

2022-02-15 09:49:14 - [TEST_STEP][PASSED] - verifyElementVisible(findTestObject("Main/mainDoneBtn"), 3): Element 'Object Repository/Main/mainDoneBtn' is visible

2022-02-15 09:49:15 - [MESSAGE][PASSED] - Element 'Object Repository/Main/mainDoneBtn' is visible

2022-02-15 09:49:15 - [TEST_STEP][PASSED] - tap(findTestObject("Main/mainDoneBtn"), 0): Tapped on element 'Object Repository/Main/mainDoneBtn'

2022-02-15 09:49:15 - [MESSAGE][WARNING] - Timeout '0' is invalid. Using default page load timeout: '20'

2022-02-15 09:49:17 - [MESSAGE][PASSED] - Tapped on element 'Object Repository/Main/mainDoneBtn'

2022-02-15 09:49:17 - [TEST_STEP][PASSED] - delay(5): Delayed 5 second(s)

2022-02-15 09:49:22 - [MESSAGE][PASSED] - Delayed 5 second(s)]]></system-out>
         <system-err><![CDATA[]]></system-err>
      </testcase>
      <testcase name="Test Cases/Transfer/asnb_asnbTransfer" time="293.321" classname="Test Cases/Transfer/asnb_asnbTransfer" status="FAILED">
         <failure type="FAILED" message="Test Cases/Transfer/asnb_asnbTransfer FAILED.
Reason:
com.kms.katalon.core.exception.StepFailedException: Object Object Repository/Login Onboarding/PIN4 not found
	at com.kms.katalon.core.keyword.internal.KeywordMain.stepFailed(KeywordMain.groovy:39)
	at com.kms.katalon.core.mobile.keyword.internal.MobileKeywordMain.stepFailed(MobileKeywordMain.groovy:40)
	at com.kms.katalon.core.mobile.keyword.builtin.TapKeyword$_tap_closure1.doCall(TapKeyword.groovy:79)
	at com.kms.katalon.core.mobile.keyword.builtin.TapKeyword$_tap_closure1.call(TapKeyword.groovy)
	at com.kms.katalon.core.mobile.keyword.internal.MobileKeywordMain.runKeyword(MobileKeywordMain.groovy:21)
	at com.kms.katalon.core.mobile.keyword.builtin.TapKeyword.tap(TapKeyword.groovy:86)
	at com.kms.katalon.core.mobile.keyword.builtin.TapKeyword.execute(TapKeyword.groovy:68)
	at com.kms.katalon.core.keyword.internal.KeywordExecutor.executeKeywordForPlatform(KeywordExecutor.groovy:74)
	at com.kms.katalon.core.mobile.keyword.MobileBuiltInKeywords.tap(MobileBuiltInKeywords.groovy:1355)
	at com.kms.katalon.core.mobile.keyword.MobileBuiltInKeywords$tap$3.call(Unknown Source)
	at asnb_asnbTransfer.run(asnb_asnbTransfer:108)
	at com.kms.katalon.core.main.ScriptEngine.run(ScriptEngine.java:194)
	at com.kms.katalon.core.main.ScriptEngine.runScriptAsRawText(ScriptEngine.java:119)
	at com.kms.katalon.core.main.TestCaseExecutor.runScript(TestCaseExecutor.java:442)
	at com.kms.katalon.core.main.TestCaseExecutor.doExecute(TestCaseExecutor.java:433)
	at com.kms.katalon.core.main.TestCaseExecutor.processExecutionPhase(TestCaseExecutor.java:412)
	at com.kms.katalon.core.main.TestCaseExecutor.accessMainPhase(TestCaseExecutor.java:404)
	at com.kms.katalon.core.main.TestCaseExecutor.execute(TestCaseExecutor.java:281)
	at com.kms.katalon.core.main.TestSuiteExecutor.accessTestCaseMainPhase(TestSuiteExecutor.java:202)
	at com.kms.katalon.core.main.TestSuiteExecutor.accessTestSuiteMainPhase(TestSuiteExecutor.java:164)
	at com.kms.katalon.core.main.TestSuiteExecutor.execute(TestSuiteExecutor.java:105)
	at com.kms.katalon.core.main.TestCaseMain.startTestSuite(TestCaseMain.java:181)
	at com.kms.katalon.core.main.TestCaseMain$startTestSuite$0.call(Unknown Source)
	at TempTestSuite1644889086227.run(TempTestSuite1644889086227.groovy:36)
"/>
         <system-out><![CDATA[2022-02-15 09:49:22 - [TEST_CASE][FAILED] - Test Cases/Transfer/asnb_asnbTransfer: Test Cases/Transfer/asnb_asnbTransfer FAILED.
Reason:
com.kms.katalon.core.exception.StepFailedException: Object Object Repository/Login Onboarding/PIN4 not found
	at com.kms.katalon.core.keyword.internal.KeywordMain.stepFailed(KeywordMain.groovy:39)
	at com.kms.katalon.core.mobile.keyword.internal.MobileKeywordMain.stepFailed(MobileKeywordMain.groovy:40)
	at com.kms.katalon.core.mobile.keyword.builtin.TapKeyword$_tap_closure1.doCall(TapKeyword.groovy:79)
	at com.kms.katalon.core.mobile.keyword.builtin.TapKeyword$_tap_closure1.call(TapKeyword.groovy)
	at com.kms.katalon.core.mobile.keyword.internal.MobileKeywordMain.runKeyword(MobileKeywordMain.groovy:21)
	at com.kms.katalon.core.mobile.keyword.builtin.TapKeyword.tap(TapKeyword.groovy:86)
	at com.kms.katalon.core.mobile.keyword.builtin.TapKeyword.execute(TapKeyword.groovy:68)
	at com.kms.katalon.core.keyword.internal.KeywordExecutor.executeKeywordForPlatform(KeywordExecutor.groovy:74)
	at com.kms.katalon.core.mobile.keyword.MobileBuiltInKeywords.tap(MobileBuiltInKeywords.groovy:1355)
	at com.kms.katalon.core.mobile.keyword.MobileBuiltInKeywords$tap$3.call(Unknown Source)
	at asnb_asnbTransfer.run(asnb_asnbTransfer:108)
	at com.kms.katalon.core.main.ScriptEngine.run(ScriptEngine.java:194)
	at com.kms.katalon.core.main.ScriptEngine.runScriptAsRawText(ScriptEngine.java:119)
	at com.kms.katalon.core.main.TestCaseExecutor.runScript(TestCaseExecutor.java:442)
	at com.kms.katalon.core.main.TestCaseExecutor.doExecute(TestCaseExecutor.java:433)
	at com.kms.katalon.core.main.TestCaseExecutor.processExecutionPhase(TestCaseExecutor.java:412)
	at com.kms.katalon.core.main.TestCaseExecutor.accessMainPhase(TestCaseExecutor.java:404)
	at com.kms.katalon.core.main.TestCaseExecutor.execute(TestCaseExecutor.java:281)
	at com.kms.katalon.core.main.TestSuiteExecutor.accessTestCaseMainPhase(TestSuiteExecutor.java:202)
	at com.kms.katalon.core.main.TestSuiteExecutor.accessTestSuiteMainPhase(TestSuiteExecutor.java:164)
	at com.kms.katalon.core.main.TestSuiteExecutor.execute(TestSuiteExecutor.java:105)
	at com.kms.katalon.core.main.TestCaseMain.startTestSuite(TestCaseMain.java:181)
	at com.kms.katalon.core.main.TestCaseMain$startTestSuite$0.call(Unknown Source)
	at TempTestSuite1644889086227.run(TempTestSuite1644889086227.groovy:36)


2022-02-15 09:49:22 - [TEST_STEP][PASSED] - delay(5): Delayed 5 second(s)

2022-02-15 09:49:27 - [MESSAGE][PASSED] - Delayed 5 second(s)

2022-02-15 09:49:27 - [TEST_STEP][PASSED] - tap(findTestObject("Banking/m2uAccountTransferIconSelect"), 0): Tapped on element 'Object Repository/Banking/m2uAccountTransferIconSelect'

2022-02-15 09:49:27 - [MESSAGE][WARNING] - Timeout '0' is invalid. Using default page load timeout: '20'

2022-02-15 09:49:38 - [MESSAGE][PASSED] - Tapped on element 'Object Repository/Banking/m2uAccountTransferIconSelect'

2022-02-15 09:49:38 - [TEST_STEP][PASSED] - delay(3): Delayed 3 second(s)

2022-02-15 09:49:41 - [MESSAGE][PASSED] - Delayed 3 second(s)

2022-02-15 09:49:41 - [TEST_STEP][PASSED] - tap(findTestObject("ASNB/transferASNBTopBtn"), 0): Tapped on element 'Object Repository/ASNB/transferASNBTopBtn'

2022-02-15 09:49:41 - [MESSAGE][WARNING] - Timeout '0' is invalid. Using default page load timeout: '20'

2022-02-15 09:50:42 - [MESSAGE][PASSED] - Tapped on element 'Object Repository/ASNB/transferASNBTopBtn'

2022-02-15 09:50:42 - [TEST_STEP][PASSED] - tap(findTestObject("ASNB/asnbTransferBtn"), 0): Tapped on element 'Object Repository/ASNB/asnbTransferBtn'

2022-02-15 09:50:42 - [MESSAGE][WARNING] - Timeout '0' is invalid. Using default page load timeout: '20'

2022-02-15 09:51:34 - [MESSAGE][PASSED] - Tapped on element 'Object Repository/ASNB/asnbTransferBtn'

2022-02-15 09:51:34 - [TEST_STEP][PASSED] - tap(findTestObject("ASNB/asnbSelectProductDropdown"), 0): Tapped on element 'Object Repository/ASNB/asnbSelectProductDropdown'

2022-02-15 09:51:35 - [MESSAGE][WARNING] - Timeout '0' is invalid. Using default page load timeout: '20'

2022-02-15 09:51:35 - [MESSAGE][PASSED] - Tapped on element 'Object Repository/ASNB/asnbSelectProductDropdown'

2022-02-15 09:51:35 - [TEST_STEP][PASSED] - tap(findTestObject("ASNB/asnbProductEquity3DropdownSelection"), 0): Tapped on element 'Object Repository/ASNB/asnbProductEquity3DropdownSelection'

2022-02-15 09:51:35 - [MESSAGE][WARNING] - Timeout '0' is invalid. Using default page load timeout: '20'

2022-02-15 09:51:36 - [MESSAGE][PASSED] - Tapped on element 'Object Repository/ASNB/asnbProductEquity3DropdownSelection'

2022-02-15 09:51:36 - [TEST_STEP][PASSED] - tap(findTestObject("Main/mainCalenderPickerDoneBtn"), 0): Tapped on element 'Object Repository/Main/mainCalenderPickerDoneBtn'

2022-02-15 09:51:36 - [MESSAGE][WARNING] - Timeout '0' is invalid. Using default page load timeout: '20'

2022-02-15 09:51:37 - [MESSAGE][PASSED] - Tapped on element 'Object Repository/Main/mainCalenderPickerDoneBtn'

2022-02-15 09:51:37 - [TEST_STEP][PASSED] - tap(findTestObject("Object Repository/ASNB/SelectASNBMember"), 0): Tapped on element 'Object Repository/ASNB/SelectASNBMember'

2022-02-15 09:51:37 - [MESSAGE][WARNING] - Timeout '0' is invalid. Using default page load timeout: '20'

2022-02-15 09:51:38 - [MESSAGE][PASSED] - Tapped on element 'Object Repository/ASNB/SelectASNBMember'

2022-02-15 09:51:38 - [TEST_STEP][PASSED] - tap(findTestObject("ASNB/asnbIDTypeDropdown"), 0): Tapped on element 'Object Repository/ASNB/asnbIDTypeDropdown'

2022-02-15 09:51:38 - [MESSAGE][WARNING] - Timeout '0' is invalid. Using default page load timeout: '20'

2022-02-15 09:51:40 - [MESSAGE][PASSED] - Tapped on element 'Object Repository/ASNB/asnbIDTypeDropdown'

2022-02-15 09:51:40 - [TEST_STEP][PASSED] - tap(findTestObject("Main/mainCalenderPickerDoneBtn"), 0): Tapped on element 'Object Repository/Main/mainCalenderPickerDoneBtn'

2022-02-15 09:51:40 - [MESSAGE][WARNING] - Timeout '0' is invalid. Using default page load timeout: '20'

2022-02-15 09:51:40 - [MESSAGE][PASSED] - Tapped on element 'Object Repository/Main/mainCalenderPickerDoneBtn'

2022-02-15 09:51:40 - [TEST_STEP][PASSED] - setText(findTestObject("ASNB/asnbIDNumberInputField"), "060225010993", 0): Text '060225010993' has been set to element 'Object Repository/ASNB/asnbIDNumberInputField'

2022-02-15 09:51:40 - [MESSAGE][WARNING] - Timeout '0' is invalid. Using default page load timeout: '20'

2022-02-15 09:51:41 - [MESSAGE][PASSED] - Text '060225010993' has been set to element 'Object Repository/ASNB/asnbIDNumberInputField'

2022-02-15 09:51:41 - [TEST_STEP][PASSED] - hideKeyboard(): Keyboard is hidden

2022-02-15 09:51:42 - [MESSAGE][PASSED] - Keyboard is hidden

2022-02-15 09:51:42 - [TEST_STEP][PASSED] - setText(findTestObject("ASNB/asnbMembershipNoInputField"), "000010023320", 0): Text '000010023320' has been set to element 'Object Repository/ASNB/asnbMembershipNoInputField'

2022-02-15 09:51:42 - [MESSAGE][WARNING] - Timeout '0' is invalid. Using default page load timeout: '20'

2022-02-15 09:51:43 - [MESSAGE][PASSED] - Text '000010023320' has been set to element 'Object Repository/ASNB/asnbMembershipNoInputField'

2022-02-15 09:51:43 - [TEST_STEP][PASSED] - hideKeyboard(): Keyboard is hidden

2022-02-15 09:51:43 - [MESSAGE][PASSED] - Keyboard is hidden

2022-02-15 09:51:43 - [TEST_STEP][PASSED] - tap(findTestObject("ASNB/asnbRelationshipDropdownSelection"), 0): Tapped on element 'Object Repository/ASNB/asnbRelationshipDropdownSelection'

2022-02-15 09:51:43 - [MESSAGE][WARNING] - Timeout '0' is invalid. Using default page load timeout: '20'

2022-02-15 09:51:44 - [MESSAGE][PASSED] - Tapped on element 'Object Repository/ASNB/asnbRelationshipDropdownSelection'

2022-02-15 09:51:44 - [TEST_STEP][PASSED] - tap(findTestObject("ASNB/asnbRelationParentDropdownSelection"), 0): Tapped on element 'Object Repository/ASNB/asnbRelationParentDropdownSelection'

2022-02-15 09:51:44 - [MESSAGE][WARNING] - Timeout '0' is invalid. Using default page load timeout: '20'

2022-02-15 09:51:45 - [MESSAGE][PASSED] - Tapped on element 'Object Repository/ASNB/asnbRelationParentDropdownSelection'

2022-02-15 09:51:45 - [TEST_STEP][PASSED] - tap(findTestObject("Main/mainCalenderPickerDoneBtn"), 0): Tapped on element 'Object Repository/Main/mainCalenderPickerDoneBtn'

2022-02-15 09:51:45 - [MESSAGE][WARNING] - Timeout '0' is invalid. Using default page load timeout: '20'

2022-02-15 09:51:45 - [MESSAGE][PASSED] - Tapped on element 'Object Repository/Main/mainCalenderPickerDoneBtn'

2022-02-15 09:51:45 - [TEST_STEP][PASSED] - tap(findTestObject("ASNB/asnbPurposeDropdownSelection"), 0): Tapped on element 'Object Repository/ASNB/asnbPurposeDropdownSelection'

2022-02-15 09:51:45 - [MESSAGE][WARNING] - Timeout '0' is invalid. Using default page load timeout: '20'

2022-02-15 09:51:46 - [MESSAGE][PASSED] - Tapped on element 'Object Repository/ASNB/asnbPurposeDropdownSelection'

2022-02-15 09:51:46 - [TEST_STEP][PASSED] - tap(findTestObject("ASNB/asnbPurposeSavingDropdownSelection"), 0): Tapped on element 'Object Repository/ASNB/asnbPurposeSavingDropdownSelection'

2022-02-15 09:51:46 - [MESSAGE][WARNING] - Timeout '0' is invalid. Using default page load timeout: '20'

2022-02-15 09:51:48 - [MESSAGE][PASSED] - Tapped on element 'Object Repository/ASNB/asnbPurposeSavingDropdownSelection'

2022-02-15 09:51:48 - [TEST_STEP][PASSED] - tap(findTestObject("Main/mainCalenderPickerDoneBtn"), 0): Tapped on element 'Object Repository/Main/mainCalenderPickerDoneBtn'

2022-02-15 09:51:48 - [MESSAGE][WARNING] - Timeout '0' is invalid. Using default page load timeout: '20'

2022-02-15 09:51:48 - [MESSAGE][PASSED] - Tapped on element 'Object Repository/Main/mainCalenderPickerDoneBtn'

2022-02-15 09:51:48 - [TEST_STEP][PASSED] - tap(findTestObject("ASNB/asnbContinueBtn"), 0): Tapped on element 'Object Repository/ASNB/asnbContinueBtn'

2022-02-15 09:51:48 - [MESSAGE][WARNING] - Timeout '0' is invalid. Using default page load timeout: '20'

2022-02-15 09:51:49 - [MESSAGE][PASSED] - Tapped on element 'Object Repository/ASNB/asnbContinueBtn'

2022-02-15 09:51:49 - [TEST_STEP][FAILED] - tap(findTestObject("Login Onboarding/PIN4"), 0): Object Object Repository/Login Onboarding/PIN4 not found

2022-02-15 09:51:49 - [MESSAGE][WARNING] - Timeout '0' is invalid. Using default page load timeout: '20'

2022-02-15 09:52:09 - [MESSAGE][FAILED] - Object Object Repository/Login Onboarding/PIN4 not found

2022-02-15 09:52:09 - [TEST_STEP][PASSED] - delay(2): Delayed 2 second(s)

2022-02-15 09:52:11 - [MESSAGE][PASSED] - Delayed 2 second(s)

2022-02-15 09:52:11 - [TEST_STEP][FAILED] - tap(findTestObject("ASNB/asnbAmountTickBtn"), 0): Object Object Repository/ASNB/asnbAmountTickBtn not found

2022-02-15 09:52:11 - [MESSAGE][WARNING] - Timeout '0' is invalid. Using default page load timeout: '20'

2022-02-15 09:52:31 - [MESSAGE][FAILED] - Object Object Repository/ASNB/asnbAmountTickBtn not found

2022-02-15 09:52:31 - [TEST_STEP][PASSED] - delay(2): Delayed 2 second(s)

2022-02-15 09:52:33 - [MESSAGE][PASSED] - Delayed 2 second(s)

2022-02-15 09:52:33 - [TEST_STEP][FAILED] - tap(findTestObject("ASNB/asnbTransferNowBtn"), 0): Object Object Repository/ASNB/asnbTransferNowBtn not found

2022-02-15 09:52:33 - [MESSAGE][WARNING] - Timeout '0' is invalid. Using default page load timeout: '20'

2022-02-15 09:52:53 - [MESSAGE][FAILED] - Object Object Repository/ASNB/asnbTransferNowBtn not found

2022-02-15 09:52:53 - [TEST_STEP][PASSED] - if (verifyElementVisible(findTestObject("Main/mainTACNumberTxt"), 10, OPTIONAL)): Element 'Object Repository/Main/mainTACNumberTxt' not found

2022-02-15 09:53:03 - [MESSAGE][WARNING] - Element 'Object Repository/Main/mainTACNumberTxt' not found

2022-02-15 09:53:03 - [TEST_STEP][FAILED] - else: null

2022-02-15 09:53:03 - [TEST_STEP][PASSED] - delay(5): Delayed 5 second(s)

2022-02-15 09:53:08 - [MESSAGE][PASSED] - Delayed 5 second(s)

2022-02-15 09:53:08 - [TEST_STEP][FAILED] - verifyElementVisible(findTestObject("Main/mainS2UApproveBtn"), 10): Element 'Object Repository/Main/mainS2UApproveBtn' not found

2022-02-15 09:53:18 - [MESSAGE][FAILED] - Element 'Object Repository/Main/mainS2UApproveBtn' not found

2022-02-15 09:53:18 - [TEST_STEP][FAILED] - tap(findTestObject("Main/mainS2UApproveBtn"), 0): Object Object Repository/Main/mainS2UApproveBtn not found

2022-02-15 09:53:18 - [MESSAGE][WARNING] - Timeout '0' is invalid. Using default page load timeout: '20'

2022-02-15 09:53:39 - [MESSAGE][FAILED] - Object Object Repository/Main/mainS2UApproveBtn not found

2022-02-15 09:53:39 - [TEST_STEP][PASSED] - delay(3): Delayed 3 second(s)

2022-02-15 09:53:42 - [MESSAGE][PASSED] - Delayed 3 second(s)

2022-02-15 09:53:42 - [TEST_STEP][FAILED] - verifyElementExist(findTestObject("Main/mainDoneBtn"), 10): Element 'Object Repository/Main/mainDoneBtn' not found

2022-02-15 09:53:53 - [MESSAGE][FAILED] - Element 'Object Repository/Main/mainDoneBtn' not found

2022-02-15 09:53:53 - [TEST_STEP][FAILED] - tap(findTestObject("Main/mainDoneBtn"), 0): Object Object Repository/Main/mainDoneBtn not found

2022-02-15 09:53:53 - [MESSAGE][WARNING] - Timeout '0' is invalid. Using default page load timeout: '20'

2022-02-15 09:54:14 - [MESSAGE][FAILED] - Object Object Repository/Main/mainDoneBtn not found

2022-02-15 09:54:14 - [TEST_STEP][PASSED] - delay(2): Delayed 2 second(s)

2022-02-15 09:54:16 - [MESSAGE][PASSED] - Delayed 2 second(s)]]></system-out>
         <system-err><![CDATA[2022-02-15 09:49:22 - [TEST_CASE][FAILED] - Test Cases/Transfer/asnb_asnbTransfer: Test Cases/Transfer/asnb_asnbTransfer FAILED.
Reason:
com.kms.katalon.core.exception.StepFailedException: Object Object Repository/Login Onboarding/PIN4 not found
	at com.kms.katalon.core.keyword.internal.KeywordMain.stepFailed(KeywordMain.groovy:39)
	at com.kms.katalon.core.mobile.keyword.internal.MobileKeywordMain.stepFailed(MobileKeywordMain.groovy:40)
	at com.kms.katalon.core.mobile.keyword.builtin.TapKeyword$_tap_closure1.doCall(TapKeyword.groovy:79)
	at com.kms.katalon.core.mobile.keyword.builtin.TapKeyword$_tap_closure1.call(TapKeyword.groovy)
	at com.kms.katalon.core.mobile.keyword.internal.MobileKeywordMain.runKeyword(MobileKeywordMain.groovy:21)
	at com.kms.katalon.core.mobile.keyword.builtin.TapKeyword.tap(TapKeyword.groovy:86)
	at com.kms.katalon.core.mobile.keyword.builtin.TapKeyword.execute(TapKeyword.groovy:68)
	at com.kms.katalon.core.keyword.internal.KeywordExecutor.executeKeywordForPlatform(KeywordExecutor.groovy:74)
	at com.kms.katalon.core.mobile.keyword.MobileBuiltInKeywords.tap(MobileBuiltInKeywords.groovy:1355)
	at com.kms.katalon.core.mobile.keyword.MobileBuiltInKeywords$tap$3.call(Unknown Source)
	at asnb_asnbTransfer.run(asnb_asnbTransfer:108)
	at com.kms.katalon.core.main.ScriptEngine.run(ScriptEngine.java:194)
	at com.kms.katalon.core.main.ScriptEngine.runScriptAsRawText(ScriptEngine.java:119)
	at com.kms.katalon.core.main.TestCaseExecutor.runScript(TestCaseExecutor.java:442)
	at com.kms.katalon.core.main.TestCaseExecutor.doExecute(TestCaseExecutor.java:433)
	at com.kms.katalon.core.main.TestCaseExecutor.processExecutionPhase(TestCaseExecutor.java:412)
	at com.kms.katalon.core.main.TestCaseExecutor.accessMainPhase(TestCaseExecutor.java:404)
	at com.kms.katalon.core.main.TestCaseExecutor.execute(TestCaseExecutor.java:281)
	at com.kms.katalon.core.main.TestSuiteExecutor.accessTestCaseMainPhase(TestSuiteExecutor.java:202)
	at com.kms.katalon.core.main.TestSuiteExecutor.accessTestSuiteMainPhase(TestSuiteExecutor.java:164)
	at com.kms.katalon.core.main.TestSuiteExecutor.execute(TestSuiteExecutor.java:105)
	at com.kms.katalon.core.main.TestCaseMain.startTestSuite(TestCaseMain.java:181)
	at com.kms.katalon.core.main.TestCaseMain$startTestSuite$0.call(Unknown Source)
	at TempTestSuite1644889086227.run(TempTestSuite1644889086227.groovy:36)]]></system-err>
      </testcase>
      <testcase name="Test Cases/DuitNow/duitNow_mobileNumberTransaction" time="286.658" classname="Test Cases/DuitNow/duitNow_mobileNumberTransaction" status="PASSED">
         <system-out><![CDATA[2022-02-15 09:54:16 - [TEST_CASE][PASSED] - Test Cases/DuitNow/duitNow_mobileNumberTransaction: Test Cases/DuitNow/duitNow_mobileNumberTransaction

2022-02-15 09:54:16 - [TEST_STEP][PASSED] - try: Delayed 5 second(s)

2022-02-15 09:54:16 - [TEST_STEP][PASSED] - if (verifyElementVisible(findTestObject("Main/mainEnterPINMessage"), 0, OPTIONAL)): Element 'Object Repository/Main/mainEnterPINMessage' not found

2022-02-15 09:54:16 - [MESSAGE][WARNING] - Timeout '0' is invalid. Using default page load timeout: '20'

2022-02-15 09:54:36 - [MESSAGE][WARNING] - Element 'Object Repository/Main/mainEnterPINMessage' not found

2022-02-15 09:54:36 - [TEST_STEP][PASSED] - delay(3): Delayed 3 second(s)

2022-02-15 09:54:39 - [MESSAGE][PASSED] - Delayed 3 second(s)

2022-02-15 09:54:39 - [TEST_STEP][PASSED] - verifyElementVisible(findTestObject("Banking/m2uAccountTransferIconSelect"), 10): Element 'Object Repository/Banking/m2uAccountTransferIconSelect' is visible

2022-02-15 09:54:39 - [MESSAGE][PASSED] - Element 'Object Repository/Banking/m2uAccountTransferIconSelect' is visible

2022-02-15 09:54:39 - [TEST_STEP][PASSED] - tap(findTestObject("Banking/m2uAccountTransferIconSelect"), 0): Tapped on element 'Object Repository/Banking/m2uAccountTransferIconSelect'

2022-02-15 09:54:39 - [MESSAGE][WARNING] - Timeout '0' is invalid. Using default page load timeout: '20'

2022-02-15 09:54:50 - [MESSAGE][PASSED] - Tapped on element 'Object Repository/Banking/m2uAccountTransferIconSelect'

2022-02-15 09:54:50 - [TEST_STEP][PASSED] - if (verifyElementVisible(findTestObject("Tabung/tabungEnterPasswordTxt"), 0, OPTIONAL)): Element 'Object Repository/Tabung/tabungEnterPasswordTxt' not found

2022-02-15 09:54:50 - [MESSAGE][WARNING] - Timeout '0' is invalid. Using default page load timeout: '20'

2022-02-15 09:55:10 - [MESSAGE][WARNING] - Element 'Object Repository/Tabung/tabungEnterPasswordTxt' not found

2022-02-15 09:55:10 - [TEST_STEP][PASSED] - verifyElementVisible(findTestObject("Banking/transferDuitNowTopMenuSelect"), 5): Element 'Object Repository/Banking/transferDuitNowTopMenuSelect' is visible

2022-02-15 09:56:01 - [MESSAGE][PASSED] - Element 'Object Repository/Banking/transferDuitNowTopMenuSelect' is visible

2022-02-15 09:56:01 - [TEST_STEP][PASSED] - tap(findTestObject("Banking/transferDuitNowTopMenuSelect"), 0): Tapped on element 'Object Repository/Banking/transferDuitNowTopMenuSelect'

2022-02-15 09:56:01 - [MESSAGE][WARNING] - Timeout '0' is invalid. Using default page load timeout: '20'

2022-02-15 09:57:01 - [MESSAGE][PASSED] - Tapped on element 'Object Repository/Banking/transferDuitNowTopMenuSelect'

2022-02-15 09:57:01 - [TEST_STEP][PASSED] - delay(3): Delayed 3 second(s)

2022-02-15 09:57:04 - [MESSAGE][PASSED] - Delayed 3 second(s)

2022-02-15 09:57:04 - [TEST_STEP][PASSED] - tap(findTestObject("Banking/duitNowOtherIconSelect"), 0): Tapped on element 'Object Repository/Banking/duitNowOtherIconSelect'

2022-02-15 09:57:04 - [MESSAGE][WARNING] - Timeout '0' is invalid. Using default page load timeout: '20'

2022-02-15 09:57:57 - [MESSAGE][PASSED] - Tapped on element 'Object Repository/Banking/duitNowOtherIconSelect'

2022-02-15 09:57:57 - [TEST_STEP][PASSED] - delay(3): Delayed 3 second(s)

2022-02-15 09:58:00 - [MESSAGE][PASSED] - Delayed 3 second(s)

2022-02-15 09:58:00 - [TEST_STEP][PASSED] - setText(findTestObject("Banking/duitNowMobileInputField"), phoneNum, 0): Text '01122334455' has been set to element 'Object Repository/Banking/duitNowMobileInputField'

2022-02-15 09:58:00 - [MESSAGE][WARNING] - Timeout '0' is invalid. Using default page load timeout: '20'

2022-02-15 09:58:01 - [MESSAGE][PASSED] - Text '01122334455' has been set to element 'Object Repository/Banking/duitNowMobileInputField'

2022-02-15 09:58:01 - [TEST_STEP][PASSED] - hideKeyboard(): Keyboard is hidden

2022-02-15 09:58:01 - [MESSAGE][PASSED] - Keyboard is hidden

2022-02-15 09:58:01 - [TEST_STEP][PASSED] - tap(findTestObject("Login Onboarding/loginExistingContinueBtn"), 0): Tapped on element 'Object Repository/Login Onboarding/loginExistingContinueBtn'

2022-02-15 09:58:01 - [MESSAGE][WARNING] - Timeout '0' is invalid. Using default page load timeout: '20'

2022-02-15 09:58:01 - [MESSAGE][PASSED] - Tapped on element 'Object Repository/Login Onboarding/loginExistingContinueBtn'

2022-02-15 09:58:01 - [TEST_STEP][PASSED] - delay(3): Delayed 3 second(s)

2022-02-15 09:58:04 - [MESSAGE][PASSED] - Delayed 3 second(s)

2022-02-15 09:58:04 - [TEST_STEP][PASSED] - tap(findTestObject("Login Onboarding/PIN4"), 0): Tapped on element 'Object Repository/Login Onboarding/PIN4'

2022-02-15 09:58:04 - [MESSAGE][WARNING] - Timeout '0' is invalid. Using default page load timeout: '20'

2022-02-15 09:58:06 - [MESSAGE][PASSED] - Tapped on element 'Object Repository/Login Onboarding/PIN4'

2022-02-15 09:58:06 - [TEST_STEP][PASSED] - delay(5): Delayed 5 second(s)

2022-02-15 09:58:11 - [MESSAGE][PASSED] - Delayed 5 second(s)

2022-02-15 09:58:11 - [TEST_STEP][PASSED] - verifyElementVisible(findTestObject("Login Onboarding/loginPinTickBtn"), 5): Element 'Object Repository/Login Onboarding/loginPinTickBtn' is visible

2022-02-15 09:58:11 - [MESSAGE][PASSED] - Element 'Object Repository/Login Onboarding/loginPinTickBtn' is visible

2022-02-15 09:58:11 - [TEST_STEP][PASSED] - tap(findTestObject("Login Onboarding/loginPinTickBtn"), 0): Tapped on element 'Object Repository/Login Onboarding/loginPinTickBtn'

2022-02-15 09:58:11 - [MESSAGE][WARNING] - Timeout '0' is invalid. Using default page load timeout: '20'

2022-02-15 09:58:12 - [MESSAGE][PASSED] - Tapped on element 'Object Repository/Login Onboarding/loginPinTickBtn'

2022-02-15 09:58:12 - [TEST_STEP][PASSED] - setText(findTestObject("Banking/duitNowReferenceInputField"), "DuitTransferTranser", 0): Text 'DuitTransferTranser' has been set to element 'Object Repository/Banking/duitNowReferenceInputField'

2022-02-15 09:58:12 - [MESSAGE][WARNING] - Timeout '0' is invalid. Using default page load timeout: '20'

2022-02-15 09:58:14 - [MESSAGE][PASSED] - Text 'DuitTransferTranser' has been set to element 'Object Repository/Banking/duitNowReferenceInputField'

2022-02-15 09:58:14 - [TEST_STEP][PASSED] - hideKeyboard(): Keyboard is hidden

2022-02-15 09:58:15 - [MESSAGE][PASSED] - Keyboard is hidden

2022-02-15 09:58:15 - [TEST_STEP][PASSED] - tap(findTestObject("Login Onboarding/loginExistingContinueBtn"), 0): Tapped on element 'Object Repository/Login Onboarding/loginExistingContinueBtn'

2022-02-15 09:58:15 - [MESSAGE][WARNING] - Timeout '0' is invalid. Using default page load timeout: '20'

2022-02-15 09:58:15 - [MESSAGE][PASSED] - Tapped on element 'Object Repository/Login Onboarding/loginExistingContinueBtn'

2022-02-15 09:58:15 - [TEST_STEP][PASSED] - verifyElementVisible(findTestObject("Banking/duitNowCustomerNameTxt"), 0): Element 'Object Repository/Banking/duitNowCustomerNameTxt' is visible

2022-02-15 09:58:15 - [MESSAGE][WARNING] - Timeout '0' is invalid. Using default page load timeout: '20'

2022-02-15 09:58:16 - [MESSAGE][PASSED] - Element 'Object Repository/Banking/duitNowCustomerNameTxt' is visible

2022-02-15 09:58:16 - [TEST_STEP][PASSED] - Custname = getText(findTestObject("Banking/duitNowCustomerNameTxt"), 10): Text of element 'Object Repository/Banking/duitNowCustomerNameTxt' is: '011 2233 4455'

2022-02-15 09:58:16 - [MESSAGE][PASSED] - Text of element 'Object Repository/Banking/duitNowCustomerNameTxt' is: '011 2233 4455'

2022-02-15 09:58:16 - [TEST_STEP][PASSED] - println("Customer Name is " + Custname): null

2022-02-15 09:58:16 - [TEST_STEP][PASSED] - verifyElementVisible(findTestObject("Banking/duitNowSummaryIDTypeTxt"), 0): Element 'Object Repository/Banking/duitNowSummaryIDTypeTxt' is visible

2022-02-15 09:58:16 - [MESSAGE][WARNING] - Timeout '0' is invalid. Using default page load timeout: '20'

2022-02-15 09:58:18 - [MESSAGE][PASSED] - Element 'Object Repository/Banking/duitNowSummaryIDTypeTxt' is visible

2022-02-15 09:58:18 - [TEST_STEP][PASSED] - ProxyType = getText(findTestObject("Banking/duitNowSummaryIDTypeTxt"), 10): Text of element 'Object Repository/Banking/duitNowSummaryIDTypeTxt' is: 'Mobile Number'

2022-02-15 09:58:18 - [MESSAGE][PASSED] - Text of element 'Object Repository/Banking/duitNowSummaryIDTypeTxt' is: 'Mobile Number'

2022-02-15 09:58:18 - [TEST_STEP][PASSED] - println("ProxyType " + ProxyType): null

2022-02-15 09:58:18 - [TEST_STEP][PASSED] - tap(findTestObject("Main/mainTransferNowBtn"), 0): Tapped on element 'Object Repository/Main/mainTransferNowBtn'

2022-02-15 09:58:18 - [MESSAGE][WARNING] - Timeout '0' is invalid. Using default page load timeout: '20'

2022-02-15 09:58:19 - [MESSAGE][PASSED] - Tapped on element 'Object Repository/Main/mainTransferNowBtn'

2022-02-15 09:58:19 - [TEST_STEP][PASSED] - if (verifyElementVisible(findTestObject("Festive Season/festiveReturnAngpaoTACNoTxt"), 0, OPTIONAL)): null

2022-02-15 09:58:19 - [MESSAGE][WARNING] - Timeout '0' is invalid. Using default page load timeout: '20'

2022-02-15 09:58:23 - [MESSAGE][PASSED] - Element 'Object Repository/Festive Season/festiveReturnAngpaoTACNoTxt' is visible

2022-02-15 09:58:23 - [TEST_STEP][PASSED] - OTP = getText(findTestObject("Festive Season/festiveReturnAngpaoTACNoTxt"), 0): Text of element 'Object Repository/Festive Season/festiveReturnAngpaoTACNoTxt' is: 'Your TAC no. is 886543'

2022-02-15 09:58:23 - [MESSAGE][WARNING] - Timeout '0' is invalid. Using default page load timeout: '20'

2022-02-15 09:58:24 - [MESSAGE][PASSED] - Text of element 'Object Repository/Festive Season/festiveReturnAngpaoTACNoTxt' is: 'Your TAC no. is 886543'

2022-02-15 09:58:24 - [TEST_STEP][PASSED] - for ([i = 16, i <= 21, (i++)]): null

2022-02-15 09:58:24 - [TEST_STEP][PASSED] - if (OTP[i] == "0"): null

2022-02-15 09:58:24 - [TEST_STEP][PASSED] - if (OTP[i] == "1"): null

2022-02-15 09:58:24 - [TEST_STEP][PASSED] - if (OTP[i] == "2"): null

2022-02-15 09:58:24 - [TEST_STEP][PASSED] - if (OTP[i] == "3"): null

2022-02-15 09:58:24 - [TEST_STEP][PASSED] - if (OTP[i] == "4"): null

2022-02-15 09:58:24 - [TEST_STEP][PASSED] - if (OTP[i] == "5"): null

2022-02-15 09:58:24 - [TEST_STEP][PASSED] - if (OTP[i] == "6"): null

2022-02-15 09:58:24 - [TEST_STEP][PASSED] - if (OTP[i] == "7"): null

2022-02-15 09:58:24 - [TEST_STEP][PASSED] - if (OTP[i] == "8"): Tapped on element 'Object Repository/Login Onboarding/PIN8'

2022-02-15 09:58:24 - [TEST_STEP][PASSED] - tap(findTestObject("Login Onboarding/PIN8"), 0): Tapped on element 'Object Repository/Login Onboarding/PIN8'

2022-02-15 09:58:24 - [MESSAGE][WARNING] - Timeout '0' is invalid. Using default page load timeout: '20'

2022-02-15 09:58:26 - [MESSAGE][PASSED] - Tapped on element 'Object Repository/Login Onboarding/PIN8'

2022-02-15 09:58:26 - [TEST_STEP][PASSED] - if (OTP[i] == "9"): null

2022-02-15 09:58:26 - [TEST_STEP][PASSED] - if (OTP[i] == "0"): null

2022-02-15 09:58:26 - [TEST_STEP][PASSED] - if (OTP[i] == "1"): null

2022-02-15 09:58:26 - [TEST_STEP][PASSED] - if (OTP[i] == "2"): null

2022-02-15 09:58:26 - [TEST_STEP][PASSED] - if (OTP[i] == "3"): null

2022-02-15 09:58:26 - [TEST_STEP][PASSED] - if (OTP[i] == "4"): null

2022-02-15 09:58:26 - [TEST_STEP][PASSED] - if (OTP[i] == "5"): null

2022-02-15 09:58:26 - [TEST_STEP][PASSED] - if (OTP[i] == "6"): null

2022-02-15 09:58:26 - [TEST_STEP][PASSED] - if (OTP[i] == "7"): null

2022-02-15 09:58:26 - [TEST_STEP][PASSED] - if (OTP[i] == "8"): Tapped on element 'Object Repository/Login Onboarding/PIN8'

2022-02-15 09:58:26 - [TEST_STEP][PASSED] - tap(findTestObject("Login Onboarding/PIN8"), 0): Tapped on element 'Object Repository/Login Onboarding/PIN8'

2022-02-15 09:58:26 - [MESSAGE][WARNING] - Timeout '0' is invalid. Using default page load timeout: '20'

2022-02-15 09:58:29 - [MESSAGE][PASSED] - Tapped on element 'Object Repository/Login Onboarding/PIN8'

2022-02-15 09:58:29 - [TEST_STEP][PASSED] - if (OTP[i] == "9"): null

2022-02-15 09:58:29 - [TEST_STEP][PASSED] - if (OTP[i] == "0"): null

2022-02-15 09:58:29 - [TEST_STEP][PASSED] - if (OTP[i] == "1"): null

2022-02-15 09:58:29 - [TEST_STEP][PASSED] - if (OTP[i] == "2"): null

2022-02-15 09:58:29 - [TEST_STEP][PASSED] - if (OTP[i] == "3"): null

2022-02-15 09:58:29 - [TEST_STEP][PASSED] - if (OTP[i] == "4"): null

2022-02-15 09:58:29 - [TEST_STEP][PASSED] - if (OTP[i] == "5"): null

2022-02-15 09:58:29 - [TEST_STEP][PASSED] - if (OTP[i] == "6"): Tapped on element 'Object Repository/Login Onboarding/PIN6'

2022-02-15 09:58:29 - [TEST_STEP][PASSED] - tap(findTestObject("Login Onboarding/PIN6"), 0): Tapped on element 'Object Repository/Login Onboarding/PIN6'

2022-02-15 09:58:29 - [MESSAGE][WARNING] - Timeout '0' is invalid. Using default page load timeout: '20'

2022-02-15 09:58:30 - [MESSAGE][PASSED] - Tapped on element 'Object Repository/Login Onboarding/PIN6'

2022-02-15 09:58:30 - [TEST_STEP][PASSED] - if (OTP[i] == "7"): null

2022-02-15 09:58:30 - [TEST_STEP][PASSED] - if (OTP[i] == "8"): null

2022-02-15 09:58:30 - [TEST_STEP][PASSED] - if (OTP[i] == "9"): null

2022-02-15 09:58:30 - [TEST_STEP][PASSED] - if (OTP[i] == "0"): null

2022-02-15 09:58:30 - [TEST_STEP][PASSED] - if (OTP[i] == "1"): null

2022-02-15 09:58:30 - [TEST_STEP][PASSED] - if (OTP[i] == "2"): null

2022-02-15 09:58:30 - [TEST_STEP][PASSED] - if (OTP[i] == "3"): null

2022-02-15 09:58:30 - [TEST_STEP][PASSED] - if (OTP[i] == "4"): null

2022-02-15 09:58:30 - [TEST_STEP][PASSED] - if (OTP[i] == "5"): Tapped on element 'Object Repository/Login Onboarding/PIN5'

2022-02-15 09:58:30 - [TEST_STEP][PASSED] - tap(findTestObject("Login Onboarding/PIN5"), 0): Tapped on element 'Object Repository/Login Onboarding/PIN5'

2022-02-15 09:58:30 - [MESSAGE][WARNING] - Timeout '0' is invalid. Using default page load timeout: '20'

2022-02-15 09:58:33 - [MESSAGE][PASSED] - Tapped on element 'Object Repository/Login Onboarding/PIN5'

2022-02-15 09:58:33 - [TEST_STEP][PASSED] - if (OTP[i] == "6"): null

2022-02-15 09:58:33 - [TEST_STEP][PASSED] - if (OTP[i] == "7"): null

2022-02-15 09:58:33 - [TEST_STEP][PASSED] - if (OTP[i] == "8"): null

2022-02-15 09:58:33 - [TEST_STEP][PASSED] - if (OTP[i] == "9"): null

2022-02-15 09:58:33 - [TEST_STEP][PASSED] - if (OTP[i] == "0"): null

2022-02-15 09:58:33 - [TEST_STEP][PASSED] - if (OTP[i] == "1"): null

2022-02-15 09:58:33 - [TEST_STEP][PASSED] - if (OTP[i] == "2"): null

2022-02-15 09:58:33 - [TEST_STEP][PASSED] - if (OTP[i] == "3"): null

2022-02-15 09:58:33 - [TEST_STEP][PASSED] - if (OTP[i] == "4"): Tapped on element 'Object Repository/Login Onboarding/PIN4'

2022-02-15 09:58:33 - [TEST_STEP][PASSED] - tap(findTestObject("Login Onboarding/PIN4"), 0): Tapped on element 'Object Repository/Login Onboarding/PIN4'

2022-02-15 09:58:33 - [MESSAGE][WARNING] - Timeout '0' is invalid. Using default page load timeout: '20'

2022-02-15 09:58:35 - [MESSAGE][PASSED] - Tapped on element 'Object Repository/Login Onboarding/PIN4'

2022-02-15 09:58:35 - [TEST_STEP][PASSED] - if (OTP[i] == "5"): null

2022-02-15 09:58:35 - [TEST_STEP][PASSED] - if (OTP[i] == "6"): null

2022-02-15 09:58:35 - [TEST_STEP][PASSED] - if (OTP[i] == "7"): null

2022-02-15 09:58:35 - [TEST_STEP][PASSED] - if (OTP[i] == "8"): null

2022-02-15 09:58:35 - [TEST_STEP][PASSED] - if (OTP[i] == "9"): null

2022-02-15 09:58:35 - [TEST_STEP][PASSED] - if (OTP[i] == "0"): null

2022-02-15 09:58:35 - [TEST_STEP][PASSED] - if (OTP[i] == "1"): null

2022-02-15 09:58:35 - [TEST_STEP][PASSED] - if (OTP[i] == "2"): null

2022-02-15 09:58:35 - [TEST_STEP][PASSED] - if (OTP[i] == "3"): Tapped on element 'Object Repository/Login Onboarding/PIN3'

2022-02-15 09:58:35 - [TEST_STEP][PASSED] - tap(findTestObject("Login Onboarding/PIN3"), 0): Tapped on element 'Object Repository/Login Onboarding/PIN3'

2022-02-15 09:58:35 - [MESSAGE][WARNING] - Timeout '0' is invalid. Using default page load timeout: '20'

2022-02-15 09:58:37 - [MESSAGE][PASSED] - Tapped on element 'Object Repository/Login Onboarding/PIN3'

2022-02-15 09:58:37 - [TEST_STEP][PASSED] - if (OTP[i] == "4"): null

2022-02-15 09:58:37 - [TEST_STEP][PASSED] - if (OTP[i] == "5"): null

2022-02-15 09:58:37 - [TEST_STEP][PASSED] - if (OTP[i] == "6"): null

2022-02-15 09:58:37 - [TEST_STEP][PASSED] - if (OTP[i] == "7"): null

2022-02-15 09:58:37 - [TEST_STEP][PASSED] - if (OTP[i] == "8"): null

2022-02-15 09:58:37 - [TEST_STEP][PASSED] - if (OTP[i] == "9"): null

2022-02-15 09:58:37 - [TEST_STEP][PASSED] - delay(3): Delayed 3 second(s)

2022-02-15 09:58:40 - [MESSAGE][PASSED] - Delayed 3 second(s)

2022-02-15 09:58:40 - [TEST_STEP][PASSED] - tap(findTestObject("Festive Season/festiveReturnAngpaoTickBtn"), 0): Tapped on element 'Object Repository/Festive Season/festiveReturnAngpaoTickBtn'

2022-02-15 09:58:40 - [MESSAGE][WARNING] - Timeout '0' is invalid. Using default page load timeout: '20'

2022-02-15 09:58:41 - [MESSAGE][PASSED] - Tapped on element 'Object Repository/Festive Season/festiveReturnAngpaoTickBtn'

2022-02-15 09:58:41 - [TEST_STEP][PASSED] - verifyElementVisible(findTestObject("Main/mainTransactionStatusMessageTxt"), 0): Element 'Object Repository/Main/mainTransactionStatusMessageTxt' is visible

2022-02-15 09:58:41 - [MESSAGE][WARNING] - Timeout '0' is invalid. Using default page load timeout: '20'

2022-02-15 09:58:47 - [MESSAGE][PASSED] - Element 'Object Repository/Main/mainTransactionStatusMessageTxt' is visible

2022-02-15 09:58:47 - [TEST_STEP][PASSED] - Transferstatus = getText(findTestObject("Main/mainTransactionStatusMessageTxt"), 10): Text of element 'Object Repository/Main/mainTransactionStatusMessageTxt' is: 'Transfer successful'

2022-02-15 09:58:48 - [MESSAGE][PASSED] - Text of element 'Object Repository/Main/mainTransactionStatusMessageTxt' is: 'Transfer successful'

2022-02-15 09:58:48 - [TEST_STEP][PASSED] - println("Transaction Status" + Transferstatus): null

2022-02-15 09:58:48 - [TEST_STEP][PASSED] - delay(5): Delayed 5 second(s)

2022-02-15 09:58:53 - [MESSAGE][PASSED] - Delayed 5 second(s)

2022-02-15 09:58:53 - [TEST_STEP][PASSED] - referenceID = getText(findTestObject("Send Request Money/requestMoneyPaySummaryRefIDTxt"), 0): Text of element 'Object Repository/Send Request Money/requestMoneyPaySummaryRefIDTxt' is: '181193550M'

2022-02-15 09:58:53 - [MESSAGE][WARNING] - Timeout '0' is invalid. Using default page load timeout: '20'

2022-02-15 09:58:53 - [MESSAGE][PASSED] - Text of element 'Object Repository/Send Request Money/requestMoneyPaySummaryRefIDTxt' is: '181193550M'

2022-02-15 09:58:53 - [TEST_STEP][PASSED] - println(referenceID): null

2022-02-15 09:58:53 - [TEST_STEP][PASSED] - test = dataFolder: null

2022-02-15 09:58:53 - [TEST_STEP][PASSED] - sheetName = "Sheet1": null

2022-02-15 09:58:53 - [TEST_STEP][PASSED] - file1 = new java.io.File(test): null

2022-02-15 09:58:53 - [TEST_STEP][PASSED] - assert file1.exists() == true: null

2022-02-15 09:58:53 - [TEST_STEP][PASSED] - woorkbook1 = getWorkbook(test): null

2022-02-15 09:58:54 - [TEST_STEP][PASSED] - sheet1 = getExcelSheet(woorkbook1, sheetName): null

2022-02-15 09:58:54 - [TEST_STEP][PASSED] - setValueToCellByIndex(sheet1, 4, 1, referenceID): null

2022-02-15 09:58:54 - [TEST_STEP][PASSED] - saveWorkbook(test, woorkbook1): null

2022-02-15 09:58:54 - [TEST_STEP][PASSED] - delay(3): Delayed 3 second(s)

2022-02-15 09:58:57 - [MESSAGE][PASSED] - Delayed 3 second(s)

2022-02-15 09:58:57 - [TEST_STEP][PASSED] - verifyElementVisible(findTestObject("Main/mainDoneBtn"), 0): Element 'Object Repository/Main/mainDoneBtn' is visible

2022-02-15 09:58:57 - [MESSAGE][WARNING] - Timeout '0' is invalid. Using default page load timeout: '20'

2022-02-15 09:58:57 - [MESSAGE][PASSED] - Element 'Object Repository/Main/mainDoneBtn' is visible

2022-02-15 09:58:57 - [TEST_STEP][PASSED] - tap(findTestObject("Main/mainDoneBtn"), 0): Tapped on element 'Object Repository/Main/mainDoneBtn'

2022-02-15 09:58:57 - [MESSAGE][WARNING] - Timeout '0' is invalid. Using default page load timeout: '20'

2022-02-15 09:58:57 - [MESSAGE][PASSED] - Tapped on element 'Object Repository/Main/mainDoneBtn'

2022-02-15 09:58:57 - [TEST_STEP][PASSED] - delay(5): Delayed 5 second(s)

2022-02-15 09:59:02 - [MESSAGE][PASSED] - Delayed 5 second(s)]]></system-out>
         <system-err><![CDATA[]]></system-err>
      </testcase>
      <testcase name="Test Cases/DuitNow/duitNow_businessRegNumberTransaction" time="199.206" classname="Test Cases/DuitNow/duitNow_businessRegNumberTransaction" status="PASSED">
         <system-out><![CDATA[2022-02-15 09:59:02 - [TEST_CASE][PASSED] - Test Cases/DuitNow/duitNow_businessRegNumberTransaction: Test Cases/DuitNow/duitNow_businessRegNumberTransaction

2022-02-15 09:59:02 - [TEST_STEP][PASSED] - delay(5): Delayed 5 second(s)

2022-02-15 09:59:07 - [MESSAGE][PASSED] - Delayed 5 second(s)

2022-02-15 09:59:07 - [TEST_STEP][PASSED] - tap(findTestObject("Banking/m2uAccountTransferIconSelect"), 0): Tapped on element 'Object Repository/Banking/m2uAccountTransferIconSelect'

2022-02-15 09:59:07 - [MESSAGE][WARNING] - Timeout '0' is invalid. Using default page load timeout: '20'

2022-02-15 09:59:18 - [MESSAGE][PASSED] - Tapped on element 'Object Repository/Banking/m2uAccountTransferIconSelect'

2022-02-15 09:59:18 - [TEST_STEP][PASSED] - tap(findTestObject("Banking/transferDuitNowTopMenuSelect"), 10): Tapped on element 'Object Repository/Banking/transferDuitNowTopMenuSelect'

2022-02-15 10:00:19 - [MESSAGE][PASSED] - Tapped on element 'Object Repository/Banking/transferDuitNowTopMenuSelect'

2022-02-15 10:00:19 - [TEST_STEP][PASSED] - tap(findTestObject("Banking/duitNowOtherIconSelect"), 10): Tapped on element 'Object Repository/Banking/duitNowOtherIconSelect'

2022-02-15 10:01:11 - [MESSAGE][PASSED] - Tapped on element 'Object Repository/Banking/duitNowOtherIconSelect'

2022-02-15 10:01:11 - [TEST_STEP][PASSED] - delay(3): Delayed 3 second(s)

2022-02-15 10:01:14 - [MESSAGE][PASSED] - Delayed 3 second(s)

2022-02-15 10:01:14 - [TEST_STEP][PASSED] - tap(findTestObject("Banking/duitNowIDTypeDropdownSelect"), 0): Tapped on element 'Object Repository/Banking/duitNowIDTypeDropdownSelect'

2022-02-15 10:01:14 - [MESSAGE][WARNING] - Timeout '0' is invalid. Using default page load timeout: '20'

2022-02-15 10:01:14 - [MESSAGE][PASSED] - Tapped on element 'Object Repository/Banking/duitNowIDTypeDropdownSelect'

2022-02-15 10:01:14 - [TEST_STEP][PASSED] - scrollToText("Business Registration Number", STOP_ON_FAILURE): Scrolling to text 'Business Registration Number' successfully

2022-02-15 10:01:18 - [MESSAGE][PASSED] - Scrolling to text 'Business Registration Number' successfully

2022-02-15 10:01:18 - [TEST_STEP][PASSED] - tap(findTestObject("Banking/duitNowBusinessRegIDTypeDropdown"), 0): Tapped on element 'Object Repository/Banking/duitNowBusinessRegIDTypeDropdown'

2022-02-15 10:01:18 - [MESSAGE][WARNING] - Timeout '0' is invalid. Using default page load timeout: '20'

2022-02-15 10:01:18 - [MESSAGE][PASSED] - Tapped on element 'Object Repository/Banking/duitNowBusinessRegIDTypeDropdown'

2022-02-15 10:01:18 - [TEST_STEP][PASSED] - tap(findTestObject("Main/mainCalenderPickerDoneBtn"), 0): Tapped on element 'Object Repository/Main/mainCalenderPickerDoneBtn'

2022-02-15 10:01:18 - [MESSAGE][WARNING] - Timeout '0' is invalid. Using default page load timeout: '20'

2022-02-15 10:01:19 - [MESSAGE][PASSED] - Tapped on element 'Object Repository/Main/mainCalenderPickerDoneBtn'

2022-02-15 10:01:19 - [TEST_STEP][PASSED] - setText(findTestObject("Banking/duitNowBusinessRegNoInputField"), "aa9876543a", 0): Text 'aa9876543a' has been set to element 'Object Repository/Banking/duitNowBusinessRegNoInputField'

2022-02-15 10:01:19 - [MESSAGE][WARNING] - Timeout '0' is invalid. Using default page load timeout: '20'

2022-02-15 10:01:21 - [MESSAGE][PASSED] - Text 'aa9876543a' has been set to element 'Object Repository/Banking/duitNowBusinessRegNoInputField'

2022-02-15 10:01:21 - [TEST_STEP][PASSED] - hideKeyboard(): Keyboard is hidden

2022-02-15 10:01:22 - [MESSAGE][PASSED] - Keyboard is hidden

2022-02-15 10:01:22 - [TEST_STEP][PASSED] - tap(findTestObject("Login Onboarding/loginExistingContinueBtn"), 0): Tapped on element 'Object Repository/Login Onboarding/loginExistingContinueBtn'

2022-02-15 10:01:22 - [MESSAGE][WARNING] - Timeout '0' is invalid. Using default page load timeout: '20'

2022-02-15 10:01:22 - [MESSAGE][PASSED] - Tapped on element 'Object Repository/Login Onboarding/loginExistingContinueBtn'

2022-02-15 10:01:22 - [TEST_STEP][PASSED] - tap(findTestObject("Login Onboarding/PIN4"), 0): Tapped on element 'Object Repository/Login Onboarding/PIN4'

2022-02-15 10:01:22 - [MESSAGE][WARNING] - Timeout '0' is invalid. Using default page load timeout: '20'

2022-02-15 10:01:28 - [MESSAGE][PASSED] - Tapped on element 'Object Repository/Login Onboarding/PIN4'

2022-02-15 10:01:28 - [TEST_STEP][PASSED] - delay(5): Delayed 5 second(s)

2022-02-15 10:01:33 - [MESSAGE][PASSED] - Delayed 5 second(s)

2022-02-15 10:01:33 - [TEST_STEP][PASSED] - tap(findTestObject("Login Onboarding/loginPinTickBtn"), 0): Tapped on element 'Object Repository/Login Onboarding/loginPinTickBtn'

2022-02-15 10:01:33 - [MESSAGE][WARNING] - Timeout '0' is invalid. Using default page load timeout: '20'

2022-02-15 10:01:33 - [MESSAGE][PASSED] - Tapped on element 'Object Repository/Login Onboarding/loginPinTickBtn'

2022-02-15 10:01:33 - [TEST_STEP][PASSED] - setText(findTestObject("Banking/duitNowReferenceInputField"), "Duit 0n off Transer", 0): Text 'Duit 0n off Transer' has been set to element 'Object Repository/Banking/duitNowReferenceInputField'

2022-02-15 10:01:33 - [MESSAGE][WARNING] - Timeout '0' is invalid. Using default page load timeout: '20'

2022-02-15 10:01:35 - [MESSAGE][PASSED] - Text 'Duit 0n off Transer' has been set to element 'Object Repository/Banking/duitNowReferenceInputField'

2022-02-15 10:01:35 - [TEST_STEP][PASSED] - hideKeyboard(): Keyboard is hidden

2022-02-15 10:01:36 - [MESSAGE][PASSED] - Keyboard is hidden

2022-02-15 10:01:36 - [TEST_STEP][PASSED] - tap(findTestObject("Login Onboarding/loginExistingContinueBtn"), 0): Tapped on element 'Object Repository/Login Onboarding/loginExistingContinueBtn'

2022-02-15 10:01:36 - [MESSAGE][WARNING] - Timeout '0' is invalid. Using default page load timeout: '20'

2022-02-15 10:01:37 - [MESSAGE][PASSED] - Tapped on element 'Object Repository/Login Onboarding/loginExistingContinueBtn'

2022-02-15 10:01:37 - [TEST_STEP][PASSED] - tap(findTestObject("Banking/duitNowSummaryAmountTxt"), 0): Tapped on element 'Object Repository/Banking/duitNowSummaryAmountTxt'

2022-02-15 10:01:37 - [MESSAGE][WARNING] - Timeout '0' is invalid. Using default page load timeout: '20'

2022-02-15 10:01:40 - [MESSAGE][PASSED] - Tapped on element 'Object Repository/Banking/duitNowSummaryAmountTxt'

2022-02-15 10:01:40 - [TEST_STEP][PASSED] - tap(findTestObject("Login Onboarding/PIN1"), 0): Tapped on element 'Object Repository/Login Onboarding/PIN1'

2022-02-15 10:01:40 - [MESSAGE][WARNING] - Timeout '0' is invalid. Using default page load timeout: '20'

2022-02-15 10:01:41 - [MESSAGE][PASSED] - Tapped on element 'Object Repository/Login Onboarding/PIN1'

2022-02-15 10:01:41 - [TEST_STEP][PASSED] - tap(findTestObject("Login Onboarding/loginPinTickBtn"), 0): Tapped on element 'Object Repository/Login Onboarding/loginPinTickBtn'

2022-02-15 10:01:41 - [MESSAGE][WARNING] - Timeout '0' is invalid. Using default page load timeout: '20'

2022-02-15 10:01:42 - [MESSAGE][PASSED] - Tapped on element 'Object Repository/Login Onboarding/loginPinTickBtn'

2022-02-15 10:01:42 - [TEST_STEP][PASSED] - delay(2): Delayed 2 second(s)

2022-02-15 10:01:44 - [MESSAGE][PASSED] - Delayed 2 second(s)

2022-02-15 10:01:44 - [TEST_STEP][PASSED] - tap(findTestObject("Main/mainTransferNowBtn"), 0): Tapped on element 'Object Repository/Main/mainTransferNowBtn'

2022-02-15 10:01:44 - [MESSAGE][WARNING] - Timeout '0' is invalid. Using default page load timeout: '20'

2022-02-15 10:01:45 - [MESSAGE][PASSED] - Tapped on element 'Object Repository/Main/mainTransferNowBtn'

2022-02-15 10:01:45 - [TEST_STEP][PASSED] - delay(2): Delayed 2 second(s)

2022-02-15 10:01:47 - [MESSAGE][PASSED] - Delayed 2 second(s)

2022-02-15 10:01:47 - [TEST_STEP][PASSED] - if (verifyElementVisible(findTestObject("Main/mainTACNumberTxt"), 0, OPTIONAL)): null

2022-02-15 10:01:47 - [MESSAGE][WARNING] - Timeout '0' is invalid. Using default page load timeout: '20'

2022-02-15 10:01:48 - [MESSAGE][PASSED] - Element 'Object Repository/Main/mainTACNumberTxt' is visible

2022-02-15 10:01:48 - [TEST_STEP][PASSED] - OTP1 = getText(findTestObject("Transfer/duitNowTACNumber"), 0): Text of element 'Object Repository/Transfer/duitNowTACNumber' is: 'Your TAC no. is 634270'

2022-02-15 10:01:48 - [MESSAGE][WARNING] - Timeout '0' is invalid. Using default page load timeout: '20'

2022-02-15 10:01:49 - [MESSAGE][PASSED] - Text of element 'Object Repository/Transfer/duitNowTACNumber' is: 'Your TAC no. is 634270'

2022-02-15 10:01:49 - [TEST_STEP][PASSED] - for ([i = 16, i <= 21, (i++)]): null

2022-02-15 10:01:49 - [TEST_STEP][PASSED] - if (OTP1[i] == "0"): null

2022-02-15 10:01:49 - [TEST_STEP][PASSED] - if (OTP1[i] == "1"): null

2022-02-15 10:01:49 - [TEST_STEP][PASSED] - if (OTP1[i] == "2"): null

2022-02-15 10:01:49 - [TEST_STEP][PASSED] - if (OTP1[i] == "3"): null

2022-02-15 10:01:49 - [TEST_STEP][PASSED] - if (OTP1[i] == "4"): null

2022-02-15 10:01:49 - [TEST_STEP][PASSED] - if (OTP1[i] == "5"): null

2022-02-15 10:01:49 - [TEST_STEP][PASSED] - if (OTP1[i] == "6"): Tapped on element 'Object Repository/Login Onboarding/PIN6'

2022-02-15 10:01:49 - [TEST_STEP][PASSED] - tap(findTestObject("Login Onboarding/PIN6"), 0): Tapped on element 'Object Repository/Login Onboarding/PIN6'

2022-02-15 10:01:49 - [MESSAGE][WARNING] - Timeout '0' is invalid. Using default page load timeout: '20'

2022-02-15 10:01:50 - [MESSAGE][PASSED] - Tapped on element 'Object Repository/Login Onboarding/PIN6'

2022-02-15 10:01:50 - [TEST_STEP][PASSED] - if (OTP1[i] == "7"): null

2022-02-15 10:01:50 - [TEST_STEP][PASSED] - if (OTP1[i] == "8"): null

2022-02-15 10:01:50 - [TEST_STEP][PASSED] - if (OTP1[i] == "9"): null

2022-02-15 10:01:50 - [TEST_STEP][PASSED] - if (OTP1[i] == "0"): null

2022-02-15 10:01:50 - [TEST_STEP][PASSED] - if (OTP1[i] == "1"): null

2022-02-15 10:01:50 - [TEST_STEP][PASSED] - if (OTP1[i] == "2"): null

2022-02-15 10:01:50 - [TEST_STEP][PASSED] - if (OTP1[i] == "3"): Tapped on element 'Object Repository/Login Onboarding/PIN3'

2022-02-15 10:01:50 - [TEST_STEP][PASSED] - tap(findTestObject("Login Onboarding/PIN3"), 0): Tapped on element 'Object Repository/Login Onboarding/PIN3'

2022-02-15 10:01:50 - [MESSAGE][WARNING] - Timeout '0' is invalid. Using default page load timeout: '20'

2022-02-15 10:01:52 - [MESSAGE][PASSED] - Tapped on element 'Object Repository/Login Onboarding/PIN3'

2022-02-15 10:01:52 - [TEST_STEP][PASSED] - if (OTP1[i] == "4"): null

2022-02-15 10:01:52 - [TEST_STEP][PASSED] - if (OTP1[i] == "5"): null

2022-02-15 10:01:52 - [TEST_STEP][PASSED] - if (OTP1[i] == "6"): null

2022-02-15 10:01:52 - [TEST_STEP][PASSED] - if (OTP1[i] == "7"): null

2022-02-15 10:01:52 - [TEST_STEP][PASSED] - if (OTP1[i] == "8"): null

2022-02-15 10:01:52 - [TEST_STEP][PASSED] - if (OTP1[i] == "9"): null

2022-02-15 10:01:52 - [TEST_STEP][PASSED] - if (OTP1[i] == "0"): null

2022-02-15 10:01:52 - [TEST_STEP][PASSED] - if (OTP1[i] == "1"): null

2022-02-15 10:01:52 - [TEST_STEP][PASSED] - if (OTP1[i] == "2"): null

2022-02-15 10:01:52 - [TEST_STEP][PASSED] - if (OTP1[i] == "3"): null

2022-02-15 10:01:52 - [TEST_STEP][PASSED] - if (OTP1[i] == "4"): Tapped on element 'Object Repository/Login Onboarding/PIN4'

2022-02-15 10:01:52 - [TEST_STEP][PASSED] - tap(findTestObject("Login Onboarding/PIN4"), 0): Tapped on element 'Object Repository/Login Onboarding/PIN4'

2022-02-15 10:01:52 - [MESSAGE][WARNING] - Timeout '0' is invalid. Using default page load timeout: '20'

2022-02-15 10:01:55 - [MESSAGE][PASSED] - Tapped on element 'Object Repository/Login Onboarding/PIN4'

2022-02-15 10:01:55 - [TEST_STEP][PASSED] - if (OTP1[i] == "5"): null

2022-02-15 10:01:55 - [TEST_STEP][PASSED] - if (OTP1[i] == "6"): null

2022-02-15 10:01:55 - [TEST_STEP][PASSED] - if (OTP1[i] == "7"): null

2022-02-15 10:01:55 - [TEST_STEP][PASSED] - if (OTP1[i] == "8"): null

2022-02-15 10:01:55 - [TEST_STEP][PASSED] - if (OTP1[i] == "9"): null

2022-02-15 10:01:55 - [TEST_STEP][PASSED] - if (OTP1[i] == "0"): null

2022-02-15 10:01:55 - [TEST_STEP][PASSED] - if (OTP1[i] == "1"): null

2022-02-15 10:01:55 - [TEST_STEP][PASSED] - if (OTP1[i] == "2"): Tapped on element 'Object Repository/Login Onboarding/PIN2'

2022-02-15 10:01:55 - [TEST_STEP][PASSED] - tap(findTestObject("Login Onboarding/PIN2"), 0): Tapped on element 'Object Repository/Login Onboarding/PIN2'

2022-02-15 10:01:55 - [MESSAGE][WARNING] - Timeout '0' is invalid. Using default page load timeout: '20'

2022-02-15 10:01:57 - [MESSAGE][PASSED] - Tapped on element 'Object Repository/Login Onboarding/PIN2'

2022-02-15 10:01:57 - [TEST_STEP][PASSED] - if (OTP1[i] == "3"): null

2022-02-15 10:01:57 - [TEST_STEP][PASSED] - if (OTP1[i] == "4"): null

2022-02-15 10:01:57 - [TEST_STEP][PASSED] - if (OTP1[i] == "5"): null

2022-02-15 10:01:57 - [TEST_STEP][PASSED] - if (OTP1[i] == "6"): null

2022-02-15 10:01:57 - [TEST_STEP][PASSED] - if (OTP1[i] == "7"): null

2022-02-15 10:01:57 - [TEST_STEP][PASSED] - if (OTP1[i] == "8"): null

2022-02-15 10:01:57 - [TEST_STEP][PASSED] - if (OTP1[i] == "9"): null

2022-02-15 10:01:57 - [TEST_STEP][PASSED] - if (OTP1[i] == "0"): null

2022-02-15 10:01:57 - [TEST_STEP][PASSED] - if (OTP1[i] == "1"): null

2022-02-15 10:01:57 - [TEST_STEP][PASSED] - if (OTP1[i] == "2"): null

2022-02-15 10:01:57 - [TEST_STEP][PASSED] - if (OTP1[i] == "3"): null

2022-02-15 10:01:57 - [TEST_STEP][PASSED] - if (OTP1[i] == "4"): null

2022-02-15 10:01:57 - [TEST_STEP][PASSED] - if (OTP1[i] == "5"): null

2022-02-15 10:01:57 - [TEST_STEP][PASSED] - if (OTP1[i] == "6"): null

2022-02-15 10:01:57 - [TEST_STEP][PASSED] - if (OTP1[i] == "7"): Tapped on element 'Object Repository/Login Onboarding/PIN7'

2022-02-15 10:01:57 - [TEST_STEP][PASSED] - tap(findTestObject("Login Onboarding/PIN7"), 0): Tapped on element 'Object Repository/Login Onboarding/PIN7'

2022-02-15 10:01:57 - [MESSAGE][WARNING] - Timeout '0' is invalid. Using default page load timeout: '20'

2022-02-15 10:01:59 - [MESSAGE][PASSED] - Tapped on element 'Object Repository/Login Onboarding/PIN7'

2022-02-15 10:01:59 - [TEST_STEP][PASSED] - if (OTP1[i] == "8"): null

2022-02-15 10:01:59 - [TEST_STEP][PASSED] - if (OTP1[i] == "9"): null

2022-02-15 10:01:59 - [TEST_STEP][PASSED] - if (OTP1[i] == "0"): Tapped on element 'Object Repository/Login Onboarding/PIN0'

2022-02-15 10:01:59 - [TEST_STEP][PASSED] - tap(findTestObject("Login Onboarding/PIN0"), 0): Tapped on element 'Object Repository/Login Onboarding/PIN0'

2022-02-15 10:01:59 - [MESSAGE][WARNING] - Timeout '0' is invalid. Using default page load timeout: '20'

2022-02-15 10:02:02 - [MESSAGE][PASSED] - Tapped on element 'Object Repository/Login Onboarding/PIN0'

2022-02-15 10:02:02 - [TEST_STEP][PASSED] - if (OTP1[i] == "1"): null

2022-02-15 10:02:02 - [TEST_STEP][PASSED] - if (OTP1[i] == "2"): null

2022-02-15 10:02:02 - [TEST_STEP][PASSED] - if (OTP1[i] == "3"): null

2022-02-15 10:02:02 - [TEST_STEP][PASSED] - if (OTP1[i] == "4"): null

2022-02-15 10:02:02 - [TEST_STEP][PASSED] - if (OTP1[i] == "5"): null

2022-02-15 10:02:02 - [TEST_STEP][PASSED] - if (OTP1[i] == "6"): null

2022-02-15 10:02:02 - [TEST_STEP][PASSED] - if (OTP1[i] == "7"): null

2022-02-15 10:02:02 - [TEST_STEP][PASSED] - if (OTP1[i] == "8"): null

2022-02-15 10:02:02 - [TEST_STEP][PASSED] - if (OTP1[i] == "9"): null

2022-02-15 10:02:02 - [TEST_STEP][PASSED] - delay(3): Delayed 3 second(s)

2022-02-15 10:02:05 - [MESSAGE][PASSED] - Delayed 3 second(s)

2022-02-15 10:02:05 - [TEST_STEP][PASSED] - tap(findTestObject("Main/mainTACTickBtn"), 0): Tapped on element 'Object Repository/Main/mainTACTickBtn'

2022-02-15 10:02:05 - [MESSAGE][WARNING] - Timeout '0' is invalid. Using default page load timeout: '20'

2022-02-15 10:02:06 - [MESSAGE][PASSED] - Tapped on element 'Object Repository/Main/mainTACTickBtn'

2022-02-15 10:02:06 - [TEST_STEP][PASSED] - delay(5): Delayed 5 second(s)

2022-02-15 10:02:11 - [MESSAGE][PASSED] - Delayed 5 second(s)

2022-02-15 10:02:11 - [TEST_STEP][PASSED] - Trasnferstatus1 = getText(findTestObject("Main/mainTransactionStatusMessageTxt"), 10): Text of element 'Object Repository/Main/mainTransactionStatusMessageTxt' is: 'Transfer successful'

2022-02-15 10:02:13 - [MESSAGE][PASSED] - Text of element 'Object Repository/Main/mainTransactionStatusMessageTxt' is: 'Transfer successful'

2022-02-15 10:02:13 - [TEST_STEP][PASSED] - println("Transaction Status" + Trasnferstatus1): null

2022-02-15 10:02:13 - [TEST_STEP][PASSED] - delay(5): Delayed 5 second(s)

2022-02-15 10:02:18 - [MESSAGE][PASSED] - Delayed 5 second(s)

2022-02-15 10:02:18 - [TEST_STEP][PASSED] - verifyElementVisible(findTestObject("Main/mainDoneBtn"), 0): Element 'Object Repository/Main/mainDoneBtn' is visible

2022-02-15 10:02:18 - [MESSAGE][WARNING] - Timeout '0' is invalid. Using default page load timeout: '20'

2022-02-15 10:02:18 - [MESSAGE][PASSED] - Element 'Object Repository/Main/mainDoneBtn' is visible

2022-02-15 10:02:18 - [TEST_STEP][PASSED] - tap(findTestObject("Main/mainDoneBtn"), 0): Tapped on element 'Object Repository/Main/mainDoneBtn'

2022-02-15 10:02:18 - [MESSAGE][WARNING] - Timeout '0' is invalid. Using default page load timeout: '20'

2022-02-15 10:02:18 - [MESSAGE][PASSED] - Tapped on element 'Object Repository/Main/mainDoneBtn'

2022-02-15 10:02:18 - [TEST_STEP][PASSED] - delay(3): Delayed 3 second(s)

2022-02-15 10:02:21 - [MESSAGE][PASSED] - Delayed 3 second(s)]]></system-out>
         <system-err><![CDATA[]]></system-err>
      </testcase>
      <testcase name="Test Cases/DuitNow/duitNow_recurringTransferTransaction" time="183.286" classname="Test Cases/DuitNow/duitNow_recurringTransferTransaction" status="PASSED">
         <system-out><![CDATA[2022-02-15 10:02:21 - [TEST_CASE][PASSED] - Test Cases/DuitNow/duitNow_recurringTransferTransaction: Test Cases/DuitNow/duitNow_recurringTransferTransaction

2022-02-15 10:02:22 - [TEST_STEP][PASSED] - delay(3): Delayed 3 second(s)

2022-02-15 10:02:25 - [MESSAGE][PASSED] - Delayed 3 second(s)

2022-02-15 10:02:25 - [TEST_STEP][PASSED] - tap(findTestObject("Banking/m2uAccountTransferIconSelect"), 0): Tapped on element 'Object Repository/Banking/m2uAccountTransferIconSelect'

2022-02-15 10:02:25 - [MESSAGE][WARNING] - Timeout '0' is invalid. Using default page load timeout: '20'

2022-02-15 10:02:35 - [MESSAGE][PASSED] - Tapped on element 'Object Repository/Banking/m2uAccountTransferIconSelect'

2022-02-15 10:02:35 - [TEST_STEP][PASSED] - tap(findTestObject("Banking/transferDuitNowTopMenuSelect"), 10): Tapped on element 'Object Repository/Banking/transferDuitNowTopMenuSelect'

2022-02-15 10:03:36 - [MESSAGE][PASSED] - Tapped on element 'Object Repository/Banking/transferDuitNowTopMenuSelect'

2022-02-15 10:03:36 - [TEST_STEP][PASSED] - tap(findTestObject("Banking/duitNowOtherIconSelect"), 10): Tapped on element 'Object Repository/Banking/duitNowOtherIconSelect'

2022-02-15 10:04:28 - [MESSAGE][PASSED] - Tapped on element 'Object Repository/Banking/duitNowOtherIconSelect'

2022-02-15 10:04:28 - [TEST_STEP][PASSED] - setText(findTestObject("Banking/duitNowMobileInputField"), "01122334455", 0): Text '01122334455' has been set to element 'Object Repository/Banking/duitNowMobileInputField'

2022-02-15 10:04:28 - [MESSAGE][WARNING] - Timeout '0' is invalid. Using default page load timeout: '20'

2022-02-15 10:04:29 - [MESSAGE][PASSED] - Text '01122334455' has been set to element 'Object Repository/Banking/duitNowMobileInputField'

2022-02-15 10:04:29 - [TEST_STEP][PASSED] - hideKeyboard(): Keyboard is hidden

2022-02-15 10:04:29 - [MESSAGE][PASSED] - Keyboard is hidden

2022-02-15 10:04:29 - [TEST_STEP][PASSED] - tap(findTestObject("Login Onboarding/loginExistingContinueBtn"), 0): Tapped on element 'Object Repository/Login Onboarding/loginExistingContinueBtn'

2022-02-15 10:04:29 - [MESSAGE][WARNING] - Timeout '0' is invalid. Using default page load timeout: '20'

2022-02-15 10:04:30 - [MESSAGE][PASSED] - Tapped on element 'Object Repository/Login Onboarding/loginExistingContinueBtn'

2022-02-15 10:04:30 - [TEST_STEP][PASSED] - tap(findTestObject("Login Onboarding/PIN4"), 0): Tapped on element 'Object Repository/Login Onboarding/PIN4'

2022-02-15 10:04:30 - [MESSAGE][WARNING] - Timeout '0' is invalid. Using default page load timeout: '20'

2022-02-15 10:04:34 - [MESSAGE][PASSED] - Tapped on element 'Object Repository/Login Onboarding/PIN4'

2022-02-15 10:04:34 - [TEST_STEP][PASSED] - delay(2): Delayed 2 second(s)

2022-02-15 10:04:36 - [MESSAGE][PASSED] - Delayed 2 second(s)

2022-02-15 10:04:36 - [TEST_STEP][PASSED] - tap(findTestObject("Login Onboarding/loginPinTickBtn"), 0): Tapped on element 'Object Repository/Login Onboarding/loginPinTickBtn'

2022-02-15 10:04:36 - [MESSAGE][WARNING] - Timeout '0' is invalid. Using default page load timeout: '20'

2022-02-15 10:04:36 - [MESSAGE][PASSED] - Tapped on element 'Object Repository/Login Onboarding/loginPinTickBtn'

2022-02-15 10:04:36 - [TEST_STEP][PASSED] - setText(findTestObject("Banking/duitNowReferenceInputField"), "DuitTransferTranser", 0): Text 'DuitTransferTranser' has been set to element 'Object Repository/Banking/duitNowReferenceInputField'

2022-02-15 10:04:36 - [MESSAGE][WARNING] - Timeout '0' is invalid. Using default page load timeout: '20'

2022-02-15 10:04:38 - [MESSAGE][PASSED] - Text 'DuitTransferTranser' has been set to element 'Object Repository/Banking/duitNowReferenceInputField'

2022-02-15 10:04:38 - [TEST_STEP][PASSED] - hideKeyboard(): Keyboard is hidden

2022-02-15 10:04:39 - [MESSAGE][PASSED] - Keyboard is hidden

2022-02-15 10:04:39 - [TEST_STEP][PASSED] - tap(findTestObject("Login Onboarding/loginExistingContinueBtn"), 0): Tapped on element 'Object Repository/Login Onboarding/loginExistingContinueBtn'

2022-02-15 10:04:39 - [MESSAGE][WARNING] - Timeout '0' is invalid. Using default page load timeout: '20'

2022-02-15 10:04:40 - [MESSAGE][PASSED] - Tapped on element 'Object Repository/Login Onboarding/loginExistingContinueBtn'

2022-02-15 10:04:40 - [TEST_STEP][PASSED] - tap(findTestObject("Banking/duitNowSummaryOneOffTxt"), 0): Tapped on element 'Object Repository/Banking/duitNowSummaryOneOffTxt'

2022-02-15 10:04:40 - [MESSAGE][WARNING] - Timeout '0' is invalid. Using default page load timeout: '20'

2022-02-15 10:04:43 - [MESSAGE][PASSED] - Tapped on element 'Object Repository/Banking/duitNowSummaryOneOffTxt'

2022-02-15 10:04:43 - [TEST_STEP][PASSED] - tap(findTestObject("Banking/duitNowRecurringDropdownSelection"), 0): Tapped on element 'Object Repository/Banking/duitNowRecurringDropdownSelection'

2022-02-15 10:04:43 - [MESSAGE][WARNING] - Timeout '0' is invalid. Using default page load timeout: '20'

2022-02-15 10:04:44 - [MESSAGE][PASSED] - Tapped on element 'Object Repository/Banking/duitNowRecurringDropdownSelection'

2022-02-15 10:04:44 - [TEST_STEP][PASSED] - tap(findTestObject("Main/mainCalenderPickerDoneBtn"), 0): Tapped on element 'Object Repository/Main/mainCalenderPickerDoneBtn'

2022-02-15 10:04:44 - [MESSAGE][WARNING] - Timeout '0' is invalid. Using default page load timeout: '20'

2022-02-15 10:04:45 - [MESSAGE][PASSED] - Tapped on element 'Object Repository/Main/mainCalenderPickerDoneBtn'

2022-02-15 10:04:45 - [TEST_STEP][PASSED] - delay(2): Delayed 2 second(s)

2022-02-15 10:04:47 - [MESSAGE][PASSED] - Delayed 2 second(s)

2022-02-15 10:04:47 - [TEST_STEP][PASSED] - tap(findTestObject("Main/mainTransferNowBtn"), 0): Tapped on element 'Object Repository/Main/mainTransferNowBtn'

2022-02-15 10:04:47 - [MESSAGE][WARNING] - Timeout '0' is invalid. Using default page load timeout: '20'

2022-02-15 10:04:48 - [MESSAGE][PASSED] - Tapped on element 'Object Repository/Main/mainTransferNowBtn'

2022-02-15 10:04:48 - [TEST_STEP][PASSED] - delay(2): Delayed 2 second(s)

2022-02-15 10:04:50 - [MESSAGE][PASSED] - Delayed 2 second(s)

2022-02-15 10:04:50 - [TEST_STEP][PASSED] - if (verifyElementVisible(findTestObject("Main/mainTACNumberTxt"), 0, OPTIONAL)): null

2022-02-15 10:04:50 - [MESSAGE][WARNING] - Timeout '0' is invalid. Using default page load timeout: '20'

2022-02-15 10:04:52 - [MESSAGE][PASSED] - Element 'Object Repository/Main/mainTACNumberTxt' is visible

2022-02-15 10:04:52 - [TEST_STEP][PASSED] - OTP1 = getText(findTestObject("Transfer/duitNowTACNumber"), 0): Text of element 'Object Repository/Transfer/duitNowTACNumber' is: 'Your TAC no. is 699264'

2022-02-15 10:04:52 - [MESSAGE][WARNING] - Timeout '0' is invalid. Using default page load timeout: '20'

2022-02-15 10:04:53 - [MESSAGE][PASSED] - Text of element 'Object Repository/Transfer/duitNowTACNumber' is: 'Your TAC no. is 699264'

2022-02-15 10:04:53 - [TEST_STEP][PASSED] - for ([i = 16, i <= 21, (i++)]): null

2022-02-15 10:04:53 - [TEST_STEP][PASSED] - if (OTP1[i] == "0"): null

2022-02-15 10:04:53 - [TEST_STEP][PASSED] - if (OTP1[i] == "1"): null

2022-02-15 10:04:53 - [TEST_STEP][PASSED] - if (OTP1[i] == "2"): null

2022-02-15 10:04:53 - [TEST_STEP][PASSED] - if (OTP1[i] == "3"): null

2022-02-15 10:04:53 - [TEST_STEP][PASSED] - if (OTP1[i] == "4"): null

2022-02-15 10:04:53 - [TEST_STEP][PASSED] - if (OTP1[i] == "5"): null

2022-02-15 10:04:53 - [TEST_STEP][PASSED] - if (OTP1[i] == "6"): Tapped on element 'Object Repository/Login Onboarding/PIN6'

2022-02-15 10:04:53 - [TEST_STEP][PASSED] - tap(findTestObject("Login Onboarding/PIN6"), 0): Tapped on element 'Object Repository/Login Onboarding/PIN6'

2022-02-15 10:04:53 - [MESSAGE][WARNING] - Timeout '0' is invalid. Using default page load timeout: '20'

2022-02-15 10:04:55 - [MESSAGE][PASSED] - Tapped on element 'Object Repository/Login Onboarding/PIN6'

2022-02-15 10:04:55 - [TEST_STEP][PASSED] - if (OTP1[i] == "7"): null

2022-02-15 10:04:55 - [TEST_STEP][PASSED] - if (OTP1[i] == "8"): null

2022-02-15 10:04:55 - [TEST_STEP][PASSED] - if (OTP1[i] == "9"): null

2022-02-15 10:04:55 - [TEST_STEP][PASSED] - if (OTP1[i] == "0"): null

2022-02-15 10:04:55 - [TEST_STEP][PASSED] - if (OTP1[i] == "1"): null

2022-02-15 10:04:55 - [TEST_STEP][PASSED] - if (OTP1[i] == "2"): null

2022-02-15 10:04:55 - [TEST_STEP][PASSED] - if (OTP1[i] == "3"): null

2022-02-15 10:04:55 - [TEST_STEP][PASSED] - if (OTP1[i] == "4"): null

2022-02-15 10:04:55 - [TEST_STEP][PASSED] - if (OTP1[i] == "5"): null

2022-02-15 10:04:55 - [TEST_STEP][PASSED] - if (OTP1[i] == "6"): null

2022-02-15 10:04:55 - [TEST_STEP][PASSED] - if (OTP1[i] == "7"): null

2022-02-15 10:04:55 - [TEST_STEP][PASSED] - if (OTP1[i] == "8"): null

2022-02-15 10:04:55 - [TEST_STEP][PASSED] - if (OTP1[i] == "9"): Tapped on element 'Object Repository/Login Onboarding/PIN9'

2022-02-15 10:04:55 - [TEST_STEP][PASSED] - tap(findTestObject("Login Onboarding/PIN9"), 0): Tapped on element 'Object Repository/Login Onboarding/PIN9'

2022-02-15 10:04:55 - [MESSAGE][WARNING] - Timeout '0' is invalid. Using default page load timeout: '20'

2022-02-15 10:04:56 - [MESSAGE][PASSED] - Tapped on element 'Object Repository/Login Onboarding/PIN9'

2022-02-15 10:04:56 - [TEST_STEP][PASSED] - if (OTP1[i] == "0"): null

2022-02-15 10:04:56 - [TEST_STEP][PASSED] - if (OTP1[i] == "1"): null

2022-02-15 10:04:56 - [TEST_STEP][PASSED] - if (OTP1[i] == "2"): null

2022-02-15 10:04:56 - [TEST_STEP][PASSED] - if (OTP1[i] == "3"): null

2022-02-15 10:04:56 - [TEST_STEP][PASSED] - if (OTP1[i] == "4"): null

2022-02-15 10:04:56 - [TEST_STEP][PASSED] - if (OTP1[i] == "5"): null

2022-02-15 10:04:56 - [TEST_STEP][PASSED] - if (OTP1[i] == "6"): null

2022-02-15 10:04:56 - [TEST_STEP][PASSED] - if (OTP1[i] == "7"): null

2022-02-15 10:04:56 - [TEST_STEP][PASSED] - if (OTP1[i] == "8"): null

2022-02-15 10:04:56 - [TEST_STEP][PASSED] - if (OTP1[i] == "9"): Tapped on element 'Object Repository/Login Onboarding/PIN9'

2022-02-15 10:04:56 - [TEST_STEP][PASSED] - tap(findTestObject("Login Onboarding/PIN9"), 0): Tapped on element 'Object Repository/Login Onboarding/PIN9'

2022-02-15 10:04:56 - [MESSAGE][WARNING] - Timeout '0' is invalid. Using default page load timeout: '20'

2022-02-15 10:04:59 - [MESSAGE][PASSED] - Tapped on element 'Object Repository/Login Onboarding/PIN9'

2022-02-15 10:04:59 - [TEST_STEP][PASSED] - if (OTP1[i] == "0"): null

2022-02-15 10:04:59 - [TEST_STEP][PASSED] - if (OTP1[i] == "1"): null

2022-02-15 10:04:59 - [TEST_STEP][PASSED] - if (OTP1[i] == "2"): Tapped on element 'Object Repository/Login Onboarding/PIN2'

2022-02-15 10:04:59 - [TEST_STEP][PASSED] - tap(findTestObject("Login Onboarding/PIN2"), 0): Tapped on element 'Object Repository/Login Onboarding/PIN2'

2022-02-15 10:04:59 - [MESSAGE][WARNING] - Timeout '0' is invalid. Using default page load timeout: '20'

2022-02-15 10:05:03 - [MESSAGE][PASSED] - Tapped on element 'Object Repository/Login Onboarding/PIN2'

2022-02-15 10:05:03 - [TEST_STEP][PASSED] - if (OTP1[i] == "3"): null

2022-02-15 10:05:03 - [TEST_STEP][PASSED] - if (OTP1[i] == "4"): null

2022-02-15 10:05:03 - [TEST_STEP][PASSED] - if (OTP1[i] == "5"): null

2022-02-15 10:05:03 - [TEST_STEP][PASSED] - if (OTP1[i] == "6"): null

2022-02-15 10:05:03 - [TEST_STEP][PASSED] - if (OTP1[i] == "7"): null

2022-02-15 10:05:03 - [TEST_STEP][PASSED] - if (OTP1[i] == "8"): null

2022-02-15 10:05:03 - [TEST_STEP][PASSED] - if (OTP1[i] == "9"): null

2022-02-15 10:05:03 - [TEST_STEP][PASSED] - if (OTP1[i] == "0"): null

2022-02-15 10:05:03 - [TEST_STEP][PASSED] - if (OTP1[i] == "1"): null

2022-02-15 10:05:03 - [TEST_STEP][PASSED] - if (OTP1[i] == "2"): null

2022-02-15 10:05:03 - [TEST_STEP][PASSED] - if (OTP1[i] == "3"): null

2022-02-15 10:05:03 - [TEST_STEP][PASSED] - if (OTP1[i] == "4"): null

2022-02-15 10:05:03 - [TEST_STEP][PASSED] - if (OTP1[i] == "5"): null

2022-02-15 10:05:03 - [TEST_STEP][PASSED] - if (OTP1[i] == "6"): Tapped on element 'Object Repository/Login Onboarding/PIN6'

2022-02-15 10:05:03 - [TEST_STEP][PASSED] - tap(findTestObject("Login Onboarding/PIN6"), 0): Tapped on element 'Object Repository/Login Onboarding/PIN6'

2022-02-15 10:05:03 - [MESSAGE][WARNING] - Timeout '0' is invalid. Using default page load timeout: '20'

2022-02-15 10:05:05 - [MESSAGE][PASSED] - Tapped on element 'Object Repository/Login Onboarding/PIN6'

2022-02-15 10:05:05 - [TEST_STEP][PASSED] - if (OTP1[i] == "7"): null

2022-02-15 10:05:05 - [TEST_STEP][PASSED] - if (OTP1[i] == "8"): null

2022-02-15 10:05:05 - [TEST_STEP][PASSED] - if (OTP1[i] == "9"): null

2022-02-15 10:05:05 - [TEST_STEP][PASSED] - if (OTP1[i] == "0"): null

2022-02-15 10:05:05 - [TEST_STEP][PASSED] - if (OTP1[i] == "1"): null

2022-02-15 10:05:05 - [TEST_STEP][PASSED] - if (OTP1[i] == "2"): null

2022-02-15 10:05:05 - [TEST_STEP][PASSED] - if (OTP1[i] == "3"): null

2022-02-15 10:05:05 - [TEST_STEP][PASSED] - if (OTP1[i] == "4"): Tapped on element 'Object Repository/Login Onboarding/PIN4'

2022-02-15 10:05:05 - [TEST_STEP][PASSED] - tap(findTestObject("Login Onboarding/PIN4"), 0): Tapped on element 'Object Repository/Login Onboarding/PIN4'

2022-02-15 10:05:05 - [MESSAGE][WARNING] - Timeout '0' is invalid. Using default page load timeout: '20'

2022-02-15 10:05:07 - [MESSAGE][PASSED] - Tapped on element 'Object Repository/Login Onboarding/PIN4'

2022-02-15 10:05:07 - [TEST_STEP][PASSED] - if (OTP1[i] == "5"): null

2022-02-15 10:05:07 - [TEST_STEP][PASSED] - if (OTP1[i] == "6"): null

2022-02-15 10:05:07 - [TEST_STEP][PASSED] - if (OTP1[i] == "7"): null

2022-02-15 10:05:07 - [TEST_STEP][PASSED] - if (OTP1[i] == "8"): null

2022-02-15 10:05:07 - [TEST_STEP][PASSED] - if (OTP1[i] == "9"): null

2022-02-15 10:05:07 - [TEST_STEP][PASSED] - delay(3): Delayed 3 second(s)

2022-02-15 10:05:10 - [MESSAGE][PASSED] - Delayed 3 second(s)

2022-02-15 10:05:10 - [TEST_STEP][PASSED] - tap(findTestObject("Main/mainTACTickBtn"), 0): Tapped on element 'Object Repository/Main/mainTACTickBtn'

2022-02-15 10:05:10 - [MESSAGE][WARNING] - Timeout '0' is invalid. Using default page load timeout: '20'

2022-02-15 10:05:11 - [MESSAGE][PASSED] - Tapped on element 'Object Repository/Main/mainTACTickBtn'

2022-02-15 10:05:11 - [TEST_STEP][PASSED] - delay(5): Delayed 5 second(s)

2022-02-15 10:05:16 - [MESSAGE][PASSED] - Delayed 5 second(s)

2022-02-15 10:05:16 - [TEST_STEP][PASSED] - delay(3): Delayed 3 second(s)

2022-02-15 10:05:19 - [MESSAGE][PASSED] - Delayed 3 second(s)

2022-02-15 10:05:19 - [TEST_STEP][PASSED] - verifyElementVisible(findTestObject("Main/mainDoneBtn"), 0): Element 'Object Repository/Main/mainDoneBtn' is visible

2022-02-15 10:05:19 - [MESSAGE][WARNING] - Timeout '0' is invalid. Using default page load timeout: '20'

2022-02-15 10:05:19 - [MESSAGE][PASSED] - Element 'Object Repository/Main/mainDoneBtn' is visible

2022-02-15 10:05:19 - [TEST_STEP][PASSED] - tap(findTestObject("Main/mainDoneBtn"), 0): Tapped on element 'Object Repository/Main/mainDoneBtn'

2022-02-15 10:05:19 - [MESSAGE][WARNING] - Timeout '0' is invalid. Using default page load timeout: '20'

2022-02-15 10:05:20 - [MESSAGE][PASSED] - Tapped on element 'Object Repository/Main/mainDoneBtn'

2022-02-15 10:05:20 - [TEST_STEP][PASSED] - delay(5): Delayed 5 second(s)

2022-02-15 10:05:25 - [MESSAGE][PASSED] - Delayed 5 second(s)]]></system-out>
         <system-err><![CDATA[]]></system-err>
      </testcase>
      <testcase name="Test Cases/DuitNow/duitNow_addFavoriteTransaction" time="199.963" classname="Test Cases/DuitNow/duitNow_addFavoriteTransaction" status="PASSED">
         <system-out><![CDATA[2022-02-15 10:05:25 - [TEST_CASE][PASSED] - Test Cases/DuitNow/duitNow_addFavoriteTransaction: Test Cases/DuitNow/duitNow_addFavoriteTransaction

2022-02-15 10:05:25 - [TEST_STEP][PASSED] - delay(3): Delayed 3 second(s)

2022-02-15 10:05:28 - [MESSAGE][PASSED] - Delayed 3 second(s)

2022-02-15 10:05:28 - [TEST_STEP][PASSED] - tap(findTestObject("Banking/m2uAccountTransferIconSelect"), 0): Tapped on element 'Object Repository/Banking/m2uAccountTransferIconSelect'

2022-02-15 10:05:28 - [MESSAGE][WARNING] - Timeout '0' is invalid. Using default page load timeout: '20'

2022-02-15 10:05:39 - [MESSAGE][PASSED] - Tapped on element 'Object Repository/Banking/m2uAccountTransferIconSelect'

2022-02-15 10:05:39 - [TEST_STEP][PASSED] - tap(findTestObject("Banking/transferDuitNowTopMenuSelect"), 10): Tapped on element 'Object Repository/Banking/transferDuitNowTopMenuSelect'

2022-02-15 10:06:39 - [MESSAGE][PASSED] - Tapped on element 'Object Repository/Banking/transferDuitNowTopMenuSelect'

2022-02-15 10:06:39 - [TEST_STEP][PASSED] - tap(findTestObject("Banking/duitNowOtherIconSelect"), 10): Tapped on element 'Object Repository/Banking/duitNowOtherIconSelect'

2022-02-15 10:07:32 - [MESSAGE][PASSED] - Tapped on element 'Object Repository/Banking/duitNowOtherIconSelect'

2022-02-15 10:07:32 - [TEST_STEP][PASSED] - tap(findTestObject("Banking/duitNowIDTypeDropdownSelect"), 0): Tapped on element 'Object Repository/Banking/duitNowIDTypeDropdownSelect'

2022-02-15 10:07:32 - [MESSAGE][WARNING] - Timeout '0' is invalid. Using default page load timeout: '20'

2022-02-15 10:07:32 - [MESSAGE][PASSED] - Tapped on element 'Object Repository/Banking/duitNowIDTypeDropdownSelect'

2022-02-15 10:07:32 - [TEST_STEP][PASSED] - scrollToText("Business Registration Number", STOP_ON_FAILURE): Scrolling to text 'Business Registration Number' successfully

2022-02-15 10:07:36 - [MESSAGE][PASSED] - Scrolling to text 'Business Registration Number' successfully

2022-02-15 10:07:36 - [TEST_STEP][PASSED] - tap(findTestObject("Banking/duitNowBusinessRegIDTypeDropdown"), 0): Tapped on element 'Object Repository/Banking/duitNowBusinessRegIDTypeDropdown'

2022-02-15 10:07:36 - [MESSAGE][WARNING] - Timeout '0' is invalid. Using default page load timeout: '20'

2022-02-15 10:07:36 - [MESSAGE][PASSED] - Tapped on element 'Object Repository/Banking/duitNowBusinessRegIDTypeDropdown'

2022-02-15 10:07:36 - [TEST_STEP][PASSED] - tap(findTestObject("Main/mainCalenderPickerDoneBtn"), 0): Tapped on element 'Object Repository/Main/mainCalenderPickerDoneBtn'

2022-02-15 10:07:36 - [MESSAGE][WARNING] - Timeout '0' is invalid. Using default page load timeout: '20'

2022-02-15 10:07:37 - [MESSAGE][PASSED] - Tapped on element 'Object Repository/Main/mainCalenderPickerDoneBtn'

2022-02-15 10:07:37 - [TEST_STEP][PASSED] - setText(findTestObject("Banking/duitNowBusinessRegNoInputField"), "aa9876543a", 0): Text 'aa9876543a' has been set to element 'Object Repository/Banking/duitNowBusinessRegNoInputField'

2022-02-15 10:07:37 - [MESSAGE][WARNING] - Timeout '0' is invalid. Using default page load timeout: '20'

2022-02-15 10:07:39 - [MESSAGE][PASSED] - Text 'aa9876543a' has been set to element 'Object Repository/Banking/duitNowBusinessRegNoInputField'

2022-02-15 10:07:39 - [TEST_STEP][PASSED] - hideKeyboard(): Keyboard is hidden

2022-02-15 10:07:40 - [MESSAGE][PASSED] - Keyboard is hidden

2022-02-15 10:07:40 - [TEST_STEP][PASSED] - tap(findTestObject("Login Onboarding/loginExistingContinueBtn"), 0): Tapped on element 'Object Repository/Login Onboarding/loginExistingContinueBtn'

2022-02-15 10:07:40 - [MESSAGE][WARNING] - Timeout '0' is invalid. Using default page load timeout: '20'

2022-02-15 10:07:40 - [MESSAGE][PASSED] - Tapped on element 'Object Repository/Login Onboarding/loginExistingContinueBtn'

2022-02-15 10:07:40 - [TEST_STEP][PASSED] - tap(findTestObject("Login Onboarding/PIN4"), 0): Tapped on element 'Object Repository/Login Onboarding/PIN4'

2022-02-15 10:07:40 - [MESSAGE][WARNING] - Timeout '0' is invalid. Using default page load timeout: '20'

2022-02-15 10:07:43 - [MESSAGE][PASSED] - Tapped on element 'Object Repository/Login Onboarding/PIN4'

2022-02-15 10:07:43 - [TEST_STEP][PASSED] - delay(2): Delayed 2 second(s)

2022-02-15 10:07:45 - [MESSAGE][PASSED] - Delayed 2 second(s)

2022-02-15 10:07:45 - [TEST_STEP][PASSED] - tap(findTestObject("Login Onboarding/loginPinTickBtn"), 0): Tapped on element 'Object Repository/Login Onboarding/loginPinTickBtn'

2022-02-15 10:07:45 - [MESSAGE][WARNING] - Timeout '0' is invalid. Using default page load timeout: '20'

2022-02-15 10:07:46 - [MESSAGE][PASSED] - Tapped on element 'Object Repository/Login Onboarding/loginPinTickBtn'

2022-02-15 10:07:46 - [TEST_STEP][PASSED] - setText(findTestObject("Banking/duitNowReferenceInputField"), "Duit 0n off Transer", 0): Text 'Duit 0n off Transer' has been set to element 'Object Repository/Banking/duitNowReferenceInputField'

2022-02-15 10:07:46 - [MESSAGE][WARNING] - Timeout '0' is invalid. Using default page load timeout: '20'

2022-02-15 10:07:48 - [MESSAGE][PASSED] - Text 'Duit 0n off Transer' has been set to element 'Object Repository/Banking/duitNowReferenceInputField'

2022-02-15 10:07:48 - [TEST_STEP][PASSED] - hideKeyboard(): Keyboard is hidden

2022-02-15 10:07:49 - [MESSAGE][PASSED] - Keyboard is hidden

2022-02-15 10:07:49 - [TEST_STEP][PASSED] - tap(findTestObject("Login Onboarding/loginExistingContinueBtn"), 0): Tapped on element 'Object Repository/Login Onboarding/loginExistingContinueBtn'

2022-02-15 10:07:49 - [MESSAGE][WARNING] - Timeout '0' is invalid. Using default page load timeout: '20'

2022-02-15 10:07:50 - [MESSAGE][PASSED] - Tapped on element 'Object Repository/Login Onboarding/loginExistingContinueBtn'

2022-02-15 10:07:50 - [TEST_STEP][PASSED] - tap(findTestObject("Banking/duitNowSummaryAmountTxt"), 0): Tapped on element 'Object Repository/Banking/duitNowSummaryAmountTxt'

2022-02-15 10:07:50 - [MESSAGE][WARNING] - Timeout '0' is invalid. Using default page load timeout: '20'

2022-02-15 10:07:52 - [MESSAGE][PASSED] - Tapped on element 'Object Repository/Banking/duitNowSummaryAmountTxt'

2022-02-15 10:07:52 - [TEST_STEP][PASSED] - tap(findTestObject("Login Onboarding/PIN1"), 0): Tapped on element 'Object Repository/Login Onboarding/PIN1'

2022-02-15 10:07:52 - [MESSAGE][WARNING] - Timeout '0' is invalid. Using default page load timeout: '20'

2022-02-15 10:07:54 - [MESSAGE][PASSED] - Tapped on element 'Object Repository/Login Onboarding/PIN1'

2022-02-15 10:07:54 - [TEST_STEP][PASSED] - tap(findTestObject("Login Onboarding/loginPinTickBtn"), 0): Tapped on element 'Object Repository/Login Onboarding/loginPinTickBtn'

2022-02-15 10:07:54 - [MESSAGE][WARNING] - Timeout '0' is invalid. Using default page load timeout: '20'

2022-02-15 10:07:55 - [MESSAGE][PASSED] - Tapped on element 'Object Repository/Login Onboarding/loginPinTickBtn'

2022-02-15 10:07:55 - [TEST_STEP][PASSED] - delay(2): Delayed 2 second(s)

2022-02-15 10:07:57 - [MESSAGE][PASSED] - Delayed 2 second(s)

2022-02-15 10:07:57 - [TEST_STEP][PASSED] - tap(findTestObject("Main/mainTransferNowBtn"), 0): Tapped on element 'Object Repository/Main/mainTransferNowBtn'

2022-02-15 10:07:57 - [MESSAGE][WARNING] - Timeout '0' is invalid. Using default page load timeout: '20'

2022-02-15 10:07:57 - [MESSAGE][PASSED] - Tapped on element 'Object Repository/Main/mainTransferNowBtn'

2022-02-15 10:07:57 - [TEST_STEP][PASSED] - delay(2): Delayed 2 second(s)

2022-02-15 10:07:59 - [MESSAGE][PASSED] - Delayed 2 second(s)

2022-02-15 10:07:59 - [TEST_STEP][PASSED] - if (verifyElementVisible(findTestObject("Main/mainTACNumberTxt"), 10, OPTIONAL)): null

2022-02-15 10:08:02 - [MESSAGE][PASSED] - Element 'Object Repository/Main/mainTACNumberTxt' is visible

2022-02-15 10:08:02 - [TEST_STEP][PASSED] - OTP1 = getText(findTestObject("Transfer/duitNowTACNumber"), 0): Text of element 'Object Repository/Transfer/duitNowTACNumber' is: 'Your TAC no. is 035820'

2022-02-15 10:08:02 - [MESSAGE][WARNING] - Timeout '0' is invalid. Using default page load timeout: '20'

2022-02-15 10:08:02 - [MESSAGE][PASSED] - Text of element 'Object Repository/Transfer/duitNowTACNumber' is: 'Your TAC no. is 035820'

2022-02-15 10:08:02 - [TEST_STEP][PASSED] - for ([i = 16, i <= 21, (i++)]): null

2022-02-15 10:08:02 - [TEST_STEP][PASSED] - if (OTP1[i] == "0"): Tapped on element 'Object Repository/Login Onboarding/PIN0'

2022-02-15 10:08:02 - [TEST_STEP][PASSED] - tap(findTestObject("Login Onboarding/PIN0"), 0): Tapped on element 'Object Repository/Login Onboarding/PIN0'

2022-02-15 10:08:02 - [MESSAGE][WARNING] - Timeout '0' is invalid. Using default page load timeout: '20'

2022-02-15 10:08:03 - [MESSAGE][PASSED] - Tapped on element 'Object Repository/Login Onboarding/PIN0'

2022-02-15 10:08:03 - [TEST_STEP][PASSED] - if (OTP1[i] == "1"): null

2022-02-15 10:08:03 - [TEST_STEP][PASSED] - if (OTP1[i] == "2"): null

2022-02-15 10:08:03 - [TEST_STEP][PASSED] - if (OTP1[i] == "3"): null

2022-02-15 10:08:03 - [TEST_STEP][PASSED] - if (OTP1[i] == "4"): null

2022-02-15 10:08:03 - [TEST_STEP][PASSED] - if (OTP1[i] == "5"): null

2022-02-15 10:08:03 - [TEST_STEP][PASSED] - if (OTP1[i] == "6"): null

2022-02-15 10:08:03 - [TEST_STEP][PASSED] - if (OTP1[i] == "7"): null

2022-02-15 10:08:03 - [TEST_STEP][PASSED] - if (OTP1[i] == "8"): null

2022-02-15 10:08:03 - [TEST_STEP][PASSED] - if (OTP1[i] == "9"): null

2022-02-15 10:08:03 - [TEST_STEP][PASSED] - if (OTP1[i] == "0"): null

2022-02-15 10:08:03 - [TEST_STEP][PASSED] - if (OTP1[i] == "1"): null

2022-02-15 10:08:03 - [TEST_STEP][PASSED] - if (OTP1[i] == "2"): null

2022-02-15 10:08:03 - [TEST_STEP][PASSED] - if (OTP1[i] == "3"): Tapped on element 'Object Repository/Login Onboarding/PIN3'

2022-02-15 10:08:03 - [TEST_STEP][PASSED] - tap(findTestObject("Login Onboarding/PIN3"), 0): Tapped on element 'Object Repository/Login Onboarding/PIN3'

2022-02-15 10:08:03 - [MESSAGE][WARNING] - Timeout '0' is invalid. Using default page load timeout: '20'

2022-02-15 10:08:05 - [MESSAGE][PASSED] - Tapped on element 'Object Repository/Login Onboarding/PIN3'

2022-02-15 10:08:05 - [TEST_STEP][PASSED] - if (OTP1[i] == "4"): null

2022-02-15 10:08:05 - [TEST_STEP][PASSED] - if (OTP1[i] == "5"): null

2022-02-15 10:08:05 - [TEST_STEP][PASSED] - if (OTP1[i] == "6"): null

2022-02-15 10:08:05 - [TEST_STEP][PASSED] - if (OTP1[i] == "7"): null

2022-02-15 10:08:05 - [TEST_STEP][PASSED] - if (OTP1[i] == "8"): null

2022-02-15 10:08:05 - [TEST_STEP][PASSED] - if (OTP1[i] == "9"): null

2022-02-15 10:08:05 - [TEST_STEP][PASSED] - if (OTP1[i] == "0"): null

2022-02-15 10:08:05 - [TEST_STEP][PASSED] - if (OTP1[i] == "1"): null

2022-02-15 10:08:05 - [TEST_STEP][PASSED] - if (OTP1[i] == "2"): null

2022-02-15 10:08:05 - [TEST_STEP][PASSED] - if (OTP1[i] == "3"): null

2022-02-15 10:08:05 - [TEST_STEP][PASSED] - if (OTP1[i] == "4"): null

2022-02-15 10:08:05 - [TEST_STEP][PASSED] - if (OTP1[i] == "5"): Tapped on element 'Object Repository/Login Onboarding/PIN5'

2022-02-15 10:08:05 - [TEST_STEP][PASSED] - tap(findTestObject("Login Onboarding/PIN5"), 0): Tapped on element 'Object Repository/Login Onboarding/PIN5'

2022-02-15 10:08:05 - [MESSAGE][WARNING] - Timeout '0' is invalid. Using default page load timeout: '20'

2022-02-15 10:08:08 - [MESSAGE][PASSED] - Tapped on element 'Object Repository/Login Onboarding/PIN5'

2022-02-15 10:08:08 - [TEST_STEP][PASSED] - if (OTP1[i] == "6"): null

2022-02-15 10:08:08 - [TEST_STEP][PASSED] - if (OTP1[i] == "7"): null

2022-02-15 10:08:08 - [TEST_STEP][PASSED] - if (OTP1[i] == "8"): null

2022-02-15 10:08:08 - [TEST_STEP][PASSED] - if (OTP1[i] == "9"): null

2022-02-15 10:08:08 - [TEST_STEP][PASSED] - if (OTP1[i] == "0"): null

2022-02-15 10:08:08 - [TEST_STEP][PASSED] - if (OTP1[i] == "1"): null

2022-02-15 10:08:08 - [TEST_STEP][PASSED] - if (OTP1[i] == "2"): null

2022-02-15 10:08:08 - [TEST_STEP][PASSED] - if (OTP1[i] == "3"): null

2022-02-15 10:08:08 - [TEST_STEP][PASSED] - if (OTP1[i] == "4"): null

2022-02-15 10:08:08 - [TEST_STEP][PASSED] - if (OTP1[i] == "5"): null

2022-02-15 10:08:08 - [TEST_STEP][PASSED] - if (OTP1[i] == "6"): null

2022-02-15 10:08:08 - [TEST_STEP][PASSED] - if (OTP1[i] == "7"): null

2022-02-15 10:08:08 - [TEST_STEP][PASSED] - if (OTP1[i] == "8"): Tapped on element 'Object Repository/Login Onboarding/PIN8'

2022-02-15 10:08:08 - [TEST_STEP][PASSED] - tap(findTestObject("Login Onboarding/PIN8"), 0): Tapped on element 'Object Repository/Login Onboarding/PIN8'

2022-02-15 10:08:08 - [MESSAGE][WARNING] - Timeout '0' is invalid. Using default page load timeout: '20'

2022-02-15 10:08:10 - [MESSAGE][PASSED] - Tapped on element 'Object Repository/Login Onboarding/PIN8'

2022-02-15 10:08:10 - [TEST_STEP][PASSED] - if (OTP1[i] == "9"): null

2022-02-15 10:08:10 - [TEST_STEP][PASSED] - if (OTP1[i] == "0"): null

2022-02-15 10:08:10 - [TEST_STEP][PASSED] - if (OTP1[i] == "1"): null

2022-02-15 10:08:10 - [TEST_STEP][PASSED] - if (OTP1[i] == "2"): Tapped on element 'Object Repository/Login Onboarding/PIN2'

2022-02-15 10:08:10 - [TEST_STEP][PASSED] - tap(findTestObject("Login Onboarding/PIN2"), 0): Tapped on element 'Object Repository/Login Onboarding/PIN2'

2022-02-15 10:08:10 - [MESSAGE][WARNING] - Timeout '0' is invalid. Using default page load timeout: '20'

2022-02-15 10:08:12 - [MESSAGE][PASSED] - Tapped on element 'Object Repository/Login Onboarding/PIN2'

2022-02-15 10:08:12 - [TEST_STEP][PASSED] - if (OTP1[i] == "3"): null

2022-02-15 10:08:12 - [TEST_STEP][PASSED] - if (OTP1[i] == "4"): null

2022-02-15 10:08:12 - [TEST_STEP][PASSED] - if (OTP1[i] == "5"): null

2022-02-15 10:08:12 - [TEST_STEP][PASSED] - if (OTP1[i] == "6"): null

2022-02-15 10:08:12 - [TEST_STEP][PASSED] - if (OTP1[i] == "7"): null

2022-02-15 10:08:12 - [TEST_STEP][PASSED] - if (OTP1[i] == "8"): null

2022-02-15 10:08:12 - [TEST_STEP][PASSED] - if (OTP1[i] == "9"): null

2022-02-15 10:08:12 - [TEST_STEP][PASSED] - if (OTP1[i] == "0"): Tapped on element 'Object Repository/Login Onboarding/PIN0'

2022-02-15 10:08:12 - [TEST_STEP][PASSED] - tap(findTestObject("Login Onboarding/PIN0"), 0): Tapped on element 'Object Repository/Login Onboarding/PIN0'

2022-02-15 10:08:12 - [MESSAGE][WARNING] - Timeout '0' is invalid. Using default page load timeout: '20'

2022-02-15 10:08:14 - [MESSAGE][PASSED] - Tapped on element 'Object Repository/Login Onboarding/PIN0'

2022-02-15 10:08:14 - [TEST_STEP][PASSED] - if (OTP1[i] == "1"): null

2022-02-15 10:08:14 - [TEST_STEP][PASSED] - if (OTP1[i] == "2"): null

2022-02-15 10:08:14 - [TEST_STEP][PASSED] - if (OTP1[i] == "3"): null

2022-02-15 10:08:14 - [TEST_STEP][PASSED] - if (OTP1[i] == "4"): null

2022-02-15 10:08:14 - [TEST_STEP][PASSED] - if (OTP1[i] == "5"): null

2022-02-15 10:08:14 - [TEST_STEP][PASSED] - if (OTP1[i] == "6"): null

2022-02-15 10:08:14 - [TEST_STEP][PASSED] - if (OTP1[i] == "7"): null

2022-02-15 10:08:14 - [TEST_STEP][PASSED] - if (OTP1[i] == "8"): null

2022-02-15 10:08:14 - [TEST_STEP][PASSED] - if (OTP1[i] == "9"): null

2022-02-15 10:08:14 - [TEST_STEP][PASSED] - delay(3): Delayed 3 second(s)

2022-02-15 10:08:17 - [MESSAGE][PASSED] - Delayed 3 second(s)

2022-02-15 10:08:17 - [TEST_STEP][PASSED] - tap(findTestObject("Main/mainTACTickBtn"), 0): Tapped on element 'Object Repository/Main/mainTACTickBtn'

2022-02-15 10:08:17 - [MESSAGE][WARNING] - Timeout '0' is invalid. Using default page load timeout: '20'

2022-02-15 10:08:18 - [MESSAGE][PASSED] - Tapped on element 'Object Repository/Main/mainTACTickBtn'

2022-02-15 10:08:18 - [TEST_STEP][PASSED] - delay(5): Delayed 5 second(s)

2022-02-15 10:08:23 - [MESSAGE][PASSED] - Delayed 5 second(s)

2022-02-15 10:08:23 - [TEST_STEP][PASSED] - delay(5): Delayed 5 second(s)

2022-02-15 10:08:28 - [MESSAGE][PASSED] - Delayed 5 second(s)

2022-02-15 10:08:28 - [TEST_STEP][PASSED] - Trasnferstatus1 = getText(findTestObject("Main/mainTransactionStatusMessageTxt"), 10): Text of element 'Object Repository/Main/mainTransactionStatusMessageTxt' is: 'Transfer successful'

2022-02-15 10:08:28 - [MESSAGE][PASSED] - Text of element 'Object Repository/Main/mainTransactionStatusMessageTxt' is: 'Transfer successful'

2022-02-15 10:08:28 - [TEST_STEP][PASSED] - println("Transaction Status" + Trasnferstatus1): null

2022-02-15 10:08:28 - [TEST_STEP][PASSED] - delay(2): Delayed 2 second(s)

2022-02-15 10:08:30 - [MESSAGE][PASSED] - Delayed 2 second(s)

2022-02-15 10:08:30 - [TEST_STEP][PASSED] - tap(findTestObject("Main/mainAddToFavBtn"), 0): Tapped on element 'Object Repository/Main/mainAddToFavBtn'

2022-02-15 10:08:30 - [MESSAGE][WARNING] - Timeout '0' is invalid. Using default page load timeout: '20'

2022-02-15 10:08:31 - [MESSAGE][PASSED] - Tapped on element 'Object Repository/Main/mainAddToFavBtn'

2022-02-15 10:08:31 - [TEST_STEP][PASSED] - delay(2): Delayed 2 second(s)

2022-02-15 10:08:33 - [MESSAGE][PASSED] - Delayed 2 second(s)

2022-02-15 10:08:33 - [TEST_STEP][PASSED] - tap(findTestObject("Main/mainAddToFavBtn"), 0): Tapped on element 'Object Repository/Main/mainAddToFavBtn'

2022-02-15 10:08:33 - [MESSAGE][WARNING] - Timeout '0' is invalid. Using default page load timeout: '20'

2022-02-15 10:08:34 - [MESSAGE][PASSED] - Tapped on element 'Object Repository/Main/mainAddToFavBtn'

2022-02-15 10:08:34 - [TEST_STEP][PASSED] - delay(2): Delayed 2 second(s)

2022-02-15 10:08:36 - [MESSAGE][PASSED] - Delayed 2 second(s)

2022-02-15 10:08:36 - [TEST_STEP][PASSED] - tap(findTestObject("Main/mainCloseFavPopUpBtn"), 0): Tapped on element 'Object Repository/Main/mainCloseFavPopUpBtn'

2022-02-15 10:08:36 - [MESSAGE][WARNING] - Timeout '0' is invalid. Using default page load timeout: '20'

2022-02-15 10:08:36 - [MESSAGE][PASSED] - Tapped on element 'Object Repository/Main/mainCloseFavPopUpBtn'

2022-02-15 10:08:36 - [TEST_STEP][PASSED] - delay(3): Delayed 3 second(s)

2022-02-15 10:08:39 - [MESSAGE][PASSED] - Delayed 3 second(s)

2022-02-15 10:08:39 - [TEST_STEP][PASSED] - verifyElementVisible(findTestObject("Main/mainDoneBtn"), 0): Element 'Object Repository/Main/mainDoneBtn' is visible

2022-02-15 10:08:39 - [MESSAGE][WARNING] - Timeout '0' is invalid. Using default page load timeout: '20'

2022-02-15 10:08:39 - [MESSAGE][PASSED] - Element 'Object Repository/Main/mainDoneBtn' is visible

2022-02-15 10:08:39 - [TEST_STEP][PASSED] - tap(findTestObject("Main/mainDoneBtn"), 0): Tapped on element 'Object Repository/Main/mainDoneBtn'

2022-02-15 10:08:39 - [MESSAGE][WARNING] - Timeout '0' is invalid. Using default page load timeout: '20'

2022-02-15 10:08:40 - [MESSAGE][PASSED] - Tapped on element 'Object Repository/Main/mainDoneBtn'

2022-02-15 10:08:40 - [TEST_STEP][PASSED] - delay(5): Delayed 5 second(s)

2022-02-15 10:08:45 - [MESSAGE][PASSED] - Delayed 5 second(s)]]></system-out>
         <system-err><![CDATA[]]></system-err>
      </testcase>
      <testcase name="Test Cases/Settings/settings_qrRegistration" time="36.504" classname="Test Cases/Settings/settings_qrRegistration" status="ERROR">
         <error type="ERROR" message="Test Cases/Settings/settings_qrRegistration FAILED.
Reason:
groovy.lang.MissingPropertyException: No such property: FailureHandling for class: Script1642034124534
	at settings_qrRegistration.run(settings_qrRegistration:57)
	at com.kms.katalon.core.main.ScriptEngine.run(ScriptEngine.java:194)
	at com.kms.katalon.core.main.ScriptEngine.runScriptAsRawText(ScriptEngine.java:119)
	at com.kms.katalon.core.main.TestCaseExecutor.runScript(TestCaseExecutor.java:442)
	at com.kms.katalon.core.main.TestCaseExecutor.doExecute(TestCaseExecutor.java:433)
	at com.kms.katalon.core.main.TestCaseExecutor.processExecutionPhase(TestCaseExecutor.java:412)
	at com.kms.katalon.core.main.TestCaseExecutor.accessMainPhase(TestCaseExecutor.java:404)
	at com.kms.katalon.core.main.TestCaseExecutor.execute(TestCaseExecutor.java:281)
	at com.kms.katalon.core.main.TestSuiteExecutor.accessTestCaseMainPhase(TestSuiteExecutor.java:202)
	at com.kms.katalon.core.main.TestSuiteExecutor.accessTestSuiteMainPhase(TestSuiteExecutor.java:164)
	at com.kms.katalon.core.main.TestSuiteExecutor.execute(TestSuiteExecutor.java:105)
	at com.kms.katalon.core.main.TestCaseMain.startTestSuite(TestCaseMain.java:181)
	at com.kms.katalon.core.main.TestCaseMain$startTestSuite$0.call(Unknown Source)
	at TempTestSuite1644889086227.run(TempTestSuite1644889086227.groovy:36)
"/>
         <system-out><![CDATA[2022-02-15 10:08:45 - [TEST_CASE][ERROR] - Test Cases/Settings/settings_qrRegistration: Test Cases/Settings/settings_qrRegistration FAILED.
Reason:
groovy.lang.MissingPropertyException: No such property: FailureHandling for class: Script1642034124534
	at settings_qrRegistration.run(settings_qrRegistration:57)
	at com.kms.katalon.core.main.ScriptEngine.run(ScriptEngine.java:194)
	at com.kms.katalon.core.main.ScriptEngine.runScriptAsRawText(ScriptEngine.java:119)
	at com.kms.katalon.core.main.TestCaseExecutor.runScript(TestCaseExecutor.java:442)
	at com.kms.katalon.core.main.TestCaseExecutor.doExecute(TestCaseExecutor.java:433)
	at com.kms.katalon.core.main.TestCaseExecutor.processExecutionPhase(TestCaseExecutor.java:412)
	at com.kms.katalon.core.main.TestCaseExecutor.accessMainPhase(TestCaseExecutor.java:404)
	at com.kms.katalon.core.main.TestCaseExecutor.execute(TestCaseExecutor.java:281)
	at com.kms.katalon.core.main.TestSuiteExecutor.accessTestCaseMainPhase(TestSuiteExecutor.java:202)
	at com.kms.katalon.core.main.TestSuiteExecutor.accessTestSuiteMainPhase(TestSuiteExecutor.java:164)
	at com.kms.katalon.core.main.TestSuiteExecutor.execute(TestSuiteExecutor.java:105)
	at com.kms.katalon.core.main.TestCaseMain.startTestSuite(TestCaseMain.java:181)
	at com.kms.katalon.core.main.TestCaseMain$startTestSuite$0.call(Unknown Source)
	at TempTestSuite1644889086227.run(TempTestSuite1644889086227.groovy:36)


2022-02-15 10:08:45 - [TEST_STEP][PASSED] - startApplication(appPath, false): Started app at: '/Users/a00139272/Katalon Studio/MAE/androidapp/app-sit-universal-release-copy.apk'

2022-02-15 10:08:45 - [MESSAGE][INFO] - User set preference: ['appWaitActivity', '*']

2022-02-15 10:08:45 - [MESSAGE][INFO] - User set preference: ['deviceId', '2252c030550d7ece']

2022-02-15 10:08:45 - [MESSAGE][INFO] - User set preference: ['appPackage', 'com.maybank2u.life.sit']

2022-02-15 10:08:45 - [MESSAGE][INFO] - User set preference: ['appActivity', 'com.maybank2u.life.MainActivity']

2022-02-15 10:08:53 - [MESSAGE][PASSED] - Started app at: '/Users/a00139272/Katalon Studio/MAE/androidapp/app-sit-universal-release-copy.apk'

2022-02-15 10:08:53 - [TEST_STEP][PASSED] - setMobileDriverPreferencesProperty("appPackage", "com.maybank2u.life.sit"): null

2022-02-15 10:08:53 - [TEST_STEP][PASSED] - setMobileDriverPreferencesProperty("appActivity", "com.maybank2u.life.sit.MainActivity"): null

2022-02-15 10:08:53 - [TEST_STEP][PASSED] - delay(5): Delayed 5 second(s)

2022-02-15 10:08:58 - [MESSAGE][PASSED] - Delayed 5 second(s)

2022-02-15 10:08:58 - [TEST_STEP][PASSED] - tap(findTestObject("Banking/m2uAccountsScanPayIconSelect"), 0): Tapped on element 'Object Repository/Banking/m2uAccountsScanPayIconSelect'

2022-02-15 10:08:58 - [MESSAGE][WARNING] - Timeout '0' is invalid. Using default page load timeout: '20'

2022-02-15 10:09:18 - [MESSAGE][PASSED] - Tapped on element 'Object Repository/Banking/m2uAccountsScanPayIconSelect'

2022-02-15 10:09:18 - [TEST_STEP][PASSED] - delay(3): Delayed 3 second(s)

2022-02-15 10:09:21 - [MESSAGE][PASSED] - Delayed 3 second(s)

2022-02-15 10:09:21 - [TEST_STEP][ERROR] - if (verifyElementVisible(findTestObject("Tabung/tabungEnterPasswordTxt"), 0, OPTIONAL)): Test Cases/Settings/settings_qrRegistration FAILED.
Reason:
groovy.lang.MissingPropertyException: No such property: FailureHandling for class: Script1642034124534
	at settings_qrRegistration.run(settings_qrRegistration:57)
	at com.kms.katalon.core.main.ScriptEngine.run(ScriptEngine.java:194)
	at com.kms.katalon.core.main.ScriptEngine.runScriptAsRawText(ScriptEngine.java:119)
	at com.kms.katalon.core.main.TestCaseExecutor.runScript(TestCaseExecutor.java:442)
	at com.kms.katalon.core.main.TestCaseExecutor.doExecute(TestCaseExecutor.java:433)
	at com.kms.katalon.core.main.TestCaseExecutor.processExecutionPhase(TestCaseExecutor.java:412)
	at com.kms.katalon.core.main.TestCaseExecutor.accessMainPhase(TestCaseExecutor.java:404)
	at com.kms.katalon.core.main.TestCaseExecutor.execute(TestCaseExecutor.java:281)
	at com.kms.katalon.core.main.TestSuiteExecutor.accessTestCaseMainPhase(TestSuiteExecutor.java:202)
	at com.kms.katalon.core.main.TestSuiteExecutor.accessTestSuiteMainPhase(TestSuiteExecutor.java:164)
	at com.kms.katalon.core.main.TestSuiteExecutor.execute(TestSuiteExecutor.java:105)
	at com.kms.katalon.core.main.TestCaseMain.startTestSuite(TestCaseMain.java:181)
	at com.kms.katalon.core.main.TestCaseMain$startTestSuite$0.call(Unknown Source)
	at TempTestSuite1644889086227.run(TempTestSuite1644889086227.groovy:36)


2022-02-15 10:09:21 - [MESSAGE][ERROR] - Test Cases/Settings/settings_qrRegistration FAILED.
Reason:
groovy.lang.MissingPropertyException: No such property: FailureHandling for class: Script1642034124534
	at settings_qrRegistration.run(settings_qrRegistration:57)
	at com.kms.katalon.core.main.ScriptEngine.run(ScriptEngine.java:194)
	at com.kms.katalon.core.main.ScriptEngine.runScriptAsRawText(ScriptEngine.java:119)
	at com.kms.katalon.core.main.TestCaseExecutor.runScript(TestCaseExecutor.java:442)
	at com.kms.katalon.core.main.TestCaseExecutor.doExecute(TestCaseExecutor.java:433)
	at com.kms.katalon.core.main.TestCaseExecutor.processExecutionPhase(TestCaseExecutor.java:412)
	at com.kms.katalon.core.main.TestCaseExecutor.accessMainPhase(TestCaseExecutor.java:404)
	at com.kms.katalon.core.main.TestCaseExecutor.execute(TestCaseExecutor.java:281)
	at com.kms.katalon.core.main.TestSuiteExecutor.accessTestCaseMainPhase(TestSuiteExecutor.java:202)
	at com.kms.katalon.core.main.TestSuiteExecutor.accessTestSuiteMainPhase(TestSuiteExecutor.java:164)
	at com.kms.katalon.core.main.TestSuiteExecutor.execute(TestSuiteExecutor.java:105)
	at com.kms.katalon.core.main.TestCaseMain.startTestSuite(TestCaseMain.java:181)
	at com.kms.katalon.core.main.TestCaseMain$startTestSuite$0.call(Unknown Source)
	at TempTestSuite1644889086227.run(TempTestSuite1644889086227.groovy:36)]]></system-out>
         <system-err><![CDATA[2022-02-15 10:08:45 - [TEST_CASE][ERROR] - Test Cases/Settings/settings_qrRegistration: Test Cases/Settings/settings_qrRegistration FAILED.
Reason:
groovy.lang.MissingPropertyException: No such property: FailureHandling for class: Script1642034124534
	at settings_qrRegistration.run(settings_qrRegistration:57)
	at com.kms.katalon.core.main.ScriptEngine.run(ScriptEngine.java:194)
	at com.kms.katalon.core.main.ScriptEngine.runScriptAsRawText(ScriptEngine.java:119)
	at com.kms.katalon.core.main.TestCaseExecutor.runScript(TestCaseExecutor.java:442)
	at com.kms.katalon.core.main.TestCaseExecutor.doExecute(TestCaseExecutor.java:433)
	at com.kms.katalon.core.main.TestCaseExecutor.processExecutionPhase(TestCaseExecutor.java:412)
	at com.kms.katalon.core.main.TestCaseExecutor.accessMainPhase(TestCaseExecutor.java:404)
	at com.kms.katalon.core.main.TestCaseExecutor.execute(TestCaseExecutor.java:281)
	at com.kms.katalon.core.main.TestSuiteExecutor.accessTestCaseMainPhase(TestSuiteExecutor.java:202)
	at com.kms.katalon.core.main.TestSuiteExecutor.accessTestSuiteMainPhase(TestSuiteExecutor.java:164)
	at com.kms.katalon.core.main.TestSuiteExecutor.execute(TestSuiteExecutor.java:105)
	at com.kms.katalon.core.main.TestCaseMain.startTestSuite(TestCaseMain.java:181)
	at com.kms.katalon.core.main.TestCaseMain$startTestSuite$0.call(Unknown Source)
	at TempTestSuite1644889086227.run(TempTestSuite1644889086227.groovy:36)]]></system-err>
      </testcase>
      <system-out><![CDATA[2022-02-15 09:38:16 - [TEST_SUITE][FAILED] - Regress 3: Test Cases/Transfer/asnb_asnbTransfer FAILED.
Reason:
com.kms.katalon.core.exception.StepFailedException: Object Object Repository/Login Onboarding/PIN4 not found
	at com.kms.katalon.core.keyword.internal.KeywordMain.stepFailed(KeywordMain.groovy:39)
	at com.kms.katalon.core.mobile.keyword.internal.MobileKeywordMain.stepFailed(MobileKeywordMain.groovy:40)
	at com.kms.katalon.core.mobile.keyword.builtin.TapKeyword$_tap_closure1.doCall(TapKeyword.groovy:79)
	at com.kms.katalon.core.mobile.keyword.builtin.TapKeyword$_tap_closure1.call(TapKeyword.groovy)
	at com.kms.katalon.core.mobile.keyword.internal.MobileKeywordMain.runKeyword(MobileKeywordMain.groovy:21)
	at com.kms.katalon.core.mobile.keyword.builtin.TapKeyword.tap(TapKeyword.groovy:86)
	at com.kms.katalon.core.mobile.keyword.builtin.TapKeyword.execute(TapKeyword.groovy:68)
	at com.kms.katalon.core.keyword.internal.KeywordExecutor.executeKeywordForPlatform(KeywordExecutor.groovy:74)
	at com.kms.katalon.core.mobile.keyword.MobileBuiltInKeywords.tap(MobileBuiltInKeywords.groovy:1355)
	at com.kms.katalon.core.mobile.keyword.MobileBuiltInKeywords$tap$3.call(Unknown Source)
	at asnb_asnbTransfer.run(asnb_asnbTransfer:108)
	at com.kms.katalon.core.main.ScriptEngine.run(ScriptEngine.java:194)
	at com.kms.katalon.core.main.ScriptEngine.runScriptAsRawText(ScriptEngine.java:119)
	at com.kms.katalon.core.main.TestCaseExecutor.runScript(TestCaseExecutor.java:442)
	at com.kms.katalon.core.main.TestCaseExecutor.doExecute(TestCaseExecutor.java:433)
	at com.kms.katalon.core.main.TestCaseExecutor.processExecutionPhase(TestCaseExecutor.java:412)
	at com.kms.katalon.core.main.TestCaseExecutor.accessMainPhase(TestCaseExecutor.java:404)
	at com.kms.katalon.core.main.TestCaseExecutor.execute(TestCaseExecutor.java:281)
	at com.kms.katalon.core.main.TestSuiteExecutor.accessTestCaseMainPhase(TestSuiteExecutor.java:202)
	at com.kms.katalon.core.main.TestSuiteExecutor.accessTestSuiteMainPhase(TestSuiteExecutor.java:164)
	at com.kms.katalon.core.main.TestSuiteExecutor.execute(TestSuiteExecutor.java:105)
	at com.kms.katalon.core.main.TestCaseMain.startTestSuite(TestCaseMain.java:181)
	at com.kms.katalon.core.main.TestCaseMain$startTestSuite$0.call(Unknown Source)
	at TempTestSuite1644889086227.run(TempTestSuite1644889086227.groovy:36)]]></system-out>
      <system-err><![CDATA[2022-02-15 09:38:16 - [TEST_SUITE][FAILED] - Regress 3: Test Cases/Transfer/asnb_asnbTransfer FAILED.
Reason:
com.kms.katalon.core.exception.StepFailedException: Object Object Repository/Login Onboarding/PIN4 not found
	at com.kms.katalon.core.keyword.internal.KeywordMain.stepFailed(KeywordMain.groovy:39)
	at com.kms.katalon.core.mobile.keyword.internal.MobileKeywordMain.stepFailed(MobileKeywordMain.groovy:40)
	at com.kms.katalon.core.mobile.keyword.builtin.TapKeyword$_tap_closure1.doCall(TapKeyword.groovy:79)
	at com.kms.katalon.core.mobile.keyword.builtin.TapKeyword$_tap_closure1.call(TapKeyword.groovy)
	at com.kms.katalon.core.mobile.keyword.internal.MobileKeywordMain.runKeyword(MobileKeywordMain.groovy:21)
	at com.kms.katalon.core.mobile.keyword.builtin.TapKeyword.tap(TapKeyword.groovy:86)
	at com.kms.katalon.core.mobile.keyword.builtin.TapKeyword.execute(TapKeyword.groovy:68)
	at com.kms.katalon.core.keyword.internal.KeywordExecutor.executeKeywordForPlatform(KeywordExecutor.groovy:74)
	at com.kms.katalon.core.mobile.keyword.MobileBuiltInKeywords.tap(MobileBuiltInKeywords.groovy:1355)
	at com.kms.katalon.core.mobile.keyword.MobileBuiltInKeywords$tap$3.call(Unknown Source)
	at asnb_asnbTransfer.run(asnb_asnbTransfer:108)
	at com.kms.katalon.core.main.ScriptEngine.run(ScriptEngine.java:194)
	at com.kms.katalon.core.main.ScriptEngine.runScriptAsRawText(ScriptEngine.java:119)
	at com.kms.katalon.core.main.TestCaseExecutor.runScript(TestCaseExecutor.java:442)
	at com.kms.katalon.core.main.TestCaseExecutor.doExecute(TestCaseExecutor.java:433)
	at com.kms.katalon.core.main.TestCaseExecutor.processExecutionPhase(TestCaseExecutor.java:412)
	at com.kms.katalon.core.main.TestCaseExecutor.accessMainPhase(TestCaseExecutor.java:404)
	at com.kms.katalon.core.main.TestCaseExecutor.execute(TestCaseExecutor.java:281)
	at com.kms.katalon.core.main.TestSuiteExecutor.accessTestCaseMainPhase(TestSuiteExecutor.java:202)
	at com.kms.katalon.core.main.TestSuiteExecutor.accessTestSuiteMainPhase(TestSuiteExecutor.java:164)
	at com.kms.katalon.core.main.TestSuiteExecutor.execute(TestSuiteExecutor.java:105)
	at com.kms.katalon.core.main.TestCaseMain.startTestSuite(TestCaseMain.java:181)
	at com.kms.katalon.core.main.TestCaseMain$startTestSuite$0.call(Unknown Source)
	at TempTestSuite1644889086227.run(TempTestSuite1644889086227.groovy:36)]]></system-err>
   </testsuite>
</testsuites>
