<?xml version="1.0" encoding="UTF-8"?>
<testsuites name="Regress 2" time="601.587" tests="7" failures="3" errors="0">
   <testsuite name="Regress 2" tests="7" failures="3" errors="0" time="601.587" skipped="0" timestamp="2022-02-14 15:16:43" hostname="a00139272 - 192.168.0.189" id="Test Suites/Regress 2">
      <properties>
         <property name="deviceName" value="samsung SM-G965F (Android 10)"/>
         <property name="devicePlatform" value=""/>
         <property name="logFolder" value="/Users/a00139272/Katalon Studio/MAEAutomation2/Reports/20220214_151634/Regress 2/20220214_151634"/>
         <property name="logFiles" value="/Users/a00139272/Katalon Studio/MAEAutomation2/Reports/20220214_151634/Regress 2/20220214_151634/execution0.log, /Users/a00139272/Katalon Studio/MAEAutomation2/Reports/20220214_151634/Regress 2/20220214_151634/appium.log"/>
         <property name="attachments" value=""/>
         <property name="hostName" value="a00139272 - 192.168.0.189"/>
         <property name="os" value="Mac OS X 64bit"/>
         <property name="appiumServerStatus" value="{&quot;value&quot;:{&quot;build&quot;:{&quot;version&quot;:&quot;1.22.1&quot;}},&quot;sessionId&quot;:null,&quot;status&quot;:0}"/>
         <property name="katalonVersion" value="8.2.0.208"/>
         <property name="deviceOS" value="Android"/>
         <property name="appiumVersion" value="1.22.1"/>
         <property name="deviceModel" value="SM-G965F"/>
         <property name="hostAddress" value="192.168.0.189"/>
         <property name="deviceManufacturer" value="samsung"/>
         <property name="deviceId" value="2252c030550d7ece"/>
         <property name="deviceName" value="samsung SM-G965F (Android 10)"/>
         <property name="deviceOSVersion" value="10"/>
      </properties>
      <testcase name="Test Cases/Tabung/tabung_createTabungCreatorOnly" time="161.188" classname="Test Cases/Tabung/tabung_createTabungCreatorOnly" status="PASSED">
         <system-out><![CDATA[2022-02-14 15:16:43 - [TEST_CASE][PASSED] - Test Cases/Tabung/tabung_createTabungCreatorOnly: Test Cases/Tabung/tabung_createTabungCreatorOnly

2022-02-14 15:16:44 - [TEST_STEP][PASSED] - try: Delayed 5 second(s)

2022-02-14 15:16:44 - [TEST_STEP][PASSED] - setMobileDriverPreferencesProperty("appPackage", "com.maybank2u.life.sit"): null

2022-02-14 15:16:44 - [TEST_STEP][PASSED] - setMobileDriverPreferencesProperty("appActivity", "com.maybank2u.life.MainActivity"): null

2022-02-14 15:16:44 - [TEST_STEP][PASSED] - if (isApplicationOpened == false): Started app at: '/Users/a00139272/Katalon Studio/MAE/androidapp/app-sit-universal-release-copy.apk'

2022-02-14 15:16:44 - [TEST_STEP][PASSED] - startApplication(appPath, false): Started app at: '/Users/a00139272/Katalon Studio/MAE/androidapp/app-sit-universal-release-copy.apk'

2022-02-14 15:16:44 - [MESSAGE][INFO] - User set preference: ['appWaitActivity', '*']

2022-02-14 15:16:44 - [MESSAGE][INFO] - User set preference: ['deviceId', '2252c030550d7ece']

2022-02-14 15:16:44 - [MESSAGE][INFO] - User set preference: ['appPackage', 'com.maybank2u.life.sit']

2022-02-14 15:16:44 - [MESSAGE][INFO] - User set preference: ['appActivity', 'com.maybank2u.life.MainActivity']

2022-02-14 15:16:45 - [MESSAGE][INFO] - Appium server started on port 53,379

2022-02-14 15:16:58 - [MESSAGE][PASSED] - Started app at: '/Users/a00139272/Katalon Studio/MAE/androidapp/app-sit-universal-release-copy.apk'

2022-02-14 15:16:58 - [TEST_STEP][PASSED] - if (getDeviceManufacturer() == "samsung"): null

2022-02-14 15:16:58 - [MESSAGE][PASSED] - Device manufacturer is: 'samsung'

2022-02-14 15:16:58 - [TEST_STEP][PASSED] - tapAtPosition(1250, 2667): Tapped at [1,250, 2,667]

2022-02-14 15:17:02 - [MESSAGE][PASSED] - Tapped at [1,250, 2,667]

2022-02-14 15:17:02 - [TEST_STEP][PASSED] - tapAtPosition(1250, 2667): Tapped at [1,250, 2,667]

2022-02-14 15:17:02 - [MESSAGE][PASSED] - Tapped at [1,250, 2,667]

2022-02-14 15:17:02 - [TEST_STEP][PASSED] - tap(findTestObject("Object Repository/Settings/new_settings_moreMainBtn"), 0): Tapped on element 'Object Repository/Settings/new_settings_moreMainBtn'

2022-02-14 15:17:02 - [MESSAGE][WARNING] - Timeout '0' is invalid. Using default page load timeout: '20'

2022-02-14 15:17:05 - [MESSAGE][PASSED] - Tapped on element 'Object Repository/Settings/new_settings_moreMainBtn'

2022-02-14 15:17:05 - [TEST_STEP][PASSED] - waitForElementPresent(findTestObject("Tabung/moreTabungIconSelect"), 0): Element 'Object Repository/Tabung/moreTabungIconSelect' is present

2022-02-14 15:17:05 - [MESSAGE][WARNING] - Timeout '0' is invalid. Using default page load timeout: '20'

2022-02-14 15:17:05 - [MESSAGE][PASSED] - Element 'Object Repository/Tabung/moreTabungIconSelect' is present

2022-02-14 15:17:05 - [TEST_STEP][PASSED] - tap(findTestObject("Tabung/moreTabungIconSelect"), 0): Tapped on element 'Object Repository/Tabung/moreTabungIconSelect'

2022-02-14 15:17:05 - [MESSAGE][WARNING] - Timeout '0' is invalid. Using default page load timeout: '20'

2022-02-14 15:17:08 - [MESSAGE][PASSED] - Tapped on element 'Object Repository/Tabung/moreTabungIconSelect'

2022-02-14 15:17:08 - [TEST_STEP][PASSED] - if (verifyElementVisible(findTestObject("Main/mainEnterPINMessage"), 0, OPTIONAL)): null

2022-02-14 15:17:08 - [MESSAGE][WARNING] - Timeout '0' is invalid. Using default page load timeout: '20'

2022-02-14 15:17:08 - [MESSAGE][PASSED] - Element 'Object Repository/Main/mainEnterPINMessage' is visible

2022-02-14 15:17:08 - [TEST_STEP][PASSED] - tap(findTestObject("Login Onboarding/PIN1"), 0): Tapped on element 'Object Repository/Login Onboarding/PIN1'

2022-02-14 15:17:08 - [MESSAGE][WARNING] - Timeout '0' is invalid. Using default page load timeout: '20'

2022-02-14 15:17:09 - [MESSAGE][PASSED] - Tapped on element 'Object Repository/Login Onboarding/PIN1'

2022-02-14 15:17:09 - [TEST_STEP][PASSED] - tap(findTestObject("Login Onboarding/PIN1"), 0): Tapped on element 'Object Repository/Login Onboarding/PIN1'

2022-02-14 15:17:09 - [MESSAGE][WARNING] - Timeout '0' is invalid. Using default page load timeout: '20'

2022-02-14 15:17:11 - [MESSAGE][PASSED] - Tapped on element 'Object Repository/Login Onboarding/PIN1'

2022-02-14 15:17:11 - [TEST_STEP][PASSED] - tap(findTestObject("Login Onboarding/PIN1"), 0): Tapped on element 'Object Repository/Login Onboarding/PIN1'

2022-02-14 15:17:11 - [MESSAGE][WARNING] - Timeout '0' is invalid. Using default page load timeout: '20'

2022-02-14 15:17:12 - [MESSAGE][PASSED] - Tapped on element 'Object Repository/Login Onboarding/PIN1'

2022-02-14 15:17:12 - [TEST_STEP][PASSED] - tap(findTestObject("Login Onboarding/PIN1"), 0): Tapped on element 'Object Repository/Login Onboarding/PIN1'

2022-02-14 15:17:12 - [MESSAGE][WARNING] - Timeout '0' is invalid. Using default page load timeout: '20'

2022-02-14 15:17:14 - [MESSAGE][PASSED] - Tapped on element 'Object Repository/Login Onboarding/PIN1'

2022-02-14 15:17:14 - [TEST_STEP][PASSED] - tap(findTestObject("Login Onboarding/PIN1"), 0): Tapped on element 'Object Repository/Login Onboarding/PIN1'

2022-02-14 15:17:14 - [MESSAGE][WARNING] - Timeout '0' is invalid. Using default page load timeout: '20'

2022-02-14 15:17:16 - [MESSAGE][PASSED] - Tapped on element 'Object Repository/Login Onboarding/PIN1'

2022-02-14 15:17:16 - [TEST_STEP][PASSED] - tap(findTestObject("Login Onboarding/PIN2"), 0): Tapped on element 'Object Repository/Login Onboarding/PIN2'

2022-02-14 15:17:16 - [MESSAGE][WARNING] - Timeout '0' is invalid. Using default page load timeout: '20'

2022-02-14 15:17:18 - [MESSAGE][PASSED] - Tapped on element 'Object Repository/Login Onboarding/PIN2'

2022-02-14 15:17:18 - [TEST_STEP][PASSED] - delay(2): Delayed 2 second(s)

2022-02-14 15:17:20 - [MESSAGE][PASSED] - Delayed 2 second(s)

2022-02-14 15:17:20 - [TEST_STEP][PASSED] - waitForElementPresent(findTestObject("Tabung/tabungCreateTabungBtn"), 0): Element 'Object Repository/Tabung/tabungCreateTabungBtn' is present

2022-02-14 15:17:20 - [MESSAGE][WARNING] - Timeout '0' is invalid. Using default page load timeout: '20'

2022-02-14 15:17:26 - [MESSAGE][PASSED] - Element 'Object Repository/Tabung/tabungCreateTabungBtn' is present

2022-02-14 15:17:26 - [TEST_STEP][PASSED] - tap(findTestObject("Tabung/tabungCreateTabungBtn"), 0): Tapped on element 'Object Repository/Tabung/tabungCreateTabungBtn'

2022-02-14 15:17:26 - [MESSAGE][WARNING] - Timeout '0' is invalid. Using default page load timeout: '20'

2022-02-14 15:17:26 - [MESSAGE][PASSED] - Tapped on element 'Object Repository/Tabung/tabungCreateTabungBtn'

2022-02-14 15:17:26 - [TEST_STEP][PASSED] - tap(findTestObject("Tabung/tabungCreateTravelSelect"), 0): Tapped on element 'Object Repository/Tabung/tabungCreateTravelSelect'

2022-02-14 15:17:26 - [MESSAGE][WARNING] - Timeout '0' is invalid. Using default page load timeout: '20'

2022-02-14 15:17:29 - [MESSAGE][PASSED] - Tapped on element 'Object Repository/Tabung/tabungCreateTravelSelect'

2022-02-14 15:17:29 - [TEST_STEP][PASSED] - setText(findTestObject("Tabung/tabungNameInputField"), tabungName, 0): Text 'Switzerland' has been set to element 'Object Repository/Tabung/tabungNameInputField'

2022-02-14 15:17:29 - [MESSAGE][WARNING] - Timeout '0' is invalid. Using default page load timeout: '20'

2022-02-14 15:17:32 - [MESSAGE][PASSED] - Text 'Switzerland' has been set to element 'Object Repository/Tabung/tabungNameInputField'

2022-02-14 15:17:32 - [TEST_STEP][PASSED] - hideKeyboard(): Keyboard is hidden

2022-02-14 15:17:33 - [MESSAGE][PASSED] - Keyboard is hidden

2022-02-14 15:17:33 - [TEST_STEP][PASSED] - tap(findTestObject("Login Onboarding/loginExistingContinueBtn"), 0): Tapped on element 'Object Repository/Login Onboarding/loginExistingContinueBtn'

2022-02-14 15:17:33 - [MESSAGE][WARNING] - Timeout '0' is invalid. Using default page load timeout: '20'

2022-02-14 15:17:33 - [MESSAGE][PASSED] - Tapped on element 'Object Repository/Login Onboarding/loginExistingContinueBtn'

2022-02-14 15:17:33 - [TEST_STEP][PASSED] - tap(findTestObject("Login Onboarding/PIN1"), 0): Tapped on element 'Object Repository/Login Onboarding/PIN1'

2022-02-14 15:17:33 - [MESSAGE][WARNING] - Timeout '0' is invalid. Using default page load timeout: '20'

2022-02-14 15:17:35 - [MESSAGE][PASSED] - Tapped on element 'Object Repository/Login Onboarding/PIN1'

2022-02-14 15:17:35 - [TEST_STEP][PASSED] - delay(2): Delayed 2 second(s)

2022-02-14 15:17:37 - [MESSAGE][PASSED] - Delayed 2 second(s)

2022-02-14 15:17:37 - [TEST_STEP][PASSED] - tap(findTestObject("Tabung/tabungAmountTickBtn"), 0): Tapped on element 'Object Repository/Tabung/tabungAmountTickBtn'

2022-02-14 15:17:37 - [MESSAGE][WARNING] - Timeout '0' is invalid. Using default page load timeout: '20'

2022-02-14 15:17:38 - [MESSAGE][PASSED] - Tapped on element 'Object Repository/Tabung/tabungAmountTickBtn'

2022-02-14 15:17:38 - [TEST_STEP][PASSED] - delay(2): Delayed 2 second(s)

2022-02-14 15:17:40 - [MESSAGE][PASSED] - Delayed 2 second(s)

2022-02-14 15:17:40 - [TEST_STEP][PASSED] - tap(findTestObject("Login Onboarding/PIN0"), 0): Tapped on element 'Object Repository/Login Onboarding/PIN0'

2022-02-14 15:17:40 - [MESSAGE][WARNING] - Timeout '0' is invalid. Using default page load timeout: '20'

2022-02-14 15:17:40 - [MESSAGE][PASSED] - Tapped on element 'Object Repository/Login Onboarding/PIN0'

2022-02-14 15:17:40 - [TEST_STEP][PASSED] - tap(findTestObject("Login Onboarding/PIN0"), 0): Tapped on element 'Object Repository/Login Onboarding/PIN0'

2022-02-14 15:17:40 - [MESSAGE][WARNING] - Timeout '0' is invalid. Using default page load timeout: '20'

2022-02-14 15:17:41 - [MESSAGE][PASSED] - Tapped on element 'Object Repository/Login Onboarding/PIN0'

2022-02-14 15:17:41 - [TEST_STEP][PASSED] - tap(findTestObject("Login Onboarding/PIN0"), 0): Tapped on element 'Object Repository/Login Onboarding/PIN0'

2022-02-14 15:17:41 - [MESSAGE][WARNING] - Timeout '0' is invalid. Using default page load timeout: '20'

2022-02-14 15:17:42 - [MESSAGE][PASSED] - Tapped on element 'Object Repository/Login Onboarding/PIN0'

2022-02-14 15:17:42 - [TEST_STEP][PASSED] - delay(2): Delayed 2 second(s)

2022-02-14 15:17:44 - [MESSAGE][PASSED] - Delayed 2 second(s)

2022-02-14 15:17:44 - [TEST_STEP][PASSED] - tap(findTestObject("Tabung/tabungCreateAmountTickBtn"), 0): Tapped on element 'Object Repository/Tabung/tabungCreateAmountTickBtn'

2022-02-14 15:17:44 - [MESSAGE][WARNING] - Timeout '0' is invalid. Using default page load timeout: '20'

2022-02-14 15:17:45 - [MESSAGE][PASSED] - Tapped on element 'Object Repository/Tabung/tabungCreateAmountTickBtn'

2022-02-14 15:17:45 - [TEST_STEP][PASSED] - tap(findTestObject("Tabung/tabungSelectStartDateField"), 0): Tapped on element 'Object Repository/Tabung/tabungSelectStartDateField'

2022-02-14 15:17:45 - [MESSAGE][WARNING] - Timeout '0' is invalid. Using default page load timeout: '20'

2022-02-14 15:17:47 - [MESSAGE][PASSED] - Tapped on element 'Object Repository/Tabung/tabungSelectStartDateField'

2022-02-14 15:17:47 - [TEST_STEP][PASSED] - tap(findTestObject("Tabung/tabungDatePickerSelect"), 0): Tapped on element 'Object Repository/Tabung/tabungDatePickerSelect'

2022-02-14 15:17:47 - [MESSAGE][WARNING] - Timeout '0' is invalid. Using default page load timeout: '20'

2022-02-14 15:17:49 - [MESSAGE][PASSED] - Tapped on element 'Object Repository/Tabung/tabungDatePickerSelect'

2022-02-14 15:17:49 - [TEST_STEP][PASSED] - tap(findTestObject("Main/mainCalenderPickerDoneBtn"), 0): Tapped on element 'Object Repository/Main/mainCalenderPickerDoneBtn'

2022-02-14 15:17:49 - [MESSAGE][WARNING] - Timeout '0' is invalid. Using default page load timeout: '20'

2022-02-14 15:17:50 - [MESSAGE][PASSED] - Tapped on element 'Object Repository/Main/mainCalenderPickerDoneBtn'

2022-02-14 15:17:50 - [TEST_STEP][PASSED] - delay(2): Delayed 2 second(s)

2022-02-14 15:17:52 - [MESSAGE][PASSED] - Delayed 2 second(s)

2022-02-14 15:17:52 - [TEST_STEP][PASSED] - tap(findTestObject("Tabung/tabungContinueBtn"), 0): Tapped on element 'Object Repository/Tabung/tabungContinueBtn'

2022-02-14 15:17:52 - [MESSAGE][WARNING] - Timeout '0' is invalid. Using default page load timeout: '20'

2022-02-14 15:17:53 - [MESSAGE][PASSED] - Tapped on element 'Object Repository/Tabung/tabungContinueBtn'

2022-02-14 15:17:53 - [TEST_STEP][PASSED] - tap(findTestObject("Tabung/tabungSelectEndDateField"), 0): Tapped on element 'Object Repository/Tabung/tabungSelectEndDateField'

2022-02-14 15:17:53 - [MESSAGE][WARNING] - Timeout '0' is invalid. Using default page load timeout: '20'

2022-02-14 15:17:55 - [MESSAGE][PASSED] - Tapped on element 'Object Repository/Tabung/tabungSelectEndDateField'

2022-02-14 15:17:55 - [TEST_STEP][PASSED] - tap(findTestObject("Tabung/tabungCalendarPickerNextBtn"), 0): Tapped on element 'Object Repository/Tabung/tabungCalendarPickerNextBtn'

2022-02-14 15:17:55 - [MESSAGE][WARNING] - Timeout '0' is invalid. Using default page load timeout: '20'

2022-02-14 15:17:57 - [MESSAGE][PASSED] - Tapped on element 'Object Repository/Tabung/tabungCalendarPickerNextBtn'

2022-02-14 15:17:57 - [TEST_STEP][PASSED] - tap(findTestObject("Tabung/tabungDatePickerSelect"), 0): Tapped on element 'Object Repository/Tabung/tabungDatePickerSelect'

2022-02-14 15:17:57 - [MESSAGE][WARNING] - Timeout '0' is invalid. Using default page load timeout: '20'

2022-02-14 15:17:58 - [MESSAGE][PASSED] - Tapped on element 'Object Repository/Tabung/tabungDatePickerSelect'

2022-02-14 15:17:58 - [TEST_STEP][PASSED] - tap(findTestObject("Main/mainCalenderPickerDoneBtn"), 0): Tapped on element 'Object Repository/Main/mainCalenderPickerDoneBtn'

2022-02-14 15:17:59 - [MESSAGE][WARNING] - Timeout '0' is invalid. Using default page load timeout: '20'

2022-02-14 15:17:59 - [MESSAGE][PASSED] - Tapped on element 'Object Repository/Main/mainCalenderPickerDoneBtn'

2022-02-14 15:17:59 - [TEST_STEP][PASSED] - delay(2): Delayed 2 second(s)

2022-02-14 15:18:01 - [MESSAGE][PASSED] - Delayed 2 second(s)

2022-02-14 15:18:01 - [TEST_STEP][PASSED] - tap(findTestObject("Tabung/tabungContinueBtn"), 0): Tapped on element 'Object Repository/Tabung/tabungContinueBtn'

2022-02-14 15:18:01 - [MESSAGE][WARNING] - Timeout '0' is invalid. Using default page load timeout: '20'

2022-02-14 15:18:02 - [MESSAGE][PASSED] - Tapped on element 'Object Repository/Tabung/tabungContinueBtn'

2022-02-14 15:18:02 - [TEST_STEP][PASSED] - if (verifyElementVisible(findTestObject("Tabung/tabungEnterPasswordTxt"), 0, OPTIONAL)): null

2022-02-14 15:18:02 - [MESSAGE][WARNING] - Timeout '0' is invalid. Using default page load timeout: '20'

2022-02-14 15:18:07 - [MESSAGE][PASSED] - Element 'Object Repository/Tabung/tabungEnterPasswordTxt' is visible

2022-02-14 15:18:07 - [TEST_STEP][PASSED] - setText(findTestObject("Tabung/tabungSignInInputPasswordField"), Password, 0): Text 'Sanjay@49' has been set to element 'Object Repository/Tabung/tabungSignInInputPasswordField'

2022-02-14 15:18:07 - [MESSAGE][WARNING] - Timeout '0' is invalid. Using default page load timeout: '20'

2022-02-14 15:18:08 - [MESSAGE][PASSED] - Text 'Sanjay@49' has been set to element 'Object Repository/Tabung/tabungSignInInputPasswordField'

2022-02-14 15:18:08 - [TEST_STEP][PASSED] - hideKeyboard(): Keyboard is hidden

2022-02-14 15:18:09 - [MESSAGE][PASSED] - Keyboard is hidden

2022-02-14 15:18:09 - [TEST_STEP][PASSED] - tap(findTestObject("Tabung/tabungSignInContinueBtn"), 0): Tapped on element 'Object Repository/Tabung/tabungSignInContinueBtn'

2022-02-14 15:18:09 - [MESSAGE][WARNING] - Timeout '0' is invalid. Using default page load timeout: '20'

2022-02-14 15:18:10 - [MESSAGE][PASSED] - Tapped on element 'Object Repository/Tabung/tabungSignInContinueBtn'

2022-02-14 15:18:10 - [TEST_STEP][PASSED] - delay(10): Delayed 10 second(s)

2022-02-14 15:18:20 - [MESSAGE][PASSED] - Delayed 10 second(s)

2022-02-14 15:18:20 - [TEST_STEP][PASSED] - verifyElementVisible(findTestObject("Tabung/tabungSelectAccountDropdownBox"), 0): Element 'Object Repository/Tabung/tabungSelectAccountDropdownBox' is visible

2022-02-14 15:18:20 - [MESSAGE][WARNING] - Timeout '0' is invalid. Using default page load timeout: '20'

2022-02-14 15:18:20 - [MESSAGE][PASSED] - Element 'Object Repository/Tabung/tabungSelectAccountDropdownBox' is visible

2022-02-14 15:18:20 - [TEST_STEP][PASSED] - tap(findTestObject("Tabung/tabungSelectAccountTxt"), 0): Tapped on element 'Object Repository/Tabung/tabungSelectAccountTxt'

2022-02-14 15:18:20 - [MESSAGE][WARNING] - Timeout '0' is invalid. Using default page load timeout: '20'

2022-02-14 15:18:20 - [MESSAGE][PASSED] - Tapped on element 'Object Repository/Tabung/tabungSelectAccountTxt'

2022-02-14 15:18:20 - [TEST_STEP][PASSED] - delay(2): Delayed 2 second(s)

2022-02-14 15:18:23 - [MESSAGE][PASSED] - Delayed 2 second(s)

2022-02-14 15:18:23 - [TEST_STEP][PASSED] - tap(findTestObject("Tabung/tabunCreateFirstAccountSelect"), 0): Tapped on element 'Object Repository/Tabung/tabunCreateFirstAccountSelect'

2022-02-14 15:18:23 - [MESSAGE][WARNING] - Timeout '0' is invalid. Using default page load timeout: '20'

2022-02-14 15:18:23 - [MESSAGE][PASSED] - Tapped on element 'Object Repository/Tabung/tabunCreateFirstAccountSelect'

2022-02-14 15:18:23 - [TEST_STEP][PASSED] - delay(5): Delayed 5 second(s)

2022-02-14 15:18:28 - [MESSAGE][PASSED] - Delayed 5 second(s)

2022-02-14 15:18:28 - [TEST_STEP][PASSED] - tap(findTestObject("Main/mainCalenderPickerDoneBtn"), 0): Tapped on element 'Object Repository/Main/mainCalenderPickerDoneBtn'

2022-02-14 15:18:28 - [MESSAGE][WARNING] - Timeout '0' is invalid. Using default page load timeout: '20'

2022-02-14 15:18:28 - [MESSAGE][PASSED] - Tapped on element 'Object Repository/Main/mainCalenderPickerDoneBtn'

2022-02-14 15:18:28 - [TEST_STEP][PASSED] - delay(4): Delayed 4 second(s)

2022-02-14 15:18:32 - [MESSAGE][PASSED] - Delayed 4 second(s)

2022-02-14 15:18:32 - [TEST_STEP][PASSED] - tap(findTestObject("Tabung/tabungContinueBtn"), 0): Tapped on element 'Object Repository/Tabung/tabungContinueBtn'

2022-02-14 15:18:32 - [MESSAGE][WARNING] - Timeout '0' is invalid. Using default page load timeout: '20'

2022-02-14 15:18:33 - [MESSAGE][PASSED] - Tapped on element 'Object Repository/Tabung/tabungContinueBtn'

2022-02-14 15:18:33 - [TEST_STEP][PASSED] - delay(5): Delayed 5 second(s)

2022-02-14 15:18:38 - [MESSAGE][PASSED] - Delayed 5 second(s)

2022-02-14 15:18:38 - [TEST_STEP][PASSED] - verifyElementVisible(findTestObject("Tabung/tabungConfirmationTxt"), 0): Element 'Object Repository/Tabung/tabungConfirmationTxt' is visible

2022-02-14 15:18:38 - [MESSAGE][WARNING] - Timeout '0' is invalid. Using default page load timeout: '20'

2022-02-14 15:18:38 - [MESSAGE][PASSED] - Element 'Object Repository/Tabung/tabungConfirmationTxt' is visible

2022-02-14 15:18:38 - [TEST_STEP][PASSED] - verifyElementVisible(findTestObject("Tabung/tabungAutoDeductionText"), 0): Element 'Object Repository/Tabung/tabungAutoDeductionText' is visible

2022-02-14 15:18:38 - [MESSAGE][WARNING] - Timeout '0' is invalid. Using default page load timeout: '20'

2022-02-14 15:18:39 - [MESSAGE][PASSED] - Element 'Object Repository/Tabung/tabungAutoDeductionText' is visible

2022-02-14 15:18:39 - [TEST_STEP][PASSED] - tap(findTestObject("Tabung/tabungConfirmationSelectFrequencyDropdown"), 0): Tapped on element 'Object Repository/Tabung/tabungConfirmationSelectFrequencyDropdown'

2022-02-14 15:18:39 - [MESSAGE][WARNING] - Timeout '0' is invalid. Using default page load timeout: '20'

2022-02-14 15:18:39 - [MESSAGE][PASSED] - Tapped on element 'Object Repository/Tabung/tabungConfirmationSelectFrequencyDropdown'

2022-02-14 15:18:39 - [TEST_STEP][PASSED] - delay(5): Delayed 5 second(s)

2022-02-14 15:18:44 - [MESSAGE][PASSED] - Delayed 5 second(s)

2022-02-14 15:18:44 - [TEST_STEP][PASSED] - tap(findTestObject("Tabung/tabungConfirmationFirstFreqDropdownSelect"), 0): Tapped on element 'Object Repository/Tabung/tabungConfirmationFirstFreqDropdownSelect'

2022-02-14 15:18:44 - [MESSAGE][WARNING] - Timeout '0' is invalid. Using default page load timeout: '20'

2022-02-14 15:18:44 - [MESSAGE][PASSED] - Tapped on element 'Object Repository/Tabung/tabungConfirmationFirstFreqDropdownSelect'

2022-02-14 15:18:44 - [TEST_STEP][PASSED] - delay(5): Delayed 5 second(s)

2022-02-14 15:18:49 - [MESSAGE][PASSED] - Delayed 5 second(s)

2022-02-14 15:18:49 - [TEST_STEP][PASSED] - tap(findTestObject("Main/mainCalenderPickerDoneBtn"), 0): Tapped on element 'Object Repository/Main/mainCalenderPickerDoneBtn'

2022-02-14 15:18:50 - [MESSAGE][WARNING] - Timeout '0' is invalid. Using default page load timeout: '20'

2022-02-14 15:18:50 - [MESSAGE][PASSED] - Tapped on element 'Object Repository/Main/mainCalenderPickerDoneBtn'

2022-02-14 15:18:50 - [TEST_STEP][PASSED] - delay(2): Delayed 2 second(s)

2022-02-14 15:18:52 - [MESSAGE][PASSED] - Delayed 2 second(s)

2022-02-14 15:18:52 - [TEST_STEP][PASSED] - tap(findTestObject("Tabung/tabungDisableESIRadioBtn"), 0): Tapped on element 'Object Repository/Tabung/tabungDisableESIRadioBtn'

2022-02-14 15:18:52 - [MESSAGE][WARNING] - Timeout '0' is invalid. Using default page load timeout: '20'

2022-02-14 15:18:52 - [MESSAGE][PASSED] - Tapped on element 'Object Repository/Tabung/tabungDisableESIRadioBtn'

2022-02-14 15:18:52 - [TEST_STEP][PASSED] - delay(2): Delayed 2 second(s)

2022-02-14 15:18:54 - [MESSAGE][PASSED] - Delayed 2 second(s)

2022-02-14 15:18:54 - [TEST_STEP][PASSED] - tap(findTestObject("Tabung/tabungConfirmationCreateTabungBtn"), 0): Tapped on element 'Object Repository/Tabung/tabungConfirmationCreateTabungBtn'

2022-02-14 15:18:54 - [MESSAGE][WARNING] - Timeout '0' is invalid. Using default page load timeout: '20'

2022-02-14 15:18:55 - [MESSAGE][PASSED] - Tapped on element 'Object Repository/Tabung/tabungConfirmationCreateTabungBtn'

2022-02-14 15:18:55 - [TEST_STEP][PASSED] - delay(3): Delayed 3 second(s)

2022-02-14 15:18:58 - [MESSAGE][PASSED] - Delayed 3 second(s)

2022-02-14 15:18:58 - [TEST_STEP][PASSED] - if (verifyElementVisible(findTestObject("Object Repository/Tabung/tabung_otpNumberPresentTxt"), 0, OPTIONAL)): null

2022-02-14 15:18:58 - [MESSAGE][WARNING] - Timeout '0' is invalid. Using default page load timeout: '20'

2022-02-14 15:18:59 - [MESSAGE][PASSED] - Element 'Object Repository/Tabung/tabung_otpNumberPresentTxt' is visible

2022-02-14 15:18:59 - [TEST_STEP][PASSED] - OTP = getText(findTestObject("Object Repository/Tabung/tabung_otpNumberTxt"), 0): Text of element 'Object Repository/Tabung/tabung_otpNumberTxt' is: 'Your Otp no. is 151371'

2022-02-14 15:18:59 - [MESSAGE][WARNING] - Timeout '0' is invalid. Using default page load timeout: '20'

2022-02-14 15:19:00 - [MESSAGE][PASSED] - Text of element 'Object Repository/Tabung/tabung_otpNumberTxt' is: 'Your Otp no. is 151371'

2022-02-14 15:19:00 - [TEST_STEP][PASSED] - for ([i = 16, i <= 21, (i++)]): null

2022-02-14 15:19:00 - [TEST_STEP][PASSED] - if (OTP[i] == "0"): null

2022-02-14 15:19:00 - [TEST_STEP][PASSED] - if (OTP[i] == "1"): Tapped on element 'Object Repository/Login Onboarding/PIN1'

2022-02-14 15:19:00 - [TEST_STEP][PASSED] - tap(findTestObject("Login Onboarding/PIN1"), 0): Tapped on element 'Object Repository/Login Onboarding/PIN1'

2022-02-14 15:19:00 - [MESSAGE][WARNING] - Timeout '0' is invalid. Using default page load timeout: '20'

2022-02-14 15:19:02 - [MESSAGE][PASSED] - Tapped on element 'Object Repository/Login Onboarding/PIN1'

2022-02-14 15:19:02 - [TEST_STEP][PASSED] - if (OTP[i] == "2"): null

2022-02-14 15:19:02 - [TEST_STEP][PASSED] - if (OTP[i] == "3"): null

2022-02-14 15:19:02 - [TEST_STEP][PASSED] - if (OTP[i] == "4"): null

2022-02-14 15:19:02 - [TEST_STEP][PASSED] - if (OTP[i] == "5"): null

2022-02-14 15:19:02 - [TEST_STEP][PASSED] - if (OTP[i] == "6"): null

2022-02-14 15:19:02 - [TEST_STEP][PASSED] - if (OTP[i] == "7"): null

2022-02-14 15:19:02 - [TEST_STEP][PASSED] - if (OTP[i] == "8"): null

2022-02-14 15:19:02 - [TEST_STEP][PASSED] - if (OTP[i] == "9"): null

2022-02-14 15:19:02 - [TEST_STEP][PASSED] - if (OTP[i] == "0"): null

2022-02-14 15:19:02 - [TEST_STEP][PASSED] - if (OTP[i] == "1"): null

2022-02-14 15:19:02 - [TEST_STEP][PASSED] - if (OTP[i] == "2"): null

2022-02-14 15:19:02 - [TEST_STEP][PASSED] - if (OTP[i] == "3"): null

2022-02-14 15:19:02 - [TEST_STEP][PASSED] - if (OTP[i] == "4"): null

2022-02-14 15:19:02 - [TEST_STEP][PASSED] - if (OTP[i] == "5"): Tapped on element 'Object Repository/Login Onboarding/PIN5'

2022-02-14 15:19:02 - [TEST_STEP][PASSED] - tap(findTestObject("Login Onboarding/PIN5"), 0): Tapped on element 'Object Repository/Login Onboarding/PIN5'

2022-02-14 15:19:02 - [MESSAGE][WARNING] - Timeout '0' is invalid. Using default page load timeout: '20'

2022-02-14 15:19:02 - [MESSAGE][PASSED] - Tapped on element 'Object Repository/Login Onboarding/PIN5'

2022-02-14 15:19:02 - [TEST_STEP][PASSED] - if (OTP[i] == "6"): null

2022-02-14 15:19:02 - [TEST_STEP][PASSED] - if (OTP[i] == "7"): null

2022-02-14 15:19:02 - [TEST_STEP][PASSED] - if (OTP[i] == "8"): null

2022-02-14 15:19:02 - [TEST_STEP][PASSED] - if (OTP[i] == "9"): null

2022-02-14 15:19:02 - [TEST_STEP][PASSED] - if (OTP[i] == "0"): null

2022-02-14 15:19:02 - [TEST_STEP][PASSED] - if (OTP[i] == "1"): Tapped on element 'Object Repository/Login Onboarding/PIN1'

2022-02-14 15:19:02 - [TEST_STEP][PASSED] - tap(findTestObject("Login Onboarding/PIN1"), 0): Tapped on element 'Object Repository/Login Onboarding/PIN1'

2022-02-14 15:19:02 - [MESSAGE][WARNING] - Timeout '0' is invalid. Using default page load timeout: '20'

2022-02-14 15:19:04 - [MESSAGE][PASSED] - Tapped on element 'Object Repository/Login Onboarding/PIN1'

2022-02-14 15:19:04 - [TEST_STEP][PASSED] - if (OTP[i] == "2"): null

2022-02-14 15:19:04 - [TEST_STEP][PASSED] - if (OTP[i] == "3"): null

2022-02-14 15:19:04 - [TEST_STEP][PASSED] - if (OTP[i] == "4"): null

2022-02-14 15:19:04 - [TEST_STEP][PASSED] - if (OTP[i] == "5"): null

2022-02-14 15:19:04 - [TEST_STEP][PASSED] - if (OTP[i] == "6"): null

2022-02-14 15:19:04 - [TEST_STEP][PASSED] - if (OTP[i] == "7"): null

2022-02-14 15:19:04 - [TEST_STEP][PASSED] - if (OTP[i] == "8"): null

2022-02-14 15:19:04 - [TEST_STEP][PASSED] - if (OTP[i] == "9"): null

2022-02-14 15:19:04 - [TEST_STEP][PASSED] - if (OTP[i] == "0"): null

2022-02-14 15:19:04 - [TEST_STEP][PASSED] - if (OTP[i] == "1"): null

2022-02-14 15:19:04 - [TEST_STEP][PASSED] - if (OTP[i] == "2"): null

2022-02-14 15:19:04 - [TEST_STEP][PASSED] - if (OTP[i] == "3"): Tapped on element 'Object Repository/Login Onboarding/PIN3'

2022-02-14 15:19:04 - [TEST_STEP][PASSED] - tap(findTestObject("Login Onboarding/PIN3"), 0): Tapped on element 'Object Repository/Login Onboarding/PIN3'

2022-02-14 15:19:04 - [MESSAGE][WARNING] - Timeout '0' is invalid. Using default page load timeout: '20'

2022-02-14 15:19:06 - [MESSAGE][PASSED] - Tapped on element 'Object Repository/Login Onboarding/PIN3'

2022-02-14 15:19:06 - [TEST_STEP][PASSED] - if (OTP[i] == "4"): null

2022-02-14 15:19:06 - [TEST_STEP][PASSED] - if (OTP[i] == "5"): null

2022-02-14 15:19:06 - [TEST_STEP][PASSED] - if (OTP[i] == "6"): null

2022-02-14 15:19:06 - [TEST_STEP][PASSED] - if (OTP[i] == "7"): null

2022-02-14 15:19:06 - [TEST_STEP][PASSED] - if (OTP[i] == "8"): null

2022-02-14 15:19:06 - [TEST_STEP][PASSED] - if (OTP[i] == "9"): null

2022-02-14 15:19:06 - [TEST_STEP][PASSED] - if (OTP[i] == "0"): null

2022-02-14 15:19:06 - [TEST_STEP][PASSED] - if (OTP[i] == "1"): null

2022-02-14 15:19:06 - [TEST_STEP][PASSED] - if (OTP[i] == "2"): null

2022-02-14 15:19:06 - [TEST_STEP][PASSED] - if (OTP[i] == "3"): null

2022-02-14 15:19:06 - [TEST_STEP][PASSED] - if (OTP[i] == "4"): null

2022-02-14 15:19:06 - [TEST_STEP][PASSED] - if (OTP[i] == "5"): null

2022-02-14 15:19:06 - [TEST_STEP][PASSED] - if (OTP[i] == "6"): null

2022-02-14 15:19:06 - [TEST_STEP][PASSED] - if (OTP[i] == "7"): Tapped on element 'Object Repository/Login Onboarding/PIN7'

2022-02-14 15:19:06 - [TEST_STEP][PASSED] - tap(findTestObject("Login Onboarding/PIN7"), 0): Tapped on element 'Object Repository/Login Onboarding/PIN7'

2022-02-14 15:19:06 - [MESSAGE][WARNING] - Timeout '0' is invalid. Using default page load timeout: '20'

2022-02-14 15:19:08 - [MESSAGE][PASSED] - Tapped on element 'Object Repository/Login Onboarding/PIN7'

2022-02-14 15:19:08 - [TEST_STEP][PASSED] - if (OTP[i] == "8"): null

2022-02-14 15:19:08 - [TEST_STEP][PASSED] - if (OTP[i] == "9"): null

2022-02-14 15:19:08 - [TEST_STEP][PASSED] - if (OTP[i] == "0"): null

2022-02-14 15:19:08 - [TEST_STEP][PASSED] - if (OTP[i] == "1"): Tapped on element 'Object Repository/Login Onboarding/PIN1'

2022-02-14 15:19:08 - [TEST_STEP][PASSED] - tap(findTestObject("Login Onboarding/PIN1"), 0): Tapped on element 'Object Repository/Login Onboarding/PIN1'

2022-02-14 15:19:08 - [MESSAGE][WARNING] - Timeout '0' is invalid. Using default page load timeout: '20'

2022-02-14 15:19:10 - [MESSAGE][PASSED] - Tapped on element 'Object Repository/Login Onboarding/PIN1'

2022-02-14 15:19:10 - [TEST_STEP][PASSED] - if (OTP[i] == "2"): null

2022-02-14 15:19:10 - [TEST_STEP][PASSED] - if (OTP[i] == "3"): null

2022-02-14 15:19:10 - [TEST_STEP][PASSED] - if (OTP[i] == "4"): null

2022-02-14 15:19:10 - [TEST_STEP][PASSED] - if (OTP[i] == "5"): null

2022-02-14 15:19:10 - [TEST_STEP][PASSED] - if (OTP[i] == "6"): null

2022-02-14 15:19:10 - [TEST_STEP][PASSED] - if (OTP[i] == "7"): null

2022-02-14 15:19:10 - [TEST_STEP][PASSED] - if (OTP[i] == "8"): null

2022-02-14 15:19:10 - [TEST_STEP][PASSED] - if (OTP[i] == "9"): null

2022-02-14 15:19:10 - [TEST_STEP][PASSED] - delay(3): Delayed 3 second(s)

2022-02-14 15:19:13 - [MESSAGE][PASSED] - Delayed 3 second(s)

2022-02-14 15:19:13 - [TEST_STEP][PASSED] - tap(findTestObject("Object Repository/Tabung/tabung_otpTacTickButton"), 0): Tapped on element 'Object Repository/Tabung/tabung_otpTacTickButton'

2022-02-14 15:19:13 - [MESSAGE][WARNING] - Timeout '0' is invalid. Using default page load timeout: '20'

2022-02-14 15:19:14 - [MESSAGE][PASSED] - Tapped on element 'Object Repository/Tabung/tabung_otpTacTickButton'

2022-02-14 15:19:14 - [TEST_STEP][PASSED] - verifyElementVisible(findTestObject("Main/mainDoneBtn"), 0): Element 'Object Repository/Main/mainDoneBtn' is visible

2022-02-14 15:19:14 - [MESSAGE][WARNING] - Timeout '0' is invalid. Using default page load timeout: '20'

2022-02-14 15:19:19 - [MESSAGE][PASSED] - Element 'Object Repository/Main/mainDoneBtn' is visible

2022-02-14 15:19:19 - [TEST_STEP][PASSED] - tap(findTestObject("Main/mainDoneBtn"), 0): Tapped on element 'Object Repository/Main/mainDoneBtn'

2022-02-14 15:19:19 - [MESSAGE][WARNING] - Timeout '0' is invalid. Using default page load timeout: '20'

2022-02-14 15:19:19 - [MESSAGE][PASSED] - Tapped on element 'Object Repository/Main/mainDoneBtn'

2022-02-14 15:19:19 - [TEST_STEP][PASSED] - delay(5): Delayed 5 second(s)

2022-02-14 15:19:24 - [MESSAGE][PASSED] - Delayed 5 second(s)]]></system-out>
         <system-err><![CDATA[]]></system-err>
      </testcase>
      <testcase name="Test Cases/Tabung/tabung_fundTabungCreatorOnly" time="105.731" classname="Test Cases/Tabung/tabung_fundTabungCreatorOnly" status="PASSED">
         <system-out><![CDATA[2022-02-14 15:19:24 - [TEST_CASE][PASSED] - Test Cases/Tabung/tabung_fundTabungCreatorOnly: Test Cases/Tabung/tabung_fundTabungCreatorOnly

2022-02-14 15:19:25 - [TEST_STEP][PASSED] - try: Delayed 5 second(s)

2022-02-14 15:19:25 - [TEST_STEP][PASSED] - if (verifyElementVisible(findTestObject("Main/mainEnterPINMessage"), 0, OPTIONAL)): Element 'Object Repository/Main/mainEnterPINMessage' not found

2022-02-14 15:19:25 - [MESSAGE][WARNING] - Timeout '0' is invalid. Using default page load timeout: '20'

2022-02-14 15:19:45 - [MESSAGE][WARNING] - Element 'Object Repository/Main/mainEnterPINMessage' not found

2022-02-14 15:19:45 - [TEST_STEP][PASSED] - delay(2): Delayed 2 second(s)

2022-02-14 15:19:47 - [MESSAGE][PASSED] - Delayed 2 second(s)

2022-02-14 15:19:47 - [TEST_STEP][PASSED] - tap(findTestObject("Tabung/tabungNameSelection", ["text":tabungName]), 10): Tapped on element 'Object Repository/Tabung/tabungNameSelection'

2022-02-14 15:19:48 - [MESSAGE][PASSED] - Tapped on element 'Object Repository/Tabung/tabungNameSelection'

2022-02-14 15:19:48 - [TEST_STEP][PASSED] - tap(findTestObject("Tabung/tabungThreeDotsBtn"), 0): Tapped on element 'Object Repository/Tabung/tabungThreeDotsBtn'

2022-02-14 15:19:49 - [MESSAGE][WARNING] - Timeout '0' is invalid. Using default page load timeout: '20'

2022-02-14 15:19:50 - [MESSAGE][PASSED] - Tapped on element 'Object Repository/Tabung/tabungThreeDotsBtn'

2022-02-14 15:19:50 - [TEST_STEP][PASSED] - tap(findTestObject("Tabung/tabungThreeDotsFundBtn"), 0): Tapped on element 'Object Repository/Tabung/tabungThreeDotsFundBtn'

2022-02-14 15:19:50 - [MESSAGE][WARNING] - Timeout '0' is invalid. Using default page load timeout: '20'

2022-02-14 15:19:52 - [MESSAGE][PASSED] - Tapped on element 'Object Repository/Tabung/tabungThreeDotsFundBtn'

2022-02-14 15:19:52 - [TEST_STEP][PASSED] - delay(2): Delayed 2 second(s)

2022-02-14 15:19:54 - [MESSAGE][PASSED] - Delayed 2 second(s)

2022-02-14 15:19:54 - [TEST_STEP][PASSED] - tap(findTestObject("Login Onboarding/PIN2"), 0): Tapped on element 'Object Repository/Login Onboarding/PIN2'

2022-02-14 15:19:54 - [MESSAGE][WARNING] - Timeout '0' is invalid. Using default page load timeout: '20'

2022-02-14 15:19:55 - [MESSAGE][PASSED] - Tapped on element 'Object Repository/Login Onboarding/PIN2'

2022-02-14 15:19:55 - [TEST_STEP][PASSED] - delay(2): Delayed 2 second(s)

2022-02-14 15:19:57 - [MESSAGE][PASSED] - Delayed 2 second(s)

2022-02-14 15:19:57 - [TEST_STEP][PASSED] - tap(findTestObject("Tabung/tabungFundAmountTickBtn"), 0): Tapped on element 'Object Repository/Tabung/tabungFundAmountTickBtn'

2022-02-14 15:19:57 - [MESSAGE][WARNING] - Timeout '0' is invalid. Using default page load timeout: '20'

2022-02-14 15:19:58 - [MESSAGE][PASSED] - Tapped on element 'Object Repository/Tabung/tabungFundAmountTickBtn'

2022-02-14 15:19:58 - [TEST_STEP][PASSED] - delay(2): Delayed 2 second(s)

2022-02-14 15:20:00 - [MESSAGE][PASSED] - Delayed 2 second(s)

2022-02-14 15:20:00 - [TEST_STEP][PASSED] - if (verifyElementVisible(findTestObject("Tabung/tabungEnterPasswordTxt"), 0, OPTIONAL)): Element 'Object Repository/Tabung/tabungEnterPasswordTxt' not found

2022-02-14 15:20:00 - [MESSAGE][WARNING] - Timeout '0' is invalid. Using default page load timeout: '20'

2022-02-14 15:20:20 - [MESSAGE][WARNING] - Element 'Object Repository/Tabung/tabungEnterPasswordTxt' not found

2022-02-14 15:20:20 - [TEST_STEP][PASSED] - delay(10): Delayed 10 second(s)

2022-02-14 15:20:30 - [MESSAGE][PASSED] - Delayed 10 second(s)

2022-02-14 15:20:30 - [TEST_STEP][PASSED] - tap(findTestObject("Tabung/tabungFundTabungBtn"), 0): Tapped on element 'Object Repository/Tabung/tabungFundTabungBtn'

2022-02-14 15:20:30 - [MESSAGE][WARNING] - Timeout '0' is invalid. Using default page load timeout: '20'

2022-02-14 15:20:31 - [MESSAGE][PASSED] - Tapped on element 'Object Repository/Tabung/tabungFundTabungBtn'

2022-02-14 15:20:31 - [TEST_STEP][PASSED] - if (verifyElementVisible(findTestObject("Object Repository/Festive Season/festiveReturnAngpaoTACNoTxt"), 0, OPTIONAL)): null

2022-02-14 15:20:31 - [MESSAGE][WARNING] - Timeout '0' is invalid. Using default page load timeout: '20'

2022-02-14 15:20:35 - [MESSAGE][PASSED] - Element 'Object Repository/Festive Season/festiveReturnAngpaoTACNoTxt' is visible

2022-02-14 15:20:35 - [TEST_STEP][PASSED] - OTP = getText(findTestObject("Object Repository/Festive Season/festiveReturnAngpaoTACNoTxt"), 0): Text of element 'Object Repository/Festive Season/festiveReturnAngpaoTACNoTxt' is: 'Your TAC no. is 197840'

2022-02-14 15:20:35 - [MESSAGE][WARNING] - Timeout '0' is invalid. Using default page load timeout: '20'

2022-02-14 15:20:35 - [MESSAGE][PASSED] - Text of element 'Object Repository/Festive Season/festiveReturnAngpaoTACNoTxt' is: 'Your TAC no. is 197840'

2022-02-14 15:20:35 - [TEST_STEP][PASSED] - delay(2): Delayed 2 second(s)

2022-02-14 15:20:37 - [MESSAGE][PASSED] - Delayed 2 second(s)

2022-02-14 15:20:37 - [TEST_STEP][PASSED] - for ([i = 16, i <= 21, (i++)]): null

2022-02-14 15:20:37 - [TEST_STEP][PASSED] - if (OTP[i] == "0"): null

2022-02-14 15:20:37 - [TEST_STEP][PASSED] - if (OTP[i] == "1"): Tapped on element 'Object Repository/Login Onboarding/PIN1'

2022-02-14 15:20:37 - [TEST_STEP][PASSED] - tap(findTestObject("Login Onboarding/PIN1"), 0): Tapped on element 'Object Repository/Login Onboarding/PIN1'

2022-02-14 15:20:37 - [MESSAGE][WARNING] - Timeout '0' is invalid. Using default page load timeout: '20'

2022-02-14 15:20:38 - [MESSAGE][PASSED] - Tapped on element 'Object Repository/Login Onboarding/PIN1'

2022-02-14 15:20:38 - [TEST_STEP][PASSED] - if (OTP[i] == "2"): null

2022-02-14 15:20:38 - [TEST_STEP][PASSED] - if (OTP[i] == "3"): null

2022-02-14 15:20:38 - [TEST_STEP][PASSED] - if (OTP[i] == "4"): null

2022-02-14 15:20:38 - [TEST_STEP][PASSED] - if (OTP[i] == "5"): null

2022-02-14 15:20:38 - [TEST_STEP][PASSED] - if (OTP[i] == "6"): null

2022-02-14 15:20:38 - [TEST_STEP][PASSED] - if (OTP[i] == "7"): null

2022-02-14 15:20:38 - [TEST_STEP][PASSED] - if (OTP[i] == "8"): null

2022-02-14 15:20:38 - [TEST_STEP][PASSED] - if (OTP[i] == "9"): null

2022-02-14 15:20:38 - [TEST_STEP][PASSED] - if (OTP[i] == "0"): null

2022-02-14 15:20:38 - [TEST_STEP][PASSED] - if (OTP[i] == "1"): null

2022-02-14 15:20:38 - [TEST_STEP][PASSED] - if (OTP[i] == "2"): null

2022-02-14 15:20:38 - [TEST_STEP][PASSED] - if (OTP[i] == "3"): null

2022-02-14 15:20:38 - [TEST_STEP][PASSED] - if (OTP[i] == "4"): null

2022-02-14 15:20:38 - [TEST_STEP][PASSED] - if (OTP[i] == "5"): null

2022-02-14 15:20:38 - [TEST_STEP][PASSED] - if (OTP[i] == "6"): null

2022-02-14 15:20:38 - [TEST_STEP][PASSED] - if (OTP[i] == "7"): null

2022-02-14 15:20:38 - [TEST_STEP][PASSED] - if (OTP[i] == "8"): null

2022-02-14 15:20:38 - [TEST_STEP][PASSED] - if (OTP[i] == "9"): Tapped on element 'Object Repository/Login Onboarding/PIN9'

2022-02-14 15:20:38 - [TEST_STEP][PASSED] - tap(findTestObject("Login Onboarding/PIN9"), 0): Tapped on element 'Object Repository/Login Onboarding/PIN9'

2022-02-14 15:20:38 - [MESSAGE][WARNING] - Timeout '0' is invalid. Using default page load timeout: '20'

2022-02-14 15:20:41 - [MESSAGE][PASSED] - Tapped on element 'Object Repository/Login Onboarding/PIN9'

2022-02-14 15:20:41 - [TEST_STEP][PASSED] - if (OTP[i] == "0"): null

2022-02-14 15:20:41 - [TEST_STEP][PASSED] - if (OTP[i] == "1"): null

2022-02-14 15:20:41 - [TEST_STEP][PASSED] - if (OTP[i] == "2"): null

2022-02-14 15:20:41 - [TEST_STEP][PASSED] - if (OTP[i] == "3"): null

2022-02-14 15:20:41 - [TEST_STEP][PASSED] - if (OTP[i] == "4"): null

2022-02-14 15:20:41 - [TEST_STEP][PASSED] - if (OTP[i] == "5"): null

2022-02-14 15:20:41 - [TEST_STEP][PASSED] - if (OTP[i] == "6"): null

2022-02-14 15:20:41 - [TEST_STEP][PASSED] - if (OTP[i] == "7"): Tapped on element 'Object Repository/Login Onboarding/PIN7'

2022-02-14 15:20:41 - [TEST_STEP][PASSED] - tap(findTestObject("Login Onboarding/PIN7"), 0): Tapped on element 'Object Repository/Login Onboarding/PIN7'

2022-02-14 15:20:41 - [MESSAGE][WARNING] - Timeout '0' is invalid. Using default page load timeout: '20'

2022-02-14 15:20:43 - [MESSAGE][PASSED] - Tapped on element 'Object Repository/Login Onboarding/PIN7'

2022-02-14 15:20:43 - [TEST_STEP][PASSED] - if (OTP[i] == "8"): null

2022-02-14 15:20:43 - [TEST_STEP][PASSED] - if (OTP[i] == "9"): null

2022-02-14 15:20:43 - [TEST_STEP][PASSED] - if (OTP[i] == "0"): null

2022-02-14 15:20:43 - [TEST_STEP][PASSED] - if (OTP[i] == "1"): null

2022-02-14 15:20:43 - [TEST_STEP][PASSED] - if (OTP[i] == "2"): null

2022-02-14 15:20:43 - [TEST_STEP][PASSED] - if (OTP[i] == "3"): null

2022-02-14 15:20:43 - [TEST_STEP][PASSED] - if (OTP[i] == "4"): null

2022-02-14 15:20:43 - [TEST_STEP][PASSED] - if (OTP[i] == "5"): null

2022-02-14 15:20:43 - [TEST_STEP][PASSED] - if (OTP[i] == "6"): null

2022-02-14 15:20:43 - [TEST_STEP][PASSED] - if (OTP[i] == "7"): null

2022-02-14 15:20:43 - [TEST_STEP][PASSED] - if (OTP[i] == "8"): Tapped on element 'Object Repository/Login Onboarding/PIN8'

2022-02-14 15:20:43 - [TEST_STEP][PASSED] - tap(findTestObject("Login Onboarding/PIN8"), 0): Tapped on element 'Object Repository/Login Onboarding/PIN8'

2022-02-14 15:20:43 - [MESSAGE][WARNING] - Timeout '0' is invalid. Using default page load timeout: '20'

2022-02-14 15:20:45 - [MESSAGE][PASSED] - Tapped on element 'Object Repository/Login Onboarding/PIN8'

2022-02-14 15:20:45 - [TEST_STEP][PASSED] - if (OTP[i] == "9"): null

2022-02-14 15:20:45 - [TEST_STEP][PASSED] - if (OTP[i] == "0"): null

2022-02-14 15:20:45 - [TEST_STEP][PASSED] - if (OTP[i] == "1"): null

2022-02-14 15:20:45 - [TEST_STEP][PASSED] - if (OTP[i] == "2"): null

2022-02-14 15:20:45 - [TEST_STEP][PASSED] - if (OTP[i] == "3"): null

2022-02-14 15:20:45 - [TEST_STEP][PASSED] - if (OTP[i] == "4"): Tapped on element 'Object Repository/Login Onboarding/PIN4'

2022-02-14 15:20:45 - [TEST_STEP][PASSED] - tap(findTestObject("Login Onboarding/PIN4"), 0): Tapped on element 'Object Repository/Login Onboarding/PIN4'

2022-02-14 15:20:45 - [MESSAGE][WARNING] - Timeout '0' is invalid. Using default page load timeout: '20'

2022-02-14 15:20:47 - [MESSAGE][PASSED] - Tapped on element 'Object Repository/Login Onboarding/PIN4'

2022-02-14 15:20:47 - [TEST_STEP][PASSED] - if (OTP[i] == "5"): null

2022-02-14 15:20:47 - [TEST_STEP][PASSED] - if (OTP[i] == "6"): null

2022-02-14 15:20:47 - [TEST_STEP][PASSED] - if (OTP[i] == "7"): null

2022-02-14 15:20:47 - [TEST_STEP][PASSED] - if (OTP[i] == "8"): null

2022-02-14 15:20:47 - [TEST_STEP][PASSED] - if (OTP[i] == "9"): null

2022-02-14 15:20:47 - [TEST_STEP][PASSED] - if (OTP[i] == "0"): Tapped on element 'Object Repository/Login Onboarding/PIN0'

2022-02-14 15:20:47 - [TEST_STEP][PASSED] - tap(findTestObject("Login Onboarding/PIN0"), 0): Tapped on element 'Object Repository/Login Onboarding/PIN0'

2022-02-14 15:20:47 - [MESSAGE][WARNING] - Timeout '0' is invalid. Using default page load timeout: '20'

2022-02-14 15:20:49 - [MESSAGE][PASSED] - Tapped on element 'Object Repository/Login Onboarding/PIN0'

2022-02-14 15:20:49 - [TEST_STEP][PASSED] - if (OTP[i] == "1"): null

2022-02-14 15:20:49 - [TEST_STEP][PASSED] - if (OTP[i] == "2"): null

2022-02-14 15:20:49 - [TEST_STEP][PASSED] - if (OTP[i] == "3"): null

2022-02-14 15:20:49 - [TEST_STEP][PASSED] - if (OTP[i] == "4"): null

2022-02-14 15:20:49 - [TEST_STEP][PASSED] - if (OTP[i] == "5"): null

2022-02-14 15:20:49 - [TEST_STEP][PASSED] - if (OTP[i] == "6"): null

2022-02-14 15:20:49 - [TEST_STEP][PASSED] - if (OTP[i] == "7"): null

2022-02-14 15:20:49 - [TEST_STEP][PASSED] - if (OTP[i] == "8"): null

2022-02-14 15:20:49 - [TEST_STEP][PASSED] - if (OTP[i] == "9"): null

2022-02-14 15:20:49 - [TEST_STEP][PASSED] - delay(3): Delayed 3 second(s)

2022-02-14 15:20:52 - [MESSAGE][PASSED] - Delayed 3 second(s)

2022-02-14 15:20:52 - [TEST_STEP][PASSED] - tap(findTestObject("Festive Season/festiveReturnAngpaoTickBtn"), 0): Tapped on element 'Object Repository/Festive Season/festiveReturnAngpaoTickBtn'

2022-02-14 15:20:52 - [MESSAGE][WARNING] - Timeout '0' is invalid. Using default page load timeout: '20'

2022-02-14 15:20:53 - [MESSAGE][PASSED] - Tapped on element 'Object Repository/Festive Season/festiveReturnAngpaoTickBtn'

2022-02-14 15:20:53 - [TEST_STEP][PASSED] - delay(3): Delayed 3 second(s)

2022-02-14 15:20:56 - [MESSAGE][PASSED] - Delayed 3 second(s)

2022-02-14 15:20:56 - [TEST_STEP][PASSED] - verifyElementText(findTestObject("Tabung/tabungFundSummaryTopupSuccesfullTxt"), "Topup Successful"): Actual text and expected text of test object 'Object Repository/Tabung/tabungFundSummaryTopupSuccesfullTxt' are matched.

2022-02-14 15:21:00 - [MESSAGE][PASSED] - Actual text and expected text of test object 'Object Repository/Tabung/tabungFundSummaryTopupSuccesfullTxt' are matched.

2022-02-14 15:21:00 - [TEST_STEP][PASSED] - delay(3): Delayed 3 second(s)

2022-02-14 15:21:03 - [MESSAGE][PASSED] - Delayed 3 second(s)

2022-02-14 15:21:03 - [TEST_STEP][PASSED] - verifyElementExist(findTestObject("Main/mainDoneBtn"), 0): Element 'Object Repository/Main/mainDoneBtn' is exist

2022-02-14 15:21:03 - [MESSAGE][WARNING] - Timeout '0' is invalid. Using default page load timeout: '20'

2022-02-14 15:21:05 - [MESSAGE][PASSED] - Element 'Object Repository/Main/mainDoneBtn' is exist

2022-02-14 15:21:05 - [TEST_STEP][PASSED] - tap(findTestObject("Main/mainDoneBtn"), 0): Tapped on element 'Object Repository/Main/mainDoneBtn'

2022-02-14 15:21:05 - [MESSAGE][WARNING] - Timeout '0' is invalid. Using default page load timeout: '20'

2022-02-14 15:21:05 - [MESSAGE][PASSED] - Tapped on element 'Object Repository/Main/mainDoneBtn'

2022-02-14 15:21:05 - [TEST_STEP][PASSED] - delay(5): Delayed 5 second(s)

2022-02-14 15:21:10 - [MESSAGE][PASSED] - Delayed 5 second(s)]]></system-out>
         <system-err><![CDATA[]]></system-err>
      </testcase>
      <testcase name="Test Cases/Tabung/tabung_withdrawTabung" time="100.041" classname="Test Cases/Tabung/tabung_withdrawTabung" status="PASSED">
         <system-out><![CDATA[2022-02-14 15:21:10 - [TEST_CASE][PASSED] - Test Cases/Tabung/tabung_withdrawTabung: Test Cases/Tabung/tabung_withdrawTabung

2022-02-14 15:21:10 - [TEST_STEP][PASSED] - delay(3): Delayed 3 second(s)

2022-02-14 15:21:13 - [MESSAGE][PASSED] - Delayed 3 second(s)

2022-02-14 15:21:13 - [TEST_STEP][PASSED] - if (getDeviceManufacturer() == "samsung"): null

2022-02-14 15:21:13 - [MESSAGE][PASSED] - Device manufacturer is: 'samsung'

2022-02-14 15:21:13 - [TEST_STEP][PASSED] - tapAtPosition(1250, 2667): Tapped at [1,250, 2,667]

2022-02-14 15:21:14 - [MESSAGE][PASSED] - Tapped at [1,250, 2,667]

2022-02-14 15:21:14 - [TEST_STEP][PASSED] - tapAtPosition(1250, 2667): Tapped at [1,250, 2,667]

2022-02-14 15:21:14 - [MESSAGE][PASSED] - Tapped at [1,250, 2,667]

2022-02-14 15:21:14 - [TEST_STEP][PASSED] - waitForElementPresent(findTestObject("Tabung/moreTabungIconSelect"), 0): Element 'Object Repository/Tabung/moreTabungIconSelect' is present

2022-02-14 15:21:14 - [MESSAGE][WARNING] - Timeout '0' is invalid. Using default page load timeout: '20'

2022-02-14 15:21:14 - [MESSAGE][PASSED] - Element 'Object Repository/Tabung/moreTabungIconSelect' is present

2022-02-14 15:21:14 - [TEST_STEP][PASSED] - tap(findTestObject("Tabung/moreTabungIconSelect"), 0): Tapped on element 'Object Repository/Tabung/moreTabungIconSelect'

2022-02-14 15:21:14 - [MESSAGE][WARNING] - Timeout '0' is invalid. Using default page load timeout: '20'

2022-02-14 15:21:15 - [MESSAGE][PASSED] - Tapped on element 'Object Repository/Tabung/moreTabungIconSelect'

2022-02-14 15:21:15 - [TEST_STEP][PASSED] - if (verifyElementVisible(findTestObject("Main/mainEnterPINMessage"), 0, OPTIONAL)): Element 'Object Repository/Main/mainEnterPINMessage' not found

2022-02-14 15:21:15 - [MESSAGE][WARNING] - Timeout '0' is invalid. Using default page load timeout: '20'

2022-02-14 15:21:35 - [MESSAGE][WARNING] - Element 'Object Repository/Main/mainEnterPINMessage' not found

2022-02-14 15:21:35 - [TEST_STEP][PASSED] - delay(2): Delayed 2 second(s)

2022-02-14 15:21:37 - [MESSAGE][PASSED] - Delayed 2 second(s)

2022-02-14 15:21:37 - [TEST_STEP][PASSED] - tap(findTestObject("Tabung/tabungNameSelection", ["text":"Switzerland"]), 10): Tapped on element 'Object Repository/Tabung/tabungNameSelection'

2022-02-14 15:21:37 - [MESSAGE][PASSED] - Tapped on element 'Object Repository/Tabung/tabungNameSelection'

2022-02-14 15:21:37 - [TEST_STEP][PASSED] - tap(findTestObject("Tabung/tabungThreeDotsBtn"), 0): Tapped on element 'Object Repository/Tabung/tabungThreeDotsBtn'

2022-02-14 15:21:37 - [MESSAGE][WARNING] - Timeout '0' is invalid. Using default page load timeout: '20'

2022-02-14 15:21:38 - [MESSAGE][PASSED] - Tapped on element 'Object Repository/Tabung/tabungThreeDotsBtn'

2022-02-14 15:21:38 - [TEST_STEP][PASSED] - tap(findTestObject("Tabung/tabungWithdrawFundBtn"), 0): Tapped on element 'Object Repository/Tabung/tabungWithdrawFundBtn'

2022-02-14 15:21:38 - [MESSAGE][WARNING] - Timeout '0' is invalid. Using default page load timeout: '20'

2022-02-14 15:21:40 - [MESSAGE][PASSED] - Tapped on element 'Object Repository/Tabung/tabungWithdrawFundBtn'

2022-02-14 15:21:40 - [TEST_STEP][PASSED] - delay(2): Delayed 2 second(s)

2022-02-14 15:21:42 - [MESSAGE][PASSED] - Delayed 2 second(s)

2022-02-14 15:21:42 - [TEST_STEP][PASSED] - tap(findTestObject("Tabung/tabungWithdrawConfirmBtn"), 0): Tapped on element 'Object Repository/Tabung/tabungWithdrawConfirmBtn'

2022-02-14 15:21:42 - [MESSAGE][WARNING] - Timeout '0' is invalid. Using default page load timeout: '20'

2022-02-14 15:21:42 - [MESSAGE][PASSED] - Tapped on element 'Object Repository/Tabung/tabungWithdrawConfirmBtn'

2022-02-14 15:21:42 - [TEST_STEP][PASSED] - delay(2): Delayed 2 second(s)

2022-02-14 15:21:44 - [MESSAGE][PASSED] - Delayed 2 second(s)

2022-02-14 15:21:44 - [TEST_STEP][PASSED] - tap(findTestObject("Login Onboarding/PIN1"), 0): Tapped on element 'Object Repository/Login Onboarding/PIN1'

2022-02-14 15:21:44 - [MESSAGE][WARNING] - Timeout '0' is invalid. Using default page load timeout: '20'

2022-02-14 15:21:45 - [MESSAGE][PASSED] - Tapped on element 'Object Repository/Login Onboarding/PIN1'

2022-02-14 15:21:45 - [TEST_STEP][PASSED] - delay(2): Delayed 2 second(s)

2022-02-14 15:21:47 - [MESSAGE][PASSED] - Delayed 2 second(s)

2022-02-14 15:21:47 - [TEST_STEP][PASSED] - tap(findTestObject("Tabung/tabungFundAmountTickBtn"), 0): Tapped on element 'Object Repository/Tabung/tabungFundAmountTickBtn'

2022-02-14 15:21:47 - [MESSAGE][WARNING] - Timeout '0' is invalid. Using default page load timeout: '20'

2022-02-14 15:21:47 - [MESSAGE][PASSED] - Tapped on element 'Object Repository/Tabung/tabungFundAmountTickBtn'

2022-02-14 15:21:47 - [TEST_STEP][PASSED] - delay(2): Delayed 2 second(s)

2022-02-14 15:21:49 - [MESSAGE][PASSED] - Delayed 2 second(s)

2022-02-14 15:21:49 - [TEST_STEP][PASSED] - if (verifyElementVisible(findTestObject("Tabung/tabungEnterPasswordTxt"), 0, OPTIONAL)): Element 'Object Repository/Tabung/tabungEnterPasswordTxt' not found

2022-02-14 15:21:49 - [MESSAGE][WARNING] - Timeout '0' is invalid. Using default page load timeout: '20'

2022-02-14 15:22:09 - [MESSAGE][WARNING] - Element 'Object Repository/Tabung/tabungEnterPasswordTxt' not found

2022-02-14 15:22:09 - [TEST_STEP][PASSED] - tap(findTestObject("Tabung/tabungWithdrawFundBtn"), 0): Tapped on element 'Object Repository/Tabung/tabungWithdrawFundBtn'

2022-02-14 15:22:09 - [MESSAGE][WARNING] - Timeout '0' is invalid. Using default page load timeout: '20'

2022-02-14 15:22:10 - [MESSAGE][PASSED] - Tapped on element 'Object Repository/Tabung/tabungWithdrawFundBtn'

2022-02-14 15:22:10 - [TEST_STEP][PASSED] - delay(3): Delayed 3 second(s)

2022-02-14 15:22:13 - [MESSAGE][PASSED] - Delayed 3 second(s)

2022-02-14 15:22:13 - [TEST_STEP][PASSED] - if (verifyElementVisible(findTestObject("Object Repository/Festive Season/festiveReturnAngpaoTACNoTxt"), 0, OPTIONAL)): null

2022-02-14 15:22:13 - [MESSAGE][WARNING] - Timeout '0' is invalid. Using default page load timeout: '20'

2022-02-14 15:22:15 - [MESSAGE][PASSED] - Element 'Object Repository/Festive Season/festiveReturnAngpaoTACNoTxt' is visible

2022-02-14 15:22:15 - [TEST_STEP][PASSED] - OTP = getText(findTestObject("Object Repository/Festive Season/festiveReturnAngpaoTACNoTxt"), 0): Text of element 'Object Repository/Festive Season/festiveReturnAngpaoTACNoTxt' is: 'Your TAC no. is 585431'

2022-02-14 15:22:15 - [MESSAGE][WARNING] - Timeout '0' is invalid. Using default page load timeout: '20'

2022-02-14 15:22:15 - [MESSAGE][PASSED] - Text of element 'Object Repository/Festive Season/festiveReturnAngpaoTACNoTxt' is: 'Your TAC no. is 585431'

2022-02-14 15:22:15 - [TEST_STEP][PASSED] - delay(2): Delayed 2 second(s)

2022-02-14 15:22:17 - [MESSAGE][PASSED] - Delayed 2 second(s)

2022-02-14 15:22:17 - [TEST_STEP][PASSED] - for ([i = 16, i <= 21, (i++)]): null

2022-02-14 15:22:17 - [TEST_STEP][PASSED] - if (OTP[i] == "0"): null

2022-02-14 15:22:17 - [TEST_STEP][PASSED] - if (OTP[i] == "1"): null

2022-02-14 15:22:17 - [TEST_STEP][PASSED] - if (OTP[i] == "2"): null

2022-02-14 15:22:17 - [TEST_STEP][PASSED] - if (OTP[i] == "3"): null

2022-02-14 15:22:17 - [TEST_STEP][PASSED] - if (OTP[i] == "4"): null

2022-02-14 15:22:17 - [TEST_STEP][PASSED] - if (OTP[i] == "5"): Tapped on element 'Object Repository/Login Onboarding/PIN5'

2022-02-14 15:22:17 - [TEST_STEP][PASSED] - tap(findTestObject("Login Onboarding/PIN5"), 0): Tapped on element 'Object Repository/Login Onboarding/PIN5'

2022-02-14 15:22:18 - [MESSAGE][WARNING] - Timeout '0' is invalid. Using default page load timeout: '20'

2022-02-14 15:22:18 - [MESSAGE][PASSED] - Tapped on element 'Object Repository/Login Onboarding/PIN5'

2022-02-14 15:22:18 - [TEST_STEP][PASSED] - if (OTP[i] == "6"): null

2022-02-14 15:22:18 - [TEST_STEP][PASSED] - if (OTP[i] == "7"): null

2022-02-14 15:22:18 - [TEST_STEP][PASSED] - if (OTP[i] == "8"): null

2022-02-14 15:22:18 - [TEST_STEP][PASSED] - if (OTP[i] == "9"): null

2022-02-14 15:22:18 - [TEST_STEP][PASSED] - if (OTP[i] == "0"): null

2022-02-14 15:22:18 - [TEST_STEP][PASSED] - if (OTP[i] == "1"): null

2022-02-14 15:22:18 - [TEST_STEP][PASSED] - if (OTP[i] == "2"): null

2022-02-14 15:22:18 - [TEST_STEP][PASSED] - if (OTP[i] == "3"): null

2022-02-14 15:22:18 - [TEST_STEP][PASSED] - if (OTP[i] == "4"): null

2022-02-14 15:22:18 - [TEST_STEP][PASSED] - if (OTP[i] == "5"): null

2022-02-14 15:22:18 - [TEST_STEP][PASSED] - if (OTP[i] == "6"): null

2022-02-14 15:22:18 - [TEST_STEP][PASSED] - if (OTP[i] == "7"): null

2022-02-14 15:22:18 - [TEST_STEP][PASSED] - if (OTP[i] == "8"): Tapped on element 'Object Repository/Login Onboarding/PIN8'

2022-02-14 15:22:18 - [TEST_STEP][PASSED] - tap(findTestObject("Login Onboarding/PIN8"), 0): Tapped on element 'Object Repository/Login Onboarding/PIN8'

2022-02-14 15:22:18 - [MESSAGE][WARNING] - Timeout '0' is invalid. Using default page load timeout: '20'

2022-02-14 15:22:21 - [MESSAGE][PASSED] - Tapped on element 'Object Repository/Login Onboarding/PIN8'

2022-02-14 15:22:21 - [TEST_STEP][PASSED] - if (OTP[i] == "9"): null

2022-02-14 15:22:21 - [TEST_STEP][PASSED] - if (OTP[i] == "0"): null

2022-02-14 15:22:21 - [TEST_STEP][PASSED] - if (OTP[i] == "1"): null

2022-02-14 15:22:21 - [TEST_STEP][PASSED] - if (OTP[i] == "2"): null

2022-02-14 15:22:21 - [TEST_STEP][PASSED] - if (OTP[i] == "3"): null

2022-02-14 15:22:21 - [TEST_STEP][PASSED] - if (OTP[i] == "4"): null

2022-02-14 15:22:21 - [TEST_STEP][PASSED] - if (OTP[i] == "5"): Tapped on element 'Object Repository/Login Onboarding/PIN5'

2022-02-14 15:22:21 - [TEST_STEP][PASSED] - tap(findTestObject("Login Onboarding/PIN5"), 0): Tapped on element 'Object Repository/Login Onboarding/PIN5'

2022-02-14 15:22:21 - [MESSAGE][WARNING] - Timeout '0' is invalid. Using default page load timeout: '20'

2022-02-14 15:22:23 - [MESSAGE][PASSED] - Tapped on element 'Object Repository/Login Onboarding/PIN5'

2022-02-14 15:22:23 - [TEST_STEP][PASSED] - if (OTP[i] == "6"): null

2022-02-14 15:22:23 - [TEST_STEP][PASSED] - if (OTP[i] == "7"): null

2022-02-14 15:22:23 - [TEST_STEP][PASSED] - if (OTP[i] == "8"): null

2022-02-14 15:22:23 - [TEST_STEP][PASSED] - if (OTP[i] == "9"): null

2022-02-14 15:22:23 - [TEST_STEP][PASSED] - if (OTP[i] == "0"): null

2022-02-14 15:22:23 - [TEST_STEP][PASSED] - if (OTP[i] == "1"): null

2022-02-14 15:22:23 - [TEST_STEP][PASSED] - if (OTP[i] == "2"): null

2022-02-14 15:22:23 - [TEST_STEP][PASSED] - if (OTP[i] == "3"): null

2022-02-14 15:22:23 - [TEST_STEP][PASSED] - if (OTP[i] == "4"): Tapped on element 'Object Repository/Login Onboarding/PIN4'

2022-02-14 15:22:23 - [TEST_STEP][PASSED] - tap(findTestObject("Login Onboarding/PIN4"), 0): Tapped on element 'Object Repository/Login Onboarding/PIN4'

2022-02-14 15:22:23 - [MESSAGE][WARNING] - Timeout '0' is invalid. Using default page load timeout: '20'

2022-02-14 15:22:25 - [MESSAGE][PASSED] - Tapped on element 'Object Repository/Login Onboarding/PIN4'

2022-02-14 15:22:25 - [TEST_STEP][PASSED] - if (OTP[i] == "5"): null

2022-02-14 15:22:25 - [TEST_STEP][PASSED] - if (OTP[i] == "6"): null

2022-02-14 15:22:25 - [TEST_STEP][PASSED] - if (OTP[i] == "7"): null

2022-02-14 15:22:25 - [TEST_STEP][PASSED] - if (OTP[i] == "8"): null

2022-02-14 15:22:25 - [TEST_STEP][PASSED] - if (OTP[i] == "9"): null

2022-02-14 15:22:25 - [TEST_STEP][PASSED] - if (OTP[i] == "0"): null

2022-02-14 15:22:25 - [TEST_STEP][PASSED] - if (OTP[i] == "1"): null

2022-02-14 15:22:25 - [TEST_STEP][PASSED] - if (OTP[i] == "2"): null

2022-02-14 15:22:25 - [TEST_STEP][PASSED] - if (OTP[i] == "3"): Tapped on element 'Object Repository/Login Onboarding/PIN3'

2022-02-14 15:22:25 - [TEST_STEP][PASSED] - tap(findTestObject("Login Onboarding/PIN3"), 0): Tapped on element 'Object Repository/Login Onboarding/PIN3'

2022-02-14 15:22:25 - [MESSAGE][WARNING] - Timeout '0' is invalid. Using default page load timeout: '20'

2022-02-14 15:22:27 - [MESSAGE][PASSED] - Tapped on element 'Object Repository/Login Onboarding/PIN3'

2022-02-14 15:22:27 - [TEST_STEP][PASSED] - if (OTP[i] == "4"): null

2022-02-14 15:22:27 - [TEST_STEP][PASSED] - if (OTP[i] == "5"): null

2022-02-14 15:22:27 - [TEST_STEP][PASSED] - if (OTP[i] == "6"): null

2022-02-14 15:22:27 - [TEST_STEP][PASSED] - if (OTP[i] == "7"): null

2022-02-14 15:22:27 - [TEST_STEP][PASSED] - if (OTP[i] == "8"): null

2022-02-14 15:22:27 - [TEST_STEP][PASSED] - if (OTP[i] == "9"): null

2022-02-14 15:22:27 - [TEST_STEP][PASSED] - if (OTP[i] == "0"): null

2022-02-14 15:22:27 - [TEST_STEP][PASSED] - if (OTP[i] == "1"): Tapped on element 'Object Repository/Login Onboarding/PIN1'

2022-02-14 15:22:27 - [TEST_STEP][PASSED] - tap(findTestObject("Login Onboarding/PIN1"), 0): Tapped on element 'Object Repository/Login Onboarding/PIN1'

2022-02-14 15:22:27 - [MESSAGE][WARNING] - Timeout '0' is invalid. Using default page load timeout: '20'

2022-02-14 15:22:29 - [MESSAGE][PASSED] - Tapped on element 'Object Repository/Login Onboarding/PIN1'

2022-02-14 15:22:29 - [TEST_STEP][PASSED] - if (OTP[i] == "2"): null

2022-02-14 15:22:29 - [TEST_STEP][PASSED] - if (OTP[i] == "3"): null

2022-02-14 15:22:29 - [TEST_STEP][PASSED] - if (OTP[i] == "4"): null

2022-02-14 15:22:29 - [TEST_STEP][PASSED] - if (OTP[i] == "5"): null

2022-02-14 15:22:29 - [TEST_STEP][PASSED] - if (OTP[i] == "6"): null

2022-02-14 15:22:29 - [TEST_STEP][PASSED] - if (OTP[i] == "7"): null

2022-02-14 15:22:29 - [TEST_STEP][PASSED] - if (OTP[i] == "8"): null

2022-02-14 15:22:29 - [TEST_STEP][PASSED] - if (OTP[i] == "9"): null

2022-02-14 15:22:29 - [TEST_STEP][PASSED] - delay(3): Delayed 3 second(s)

2022-02-14 15:22:32 - [MESSAGE][PASSED] - Delayed 3 second(s)

2022-02-14 15:22:32 - [TEST_STEP][PASSED] - tap(findTestObject("Festive Season/festiveReturnAngpaoTickBtn"), 0): Tapped on element 'Object Repository/Festive Season/festiveReturnAngpaoTickBtn'

2022-02-14 15:22:32 - [MESSAGE][WARNING] - Timeout '0' is invalid. Using default page load timeout: '20'

2022-02-14 15:22:33 - [MESSAGE][PASSED] - Tapped on element 'Object Repository/Festive Season/festiveReturnAngpaoTickBtn'

2022-02-14 15:22:33 - [TEST_STEP][PASSED] - delay(3): Delayed 3 second(s)

2022-02-14 15:22:36 - [MESSAGE][PASSED] - Delayed 3 second(s)

2022-02-14 15:22:36 - [TEST_STEP][PASSED] - verifyElementVisible(findTestObject("Tabung/tabungWithdrawalSummarySuccessTxt"), 0): Element 'Object Repository/Tabung/tabungWithdrawalSummarySuccessTxt' is visible

2022-02-14 15:22:36 - [MESSAGE][WARNING] - Timeout '0' is invalid. Using default page load timeout: '20'

2022-02-14 15:22:40 - [MESSAGE][PASSED] - Element 'Object Repository/Tabung/tabungWithdrawalSummarySuccessTxt' is visible

2022-02-14 15:22:40 - [TEST_STEP][PASSED] - verifyElementText(findTestObject("Tabung/tabungWithdrawalSummarySuccessTxt"), "Withdrawal Successful"): Actual text and expected text of test object 'Object Repository/Tabung/tabungWithdrawalSummarySuccessTxt' are matched.

2022-02-14 15:22:41 - [MESSAGE][PASSED] - Actual text and expected text of test object 'Object Repository/Tabung/tabungWithdrawalSummarySuccessTxt' are matched.

2022-02-14 15:22:41 - [TEST_STEP][PASSED] - delay(3): Delayed 3 second(s)

2022-02-14 15:22:44 - [MESSAGE][PASSED] - Delayed 3 second(s)

2022-02-14 15:22:44 - [TEST_STEP][PASSED] - verifyElementVisible(findTestObject("Main/mainDoneBtn"), 0): Element 'Object Repository/Main/mainDoneBtn' is visible

2022-02-14 15:22:44 - [MESSAGE][WARNING] - Timeout '0' is invalid. Using default page load timeout: '20'

2022-02-14 15:22:45 - [MESSAGE][PASSED] - Element 'Object Repository/Main/mainDoneBtn' is visible

2022-02-14 15:22:45 - [TEST_STEP][PASSED] - tap(findTestObject("Main/mainDoneBtn"), 0): Tapped on element 'Object Repository/Main/mainDoneBtn'

2022-02-14 15:22:45 - [MESSAGE][WARNING] - Timeout '0' is invalid. Using default page load timeout: '20'

2022-02-14 15:22:45 - [MESSAGE][PASSED] - Tapped on element 'Object Repository/Main/mainDoneBtn'

2022-02-14 15:22:45 - [TEST_STEP][PASSED] - delay(5): Delayed 5 second(s)

2022-02-14 15:22:50 - [MESSAGE][PASSED] - Delayed 5 second(s)]]></system-out>
         <system-err><![CDATA[]]></system-err>
      </testcase>
      <testcase name="Test Cases/Tabung/tabung_enableESITabung" time="78.778" classname="Test Cases/Tabung/tabung_enableESITabung" status="FAILED">
         <failure type="FAILED" message="Test Cases/Tabung/tabung_enableESITabung FAILED.
Reason:
com.kms.katalon.core.exception.StepFailedException: Element 'Object Repository/Tabung/tabungSummaryAutoDecuctSuccessEnableTxt' not found
	at com.kms.katalon.core.keyword.internal.KeywordMain.stepFailed(KeywordMain.groovy:50)
	at com.kms.katalon.core.mobile.keyword.internal.MobileKeywordMain.stepFailed(MobileKeywordMain.groovy:40)
	at com.kms.katalon.core.mobile.keyword.builtin.VerifyElementVisibleKeyword$_verifyElementVisible_closure1.doCall(VerifyElementVisibleKeyword.groovy:82)
	at com.kms.katalon.core.mobile.keyword.builtin.VerifyElementVisibleKeyword$_verifyElementVisible_closure1.call(VerifyElementVisibleKeyword.groovy)
	at com.kms.katalon.core.mobile.keyword.internal.MobileKeywordMain.runKeyword(MobileKeywordMain.groovy:21)
	at com.kms.katalon.core.mobile.keyword.builtin.VerifyElementVisibleKeyword.verifyElementVisible(VerifyElementVisibleKeyword.groovy:85)
	at com.kms.katalon.core.mobile.keyword.builtin.VerifyElementVisibleKeyword.execute(VerifyElementVisibleKeyword.groovy:64)
	at com.kms.katalon.core.keyword.internal.KeywordExecutor.executeKeywordForPlatform(KeywordExecutor.groovy:74)
	at com.kms.katalon.core.mobile.keyword.MobileBuiltInKeywords.verifyElementVisible(MobileBuiltInKeywords.groovy:1896)
	at com.kms.katalon.core.mobile.keyword.MobileBuiltInKeywords$verifyElementVisible$7.call(Unknown Source)
	at tabung_enableESITabung.run(tabung_enableESITabung:129)
	at com.kms.katalon.core.main.ScriptEngine.run(ScriptEngine.java:194)
	at com.kms.katalon.core.main.ScriptEngine.runScriptAsRawText(ScriptEngine.java:119)
	at com.kms.katalon.core.main.TestCaseExecutor.runScript(TestCaseExecutor.java:442)
	at com.kms.katalon.core.main.TestCaseExecutor.doExecute(TestCaseExecutor.java:433)
	at com.kms.katalon.core.main.TestCaseExecutor.processExecutionPhase(TestCaseExecutor.java:412)
	at com.kms.katalon.core.main.TestCaseExecutor.accessMainPhase(TestCaseExecutor.java:404)
	at com.kms.katalon.core.main.TestCaseExecutor.execute(TestCaseExecutor.java:281)
	at com.kms.katalon.core.main.TestSuiteExecutor.accessTestCaseMainPhase(TestSuiteExecutor.java:202)
	at com.kms.katalon.core.main.TestSuiteExecutor.accessTestSuiteMainPhase(TestSuiteExecutor.java:164)
	at com.kms.katalon.core.main.TestSuiteExecutor.execute(TestSuiteExecutor.java:105)
	at com.kms.katalon.core.main.TestCaseMain.startTestSuite(TestCaseMain.java:181)
	at com.kms.katalon.core.main.TestCaseMain$startTestSuite$0.call(Unknown Source)
	at TempTestSuite1644822994106.run(TempTestSuite1644822994106.groovy:36)
"/>
         <system-out><![CDATA[2022-02-14 15:22:50 - [TEST_CASE][FAILED] - Test Cases/Tabung/tabung_enableESITabung: Test Cases/Tabung/tabung_enableESITabung FAILED.
Reason:
com.kms.katalon.core.exception.StepFailedException: Element 'Object Repository/Tabung/tabungSummaryAutoDecuctSuccessEnableTxt' not found
	at com.kms.katalon.core.keyword.internal.KeywordMain.stepFailed(KeywordMain.groovy:50)
	at com.kms.katalon.core.mobile.keyword.internal.MobileKeywordMain.stepFailed(MobileKeywordMain.groovy:40)
	at com.kms.katalon.core.mobile.keyword.builtin.VerifyElementVisibleKeyword$_verifyElementVisible_closure1.doCall(VerifyElementVisibleKeyword.groovy:82)
	at com.kms.katalon.core.mobile.keyword.builtin.VerifyElementVisibleKeyword$_verifyElementVisible_closure1.call(VerifyElementVisibleKeyword.groovy)
	at com.kms.katalon.core.mobile.keyword.internal.MobileKeywordMain.runKeyword(MobileKeywordMain.groovy:21)
	at com.kms.katalon.core.mobile.keyword.builtin.VerifyElementVisibleKeyword.verifyElementVisible(VerifyElementVisibleKeyword.groovy:85)
	at com.kms.katalon.core.mobile.keyword.builtin.VerifyElementVisibleKeyword.execute(VerifyElementVisibleKeyword.groovy:64)
	at com.kms.katalon.core.keyword.internal.KeywordExecutor.executeKeywordForPlatform(KeywordExecutor.groovy:74)
	at com.kms.katalon.core.mobile.keyword.MobileBuiltInKeywords.verifyElementVisible(MobileBuiltInKeywords.groovy:1896)
	at com.kms.katalon.core.mobile.keyword.MobileBuiltInKeywords$verifyElementVisible$7.call(Unknown Source)
	at tabung_enableESITabung.run(tabung_enableESITabung:129)
	at com.kms.katalon.core.main.ScriptEngine.run(ScriptEngine.java:194)
	at com.kms.katalon.core.main.ScriptEngine.runScriptAsRawText(ScriptEngine.java:119)
	at com.kms.katalon.core.main.TestCaseExecutor.runScript(TestCaseExecutor.java:442)
	at com.kms.katalon.core.main.TestCaseExecutor.doExecute(TestCaseExecutor.java:433)
	at com.kms.katalon.core.main.TestCaseExecutor.processExecutionPhase(TestCaseExecutor.java:412)
	at com.kms.katalon.core.main.TestCaseExecutor.accessMainPhase(TestCaseExecutor.java:404)
	at com.kms.katalon.core.main.TestCaseExecutor.execute(TestCaseExecutor.java:281)
	at com.kms.katalon.core.main.TestSuiteExecutor.accessTestCaseMainPhase(TestSuiteExecutor.java:202)
	at com.kms.katalon.core.main.TestSuiteExecutor.accessTestSuiteMainPhase(TestSuiteExecutor.java:164)
	at com.kms.katalon.core.main.TestSuiteExecutor.execute(TestSuiteExecutor.java:105)
	at com.kms.katalon.core.main.TestCaseMain.startTestSuite(TestCaseMain.java:181)
	at com.kms.katalon.core.main.TestCaseMain$startTestSuite$0.call(Unknown Source)
	at TempTestSuite1644822994106.run(TempTestSuite1644822994106.groovy:36)


2022-02-14 15:22:50 - [TEST_STEP][PASSED] - tap(findTestObject("Tabung/tabungNameSelection", ["text":"Switzerland"]), 10): Tapped on element 'Object Repository/Tabung/tabungNameSelection'

2022-02-14 15:22:51 - [MESSAGE][PASSED] - Tapped on element 'Object Repository/Tabung/tabungNameSelection'

2022-02-14 15:22:51 - [TEST_STEP][PASSED] - tap(findTestObject("Tabung/tabungViewMoreDetailsBtn"), 0): Tapped on element 'Object Repository/Tabung/tabungViewMoreDetailsBtn'

2022-02-14 15:22:51 - [MESSAGE][WARNING] - Timeout '0' is invalid. Using default page load timeout: '20'

2022-02-14 15:22:52 - [MESSAGE][PASSED] - Tapped on element 'Object Repository/Tabung/tabungViewMoreDetailsBtn'

2022-02-14 15:22:52 - [TEST_STEP][PASSED] - delay(2): Delayed 2 second(s)

2022-02-14 15:22:54 - [MESSAGE][PASSED] - Delayed 2 second(s)

2022-02-14 15:22:54 - [TEST_STEP][PASSED] - tap(findTestObject("Tabung/tabungESIOnToggle"), 0): Tapped on element 'Object Repository/Tabung/tabungESIOnToggle'

2022-02-14 15:22:54 - [MESSAGE][WARNING] - Timeout '0' is invalid. Using default page load timeout: '20'

2022-02-14 15:22:54 - [MESSAGE][PASSED] - Tapped on element 'Object Repository/Tabung/tabungESIOnToggle'

2022-02-14 15:22:54 - [TEST_STEP][PASSED] - delay(2): Delayed 2 second(s)

2022-02-14 15:22:56 - [MESSAGE][PASSED] - Delayed 2 second(s)

2022-02-14 15:22:56 - [TEST_STEP][PASSED] - if (verifyElementVisible(findTestObject("Tabung/tabungEnterPasswordTxt"), 0, OPTIONAL)): Element 'Object Repository/Tabung/tabungEnterPasswordTxt' not found

2022-02-14 15:22:56 - [MESSAGE][WARNING] - Timeout '0' is invalid. Using default page load timeout: '20'

2022-02-14 15:23:16 - [MESSAGE][WARNING] - Element 'Object Repository/Tabung/tabungEnterPasswordTxt' not found

2022-02-14 15:23:16 - [TEST_STEP][PASSED] - delay(10): Delayed 10 second(s)

2022-02-14 15:23:26 - [MESSAGE][PASSED] - Delayed 10 second(s)

2022-02-14 15:23:26 - [TEST_STEP][PASSED] - tap(findTestObject("Tabung/tabungConfirmBtn"), 0): Tapped on element 'Object Repository/Tabung/tabungConfirmBtn'

2022-02-14 15:23:26 - [MESSAGE][WARNING] - Timeout '0' is invalid. Using default page load timeout: '20'

2022-02-14 15:23:27 - [MESSAGE][PASSED] - Tapped on element 'Object Repository/Tabung/tabungConfirmBtn'

2022-02-14 15:23:27 - [TEST_STEP][PASSED] - OTP = getText(findTestObject("Tabung/tabungOTPNumberTxt"), 0): Text of element 'Object Repository/Tabung/tabungOTPNumberTxt' is: 'Your Otp no. is 787243'

2022-02-14 15:23:27 - [MESSAGE][WARNING] - Timeout '0' is invalid. Using default page load timeout: '20'

2022-02-14 15:23:30 - [MESSAGE][PASSED] - Text of element 'Object Repository/Tabung/tabungOTPNumberTxt' is: 'Your Otp no. is 787243'

2022-02-14 15:23:30 - [TEST_STEP][PASSED] - for ([i = 16, i <= 21, (i++)]): null

2022-02-14 15:23:30 - [TEST_STEP][PASSED] - if (OTP[i] == "0"): null

2022-02-14 15:23:30 - [TEST_STEP][PASSED] - if (OTP[i] == "1"): null

2022-02-14 15:23:30 - [TEST_STEP][PASSED] - if (OTP[i] == "2"): null

2022-02-14 15:23:30 - [TEST_STEP][PASSED] - if (OTP[i] == "3"): null

2022-02-14 15:23:30 - [TEST_STEP][PASSED] - if (OTP[i] == "4"): null

2022-02-14 15:23:30 - [TEST_STEP][PASSED] - if (OTP[i] == "5"): null

2022-02-14 15:23:30 - [TEST_STEP][PASSED] - if (OTP[i] == "6"): null

2022-02-14 15:23:30 - [TEST_STEP][PASSED] - if (OTP[i] == "7"): Tapped on element 'Object Repository/Login Onboarding/PIN7'

2022-02-14 15:23:30 - [TEST_STEP][PASSED] - tap(findTestObject("Login Onboarding/PIN7"), 0): Tapped on element 'Object Repository/Login Onboarding/PIN7'

2022-02-14 15:23:30 - [MESSAGE][WARNING] - Timeout '0' is invalid. Using default page load timeout: '20'

2022-02-14 15:23:32 - [MESSAGE][PASSED] - Tapped on element 'Object Repository/Login Onboarding/PIN7'

2022-02-14 15:23:32 - [TEST_STEP][PASSED] - if (OTP[i] == "8"): null

2022-02-14 15:23:32 - [TEST_STEP][PASSED] - if (OTP[i] == "9"): null

2022-02-14 15:23:32 - [TEST_STEP][PASSED] - if (OTP[i] == "0"): null

2022-02-14 15:23:32 - [TEST_STEP][PASSED] - if (OTP[i] == "1"): null

2022-02-14 15:23:32 - [TEST_STEP][PASSED] - if (OTP[i] == "2"): null

2022-02-14 15:23:32 - [TEST_STEP][PASSED] - if (OTP[i] == "3"): null

2022-02-14 15:23:32 - [TEST_STEP][PASSED] - if (OTP[i] == "4"): null

2022-02-14 15:23:32 - [TEST_STEP][PASSED] - if (OTP[i] == "5"): null

2022-02-14 15:23:32 - [TEST_STEP][PASSED] - if (OTP[i] == "6"): null

2022-02-14 15:23:32 - [TEST_STEP][PASSED] - if (OTP[i] == "7"): null

2022-02-14 15:23:32 - [TEST_STEP][PASSED] - if (OTP[i] == "8"): Tapped on element 'Object Repository/Login Onboarding/PIN8'

2022-02-14 15:23:32 - [TEST_STEP][PASSED] - tap(findTestObject("Login Onboarding/PIN8"), 0): Tapped on element 'Object Repository/Login Onboarding/PIN8'

2022-02-14 15:23:32 - [MESSAGE][WARNING] - Timeout '0' is invalid. Using default page load timeout: '20'

2022-02-14 15:23:34 - [MESSAGE][PASSED] - Tapped on element 'Object Repository/Login Onboarding/PIN8'

2022-02-14 15:23:34 - [TEST_STEP][PASSED] - if (OTP[i] == "9"): null

2022-02-14 15:23:34 - [TEST_STEP][PASSED] - if (OTP[i] == "0"): null

2022-02-14 15:23:34 - [TEST_STEP][PASSED] - if (OTP[i] == "1"): null

2022-02-14 15:23:34 - [TEST_STEP][PASSED] - if (OTP[i] == "2"): null

2022-02-14 15:23:34 - [TEST_STEP][PASSED] - if (OTP[i] == "3"): null

2022-02-14 15:23:34 - [TEST_STEP][PASSED] - if (OTP[i] == "4"): null

2022-02-14 15:23:34 - [TEST_STEP][PASSED] - if (OTP[i] == "5"): null

2022-02-14 15:23:34 - [TEST_STEP][PASSED] - if (OTP[i] == "6"): null

2022-02-14 15:23:34 - [TEST_STEP][PASSED] - if (OTP[i] == "7"): Tapped on element 'Object Repository/Login Onboarding/PIN7'

2022-02-14 15:23:34 - [TEST_STEP][PASSED] - tap(findTestObject("Login Onboarding/PIN7"), 0): Tapped on element 'Object Repository/Login Onboarding/PIN7'

2022-02-14 15:23:34 - [MESSAGE][WARNING] - Timeout '0' is invalid. Using default page load timeout: '20'

2022-02-14 15:23:36 - [MESSAGE][PASSED] - Tapped on element 'Object Repository/Login Onboarding/PIN7'

2022-02-14 15:23:36 - [TEST_STEP][PASSED] - if (OTP[i] == "8"): null

2022-02-14 15:23:36 - [TEST_STEP][PASSED] - if (OTP[i] == "9"): null

2022-02-14 15:23:36 - [TEST_STEP][PASSED] - if (OTP[i] == "0"): null

2022-02-14 15:23:36 - [TEST_STEP][PASSED] - if (OTP[i] == "1"): null

2022-02-14 15:23:36 - [TEST_STEP][PASSED] - if (OTP[i] == "2"): Tapped on element 'Object Repository/Login Onboarding/PIN2'

2022-02-14 15:23:36 - [TEST_STEP][PASSED] - tap(findTestObject("Login Onboarding/PIN2"), 0): Tapped on element 'Object Repository/Login Onboarding/PIN2'

2022-02-14 15:23:36 - [MESSAGE][WARNING] - Timeout '0' is invalid. Using default page load timeout: '20'

2022-02-14 15:23:38 - [MESSAGE][PASSED] - Tapped on element 'Object Repository/Login Onboarding/PIN2'

2022-02-14 15:23:38 - [TEST_STEP][PASSED] - if (OTP[i] == "3"): null

2022-02-14 15:23:38 - [TEST_STEP][PASSED] - if (OTP[i] == "4"): null

2022-02-14 15:23:38 - [TEST_STEP][PASSED] - if (OTP[i] == "5"): null

2022-02-14 15:23:38 - [TEST_STEP][PASSED] - if (OTP[i] == "6"): null

2022-02-14 15:23:38 - [TEST_STEP][PASSED] - if (OTP[i] == "7"): null

2022-02-14 15:23:38 - [TEST_STEP][PASSED] - if (OTP[i] == "8"): null

2022-02-14 15:23:38 - [TEST_STEP][PASSED] - if (OTP[i] == "9"): null

2022-02-14 15:23:38 - [TEST_STEP][PASSED] - if (OTP[i] == "0"): null

2022-02-14 15:23:38 - [TEST_STEP][PASSED] - if (OTP[i] == "1"): null

2022-02-14 15:23:38 - [TEST_STEP][PASSED] - if (OTP[i] == "2"): null

2022-02-14 15:23:38 - [TEST_STEP][PASSED] - if (OTP[i] == "3"): null

2022-02-14 15:23:38 - [TEST_STEP][PASSED] - if (OTP[i] == "4"): Tapped on element 'Object Repository/Login Onboarding/PIN4'

2022-02-14 15:23:38 - [TEST_STEP][PASSED] - tap(findTestObject("Login Onboarding/PIN4"), 0): Tapped on element 'Object Repository/Login Onboarding/PIN4'

2022-02-14 15:23:38 - [MESSAGE][WARNING] - Timeout '0' is invalid. Using default page load timeout: '20'

2022-02-14 15:23:40 - [MESSAGE][PASSED] - Tapped on element 'Object Repository/Login Onboarding/PIN4'

2022-02-14 15:23:40 - [TEST_STEP][PASSED] - if (OTP[i] == "5"): null

2022-02-14 15:23:40 - [TEST_STEP][PASSED] - if (OTP[i] == "6"): null

2022-02-14 15:23:40 - [TEST_STEP][PASSED] - if (OTP[i] == "7"): null

2022-02-14 15:23:40 - [TEST_STEP][PASSED] - if (OTP[i] == "8"): null

2022-02-14 15:23:40 - [TEST_STEP][PASSED] - if (OTP[i] == "9"): null

2022-02-14 15:23:40 - [TEST_STEP][PASSED] - if (OTP[i] == "0"): null

2022-02-14 15:23:40 - [TEST_STEP][PASSED] - if (OTP[i] == "1"): null

2022-02-14 15:23:40 - [TEST_STEP][PASSED] - if (OTP[i] == "2"): null

2022-02-14 15:23:40 - [TEST_STEP][PASSED] - if (OTP[i] == "3"): Tapped on element 'Object Repository/Login Onboarding/PIN3'

2022-02-14 15:23:40 - [TEST_STEP][PASSED] - tap(findTestObject("Login Onboarding/PIN3"), 0): Tapped on element 'Object Repository/Login Onboarding/PIN3'

2022-02-14 15:23:40 - [MESSAGE][WARNING] - Timeout '0' is invalid. Using default page load timeout: '20'

2022-02-14 15:23:42 - [MESSAGE][PASSED] - Tapped on element 'Object Repository/Login Onboarding/PIN3'

2022-02-14 15:23:42 - [TEST_STEP][PASSED] - if (OTP[i] == "4"): null

2022-02-14 15:23:42 - [TEST_STEP][PASSED] - if (OTP[i] == "5"): null

2022-02-14 15:23:42 - [TEST_STEP][PASSED] - if (OTP[i] == "6"): null

2022-02-14 15:23:42 - [TEST_STEP][PASSED] - if (OTP[i] == "7"): null

2022-02-14 15:23:42 - [TEST_STEP][PASSED] - if (OTP[i] == "8"): null

2022-02-14 15:23:42 - [TEST_STEP][PASSED] - if (OTP[i] == "9"): null

2022-02-14 15:23:42 - [TEST_STEP][PASSED] - delay(3): Delayed 3 second(s)

2022-02-14 15:23:45 - [MESSAGE][PASSED] - Delayed 3 second(s)

2022-02-14 15:23:45 - [TEST_STEP][PASSED] - tap(findTestObject("Tabung/tabungTACTickBtn"), 0): Tapped on element 'Object Repository/Tabung/tabungTACTickBtn'

2022-02-14 15:23:45 - [MESSAGE][WARNING] - Timeout '0' is invalid. Using default page load timeout: '20'

2022-02-14 15:23:46 - [MESSAGE][PASSED] - Tapped on element 'Object Repository/Tabung/tabungTACTickBtn'

2022-02-14 15:23:46 - [TEST_STEP][PASSED] - delay(3): Delayed 3 second(s)

2022-02-14 15:23:49 - [MESSAGE][PASSED] - Delayed 3 second(s)

2022-02-14 15:23:49 - [TEST_STEP][FAILED] - verifyElementVisible(findTestObject("Tabung/tabungSummaryAutoDecuctSuccessEnableTxt"), 0): Failed to check for element 'Object Repository/Tabung/tabungSummaryAutoDecuctSuccessEnableTxt' visible (Root cause: com.kms.katalon.core.exception.StepFailedException: Element 'Object Repository/Tabung/tabungSummaryAutoDecuctSuccessEnableTxt' not found
	at com.kms.katalon.core.keyword.internal.KeywordMain.stepFailed(KeywordMain.groovy:50)
	at com.kms.katalon.core.mobile.keyword.internal.MobileKeywordMain.stepFailed(MobileKeywordMain.groovy:40)
	at com.kms.katalon.core.mobile.keyword.builtin.VerifyElementVisibleKeyword$_verifyElementVisible_closure1.doCall(VerifyElementVisibleKeyword.groovy:82)
	at com.kms.katalon.core.mobile.keyword.builtin.VerifyElementVisibleKeyword$_verifyElementVisible_closure1.call(VerifyElementVisibleKeyword.groovy)
	at com.kms.katalon.core.mobile.keyword.internal.MobileKeywordMain.runKeyword(MobileKeywordMain.groovy:21)
	at com.kms.katalon.core.mobile.keyword.builtin.VerifyElementVisibleKeyword.verifyElementVisible(VerifyElementVisibleKeyword.groovy:85)
	at com.kms.katalon.core.mobile.keyword.builtin.VerifyElementVisibleKeyword.execute(VerifyElementVisibleKeyword.groovy:64)
	at com.kms.katalon.core.keyword.internal.KeywordExecutor.executeKeywordForPlatform(KeywordExecutor.groovy:74)
	at com.kms.katalon.core.mobile.keyword.MobileBuiltInKeywords.verifyElementVisible(MobileBuiltInKeywords.groovy:1896)
	at com.kms.katalon.core.mobile.keyword.MobileBuiltInKeywords$verifyElementVisible$7.call(Unknown Source)
	at tabung_enableESITabung.run(tabung_enableESITabung:129)
	at com.kms.katalon.core.main.ScriptEngine.run(ScriptEngine.java:194)
	at com.kms.katalon.core.main.ScriptEngine.runScriptAsRawText(ScriptEngine.java:119)
	at com.kms.katalon.core.main.TestCaseExecutor.runScript(TestCaseExecutor.java:442)
	at com.kms.katalon.core.main.TestCaseExecutor.doExecute(TestCaseExecutor.java:433)
	at com.kms.katalon.core.main.TestCaseExecutor.processExecutionPhase(TestCaseExecutor.java:412)
	at com.kms.katalon.core.main.TestCaseExecutor.accessMainPhase(TestCaseExecutor.java:404)
	at com.kms.katalon.core.main.TestCaseExecutor.execute(TestCaseExecutor.java:281)
	at com.kms.katalon.core.main.TestSuiteExecutor.accessTestCaseMainPhase(TestSuiteExecutor.java:202)
	at com.kms.katalon.core.main.TestSuiteExecutor.accessTestSuiteMainPhase(TestSuiteExecutor.java:164)
	at com.kms.katalon.core.main.TestSuiteExecutor.execute(TestSuiteExecutor.java:105)
	at com.kms.katalon.core.main.TestCaseMain.startTestSuite(TestCaseMain.java:181)
	at com.kms.katalon.core.main.TestCaseMain$startTestSuite$0.call(Unknown Source)
	at TempTestSuite1644822994106.run(TempTestSuite1644822994106.groovy:36)
)

2022-02-14 15:23:49 - [MESSAGE][WARNING] - Timeout '0' is invalid. Using default page load timeout: '20'

2022-02-14 15:24:09 - [MESSAGE][FAILED] - Element 'Object Repository/Tabung/tabungSummaryAutoDecuctSuccessEnableTxt' not found

2022-02-14 15:24:09 - [MESSAGE][FAILED] - Failed to check for element 'Object Repository/Tabung/tabungSummaryAutoDecuctSuccessEnableTxt' visible (Root cause: com.kms.katalon.core.exception.StepFailedException: Element 'Object Repository/Tabung/tabungSummaryAutoDecuctSuccessEnableTxt' not found
	at com.kms.katalon.core.keyword.internal.KeywordMain.stepFailed(KeywordMain.groovy:50)
	at com.kms.katalon.core.mobile.keyword.internal.MobileKeywordMain.stepFailed(MobileKeywordMain.groovy:40)
	at com.kms.katalon.core.mobile.keyword.builtin.VerifyElementVisibleKeyword$_verifyElementVisible_closure1.doCall(VerifyElementVisibleKeyword.groovy:82)
	at com.kms.katalon.core.mobile.keyword.builtin.VerifyElementVisibleKeyword$_verifyElementVisible_closure1.call(VerifyElementVisibleKeyword.groovy)
	at com.kms.katalon.core.mobile.keyword.internal.MobileKeywordMain.runKeyword(MobileKeywordMain.groovy:21)
	at com.kms.katalon.core.mobile.keyword.builtin.VerifyElementVisibleKeyword.verifyElementVisible(VerifyElementVisibleKeyword.groovy:85)
	at com.kms.katalon.core.mobile.keyword.builtin.VerifyElementVisibleKeyword.execute(VerifyElementVisibleKeyword.groovy:64)
	at com.kms.katalon.core.keyword.internal.KeywordExecutor.executeKeywordForPlatform(KeywordExecutor.groovy:74)
	at com.kms.katalon.core.mobile.keyword.MobileBuiltInKeywords.verifyElementVisible(MobileBuiltInKeywords.groovy:1896)
	at com.kms.katalon.core.mobile.keyword.MobileBuiltInKeywords$verifyElementVisible$7.call(Unknown Source)
	at tabung_enableESITabung.run(tabung_enableESITabung:129)
	at com.kms.katalon.core.main.ScriptEngine.run(ScriptEngine.java:194)
	at com.kms.katalon.core.main.ScriptEngine.runScriptAsRawText(ScriptEngine.java:119)
	at com.kms.katalon.core.main.TestCaseExecutor.runScript(TestCaseExecutor.java:442)
	at com.kms.katalon.core.main.TestCaseExecutor.doExecute(TestCaseExecutor.java:433)
	at com.kms.katalon.core.main.TestCaseExecutor.processExecutionPhase(TestCaseExecutor.java:412)
	at com.kms.katalon.core.main.TestCaseExecutor.accessMainPhase(TestCaseExecutor.java:404)
	at com.kms.katalon.core.main.TestCaseExecutor.execute(TestCaseExecutor.java:281)
	at com.kms.katalon.core.main.TestSuiteExecutor.accessTestCaseMainPhase(TestSuiteExecutor.java:202)
	at com.kms.katalon.core.main.TestSuiteExecutor.accessTestSuiteMainPhase(TestSuiteExecutor.java:164)
	at com.kms.katalon.core.main.TestSuiteExecutor.execute(TestSuiteExecutor.java:105)
	at com.kms.katalon.core.main.TestCaseMain.startTestSuite(TestCaseMain.java:181)
	at com.kms.katalon.core.main.TestCaseMain$startTestSuite$0.call(Unknown Source)
	at TempTestSuite1644822994106.run(TempTestSuite1644822994106.groovy:36)
)]]></system-out>
         <system-err><![CDATA[2022-02-14 15:22:50 - [TEST_CASE][FAILED] - Test Cases/Tabung/tabung_enableESITabung: Test Cases/Tabung/tabung_enableESITabung FAILED.
Reason:
com.kms.katalon.core.exception.StepFailedException: Element 'Object Repository/Tabung/tabungSummaryAutoDecuctSuccessEnableTxt' not found
	at com.kms.katalon.core.keyword.internal.KeywordMain.stepFailed(KeywordMain.groovy:50)
	at com.kms.katalon.core.mobile.keyword.internal.MobileKeywordMain.stepFailed(MobileKeywordMain.groovy:40)
	at com.kms.katalon.core.mobile.keyword.builtin.VerifyElementVisibleKeyword$_verifyElementVisible_closure1.doCall(VerifyElementVisibleKeyword.groovy:82)
	at com.kms.katalon.core.mobile.keyword.builtin.VerifyElementVisibleKeyword$_verifyElementVisible_closure1.call(VerifyElementVisibleKeyword.groovy)
	at com.kms.katalon.core.mobile.keyword.internal.MobileKeywordMain.runKeyword(MobileKeywordMain.groovy:21)
	at com.kms.katalon.core.mobile.keyword.builtin.VerifyElementVisibleKeyword.verifyElementVisible(VerifyElementVisibleKeyword.groovy:85)
	at com.kms.katalon.core.mobile.keyword.builtin.VerifyElementVisibleKeyword.execute(VerifyElementVisibleKeyword.groovy:64)
	at com.kms.katalon.core.keyword.internal.KeywordExecutor.executeKeywordForPlatform(KeywordExecutor.groovy:74)
	at com.kms.katalon.core.mobile.keyword.MobileBuiltInKeywords.verifyElementVisible(MobileBuiltInKeywords.groovy:1896)
	at com.kms.katalon.core.mobile.keyword.MobileBuiltInKeywords$verifyElementVisible$7.call(Unknown Source)
	at tabung_enableESITabung.run(tabung_enableESITabung:129)
	at com.kms.katalon.core.main.ScriptEngine.run(ScriptEngine.java:194)
	at com.kms.katalon.core.main.ScriptEngine.runScriptAsRawText(ScriptEngine.java:119)
	at com.kms.katalon.core.main.TestCaseExecutor.runScript(TestCaseExecutor.java:442)
	at com.kms.katalon.core.main.TestCaseExecutor.doExecute(TestCaseExecutor.java:433)
	at com.kms.katalon.core.main.TestCaseExecutor.processExecutionPhase(TestCaseExecutor.java:412)
	at com.kms.katalon.core.main.TestCaseExecutor.accessMainPhase(TestCaseExecutor.java:404)
	at com.kms.katalon.core.main.TestCaseExecutor.execute(TestCaseExecutor.java:281)
	at com.kms.katalon.core.main.TestSuiteExecutor.accessTestCaseMainPhase(TestSuiteExecutor.java:202)
	at com.kms.katalon.core.main.TestSuiteExecutor.accessTestSuiteMainPhase(TestSuiteExecutor.java:164)
	at com.kms.katalon.core.main.TestSuiteExecutor.execute(TestSuiteExecutor.java:105)
	at com.kms.katalon.core.main.TestCaseMain.startTestSuite(TestCaseMain.java:181)
	at com.kms.katalon.core.main.TestCaseMain$startTestSuite$0.call(Unknown Source)
	at TempTestSuite1644822994106.run(TempTestSuite1644822994106.groovy:36)]]></system-err>
      </testcase>
      <testcase name="Test Cases/Tabung/tabung_disableESITabung" time="59.941" classname="Test Cases/Tabung/tabung_disableESITabung" status="FAILED">
         <failure type="FAILED" message="Test Cases/Tabung/tabung_disableESITabung FAILED.
Reason:
com.kms.katalon.core.exception.StepFailedException: Object Object Repository/Tabung/tabungOTPNumberTxt not found
	at com.kms.katalon.core.keyword.internal.KeywordMain.stepFailed(KeywordMain.groovy:50)
	at com.kms.katalon.core.mobile.keyword.internal.MobileKeywordMain.stepFailed(MobileKeywordMain.groovy:40)
	at com.kms.katalon.core.mobile.keyword.builtin.GetTextKeyword$_getText_closure1.doCall(GetTextKeyword.groovy:74)
	at com.kms.katalon.core.mobile.keyword.builtin.GetTextKeyword$_getText_closure1.call(GetTextKeyword.groovy)
	at com.kms.katalon.core.mobile.keyword.internal.MobileKeywordMain.runKeyword(MobileKeywordMain.groovy:21)
	at com.kms.katalon.core.mobile.keyword.builtin.GetTextKeyword.getText(GetTextKeyword.groovy:80)
	at com.kms.katalon.core.mobile.keyword.builtin.GetTextKeyword.execute(GetTextKeyword.groovy:64)
	at com.kms.katalon.core.keyword.internal.KeywordExecutor.executeKeywordForPlatform(KeywordExecutor.groovy:74)
	at com.kms.katalon.core.mobile.keyword.MobileBuiltInKeywords.getText(MobileBuiltInKeywords.groovy:1237)
	at com.kms.katalon.core.mobile.keyword.MobileBuiltInKeywords$getText$8.call(Unknown Source)
	at tabung_disableESITabung.run(tabung_disableESITabung:76)
	at com.kms.katalon.core.main.ScriptEngine.run(ScriptEngine.java:194)
	at com.kms.katalon.core.main.ScriptEngine.runScriptAsRawText(ScriptEngine.java:119)
	at com.kms.katalon.core.main.TestCaseExecutor.runScript(TestCaseExecutor.java:442)
	at com.kms.katalon.core.main.TestCaseExecutor.doExecute(TestCaseExecutor.java:433)
	at com.kms.katalon.core.main.TestCaseExecutor.processExecutionPhase(TestCaseExecutor.java:412)
	at com.kms.katalon.core.main.TestCaseExecutor.accessMainPhase(TestCaseExecutor.java:404)
	at com.kms.katalon.core.main.TestCaseExecutor.execute(TestCaseExecutor.java:281)
	at com.kms.katalon.core.main.TestSuiteExecutor.accessTestCaseMainPhase(TestSuiteExecutor.java:202)
	at com.kms.katalon.core.main.TestSuiteExecutor.accessTestSuiteMainPhase(TestSuiteExecutor.java:164)
	at com.kms.katalon.core.main.TestSuiteExecutor.execute(TestSuiteExecutor.java:105)
	at com.kms.katalon.core.main.TestCaseMain.startTestSuite(TestCaseMain.java:181)
	at com.kms.katalon.core.main.TestCaseMain$startTestSuite$0.call(Unknown Source)
	at TempTestSuite1644822994106.run(TempTestSuite1644822994106.groovy:36)
"/>
         <system-out><![CDATA[2022-02-14 15:24:09 - [TEST_CASE][FAILED] - Test Cases/Tabung/tabung_disableESITabung: Test Cases/Tabung/tabung_disableESITabung FAILED.
Reason:
com.kms.katalon.core.exception.StepFailedException: Object Object Repository/Tabung/tabungOTPNumberTxt not found
	at com.kms.katalon.core.keyword.internal.KeywordMain.stepFailed(KeywordMain.groovy:50)
	at com.kms.katalon.core.mobile.keyword.internal.MobileKeywordMain.stepFailed(MobileKeywordMain.groovy:40)
	at com.kms.katalon.core.mobile.keyword.builtin.GetTextKeyword$_getText_closure1.doCall(GetTextKeyword.groovy:74)
	at com.kms.katalon.core.mobile.keyword.builtin.GetTextKeyword$_getText_closure1.call(GetTextKeyword.groovy)
	at com.kms.katalon.core.mobile.keyword.internal.MobileKeywordMain.runKeyword(MobileKeywordMain.groovy:21)
	at com.kms.katalon.core.mobile.keyword.builtin.GetTextKeyword.getText(GetTextKeyword.groovy:80)
	at com.kms.katalon.core.mobile.keyword.builtin.GetTextKeyword.execute(GetTextKeyword.groovy:64)
	at com.kms.katalon.core.keyword.internal.KeywordExecutor.executeKeywordForPlatform(KeywordExecutor.groovy:74)
	at com.kms.katalon.core.mobile.keyword.MobileBuiltInKeywords.getText(MobileBuiltInKeywords.groovy:1237)
	at com.kms.katalon.core.mobile.keyword.MobileBuiltInKeywords$getText$8.call(Unknown Source)
	at tabung_disableESITabung.run(tabung_disableESITabung:76)
	at com.kms.katalon.core.main.ScriptEngine.run(ScriptEngine.java:194)
	at com.kms.katalon.core.main.ScriptEngine.runScriptAsRawText(ScriptEngine.java:119)
	at com.kms.katalon.core.main.TestCaseExecutor.runScript(TestCaseExecutor.java:442)
	at com.kms.katalon.core.main.TestCaseExecutor.doExecute(TestCaseExecutor.java:433)
	at com.kms.katalon.core.main.TestCaseExecutor.processExecutionPhase(TestCaseExecutor.java:412)
	at com.kms.katalon.core.main.TestCaseExecutor.accessMainPhase(TestCaseExecutor.java:404)
	at com.kms.katalon.core.main.TestCaseExecutor.execute(TestCaseExecutor.java:281)
	at com.kms.katalon.core.main.TestSuiteExecutor.accessTestCaseMainPhase(TestSuiteExecutor.java:202)
	at com.kms.katalon.core.main.TestSuiteExecutor.accessTestSuiteMainPhase(TestSuiteExecutor.java:164)
	at com.kms.katalon.core.main.TestSuiteExecutor.execute(TestSuiteExecutor.java:105)
	at com.kms.katalon.core.main.TestCaseMain.startTestSuite(TestCaseMain.java:181)
	at com.kms.katalon.core.main.TestCaseMain$startTestSuite$0.call(Unknown Source)
	at TempTestSuite1644822994106.run(TempTestSuite1644822994106.groovy:36)


2022-02-14 15:24:09 - [TEST_STEP][PASSED] - tap(findTestObject("Tabung/tabungNameSelection", ["text":"Switzerland"]), 10): Tapped on element 'Object Repository/Tabung/tabungNameSelection'

2022-02-14 15:24:14 - [MESSAGE][PASSED] - Tapped on element 'Object Repository/Tabung/tabungNameSelection'

2022-02-14 15:24:14 - [TEST_STEP][PASSED] - tap(findTestObject("Tabung/tabungViewMoreDetailsBtn"), 0): Tapped on element 'Object Repository/Tabung/tabungViewMoreDetailsBtn'

2022-02-14 15:24:14 - [MESSAGE][WARNING] - Timeout '0' is invalid. Using default page load timeout: '20'

2022-02-14 15:24:14 - [MESSAGE][PASSED] - Tapped on element 'Object Repository/Tabung/tabungViewMoreDetailsBtn'

2022-02-14 15:24:14 - [TEST_STEP][PASSED] - delay(2): Delayed 2 second(s)

2022-02-14 15:24:16 - [MESSAGE][PASSED] - Delayed 2 second(s)

2022-02-14 15:24:16 - [TEST_STEP][PASSED] - tap(findTestObject("Tabung/tabungESIOffToggle"), 0): Tapped on element 'Object Repository/Tabung/tabungESIOffToggle'

2022-02-14 15:24:16 - [MESSAGE][WARNING] - Timeout '0' is invalid. Using default page load timeout: '20'

2022-02-14 15:24:17 - [MESSAGE][PASSED] - Tapped on element 'Object Repository/Tabung/tabungESIOffToggle'

2022-02-14 15:24:17 - [TEST_STEP][PASSED] - delay(2): Delayed 2 second(s)

2022-02-14 15:24:19 - [MESSAGE][PASSED] - Delayed 2 second(s)

2022-02-14 15:24:19 - [TEST_STEP][PASSED] - if (verifyElementVisible(findTestObject("Tabung/tabungEnterPasswordTxt"), 0, OPTIONAL)): Element 'Object Repository/Tabung/tabungEnterPasswordTxt' not found

2022-02-14 15:24:19 - [MESSAGE][WARNING] - Timeout '0' is invalid. Using default page load timeout: '20'

2022-02-14 15:24:39 - [MESSAGE][WARNING] - Element 'Object Repository/Tabung/tabungEnterPasswordTxt' not found

2022-02-14 15:24:39 - [TEST_STEP][PASSED] - delay(10): Delayed 10 second(s)

2022-02-14 15:24:49 - [MESSAGE][PASSED] - Delayed 10 second(s)

2022-02-14 15:24:49 - [TEST_STEP][FAILED] - OTP1 = getText(findTestObject("Tabung/tabungOTPNumberTxt"), 0): Failed to get text from element (Root cause: com.kms.katalon.core.exception.StepFailedException: Object Object Repository/Tabung/tabungOTPNumberTxt not found
	at com.kms.katalon.core.keyword.internal.KeywordMain.stepFailed(KeywordMain.groovy:50)
	at com.kms.katalon.core.mobile.keyword.internal.MobileKeywordMain.stepFailed(MobileKeywordMain.groovy:40)
	at com.kms.katalon.core.mobile.keyword.builtin.GetTextKeyword$_getText_closure1.doCall(GetTextKeyword.groovy:74)
	at com.kms.katalon.core.mobile.keyword.builtin.GetTextKeyword$_getText_closure1.call(GetTextKeyword.groovy)
	at com.kms.katalon.core.mobile.keyword.internal.MobileKeywordMain.runKeyword(MobileKeywordMain.groovy:21)
	at com.kms.katalon.core.mobile.keyword.builtin.GetTextKeyword.getText(GetTextKeyword.groovy:80)
	at com.kms.katalon.core.mobile.keyword.builtin.GetTextKeyword.execute(GetTextKeyword.groovy:64)
	at com.kms.katalon.core.keyword.internal.KeywordExecutor.executeKeywordForPlatform(KeywordExecutor.groovy:74)
	at com.kms.katalon.core.mobile.keyword.MobileBuiltInKeywords.getText(MobileBuiltInKeywords.groovy:1237)
	at com.kms.katalon.core.mobile.keyword.MobileBuiltInKeywords$getText$8.call(Unknown Source)
	at tabung_disableESITabung.run(tabung_disableESITabung:76)
	at com.kms.katalon.core.main.ScriptEngine.run(ScriptEngine.java:194)
	at com.kms.katalon.core.main.ScriptEngine.runScriptAsRawText(ScriptEngine.java:119)
	at com.kms.katalon.core.main.TestCaseExecutor.runScript(TestCaseExecutor.java:442)
	at com.kms.katalon.core.main.TestCaseExecutor.doExecute(TestCaseExecutor.java:433)
	at com.kms.katalon.core.main.TestCaseExecutor.processExecutionPhase(TestCaseExecutor.java:412)
	at com.kms.katalon.core.main.TestCaseExecutor.accessMainPhase(TestCaseExecutor.java:404)
	at com.kms.katalon.core.main.TestCaseExecutor.execute(TestCaseExecutor.java:281)
	at com.kms.katalon.core.main.TestSuiteExecutor.accessTestCaseMainPhase(TestSuiteExecutor.java:202)
	at com.kms.katalon.core.main.TestSuiteExecutor.accessTestSuiteMainPhase(TestSuiteExecutor.java:164)
	at com.kms.katalon.core.main.TestSuiteExecutor.execute(TestSuiteExecutor.java:105)
	at com.kms.katalon.core.main.TestCaseMain.startTestSuite(TestCaseMain.java:181)
	at com.kms.katalon.core.main.TestCaseMain$startTestSuite$0.call(Unknown Source)
	at TempTestSuite1644822994106.run(TempTestSuite1644822994106.groovy:36)
)

2022-02-14 15:24:49 - [MESSAGE][WARNING] - Timeout '0' is invalid. Using default page load timeout: '20'

2022-02-14 15:25:09 - [MESSAGE][FAILED] - Object Object Repository/Tabung/tabungOTPNumberTxt not found

2022-02-14 15:25:09 - [MESSAGE][FAILED] - Failed to get text from element (Root cause: com.kms.katalon.core.exception.StepFailedException: Object Object Repository/Tabung/tabungOTPNumberTxt not found
	at com.kms.katalon.core.keyword.internal.KeywordMain.stepFailed(KeywordMain.groovy:50)
	at com.kms.katalon.core.mobile.keyword.internal.MobileKeywordMain.stepFailed(MobileKeywordMain.groovy:40)
	at com.kms.katalon.core.mobile.keyword.builtin.GetTextKeyword$_getText_closure1.doCall(GetTextKeyword.groovy:74)
	at com.kms.katalon.core.mobile.keyword.builtin.GetTextKeyword$_getText_closure1.call(GetTextKeyword.groovy)
	at com.kms.katalon.core.mobile.keyword.internal.MobileKeywordMain.runKeyword(MobileKeywordMain.groovy:21)
	at com.kms.katalon.core.mobile.keyword.builtin.GetTextKeyword.getText(GetTextKeyword.groovy:80)
	at com.kms.katalon.core.mobile.keyword.builtin.GetTextKeyword.execute(GetTextKeyword.groovy:64)
	at com.kms.katalon.core.keyword.internal.KeywordExecutor.executeKeywordForPlatform(KeywordExecutor.groovy:74)
	at com.kms.katalon.core.mobile.keyword.MobileBuiltInKeywords.getText(MobileBuiltInKeywords.groovy:1237)
	at com.kms.katalon.core.mobile.keyword.MobileBuiltInKeywords$getText$8.call(Unknown Source)
	at tabung_disableESITabung.run(tabung_disableESITabung:76)
	at com.kms.katalon.core.main.ScriptEngine.run(ScriptEngine.java:194)
	at com.kms.katalon.core.main.ScriptEngine.runScriptAsRawText(ScriptEngine.java:119)
	at com.kms.katalon.core.main.TestCaseExecutor.runScript(TestCaseExecutor.java:442)
	at com.kms.katalon.core.main.TestCaseExecutor.doExecute(TestCaseExecutor.java:433)
	at com.kms.katalon.core.main.TestCaseExecutor.processExecutionPhase(TestCaseExecutor.java:412)
	at com.kms.katalon.core.main.TestCaseExecutor.accessMainPhase(TestCaseExecutor.java:404)
	at com.kms.katalon.core.main.TestCaseExecutor.execute(TestCaseExecutor.java:281)
	at com.kms.katalon.core.main.TestSuiteExecutor.accessTestCaseMainPhase(TestSuiteExecutor.java:202)
	at com.kms.katalon.core.main.TestSuiteExecutor.accessTestSuiteMainPhase(TestSuiteExecutor.java:164)
	at com.kms.katalon.core.main.TestSuiteExecutor.execute(TestSuiteExecutor.java:105)
	at com.kms.katalon.core.main.TestCaseMain.startTestSuite(TestCaseMain.java:181)
	at com.kms.katalon.core.main.TestCaseMain$startTestSuite$0.call(Unknown Source)
	at TempTestSuite1644822994106.run(TempTestSuite1644822994106.groovy:36)
)]]></system-out>
         <system-err><![CDATA[2022-02-14 15:24:09 - [TEST_CASE][FAILED] - Test Cases/Tabung/tabung_disableESITabung: Test Cases/Tabung/tabung_disableESITabung FAILED.
Reason:
com.kms.katalon.core.exception.StepFailedException: Object Object Repository/Tabung/tabungOTPNumberTxt not found
	at com.kms.katalon.core.keyword.internal.KeywordMain.stepFailed(KeywordMain.groovy:50)
	at com.kms.katalon.core.mobile.keyword.internal.MobileKeywordMain.stepFailed(MobileKeywordMain.groovy:40)
	at com.kms.katalon.core.mobile.keyword.builtin.GetTextKeyword$_getText_closure1.doCall(GetTextKeyword.groovy:74)
	at com.kms.katalon.core.mobile.keyword.builtin.GetTextKeyword$_getText_closure1.call(GetTextKeyword.groovy)
	at com.kms.katalon.core.mobile.keyword.internal.MobileKeywordMain.runKeyword(MobileKeywordMain.groovy:21)
	at com.kms.katalon.core.mobile.keyword.builtin.GetTextKeyword.getText(GetTextKeyword.groovy:80)
	at com.kms.katalon.core.mobile.keyword.builtin.GetTextKeyword.execute(GetTextKeyword.groovy:64)
	at com.kms.katalon.core.keyword.internal.KeywordExecutor.executeKeywordForPlatform(KeywordExecutor.groovy:74)
	at com.kms.katalon.core.mobile.keyword.MobileBuiltInKeywords.getText(MobileBuiltInKeywords.groovy:1237)
	at com.kms.katalon.core.mobile.keyword.MobileBuiltInKeywords$getText$8.call(Unknown Source)
	at tabung_disableESITabung.run(tabung_disableESITabung:76)
	at com.kms.katalon.core.main.ScriptEngine.run(ScriptEngine.java:194)
	at com.kms.katalon.core.main.ScriptEngine.runScriptAsRawText(ScriptEngine.java:119)
	at com.kms.katalon.core.main.TestCaseExecutor.runScript(TestCaseExecutor.java:442)
	at com.kms.katalon.core.main.TestCaseExecutor.doExecute(TestCaseExecutor.java:433)
	at com.kms.katalon.core.main.TestCaseExecutor.processExecutionPhase(TestCaseExecutor.java:412)
	at com.kms.katalon.core.main.TestCaseExecutor.accessMainPhase(TestCaseExecutor.java:404)
	at com.kms.katalon.core.main.TestCaseExecutor.execute(TestCaseExecutor.java:281)
	at com.kms.katalon.core.main.TestSuiteExecutor.accessTestCaseMainPhase(TestSuiteExecutor.java:202)
	at com.kms.katalon.core.main.TestSuiteExecutor.accessTestSuiteMainPhase(TestSuiteExecutor.java:164)
	at com.kms.katalon.core.main.TestSuiteExecutor.execute(TestSuiteExecutor.java:105)
	at com.kms.katalon.core.main.TestCaseMain.startTestSuite(TestCaseMain.java:181)
	at com.kms.katalon.core.main.TestCaseMain$startTestSuite$0.call(Unknown Source)
	at TempTestSuite1644822994106.run(TempTestSuite1644822994106.groovy:36)]]></system-err>
      </testcase>
      <testcase name="Test Cases/Tabung/tabung_renameTabung" time="31.017" classname="Test Cases/Tabung/tabung_renameTabung" status="PASSED">
         <system-out><![CDATA[2022-02-14 15:25:09 - [TEST_CASE][PASSED] - Test Cases/Tabung/tabung_renameTabung: Test Cases/Tabung/tabung_renameTabung

2022-02-14 15:25:09 - [TEST_STEP][PASSED] - tap(findTestObject("Tabung/tabungNameSelection", ["text":"Switzerland"]), 10): Tapped on element 'Object Repository/Tabung/tabungNameSelection'

2022-02-14 15:25:10 - [MESSAGE][PASSED] - Tapped on element 'Object Repository/Tabung/tabungNameSelection'

2022-02-14 15:25:10 - [TEST_STEP][PASSED] - tap(findTestObject("Tabung/tabungThreeDotsBtn"), 0): Tapped on element 'Object Repository/Tabung/tabungThreeDotsBtn'

2022-02-14 15:25:10 - [MESSAGE][WARNING] - Timeout '0' is invalid. Using default page load timeout: '20'

2022-02-14 15:25:10 - [MESSAGE][PASSED] - Tapped on element 'Object Repository/Tabung/tabungThreeDotsBtn'

2022-02-14 15:25:10 - [TEST_STEP][PASSED] - tap(findTestObject("Tabung/tabungThreeDotsRenameBtn"), 0): Tapped on element 'Object Repository/Tabung/tabungThreeDotsRenameBtn'

2022-02-14 15:25:10 - [MESSAGE][WARNING] - Timeout '0' is invalid. Using default page load timeout: '20'

2022-02-14 15:25:29 - [MESSAGE][PASSED] - Tapped on element 'Object Repository/Tabung/tabungThreeDotsRenameBtn'

2022-02-14 15:25:29 - [TEST_STEP][PASSED] - delay(2): Delayed 2 second(s)

2022-02-14 15:25:31 - [MESSAGE][PASSED] - Delayed 2 second(s)

2022-02-14 15:25:31 - [TEST_STEP][PASSED] - clearText(findTestObject("Tabung/tabungRenameInputField"), 10): Element 'Object Repository/Tabung/tabungRenameInputField' text is cleared

2022-02-14 15:25:31 - [MESSAGE][PASSED] - Element 'Object Repository/Tabung/tabungRenameInputField' text is cleared

2022-02-14 15:25:31 - [TEST_STEP][PASSED] - setText(findTestObject("Tabung/tabungRenameInputField"), "Singapore", 0): Text 'Singapore' has been set to element 'Object Repository/Tabung/tabungRenameInputField'

2022-02-14 15:25:31 - [MESSAGE][WARNING] - Timeout '0' is invalid. Using default page load timeout: '20'

2022-02-14 15:25:33 - [MESSAGE][PASSED] - Text 'Singapore' has been set to element 'Object Repository/Tabung/tabungRenameInputField'

2022-02-14 15:25:33 - [TEST_STEP][PASSED] - hideKeyboard(): Keyboard is hidden

2022-02-14 15:25:34 - [MESSAGE][PASSED] - Keyboard is hidden

2022-02-14 15:25:34 - [TEST_STEP][PASSED] - verifyElementVisible(findTestObject("Tabung/tabungConfirmBtn"), 0): Element 'Object Repository/Tabung/tabungConfirmBtn' is visible

2022-02-14 15:25:34 - [MESSAGE][WARNING] - Timeout '0' is invalid. Using default page load timeout: '20'

2022-02-14 15:25:34 - [MESSAGE][PASSED] - Element 'Object Repository/Tabung/tabungConfirmBtn' is visible

2022-02-14 15:25:35 - [TEST_STEP][PASSED] - tap(findTestObject("Tabung/tabungConfirmBtn"), 0): Tapped on element 'Object Repository/Tabung/tabungConfirmBtn'

2022-02-14 15:25:35 - [MESSAGE][WARNING] - Timeout '0' is invalid. Using default page load timeout: '20'

2022-02-14 15:25:35 - [MESSAGE][PASSED] - Tapped on element 'Object Repository/Tabung/tabungConfirmBtn'

2022-02-14 15:25:35 - [TEST_STEP][PASSED] - delay(5): Delayed 5 second(s)

2022-02-14 15:25:40 - [MESSAGE][PASSED] - Delayed 5 second(s)]]></system-out>
         <system-err><![CDATA[]]></system-err>
      </testcase>
      <testcase name="Test Cases/Tabung/tabung_removeTabung" time="64.633" classname="Test Cases/Tabung/tabung_removeTabung" status="FAILED">
         <failure type="FAILED" message="Test Cases/Tabung/tabung_removeTabung FAILED.
Reason:
com.kms.katalon.core.exception.StepFailedException: Actual text 'You've successfully removed the Switzerland Tabung. RM 0.01 has been transferred back into your account.' and expected text 'You've successfully removed the Singapore Tabung. RM 0.10 has been transferred back into your account.' of test object 'Object Repository/Tabung/tabungRemoveSummaryTransferTxt' are NOT matched.
	at com.kms.katalon.core.keyword.internal.KeywordMain.stepFailed(KeywordMain.groovy:50)
	at com.kms.katalon.core.mobile.keyword.internal.MobileKeywordMain.stepFailed(MobileKeywordMain.groovy:40)
	at com.kms.katalon.core.mobile.keyword.builtin.VerifyElementTextKeyword$_verifyElementText_closure1.doCall(VerifyElementTextKeyword.groovy:56)
	at com.kms.katalon.core.mobile.keyword.builtin.VerifyElementTextKeyword$_verifyElementText_closure1.call(VerifyElementTextKeyword.groovy)
	at com.kms.katalon.core.mobile.keyword.internal.MobileKeywordMain.runKeyword(MobileKeywordMain.groovy:21)
	at com.kms.katalon.core.mobile.keyword.builtin.VerifyElementTextKeyword.verifyElementText(VerifyElementTextKeyword.groovy:62)
	at com.kms.katalon.core.mobile.keyword.builtin.VerifyElementTextKeyword.execute(VerifyElementTextKeyword.groovy:39)
	at com.kms.katalon.core.keyword.internal.KeywordExecutor.executeKeywordForPlatform(KeywordExecutor.groovy:74)
	at com.kms.katalon.core.mobile.keyword.MobileBuiltInKeywords.verifyElementText(MobileBuiltInKeywords.groovy:2766)
	at com.kms.katalon.core.mobile.keyword.MobileBuiltInKeywords$verifyElementText$9.call(Unknown Source)
	at tabung_removeTabung.run(tabung_removeTabung:149)
	at com.kms.katalon.core.main.ScriptEngine.run(ScriptEngine.java:194)
	at com.kms.katalon.core.main.ScriptEngine.runScriptAsRawText(ScriptEngine.java:119)
	at com.kms.katalon.core.main.TestCaseExecutor.runScript(TestCaseExecutor.java:442)
	at com.kms.katalon.core.main.TestCaseExecutor.doExecute(TestCaseExecutor.java:433)
	at com.kms.katalon.core.main.TestCaseExecutor.processExecutionPhase(TestCaseExecutor.java:412)
	at com.kms.katalon.core.main.TestCaseExecutor.accessMainPhase(TestCaseExecutor.java:404)
	at com.kms.katalon.core.main.TestCaseExecutor.execute(TestCaseExecutor.java:281)
	at com.kms.katalon.core.main.TestSuiteExecutor.accessTestCaseMainPhase(TestSuiteExecutor.java:202)
	at com.kms.katalon.core.main.TestSuiteExecutor.accessTestSuiteMainPhase(TestSuiteExecutor.java:164)
	at com.kms.katalon.core.main.TestSuiteExecutor.execute(TestSuiteExecutor.java:105)
	at com.kms.katalon.core.main.TestCaseMain.startTestSuite(TestCaseMain.java:181)
	at com.kms.katalon.core.main.TestCaseMain$startTestSuite$0.call(Unknown Source)
	at TempTestSuite1644822994106.run(TempTestSuite1644822994106.groovy:36)
"/>
         <system-out><![CDATA[2022-02-14 15:25:40 - [TEST_CASE][FAILED] - Test Cases/Tabung/tabung_removeTabung: Test Cases/Tabung/tabung_removeTabung FAILED.
Reason:
com.kms.katalon.core.exception.StepFailedException: Actual text 'You've successfully removed the Switzerland Tabung. RM 0.01 has been transferred back into your account.' and expected text 'You've successfully removed the Singapore Tabung. RM 0.10 has been transferred back into your account.' of test object 'Object Repository/Tabung/tabungRemoveSummaryTransferTxt' are NOT matched.
	at com.kms.katalon.core.keyword.internal.KeywordMain.stepFailed(KeywordMain.groovy:50)
	at com.kms.katalon.core.mobile.keyword.internal.MobileKeywordMain.stepFailed(MobileKeywordMain.groovy:40)
	at com.kms.katalon.core.mobile.keyword.builtin.VerifyElementTextKeyword$_verifyElementText_closure1.doCall(VerifyElementTextKeyword.groovy:56)
	at com.kms.katalon.core.mobile.keyword.builtin.VerifyElementTextKeyword$_verifyElementText_closure1.call(VerifyElementTextKeyword.groovy)
	at com.kms.katalon.core.mobile.keyword.internal.MobileKeywordMain.runKeyword(MobileKeywordMain.groovy:21)
	at com.kms.katalon.core.mobile.keyword.builtin.VerifyElementTextKeyword.verifyElementText(VerifyElementTextKeyword.groovy:62)
	at com.kms.katalon.core.mobile.keyword.builtin.VerifyElementTextKeyword.execute(VerifyElementTextKeyword.groovy:39)
	at com.kms.katalon.core.keyword.internal.KeywordExecutor.executeKeywordForPlatform(KeywordExecutor.groovy:74)
	at com.kms.katalon.core.mobile.keyword.MobileBuiltInKeywords.verifyElementText(MobileBuiltInKeywords.groovy:2766)
	at com.kms.katalon.core.mobile.keyword.MobileBuiltInKeywords$verifyElementText$9.call(Unknown Source)
	at tabung_removeTabung.run(tabung_removeTabung:149)
	at com.kms.katalon.core.main.ScriptEngine.run(ScriptEngine.java:194)
	at com.kms.katalon.core.main.ScriptEngine.runScriptAsRawText(ScriptEngine.java:119)
	at com.kms.katalon.core.main.TestCaseExecutor.runScript(TestCaseExecutor.java:442)
	at com.kms.katalon.core.main.TestCaseExecutor.doExecute(TestCaseExecutor.java:433)
	at com.kms.katalon.core.main.TestCaseExecutor.processExecutionPhase(TestCaseExecutor.java:412)
	at com.kms.katalon.core.main.TestCaseExecutor.accessMainPhase(TestCaseExecutor.java:404)
	at com.kms.katalon.core.main.TestCaseExecutor.execute(TestCaseExecutor.java:281)
	at com.kms.katalon.core.main.TestSuiteExecutor.accessTestCaseMainPhase(TestSuiteExecutor.java:202)
	at com.kms.katalon.core.main.TestSuiteExecutor.accessTestSuiteMainPhase(TestSuiteExecutor.java:164)
	at com.kms.katalon.core.main.TestSuiteExecutor.execute(TestSuiteExecutor.java:105)
	at com.kms.katalon.core.main.TestCaseMain.startTestSuite(TestCaseMain.java:181)
	at com.kms.katalon.core.main.TestCaseMain$startTestSuite$0.call(Unknown Source)
	at TempTestSuite1644822994106.run(TempTestSuite1644822994106.groovy:36)


2022-02-14 15:25:40 - [TEST_STEP][PASSED] - delay(2): Delayed 2 second(s)

2022-02-14 15:25:42 - [MESSAGE][PASSED] - Delayed 2 second(s)

2022-02-14 15:25:42 - [TEST_STEP][PASSED] - tap(findTestObject("Tabung/tabungThreeDotsBtn"), 0): Tapped on element 'Object Repository/Tabung/tabungThreeDotsBtn'

2022-02-14 15:25:42 - [MESSAGE][WARNING] - Timeout '0' is invalid. Using default page load timeout: '20'

2022-02-14 15:25:43 - [MESSAGE][PASSED] - Tapped on element 'Object Repository/Tabung/tabungThreeDotsBtn'

2022-02-14 15:25:43 - [TEST_STEP][PASSED] - delay(2): Delayed 2 second(s)

2022-02-14 15:25:45 - [MESSAGE][PASSED] - Delayed 2 second(s)

2022-02-14 15:25:45 - [TEST_STEP][PASSED] - tap(findTestObject("Tabung/tabungThreeDtosRemoveBtn"), 0): Tapped on element 'Object Repository/Tabung/tabungThreeDtosRemoveBtn'

2022-02-14 15:25:45 - [MESSAGE][WARNING] - Timeout '0' is invalid. Using default page load timeout: '20'

2022-02-14 15:25:46 - [MESSAGE][PASSED] - Tapped on element 'Object Repository/Tabung/tabungThreeDtosRemoveBtn'

2022-02-14 15:25:46 - [TEST_STEP][PASSED] - tap(findTestObject("Tabung/tabungRemoveConfirmBtn"), 0): Tapped on element 'Object Repository/Tabung/tabungRemoveConfirmBtn'

2022-02-14 15:25:46 - [MESSAGE][WARNING] - Timeout '0' is invalid. Using default page load timeout: '20'

2022-02-14 15:25:47 - [MESSAGE][PASSED] - Tapped on element 'Object Repository/Tabung/tabungRemoveConfirmBtn'

2022-02-14 15:25:47 - [TEST_STEP][PASSED] - delay(2): Delayed 2 second(s)

2022-02-14 15:25:49 - [MESSAGE][PASSED] - Delayed 2 second(s)

2022-02-14 15:25:49 - [TEST_STEP][PASSED] - tap(findTestObject("Tabung/tabungContinueBtn"), 0): Tapped on element 'Object Repository/Tabung/tabungContinueBtn'

2022-02-14 15:25:49 - [MESSAGE][WARNING] - Timeout '0' is invalid. Using default page load timeout: '20'

2022-02-14 15:25:49 - [MESSAGE][PASSED] - Tapped on element 'Object Repository/Tabung/tabungContinueBtn'

2022-02-14 15:25:49 - [TEST_STEP][PASSED] - delay(2): Delayed 2 second(s)

2022-02-14 15:25:51 - [MESSAGE][PASSED] - Delayed 2 second(s)

2022-02-14 15:25:51 - [TEST_STEP][PASSED] - if (verifyElementVisible(findTestObject("Tabung/tabungEnterPasswordTxt"), 0, OPTIONAL)): Element 'Object Repository/Tabung/tabungEnterPasswordTxt' not found

2022-02-14 15:25:52 - [MESSAGE][WARNING] - Timeout '0' is invalid. Using default page load timeout: '20'

2022-02-14 15:26:12 - [MESSAGE][WARNING] - Element 'Object Repository/Tabung/tabungEnterPasswordTxt' not found

2022-02-14 15:26:12 - [TEST_STEP][PASSED] - tap(findTestObject("Tabung/tabungWithdrawFundBtn"), 0): Tapped on element 'Object Repository/Tabung/tabungWithdrawFundBtn'

2022-02-14 15:26:12 - [MESSAGE][WARNING] - Timeout '0' is invalid. Using default page load timeout: '20'

2022-02-14 15:26:12 - [MESSAGE][PASSED] - Tapped on element 'Object Repository/Tabung/tabungWithdrawFundBtn'

2022-02-14 15:26:12 - [TEST_STEP][PASSED] - delay(2): Delayed 2 second(s)

2022-02-14 15:26:14 - [MESSAGE][PASSED] - Delayed 2 second(s)

2022-02-14 15:26:14 - [TEST_STEP][PASSED] - if (verifyElementVisible(findTestObject("Object Repository/Festive Season/festiveReturnAngpaoTACNoTxt"), 0, OPTIONAL)): null

2022-02-14 15:26:14 - [MESSAGE][WARNING] - Timeout '0' is invalid. Using default page load timeout: '20'

2022-02-14 15:26:18 - [MESSAGE][PASSED] - Element 'Object Repository/Festive Season/festiveReturnAngpaoTACNoTxt' is visible

2022-02-14 15:26:18 - [TEST_STEP][PASSED] - OTP = getText(findTestObject("Object Repository/Festive Season/festiveReturnAngpaoTACNoTxt"), 0): Text of element 'Object Repository/Festive Season/festiveReturnAngpaoTACNoTxt' is: 'Your TAC no. is 882624'

2022-02-14 15:26:18 - [MESSAGE][WARNING] - Timeout '0' is invalid. Using default page load timeout: '20'

2022-02-14 15:26:18 - [MESSAGE][PASSED] - Text of element 'Object Repository/Festive Season/festiveReturnAngpaoTACNoTxt' is: 'Your TAC no. is 882624'

2022-02-14 15:26:18 - [TEST_STEP][PASSED] - delay(2): Delayed 2 second(s)

2022-02-14 15:26:20 - [MESSAGE][PASSED] - Delayed 2 second(s)

2022-02-14 15:26:20 - [TEST_STEP][PASSED] - for ([i = 16, i <= 21, (i++)]): null

2022-02-14 15:26:20 - [TEST_STEP][PASSED] - if (OTP[i] == "0"): null

2022-02-14 15:26:20 - [TEST_STEP][PASSED] - if (OTP[i] == "1"): null

2022-02-14 15:26:20 - [TEST_STEP][PASSED] - if (OTP[i] == "2"): null

2022-02-14 15:26:20 - [TEST_STEP][PASSED] - if (OTP[i] == "3"): null

2022-02-14 15:26:20 - [TEST_STEP][PASSED] - if (OTP[i] == "4"): null

2022-02-14 15:26:20 - [TEST_STEP][PASSED] - if (OTP[i] == "5"): null

2022-02-14 15:26:20 - [TEST_STEP][PASSED] - if (OTP[i] == "6"): null

2022-02-14 15:26:20 - [TEST_STEP][PASSED] - if (OTP[i] == "7"): null

2022-02-14 15:26:20 - [TEST_STEP][PASSED] - if (OTP[i] == "8"): Tapped on element 'Object Repository/Login Onboarding/PIN8'

2022-02-14 15:26:20 - [TEST_STEP][PASSED] - tap(findTestObject("Login Onboarding/PIN8"), 0): Tapped on element 'Object Repository/Login Onboarding/PIN8'

2022-02-14 15:26:20 - [MESSAGE][WARNING] - Timeout '0' is invalid. Using default page load timeout: '20'

2022-02-14 15:26:21 - [MESSAGE][PASSED] - Tapped on element 'Object Repository/Login Onboarding/PIN8'

2022-02-14 15:26:21 - [TEST_STEP][PASSED] - if (OTP[i] == "9"): null

2022-02-14 15:26:21 - [TEST_STEP][PASSED] - if (OTP[i] == "0"): null

2022-02-14 15:26:21 - [TEST_STEP][PASSED] - if (OTP[i] == "1"): null

2022-02-14 15:26:21 - [TEST_STEP][PASSED] - if (OTP[i] == "2"): null

2022-02-14 15:26:21 - [TEST_STEP][PASSED] - if (OTP[i] == "3"): null

2022-02-14 15:26:21 - [TEST_STEP][PASSED] - if (OTP[i] == "4"): null

2022-02-14 15:26:21 - [TEST_STEP][PASSED] - if (OTP[i] == "5"): null

2022-02-14 15:26:21 - [TEST_STEP][PASSED] - if (OTP[i] == "6"): null

2022-02-14 15:26:21 - [TEST_STEP][PASSED] - if (OTP[i] == "7"): null

2022-02-14 15:26:21 - [TEST_STEP][PASSED] - if (OTP[i] == "8"): Tapped on element 'Object Repository/Login Onboarding/PIN8'

2022-02-14 15:26:21 - [TEST_STEP][PASSED] - tap(findTestObject("Login Onboarding/PIN8"), 0): Tapped on element 'Object Repository/Login Onboarding/PIN8'

2022-02-14 15:26:21 - [MESSAGE][WARNING] - Timeout '0' is invalid. Using default page load timeout: '20'

2022-02-14 15:26:24 - [MESSAGE][PASSED] - Tapped on element 'Object Repository/Login Onboarding/PIN8'

2022-02-14 15:26:24 - [TEST_STEP][PASSED] - if (OTP[i] == "9"): null

2022-02-14 15:26:24 - [TEST_STEP][PASSED] - if (OTP[i] == "0"): null

2022-02-14 15:26:24 - [TEST_STEP][PASSED] - if (OTP[i] == "1"): null

2022-02-14 15:26:24 - [TEST_STEP][PASSED] - if (OTP[i] == "2"): Tapped on element 'Object Repository/Login Onboarding/PIN2'

2022-02-14 15:26:24 - [TEST_STEP][PASSED] - tap(findTestObject("Login Onboarding/PIN2"), 0): Tapped on element 'Object Repository/Login Onboarding/PIN2'

2022-02-14 15:26:24 - [MESSAGE][WARNING] - Timeout '0' is invalid. Using default page load timeout: '20'

2022-02-14 15:26:26 - [MESSAGE][PASSED] - Tapped on element 'Object Repository/Login Onboarding/PIN2'

2022-02-14 15:26:26 - [TEST_STEP][PASSED] - if (OTP[i] == "3"): null

2022-02-14 15:26:26 - [TEST_STEP][PASSED] - if (OTP[i] == "4"): null

2022-02-14 15:26:26 - [TEST_STEP][PASSED] - if (OTP[i] == "5"): null

2022-02-14 15:26:26 - [TEST_STEP][PASSED] - if (OTP[i] == "6"): null

2022-02-14 15:26:26 - [TEST_STEP][PASSED] - if (OTP[i] == "7"): null

2022-02-14 15:26:26 - [TEST_STEP][PASSED] - if (OTP[i] == "8"): null

2022-02-14 15:26:26 - [TEST_STEP][PASSED] - if (OTP[i] == "9"): null

2022-02-14 15:26:26 - [TEST_STEP][PASSED] - if (OTP[i] == "0"): null

2022-02-14 15:26:26 - [TEST_STEP][PASSED] - if (OTP[i] == "1"): null

2022-02-14 15:26:26 - [TEST_STEP][PASSED] - if (OTP[i] == "2"): null

2022-02-14 15:26:26 - [TEST_STEP][PASSED] - if (OTP[i] == "3"): null

2022-02-14 15:26:26 - [TEST_STEP][PASSED] - if (OTP[i] == "4"): null

2022-02-14 15:26:26 - [TEST_STEP][PASSED] - if (OTP[i] == "5"): null

2022-02-14 15:26:26 - [TEST_STEP][PASSED] - if (OTP[i] == "6"): Tapped on element 'Object Repository/Login Onboarding/PIN6'

2022-02-14 15:26:26 - [TEST_STEP][PASSED] - tap(findTestObject("Login Onboarding/PIN6"), 0): Tapped on element 'Object Repository/Login Onboarding/PIN6'

2022-02-14 15:26:26 - [MESSAGE][WARNING] - Timeout '0' is invalid. Using default page load timeout: '20'

2022-02-14 15:26:28 - [MESSAGE][PASSED] - Tapped on element 'Object Repository/Login Onboarding/PIN6'

2022-02-14 15:26:28 - [TEST_STEP][PASSED] - if (OTP[i] == "7"): null

2022-02-14 15:26:28 - [TEST_STEP][PASSED] - if (OTP[i] == "8"): null

2022-02-14 15:26:28 - [TEST_STEP][PASSED] - if (OTP[i] == "9"): null

2022-02-14 15:26:28 - [TEST_STEP][PASSED] - if (OTP[i] == "0"): null

2022-02-14 15:26:28 - [TEST_STEP][PASSED] - if (OTP[i] == "1"): null

2022-02-14 15:26:28 - [TEST_STEP][PASSED] - if (OTP[i] == "2"): Tapped on element 'Object Repository/Login Onboarding/PIN2'

2022-02-14 15:26:28 - [TEST_STEP][PASSED] - tap(findTestObject("Login Onboarding/PIN2"), 0): Tapped on element 'Object Repository/Login Onboarding/PIN2'

2022-02-14 15:26:28 - [MESSAGE][WARNING] - Timeout '0' is invalid. Using default page load timeout: '20'

2022-02-14 15:26:32 - [MESSAGE][PASSED] - Tapped on element 'Object Repository/Login Onboarding/PIN2'

2022-02-14 15:26:32 - [TEST_STEP][PASSED] - if (OTP[i] == "3"): null

2022-02-14 15:26:32 - [TEST_STEP][PASSED] - if (OTP[i] == "4"): null

2022-02-14 15:26:32 - [TEST_STEP][PASSED] - if (OTP[i] == "5"): null

2022-02-14 15:26:32 - [TEST_STEP][PASSED] - if (OTP[i] == "6"): null

2022-02-14 15:26:32 - [TEST_STEP][PASSED] - if (OTP[i] == "7"): null

2022-02-14 15:26:32 - [TEST_STEP][PASSED] - if (OTP[i] == "8"): null

2022-02-14 15:26:32 - [TEST_STEP][PASSED] - if (OTP[i] == "9"): null

2022-02-14 15:26:32 - [TEST_STEP][PASSED] - if (OTP[i] == "0"): null

2022-02-14 15:26:32 - [TEST_STEP][PASSED] - if (OTP[i] == "1"): null

2022-02-14 15:26:32 - [TEST_STEP][PASSED] - if (OTP[i] == "2"): null

2022-02-14 15:26:32 - [TEST_STEP][PASSED] - if (OTP[i] == "3"): null

2022-02-14 15:26:32 - [TEST_STEP][PASSED] - if (OTP[i] == "4"): Tapped on element 'Object Repository/Login Onboarding/PIN4'

2022-02-14 15:26:32 - [TEST_STEP][PASSED] - tap(findTestObject("Login Onboarding/PIN4"), 0): Tapped on element 'Object Repository/Login Onboarding/PIN4'

2022-02-14 15:26:32 - [MESSAGE][WARNING] - Timeout '0' is invalid. Using default page load timeout: '20'

2022-02-14 15:26:32 - [MESSAGE][PASSED] - Tapped on element 'Object Repository/Login Onboarding/PIN4'

2022-02-14 15:26:32 - [TEST_STEP][PASSED] - if (OTP[i] == "5"): null

2022-02-14 15:26:32 - [TEST_STEP][PASSED] - if (OTP[i] == "6"): null

2022-02-14 15:26:32 - [TEST_STEP][PASSED] - if (OTP[i] == "7"): null

2022-02-14 15:26:32 - [TEST_STEP][PASSED] - if (OTP[i] == "8"): null

2022-02-14 15:26:32 - [TEST_STEP][PASSED] - if (OTP[i] == "9"): null

2022-02-14 15:26:32 - [TEST_STEP][PASSED] - delay(3): Delayed 3 second(s)

2022-02-14 15:26:35 - [MESSAGE][PASSED] - Delayed 3 second(s)

2022-02-14 15:26:35 - [TEST_STEP][PASSED] - tap(findTestObject("Festive Season/festiveReturnAngpaoTickBtn"), 0): Tapped on element 'Object Repository/Festive Season/festiveReturnAngpaoTickBtn'

2022-02-14 15:26:35 - [MESSAGE][WARNING] - Timeout '0' is invalid. Using default page load timeout: '20'

2022-02-14 15:26:36 - [MESSAGE][PASSED] - Tapped on element 'Object Repository/Festive Season/festiveReturnAngpaoTickBtn'

2022-02-14 15:26:36 - [TEST_STEP][PASSED] - message = getText(findTestObject("Tabung/tabungRemoveSummaryTransferTxt"), 10): Text of element 'Object Repository/Tabung/tabungRemoveSummaryTransferTxt' is: 'You've successfully removed the Switzerland Tabung. RM 0.01 has been transferred back into your account.'

2022-02-14 15:26:42 - [MESSAGE][PASSED] - Text of element 'Object Repository/Tabung/tabungRemoveSummaryTransferTxt' is: 'You've successfully removed the Switzerland Tabung. RM 0.01 has been transferred back into your account.'

2022-02-14 15:26:42 - [TEST_STEP][PASSED] - delay(2): Delayed 2 second(s)

2022-02-14 15:26:44 - [MESSAGE][PASSED] - Delayed 2 second(s)

2022-02-14 15:26:44 - [TEST_STEP][FAILED] - verifyElementText(findTestObject("Tabung/tabungRemoveSummaryTransferTxt"), "You've successfully removed the Singapore Tabung. RM 0.10 has been transferred back into your account."): Verify element text of test object 'Object Repository/Tabung/tabungRemoveSummaryTransferTxt' FAILED. (Root cause: com.kms.katalon.core.exception.StepFailedException: Actual text 'You've successfully removed the Switzerland Tabung. RM 0.01 has been transferred back into your account.' and expected text 'You've successfully removed the Singapore Tabung. RM 0.10 has been transferred back into your account.' of test object 'Object Repository/Tabung/tabungRemoveSummaryTransferTxt' are NOT matched.
	at com.kms.katalon.core.keyword.internal.KeywordMain.stepFailed(KeywordMain.groovy:50)
	at com.kms.katalon.core.mobile.keyword.internal.MobileKeywordMain.stepFailed(MobileKeywordMain.groovy:40)
	at com.kms.katalon.core.mobile.keyword.builtin.VerifyElementTextKeyword$_verifyElementText_closure1.doCall(VerifyElementTextKeyword.groovy:56)
	at com.kms.katalon.core.mobile.keyword.builtin.VerifyElementTextKeyword$_verifyElementText_closure1.call(VerifyElementTextKeyword.groovy)
	at com.kms.katalon.core.mobile.keyword.internal.MobileKeywordMain.runKeyword(MobileKeywordMain.groovy:21)
	at com.kms.katalon.core.mobile.keyword.builtin.VerifyElementTextKeyword.verifyElementText(VerifyElementTextKeyword.groovy:62)
	at com.kms.katalon.core.mobile.keyword.builtin.VerifyElementTextKeyword.execute(VerifyElementTextKeyword.groovy:39)
	at com.kms.katalon.core.keyword.internal.KeywordExecutor.executeKeywordForPlatform(KeywordExecutor.groovy:74)
	at com.kms.katalon.core.mobile.keyword.MobileBuiltInKeywords.verifyElementText(MobileBuiltInKeywords.groovy:2766)
	at com.kms.katalon.core.mobile.keyword.MobileBuiltInKeywords$verifyElementText$9.call(Unknown Source)
	at tabung_removeTabung.run(tabung_removeTabung:149)
	at com.kms.katalon.core.main.ScriptEngine.run(ScriptEngine.java:194)
	at com.kms.katalon.core.main.ScriptEngine.runScriptAsRawText(ScriptEngine.java:119)
	at com.kms.katalon.core.main.TestCaseExecutor.runScript(TestCaseExecutor.java:442)
	at com.kms.katalon.core.main.TestCaseExecutor.doExecute(TestCaseExecutor.java:433)
	at com.kms.katalon.core.main.TestCaseExecutor.processExecutionPhase(TestCaseExecutor.java:412)
	at com.kms.katalon.core.main.TestCaseExecutor.accessMainPhase(TestCaseExecutor.java:404)
	at com.kms.katalon.core.main.TestCaseExecutor.execute(TestCaseExecutor.java:281)
	at com.kms.katalon.core.main.TestSuiteExecutor.accessTestCaseMainPhase(TestSuiteExecutor.java:202)
	at com.kms.katalon.core.main.TestSuiteExecutor.accessTestSuiteMainPhase(TestSuiteExecutor.java:164)
	at com.kms.katalon.core.main.TestSuiteExecutor.execute(TestSuiteExecutor.java:105)
	at com.kms.katalon.core.main.TestCaseMain.startTestSuite(TestCaseMain.java:181)
	at com.kms.katalon.core.main.TestCaseMain$startTestSuite$0.call(Unknown Source)
	at TempTestSuite1644822994106.run(TempTestSuite1644822994106.groovy:36)
)

2022-02-14 15:26:45 - [MESSAGE][FAILED] - Actual text 'You've successfully removed the Switzerland Tabung. RM 0.01 has been transferred back into your account.' and expected text 'You've successfully removed the Singapore Tabung. RM 0.10 has been transferred back into your account.' of test object 'Object Repository/Tabung/tabungRemoveSummaryTransferTxt' are NOT matched.

2022-02-14 15:26:45 - [MESSAGE][FAILED] - Verify element text of test object 'Object Repository/Tabung/tabungRemoveSummaryTransferTxt' FAILED. (Root cause: com.kms.katalon.core.exception.StepFailedException: Actual text 'You've successfully removed the Switzerland Tabung. RM 0.01 has been transferred back into your account.' and expected text 'You've successfully removed the Singapore Tabung. RM 0.10 has been transferred back into your account.' of test object 'Object Repository/Tabung/tabungRemoveSummaryTransferTxt' are NOT matched.
	at com.kms.katalon.core.keyword.internal.KeywordMain.stepFailed(KeywordMain.groovy:50)
	at com.kms.katalon.core.mobile.keyword.internal.MobileKeywordMain.stepFailed(MobileKeywordMain.groovy:40)
	at com.kms.katalon.core.mobile.keyword.builtin.VerifyElementTextKeyword$_verifyElementText_closure1.doCall(VerifyElementTextKeyword.groovy:56)
	at com.kms.katalon.core.mobile.keyword.builtin.VerifyElementTextKeyword$_verifyElementText_closure1.call(VerifyElementTextKeyword.groovy)
	at com.kms.katalon.core.mobile.keyword.internal.MobileKeywordMain.runKeyword(MobileKeywordMain.groovy:21)
	at com.kms.katalon.core.mobile.keyword.builtin.VerifyElementTextKeyword.verifyElementText(VerifyElementTextKeyword.groovy:62)
	at com.kms.katalon.core.mobile.keyword.builtin.VerifyElementTextKeyword.execute(VerifyElementTextKeyword.groovy:39)
	at com.kms.katalon.core.keyword.internal.KeywordExecutor.executeKeywordForPlatform(KeywordExecutor.groovy:74)
	at com.kms.katalon.core.mobile.keyword.MobileBuiltInKeywords.verifyElementText(MobileBuiltInKeywords.groovy:2766)
	at com.kms.katalon.core.mobile.keyword.MobileBuiltInKeywords$verifyElementText$9.call(Unknown Source)
	at tabung_removeTabung.run(tabung_removeTabung:149)
	at com.kms.katalon.core.main.ScriptEngine.run(ScriptEngine.java:194)
	at com.kms.katalon.core.main.ScriptEngine.runScriptAsRawText(ScriptEngine.java:119)
	at com.kms.katalon.core.main.TestCaseExecutor.runScript(TestCaseExecutor.java:442)
	at com.kms.katalon.core.main.TestCaseExecutor.doExecute(TestCaseExecutor.java:433)
	at com.kms.katalon.core.main.TestCaseExecutor.processExecutionPhase(TestCaseExecutor.java:412)
	at com.kms.katalon.core.main.TestCaseExecutor.accessMainPhase(TestCaseExecutor.java:404)
	at com.kms.katalon.core.main.TestCaseExecutor.execute(TestCaseExecutor.java:281)
	at com.kms.katalon.core.main.TestSuiteExecutor.accessTestCaseMainPhase(TestSuiteExecutor.java:202)
	at com.kms.katalon.core.main.TestSuiteExecutor.accessTestSuiteMainPhase(TestSuiteExecutor.java:164)
	at com.kms.katalon.core.main.TestSuiteExecutor.execute(TestSuiteExecutor.java:105)
	at com.kms.katalon.core.main.TestCaseMain.startTestSuite(TestCaseMain.java:181)
	at com.kms.katalon.core.main.TestCaseMain$startTestSuite$0.call(Unknown Source)
	at TempTestSuite1644822994106.run(TempTestSuite1644822994106.groovy:36)
)]]></system-out>
         <system-err><![CDATA[2022-02-14 15:25:40 - [TEST_CASE][FAILED] - Test Cases/Tabung/tabung_removeTabung: Test Cases/Tabung/tabung_removeTabung FAILED.
Reason:
com.kms.katalon.core.exception.StepFailedException: Actual text 'You've successfully removed the Switzerland Tabung. RM 0.01 has been transferred back into your account.' and expected text 'You've successfully removed the Singapore Tabung. RM 0.10 has been transferred back into your account.' of test object 'Object Repository/Tabung/tabungRemoveSummaryTransferTxt' are NOT matched.
	at com.kms.katalon.core.keyword.internal.KeywordMain.stepFailed(KeywordMain.groovy:50)
	at com.kms.katalon.core.mobile.keyword.internal.MobileKeywordMain.stepFailed(MobileKeywordMain.groovy:40)
	at com.kms.katalon.core.mobile.keyword.builtin.VerifyElementTextKeyword$_verifyElementText_closure1.doCall(VerifyElementTextKeyword.groovy:56)
	at com.kms.katalon.core.mobile.keyword.builtin.VerifyElementTextKeyword$_verifyElementText_closure1.call(VerifyElementTextKeyword.groovy)
	at com.kms.katalon.core.mobile.keyword.internal.MobileKeywordMain.runKeyword(MobileKeywordMain.groovy:21)
	at com.kms.katalon.core.mobile.keyword.builtin.VerifyElementTextKeyword.verifyElementText(VerifyElementTextKeyword.groovy:62)
	at com.kms.katalon.core.mobile.keyword.builtin.VerifyElementTextKeyword.execute(VerifyElementTextKeyword.groovy:39)
	at com.kms.katalon.core.keyword.internal.KeywordExecutor.executeKeywordForPlatform(KeywordExecutor.groovy:74)
	at com.kms.katalon.core.mobile.keyword.MobileBuiltInKeywords.verifyElementText(MobileBuiltInKeywords.groovy:2766)
	at com.kms.katalon.core.mobile.keyword.MobileBuiltInKeywords$verifyElementText$9.call(Unknown Source)
	at tabung_removeTabung.run(tabung_removeTabung:149)
	at com.kms.katalon.core.main.ScriptEngine.run(ScriptEngine.java:194)
	at com.kms.katalon.core.main.ScriptEngine.runScriptAsRawText(ScriptEngine.java:119)
	at com.kms.katalon.core.main.TestCaseExecutor.runScript(TestCaseExecutor.java:442)
	at com.kms.katalon.core.main.TestCaseExecutor.doExecute(TestCaseExecutor.java:433)
	at com.kms.katalon.core.main.TestCaseExecutor.processExecutionPhase(TestCaseExecutor.java:412)
	at com.kms.katalon.core.main.TestCaseExecutor.accessMainPhase(TestCaseExecutor.java:404)
	at com.kms.katalon.core.main.TestCaseExecutor.execute(TestCaseExecutor.java:281)
	at com.kms.katalon.core.main.TestSuiteExecutor.accessTestCaseMainPhase(TestSuiteExecutor.java:202)
	at com.kms.katalon.core.main.TestSuiteExecutor.accessTestSuiteMainPhase(TestSuiteExecutor.java:164)
	at com.kms.katalon.core.main.TestSuiteExecutor.execute(TestSuiteExecutor.java:105)
	at com.kms.katalon.core.main.TestCaseMain.startTestSuite(TestCaseMain.java:181)
	at com.kms.katalon.core.main.TestCaseMain$startTestSuite$0.call(Unknown Source)
	at TempTestSuite1644822994106.run(TempTestSuite1644822994106.groovy:36)]]></system-err>
      </testcase>
      <system-out><![CDATA[2022-02-14 15:16:43 - [TEST_SUITE][FAILED] - Regress 2: Test Cases/Tabung/tabung_enableESITabung FAILED.
Reason:
com.kms.katalon.core.exception.StepFailedException: Element 'Object Repository/Tabung/tabungSummaryAutoDecuctSuccessEnableTxt' not found
	at com.kms.katalon.core.keyword.internal.KeywordMain.stepFailed(KeywordMain.groovy:50)
	at com.kms.katalon.core.mobile.keyword.internal.MobileKeywordMain.stepFailed(MobileKeywordMain.groovy:40)
	at com.kms.katalon.core.mobile.keyword.builtin.VerifyElementVisibleKeyword$_verifyElementVisible_closure1.doCall(VerifyElementVisibleKeyword.groovy:82)
	at com.kms.katalon.core.mobile.keyword.builtin.VerifyElementVisibleKeyword$_verifyElementVisible_closure1.call(VerifyElementVisibleKeyword.groovy)
	at com.kms.katalon.core.mobile.keyword.internal.MobileKeywordMain.runKeyword(MobileKeywordMain.groovy:21)
	at com.kms.katalon.core.mobile.keyword.builtin.VerifyElementVisibleKeyword.verifyElementVisible(VerifyElementVisibleKeyword.groovy:85)
	at com.kms.katalon.core.mobile.keyword.builtin.VerifyElementVisibleKeyword.execute(VerifyElementVisibleKeyword.groovy:64)
	at com.kms.katalon.core.keyword.internal.KeywordExecutor.executeKeywordForPlatform(KeywordExecutor.groovy:74)
	at com.kms.katalon.core.mobile.keyword.MobileBuiltInKeywords.verifyElementVisible(MobileBuiltInKeywords.groovy:1896)
	at com.kms.katalon.core.mobile.keyword.MobileBuiltInKeywords$verifyElementVisible$7.call(Unknown Source)
	at tabung_enableESITabung.run(tabung_enableESITabung:129)
	at com.kms.katalon.core.main.ScriptEngine.run(ScriptEngine.java:194)
	at com.kms.katalon.core.main.ScriptEngine.runScriptAsRawText(ScriptEngine.java:119)
	at com.kms.katalon.core.main.TestCaseExecutor.runScript(TestCaseExecutor.java:442)
	at com.kms.katalon.core.main.TestCaseExecutor.doExecute(TestCaseExecutor.java:433)
	at com.kms.katalon.core.main.TestCaseExecutor.processExecutionPhase(TestCaseExecutor.java:412)
	at com.kms.katalon.core.main.TestCaseExecutor.accessMainPhase(TestCaseExecutor.java:404)
	at com.kms.katalon.core.main.TestCaseExecutor.execute(TestCaseExecutor.java:281)
	at com.kms.katalon.core.main.TestSuiteExecutor.accessTestCaseMainPhase(TestSuiteExecutor.java:202)
	at com.kms.katalon.core.main.TestSuiteExecutor.accessTestSuiteMainPhase(TestSuiteExecutor.java:164)
	at com.kms.katalon.core.main.TestSuiteExecutor.execute(TestSuiteExecutor.java:105)
	at com.kms.katalon.core.main.TestCaseMain.startTestSuite(TestCaseMain.java:181)
	at com.kms.katalon.core.main.TestCaseMain$startTestSuite$0.call(Unknown Source)
	at TempTestSuite1644822994106.run(TempTestSuite1644822994106.groovy:36)]]></system-out>
      <system-err><![CDATA[2022-02-14 15:16:43 - [TEST_SUITE][FAILED] - Regress 2: Test Cases/Tabung/tabung_enableESITabung FAILED.
Reason:
com.kms.katalon.core.exception.StepFailedException: Element 'Object Repository/Tabung/tabungSummaryAutoDecuctSuccessEnableTxt' not found
	at com.kms.katalon.core.keyword.internal.KeywordMain.stepFailed(KeywordMain.groovy:50)
	at com.kms.katalon.core.mobile.keyword.internal.MobileKeywordMain.stepFailed(MobileKeywordMain.groovy:40)
	at com.kms.katalon.core.mobile.keyword.builtin.VerifyElementVisibleKeyword$_verifyElementVisible_closure1.doCall(VerifyElementVisibleKeyword.groovy:82)
	at com.kms.katalon.core.mobile.keyword.builtin.VerifyElementVisibleKeyword$_verifyElementVisible_closure1.call(VerifyElementVisibleKeyword.groovy)
	at com.kms.katalon.core.mobile.keyword.internal.MobileKeywordMain.runKeyword(MobileKeywordMain.groovy:21)
	at com.kms.katalon.core.mobile.keyword.builtin.VerifyElementVisibleKeyword.verifyElementVisible(VerifyElementVisibleKeyword.groovy:85)
	at com.kms.katalon.core.mobile.keyword.builtin.VerifyElementVisibleKeyword.execute(VerifyElementVisibleKeyword.groovy:64)
	at com.kms.katalon.core.keyword.internal.KeywordExecutor.executeKeywordForPlatform(KeywordExecutor.groovy:74)
	at com.kms.katalon.core.mobile.keyword.MobileBuiltInKeywords.verifyElementVisible(MobileBuiltInKeywords.groovy:1896)
	at com.kms.katalon.core.mobile.keyword.MobileBuiltInKeywords$verifyElementVisible$7.call(Unknown Source)
	at tabung_enableESITabung.run(tabung_enableESITabung:129)
	at com.kms.katalon.core.main.ScriptEngine.run(ScriptEngine.java:194)
	at com.kms.katalon.core.main.ScriptEngine.runScriptAsRawText(ScriptEngine.java:119)
	at com.kms.katalon.core.main.TestCaseExecutor.runScript(TestCaseExecutor.java:442)
	at com.kms.katalon.core.main.TestCaseExecutor.doExecute(TestCaseExecutor.java:433)
	at com.kms.katalon.core.main.TestCaseExecutor.processExecutionPhase(TestCaseExecutor.java:412)
	at com.kms.katalon.core.main.TestCaseExecutor.accessMainPhase(TestCaseExecutor.java:404)
	at com.kms.katalon.core.main.TestCaseExecutor.execute(TestCaseExecutor.java:281)
	at com.kms.katalon.core.main.TestSuiteExecutor.accessTestCaseMainPhase(TestSuiteExecutor.java:202)
	at com.kms.katalon.core.main.TestSuiteExecutor.accessTestSuiteMainPhase(TestSuiteExecutor.java:164)
	at com.kms.katalon.core.main.TestSuiteExecutor.execute(TestSuiteExecutor.java:105)
	at com.kms.katalon.core.main.TestCaseMain.startTestSuite(TestCaseMain.java:181)
	at com.kms.katalon.core.main.TestCaseMain$startTestSuite$0.call(Unknown Source)
	at TempTestSuite1644822994106.run(TempTestSuite1644822994106.groovy:36)]]></system-err>
   </testsuite>
</testsuites>
