<?xml version="1.0" encoding="UTF-8"?>
<testsuites name="MAE" time="150.498" tests="2" failures="1" errors="0">
   <testsuite name="MAE" tests="2" failures="1" errors="0" time="150.498" skipped="0" timestamp="2022-02-08 20:17:32" hostname="a00139272 - 192.168.0.189" id="Test Suites/MAE">
      <properties>
         <property name="deviceName" value="samsung SM-G965F (Android 10)"/>
         <property name="devicePlatform" value=""/>
         <property name="logFolder" value="/Users/a00139272/Katalon Studio/MAEAutomation2/Reports/20220208_201723/MAE/20220208_201723"/>
         <property name="logFiles" value="/Users/a00139272/Katalon Studio/MAEAutomation2/Reports/20220208_201723/MAE/20220208_201723/execution0.log, /Users/a00139272/Katalon Studio/MAEAutomation2/Reports/20220208_201723/MAE/20220208_201723/appium.log"/>
         <property name="attachments" value=""/>
         <property name="hostName" value="a00139272 - 192.168.0.189"/>
         <property name="os" value="Mac OS X 64bit"/>
         <property name="appiumServerStatus" value="{&quot;value&quot;:{&quot;build&quot;:{&quot;version&quot;:&quot;1.22.1&quot;}},&quot;sessionId&quot;:null,&quot;status&quot;:0}"/>
         <property name="katalonVersion" value="8.2.0.208"/>
         <property name="deviceOS" value="Android"/>
         <property name="appiumVersion" value="1.22.1"/>
         <property name="deviceModel" value="SM-G965F"/>
         <property name="hostAddress" value="192.168.0.189"/>
         <property name="deviceManufacturer" value="samsung"/>
         <property name="deviceId" value="2252c030550d7ece"/>
         <property name="deviceName" value="samsung SM-G965F (Android 10)"/>
         <property name="deviceOSVersion" value="10"/>
      </properties>
      <testcase name="Test Cases/PayBill/payBills_todayTransaction" time="108.013" classname="Test Cases/PayBill/payBills_todayTransaction" status="PASSED">
         <system-out><![CDATA[2022-02-08 20:17:32 - [TEST_CASE][PASSED] - Test Cases/PayBill/payBills_todayTransaction: Test Cases/PayBill/payBills_todayTransaction

2022-02-08 20:17:33 - [TEST_STEP][PASSED] - startApplication(appPath, false): Started app at: '/Users/a00139272/Katalon Studio/MAE/androidapp/app-dev-universal-release.apk'

2022-02-08 20:17:33 - [MESSAGE][INFO] - User set preference: ['appWaitActivity', '*']

2022-02-08 20:17:33 - [MESSAGE][INFO] - User set preference: ['deviceId', '2252c030550d7ece']

2022-02-08 20:17:34 - [MESSAGE][INFO] - Appium server started on port 60,306

2022-02-08 20:17:46 - [MESSAGE][PASSED] - Started app at: '/Users/a00139272/Katalon Studio/MAE/androidapp/app-dev-universal-release.apk'

2022-02-08 20:17:46 - [TEST_STEP][PASSED] - setMobileDriverPreferencesProperty("appPackage", "com.maybank2u.life.dev"): null

2022-02-08 20:17:46 - [TEST_STEP][PASSED] - setMobileDriverPreferencesProperty("appActivity", "com.maybank2u.life.MainActivity"): null

2022-02-08 20:17:46 - [TEST_STEP][PASSED] - delay(5): Delayed 5 second(s)

2022-02-08 20:17:51 - [MESSAGE][PASSED] - Delayed 5 second(s)

2022-02-08 20:17:51 - [TEST_STEP][PASSED] - if (getDeviceManufacturer() == "samsung"): null

2022-02-08 20:17:51 - [MESSAGE][PASSED] - Device manufacturer is: 'samsung'

2022-02-08 20:17:51 - [TEST_STEP][PASSED] - tapAtPosition(470, 2694): Tapped at [470, 2,694]

2022-02-08 20:17:51 - [MESSAGE][PASSED] - Tapped at [470, 2,694]

2022-02-08 20:17:51 - [TEST_STEP][PASSED] - if (verifyElementVisible(findTestObject("Main/mainEnterPINMessage"), 0, OPTIONAL)): null

2022-02-08 20:17:51 - [MESSAGE][WARNING] - Timeout '0' is invalid. Using default page load timeout: '20'

2022-02-08 20:17:53 - [MESSAGE][PASSED] - Element 'Object Repository/Main/mainEnterPINMessage' is visible

2022-02-08 20:17:53 - [TEST_STEP][PASSED] - tap(findTestObject("Login Onboarding/PIN1"), 0): Tapped on element 'Object Repository/Login Onboarding/PIN1'

2022-02-08 20:17:53 - [MESSAGE][WARNING] - Timeout '0' is invalid. Using default page load timeout: '20'

2022-02-08 20:17:53 - [MESSAGE][PASSED] - Tapped on element 'Object Repository/Login Onboarding/PIN1'

2022-02-08 20:17:53 - [TEST_STEP][PASSED] - tap(findTestObject("Login Onboarding/PIN1"), 0): Tapped on element 'Object Repository/Login Onboarding/PIN1'

2022-02-08 20:17:53 - [MESSAGE][WARNING] - Timeout '0' is invalid. Using default page load timeout: '20'

2022-02-08 20:17:55 - [MESSAGE][PASSED] - Tapped on element 'Object Repository/Login Onboarding/PIN1'

2022-02-08 20:17:55 - [TEST_STEP][PASSED] - tap(findTestObject("Login Onboarding/PIN1"), 0): Tapped on element 'Object Repository/Login Onboarding/PIN1'

2022-02-08 20:17:55 - [MESSAGE][WARNING] - Timeout '0' is invalid. Using default page load timeout: '20'

2022-02-08 20:17:57 - [MESSAGE][PASSED] - Tapped on element 'Object Repository/Login Onboarding/PIN1'

2022-02-08 20:17:57 - [TEST_STEP][PASSED] - tap(findTestObject("Login Onboarding/PIN1"), 0): Tapped on element 'Object Repository/Login Onboarding/PIN1'

2022-02-08 20:17:57 - [MESSAGE][WARNING] - Timeout '0' is invalid. Using default page load timeout: '20'

2022-02-08 20:17:59 - [MESSAGE][PASSED] - Tapped on element 'Object Repository/Login Onboarding/PIN1'

2022-02-08 20:17:59 - [TEST_STEP][PASSED] - tap(findTestObject("Login Onboarding/PIN1"), 0): Tapped on element 'Object Repository/Login Onboarding/PIN1'

2022-02-08 20:17:59 - [MESSAGE][WARNING] - Timeout '0' is invalid. Using default page load timeout: '20'

2022-02-08 20:18:01 - [MESSAGE][PASSED] - Tapped on element 'Object Repository/Login Onboarding/PIN1'

2022-02-08 20:18:01 - [TEST_STEP][PASSED] - tap(findTestObject("Login Onboarding/PIN2"), 0): Tapped on element 'Object Repository/Login Onboarding/PIN2'

2022-02-08 20:18:01 - [MESSAGE][WARNING] - Timeout '0' is invalid. Using default page load timeout: '20'

2022-02-08 20:18:03 - [MESSAGE][PASSED] - Tapped on element 'Object Repository/Login Onboarding/PIN2'

2022-02-08 20:18:03 - [TEST_STEP][PASSED] - delay(2): Delayed 2 second(s)

2022-02-08 20:18:05 - [MESSAGE][PASSED] - Delayed 2 second(s)

2022-02-08 20:18:05 - [TEST_STEP][PASSED] - tap(findTestObject("Banking/m2uAccountTypeSelection", ["text":"Personal Current Account"]), 10): Tapped on element 'Object Repository/Banking/m2uAccountTypeSelection'

2022-02-08 20:18:08 - [MESSAGE][PASSED] - Tapped on element 'Object Repository/Banking/m2uAccountTypeSelection'

2022-02-08 20:18:08 - [TEST_STEP][PASSED] - tap(findTestObject("Banking/m2uAccountPayBillsIconSelect"), 0): Tapped on element 'Object Repository/Banking/m2uAccountPayBillsIconSelect'

2022-02-08 20:18:08 - [MESSAGE][WARNING] - Timeout '0' is invalid. Using default page load timeout: '20'

2022-02-08 20:18:12 - [MESSAGE][PASSED] - Tapped on element 'Object Repository/Banking/m2uAccountPayBillsIconSelect'

2022-02-08 20:18:12 - [TEST_STEP][PASSED] - if (verifyElementVisible(findTestObject("Login Onboarding/loginEnterPasswordMessage"), 0, OPTIONAL)): null

2022-02-08 20:18:12 - [MESSAGE][WARNING] - Timeout '0' is invalid. Using default page load timeout: '20'

2022-02-08 20:18:12 - [MESSAGE][PASSED] - Element 'Object Repository/Login Onboarding/loginEnterPasswordMessage' is visible

2022-02-08 20:18:12 - [TEST_STEP][PASSED] - setText(findTestObject("Login Onboarding/loginPasswordInputField"), Password, 0): Text 'Maybank@1' has been set to element 'Object Repository/Login Onboarding/loginPasswordInputField'

2022-02-08 20:18:13 - [MESSAGE][WARNING] - Timeout '0' is invalid. Using default page load timeout: '20'

2022-02-08 20:18:14 - [MESSAGE][PASSED] - Text 'Maybank@1' has been set to element 'Object Repository/Login Onboarding/loginPasswordInputField'

2022-02-08 20:18:14 - [TEST_STEP][PASSED] - hideKeyboard(): Keyboard is hidden

2022-02-08 20:18:15 - [MESSAGE][PASSED] - Keyboard is hidden

2022-02-08 20:18:15 - [TEST_STEP][PASSED] - tap(findTestObject("Login Onboarding/loginExistingContinueBtn"), 0): Tapped on element 'Object Repository/Login Onboarding/loginExistingContinueBtn'

2022-02-08 20:18:15 - [MESSAGE][WARNING] - Timeout '0' is invalid. Using default page load timeout: '20'

2022-02-08 20:18:16 - [MESSAGE][PASSED] - Tapped on element 'Object Repository/Login Onboarding/loginExistingContinueBtn'

2022-02-08 20:18:16 - [TEST_STEP][PASSED] - waitForElementPresent(findTestObject("Paybill/payBillsIconSelect"), 0): Element 'Object Repository/Paybill/payBillsIconSelect' is present

2022-02-08 20:18:16 - [MESSAGE][WARNING] - Timeout '0' is invalid. Using default page load timeout: '20'

2022-02-08 20:18:21 - [MESSAGE][PASSED] - Element 'Object Repository/Paybill/payBillsIconSelect' is present

2022-02-08 20:18:21 - [TEST_STEP][PASSED] - tap(findTestObject("Paybill/payBillsIconSelect"), 0): Tapped on element 'Object Repository/Paybill/payBillsIconSelect'

2022-02-08 20:18:21 - [MESSAGE][WARNING] - Timeout '0' is invalid. Using default page load timeout: '20'

2022-02-08 20:18:21 - [MESSAGE][PASSED] - Tapped on element 'Object Repository/Paybill/payBillsIconSelect'

2022-02-08 20:18:21 - [TEST_STEP][PASSED] - tap(findTestObject("Paybill/payBillSearchBillerInputField"), 0): Tapped on element 'Object Repository/Paybill/payBillSearchBillerInputField'

2022-02-08 20:18:21 - [MESSAGE][WARNING] - Timeout '0' is invalid. Using default page load timeout: '20'

2022-02-08 20:18:24 - [MESSAGE][PASSED] - Tapped on element 'Object Repository/Paybill/payBillSearchBillerInputField'

2022-02-08 20:18:24 - [TEST_STEP][PASSED] - setText(findTestObject("Paybill/payBillBillerNameInputField"), "Maxis", 0): Text 'Maxis' has been set to element 'Object Repository/Paybill/payBillBillerNameInputField'

2022-02-08 20:18:24 - [MESSAGE][WARNING] - Timeout '0' is invalid. Using default page load timeout: '20'

2022-02-08 20:18:26 - [MESSAGE][PASSED] - Text 'Maxis' has been set to element 'Object Repository/Paybill/payBillBillerNameInputField'

2022-02-08 20:18:26 - [TEST_STEP][PASSED] - delay(3): Delayed 3 second(s)

2022-02-08 20:18:29 - [MESSAGE][PASSED] - Delayed 3 second(s)

2022-02-08 20:18:29 - [TEST_STEP][PASSED] - tap(findTestObject("Paybill/payBillBillerSelect", ["text":"Maxis Mobile Sdn Bhd"]), 10): Tapped on element 'Object Repository/Paybill/payBillBillerSelect'

2022-02-08 20:18:30 - [MESSAGE][PASSED] - Tapped on element 'Object Repository/Paybill/payBillBillerSelect'

2022-02-08 20:18:30 - [TEST_STEP][PASSED] - tap(findTestObject("Paybill/payBillBillerSelect", ["text":"Maxis Mobile Sdn Bhd"]), 10): Tapped on element 'Object Repository/Paybill/payBillBillerSelect'

2022-02-08 20:18:31 - [MESSAGE][PASSED] - Tapped on element 'Object Repository/Paybill/payBillBillerSelect'

2022-02-08 20:18:31 - [TEST_STEP][PASSED] - setText(findTestObject("Paybill/PayBillAccountNumberInputField"), "1544054651", 0): Text '1544054651' has been set to element 'Object Repository/Paybill/PayBillAccountNumberInputField'

2022-02-08 20:18:31 - [MESSAGE][WARNING] - Timeout '0' is invalid. Using default page load timeout: '20'

2022-02-08 20:18:33 - [MESSAGE][PASSED] - Text '1544054651' has been set to element 'Object Repository/Paybill/PayBillAccountNumberInputField'

2022-02-08 20:18:33 - [TEST_STEP][PASSED] - hideKeyboard(): Keyboard is hidden

2022-02-08 20:18:34 - [MESSAGE][PASSED] - Keyboard is hidden

2022-02-08 20:18:34 - [TEST_STEP][PASSED] - tap(findTestObject("Login Onboarding/loginExistingContinueBtn"), 0): Tapped on element 'Object Repository/Login Onboarding/loginExistingContinueBtn'

2022-02-08 20:18:34 - [MESSAGE][WARNING] - Timeout '0' is invalid. Using default page load timeout: '20'

2022-02-08 20:18:35 - [MESSAGE][PASSED] - Tapped on element 'Object Repository/Login Onboarding/loginExistingContinueBtn'

2022-02-08 20:18:35 - [TEST_STEP][PASSED] - tap(findTestObject("Login Onboarding/PIN1"), 0): Tapped on element 'Object Repository/Login Onboarding/PIN1'

2022-02-08 20:18:35 - [MESSAGE][WARNING] - Timeout '0' is invalid. Using default page load timeout: '20'

2022-02-08 20:18:37 - [MESSAGE][PASSED] - Tapped on element 'Object Repository/Login Onboarding/PIN1'

2022-02-08 20:18:37 - [TEST_STEP][PASSED] - tap(findTestObject("Login Onboarding/PIN4"), 0): Tapped on element 'Object Repository/Login Onboarding/PIN4'

2022-02-08 20:18:37 - [MESSAGE][WARNING] - Timeout '0' is invalid. Using default page load timeout: '20'

2022-02-08 20:18:38 - [MESSAGE][PASSED] - Tapped on element 'Object Repository/Login Onboarding/PIN4'

2022-02-08 20:18:38 - [TEST_STEP][PASSED] - delay(3): Delayed 3 second(s)

2022-02-08 20:18:41 - [MESSAGE][PASSED] - Delayed 3 second(s)

2022-02-08 20:18:41 - [TEST_STEP][PASSED] - tap(findTestObject("Main/mainAmountTickBtn"), 0): Tapped on element 'Object Repository/Main/mainAmountTickBtn'

2022-02-08 20:18:41 - [MESSAGE][WARNING] - Timeout '0' is invalid. Using default page load timeout: '20'

2022-02-08 20:18:41 - [MESSAGE][PASSED] - Tapped on element 'Object Repository/Main/mainAmountTickBtn'

2022-02-08 20:18:41 - [TEST_STEP][PASSED] - delay(5): Delayed 5 second(s)

2022-02-08 20:18:46 - [MESSAGE][PASSED] - Delayed 5 second(s)

2022-02-08 20:18:46 - [TEST_STEP][PASSED] - waitForElementPresent(findTestObject("Main/mainPayNowBtn"), 5): Element 'Object Repository/Main/mainPayNowBtn' is present

2022-02-08 20:18:47 - [MESSAGE][PASSED] - Element 'Object Repository/Main/mainPayNowBtn' is present

2022-02-08 20:18:47 - [TEST_STEP][PASSED] - tap(findTestObject("Main/mainPayNowBtn"), 0): Tapped on element 'Object Repository/Main/mainPayNowBtn'

2022-02-08 20:18:47 - [MESSAGE][WARNING] - Timeout '0' is invalid. Using default page load timeout: '20'

2022-02-08 20:18:47 - [MESSAGE][PASSED] - Tapped on element 'Object Repository/Main/mainPayNowBtn'

2022-02-08 20:18:47 - [TEST_STEP][PASSED] - if (verifyElementVisible(findTestObject("Festive Season/festiveReturnAngpaoTACNoTxt"), 0, OPTIONAL)): null

2022-02-08 20:18:48 - [MESSAGE][WARNING] - Timeout '0' is invalid. Using default page load timeout: '20'

2022-02-08 20:18:52 - [MESSAGE][PASSED] - Element 'Object Repository/Festive Season/festiveReturnAngpaoTACNoTxt' is visible

2022-02-08 20:18:52 - [TEST_STEP][PASSED] - OTP = getText(findTestObject("Festive Season/festiveReturnAngpaoTACNoTxt"), 0): Text of element 'Object Repository/Festive Season/festiveReturnAngpaoTACNoTxt' is: 'Your TAC no. is 393635'

2022-02-08 20:18:52 - [MESSAGE][WARNING] - Timeout '0' is invalid. Using default page load timeout: '20'

2022-02-08 20:18:52 - [MESSAGE][PASSED] - Text of element 'Object Repository/Festive Season/festiveReturnAngpaoTACNoTxt' is: 'Your TAC no. is 393635'

2022-02-08 20:18:52 - [TEST_STEP][PASSED] - for ([i = 16, i <= 21, (i++)]): null

2022-02-08 20:18:52 - [TEST_STEP][PASSED] - if (OTP[i] == "0"): null

2022-02-08 20:18:52 - [TEST_STEP][PASSED] - if (OTP[i] == "1"): null

2022-02-08 20:18:52 - [TEST_STEP][PASSED] - if (OTP[i] == "2"): null

2022-02-08 20:18:52 - [TEST_STEP][PASSED] - if (OTP[i] == "3"): Tapped on element 'Object Repository/Login Onboarding/PIN3'

2022-02-08 20:18:52 - [TEST_STEP][PASSED] - tap(findTestObject("Login Onboarding/PIN3"), 0): Tapped on element 'Object Repository/Login Onboarding/PIN3'

2022-02-08 20:18:52 - [MESSAGE][WARNING] - Timeout '0' is invalid. Using default page load timeout: '20'

2022-02-08 20:18:53 - [MESSAGE][PASSED] - Tapped on element 'Object Repository/Login Onboarding/PIN3'

2022-02-08 20:18:53 - [TEST_STEP][PASSED] - if (OTP[i] == "4"): null

2022-02-08 20:18:53 - [TEST_STEP][PASSED] - if (OTP[i] == "5"): null

2022-02-08 20:18:53 - [TEST_STEP][PASSED] - if (OTP[i] == "6"): null

2022-02-08 20:18:53 - [TEST_STEP][PASSED] - if (OTP[i] == "7"): null

2022-02-08 20:18:53 - [TEST_STEP][PASSED] - if (OTP[i] == "8"): null

2022-02-08 20:18:53 - [TEST_STEP][PASSED] - if (OTP[i] == "9"): null

2022-02-08 20:18:53 - [TEST_STEP][PASSED] - if (OTP[i] == "0"): null

2022-02-08 20:18:53 - [TEST_STEP][PASSED] - if (OTP[i] == "1"): null

2022-02-08 20:18:53 - [TEST_STEP][PASSED] - if (OTP[i] == "2"): null

2022-02-08 20:18:53 - [TEST_STEP][PASSED] - if (OTP[i] == "3"): null

2022-02-08 20:18:53 - [TEST_STEP][PASSED] - if (OTP[i] == "4"): null

2022-02-08 20:18:53 - [TEST_STEP][PASSED] - if (OTP[i] == "5"): null

2022-02-08 20:18:53 - [TEST_STEP][PASSED] - if (OTP[i] == "6"): null

2022-02-08 20:18:53 - [TEST_STEP][PASSED] - if (OTP[i] == "7"): null

2022-02-08 20:18:53 - [TEST_STEP][PASSED] - if (OTP[i] == "8"): null

2022-02-08 20:18:53 - [TEST_STEP][PASSED] - if (OTP[i] == "9"): Tapped on element 'Object Repository/Login Onboarding/PIN9'

2022-02-08 20:18:53 - [TEST_STEP][PASSED] - tap(findTestObject("Login Onboarding/PIN9"), 0): Tapped on element 'Object Repository/Login Onboarding/PIN9'

2022-02-08 20:18:53 - [MESSAGE][WARNING] - Timeout '0' is invalid. Using default page load timeout: '20'

2022-02-08 20:18:58 - [MESSAGE][PASSED] - Tapped on element 'Object Repository/Login Onboarding/PIN9'

2022-02-08 20:18:58 - [TEST_STEP][PASSED] - if (OTP[i] == "0"): null

2022-02-08 20:18:58 - [TEST_STEP][PASSED] - if (OTP[i] == "1"): null

2022-02-08 20:18:58 - [TEST_STEP][PASSED] - if (OTP[i] == "2"): null

2022-02-08 20:18:58 - [TEST_STEP][PASSED] - if (OTP[i] == "3"): Tapped on element 'Object Repository/Login Onboarding/PIN3'

2022-02-08 20:18:58 - [TEST_STEP][PASSED] - tap(findTestObject("Login Onboarding/PIN3"), 0): Tapped on element 'Object Repository/Login Onboarding/PIN3'

2022-02-08 20:18:58 - [MESSAGE][WARNING] - Timeout '0' is invalid. Using default page load timeout: '20'

2022-02-08 20:19:00 - [MESSAGE][PASSED] - Tapped on element 'Object Repository/Login Onboarding/PIN3'

2022-02-08 20:19:00 - [TEST_STEP][PASSED] - if (OTP[i] == "4"): null

2022-02-08 20:19:00 - [TEST_STEP][PASSED] - if (OTP[i] == "5"): null

2022-02-08 20:19:00 - [TEST_STEP][PASSED] - if (OTP[i] == "6"): null

2022-02-08 20:19:00 - [TEST_STEP][PASSED] - if (OTP[i] == "7"): null

2022-02-08 20:19:00 - [TEST_STEP][PASSED] - if (OTP[i] == "8"): null

2022-02-08 20:19:00 - [TEST_STEP][PASSED] - if (OTP[i] == "9"): null

2022-02-08 20:19:00 - [TEST_STEP][PASSED] - if (OTP[i] == "0"): null

2022-02-08 20:19:00 - [TEST_STEP][PASSED] - if (OTP[i] == "1"): null

2022-02-08 20:19:00 - [TEST_STEP][PASSED] - if (OTP[i] == "2"): null

2022-02-08 20:19:00 - [TEST_STEP][PASSED] - if (OTP[i] == "3"): null

2022-02-08 20:19:00 - [TEST_STEP][PASSED] - if (OTP[i] == "4"): null

2022-02-08 20:19:00 - [TEST_STEP][PASSED] - if (OTP[i] == "5"): null

2022-02-08 20:19:00 - [TEST_STEP][PASSED] - if (OTP[i] == "6"): Tapped on element 'Object Repository/Login Onboarding/PIN6'

2022-02-08 20:19:00 - [TEST_STEP][PASSED] - tap(findTestObject("Login Onboarding/PIN6"), 0): Tapped on element 'Object Repository/Login Onboarding/PIN6'

2022-02-08 20:19:00 - [MESSAGE][WARNING] - Timeout '0' is invalid. Using default page load timeout: '20'

2022-02-08 20:19:01 - [MESSAGE][PASSED] - Tapped on element 'Object Repository/Login Onboarding/PIN6'

2022-02-08 20:19:01 - [TEST_STEP][PASSED] - if (OTP[i] == "7"): null

2022-02-08 20:19:01 - [TEST_STEP][PASSED] - if (OTP[i] == "8"): null

2022-02-08 20:19:01 - [TEST_STEP][PASSED] - if (OTP[i] == "9"): null

2022-02-08 20:19:01 - [TEST_STEP][PASSED] - if (OTP[i] == "0"): null

2022-02-08 20:19:01 - [TEST_STEP][PASSED] - if (OTP[i] == "1"): null

2022-02-08 20:19:01 - [TEST_STEP][PASSED] - if (OTP[i] == "2"): null

2022-02-08 20:19:01 - [TEST_STEP][PASSED] - if (OTP[i] == "3"): Tapped on element 'Object Repository/Login Onboarding/PIN3'

2022-02-08 20:19:01 - [TEST_STEP][PASSED] - tap(findTestObject("Login Onboarding/PIN3"), 0): Tapped on element 'Object Repository/Login Onboarding/PIN3'

2022-02-08 20:19:01 - [MESSAGE][WARNING] - Timeout '0' is invalid. Using default page load timeout: '20'

2022-02-08 20:19:03 - [MESSAGE][PASSED] - Tapped on element 'Object Repository/Login Onboarding/PIN3'

2022-02-08 20:19:03 - [TEST_STEP][PASSED] - if (OTP[i] == "4"): null

2022-02-08 20:19:03 - [TEST_STEP][PASSED] - if (OTP[i] == "5"): null

2022-02-08 20:19:03 - [TEST_STEP][PASSED] - if (OTP[i] == "6"): null

2022-02-08 20:19:03 - [TEST_STEP][PASSED] - if (OTP[i] == "7"): null

2022-02-08 20:19:03 - [TEST_STEP][PASSED] - if (OTP[i] == "8"): null

2022-02-08 20:19:03 - [TEST_STEP][PASSED] - if (OTP[i] == "9"): null

2022-02-08 20:19:03 - [TEST_STEP][PASSED] - if (OTP[i] == "0"): null

2022-02-08 20:19:03 - [TEST_STEP][PASSED] - if (OTP[i] == "1"): null

2022-02-08 20:19:03 - [TEST_STEP][PASSED] - if (OTP[i] == "2"): null

2022-02-08 20:19:03 - [TEST_STEP][PASSED] - if (OTP[i] == "3"): null

2022-02-08 20:19:03 - [TEST_STEP][PASSED] - if (OTP[i] == "4"): null

2022-02-08 20:19:03 - [TEST_STEP][PASSED] - if (OTP[i] == "5"): Tapped on element 'Object Repository/Login Onboarding/PIN5'

2022-02-08 20:19:03 - [TEST_STEP][PASSED] - tap(findTestObject("Login Onboarding/PIN5"), 0): Tapped on element 'Object Repository/Login Onboarding/PIN5'

2022-02-08 20:19:03 - [MESSAGE][WARNING] - Timeout '0' is invalid. Using default page load timeout: '20'

2022-02-08 20:19:05 - [MESSAGE][PASSED] - Tapped on element 'Object Repository/Login Onboarding/PIN5'

2022-02-08 20:19:05 - [TEST_STEP][PASSED] - if (OTP[i] == "6"): null

2022-02-08 20:19:05 - [TEST_STEP][PASSED] - if (OTP[i] == "7"): null

2022-02-08 20:19:05 - [TEST_STEP][PASSED] - if (OTP[i] == "8"): null

2022-02-08 20:19:05 - [TEST_STEP][PASSED] - if (OTP[i] == "9"): null

2022-02-08 20:19:05 - [TEST_STEP][PASSED] - delay(3): Delayed 3 second(s)

2022-02-08 20:19:08 - [MESSAGE][PASSED] - Delayed 3 second(s)

2022-02-08 20:19:08 - [TEST_STEP][PASSED] - tap(findTestObject("Festive Season/festiveReturnAngpaoTickBtn"), 0): Tapped on element 'Object Repository/Festive Season/festiveReturnAngpaoTickBtn'

2022-02-08 20:19:08 - [MESSAGE][WARNING] - Timeout '0' is invalid. Using default page load timeout: '20'

2022-02-08 20:19:09 - [MESSAGE][PASSED] - Tapped on element 'Object Repository/Festive Season/festiveReturnAngpaoTickBtn'

2022-02-08 20:19:09 - [TEST_STEP][PASSED] - message = getText(findTestObject("Main/mainTransactionStatusMessageTxt"), 10): Text of element 'Object Repository/Main/mainTransactionStatusMessageTxt' is: 'Payment successful'

2022-02-08 20:19:15 - [MESSAGE][PASSED] - Text of element 'Object Repository/Main/mainTransactionStatusMessageTxt' is: 'Payment successful'

2022-02-08 20:19:15 - [TEST_STEP][PASSED] - println(message): null

2022-02-08 20:19:15 - [TEST_STEP][PASSED] - verifyElementVisible(findTestObject("Main/mainDoneBtn"), 0): Element 'Object Repository/Main/mainDoneBtn' is visible

2022-02-08 20:19:15 - [MESSAGE][WARNING] - Timeout '0' is invalid. Using default page load timeout: '20'

2022-02-08 20:19:15 - [MESSAGE][PASSED] - Element 'Object Repository/Main/mainDoneBtn' is visible

2022-02-08 20:19:15 - [TEST_STEP][PASSED] - tap(findTestObject("Main/mainDoneBtn"), 0): Tapped on element 'Object Repository/Main/mainDoneBtn'

2022-02-08 20:19:15 - [MESSAGE][WARNING] - Timeout '0' is invalid. Using default page load timeout: '20'

2022-02-08 20:19:15 - [MESSAGE][PASSED] - Tapped on element 'Object Repository/Main/mainDoneBtn'

2022-02-08 20:19:15 - [TEST_STEP][PASSED] - delay(5): Delayed 5 second(s)

2022-02-08 20:19:20 - [MESSAGE][PASSED] - Delayed 5 second(s)]]></system-out>
         <system-err><![CDATA[]]></system-err>
      </testcase>
      <testcase name="Test Cases/Others/ticketing_buyKLIATicket" time="42.258" classname="Test Cases/Others/ticketing_buyKLIATicket" status="FAILED">
         <failure type="FAILED" message="Test Cases/Others/ticketing_buyKLIATicket FAILED.
Reason:
com.kms.katalon.core.exception.StepFailedException: Object Object Repository/Banking/m2uAccountERLIconSelect not found
	at com.kms.katalon.core.keyword.internal.KeywordMain.stepFailed(KeywordMain.groovy:50)
	at com.kms.katalon.core.mobile.keyword.internal.MobileKeywordMain.stepFailed(MobileKeywordMain.groovy:40)
	at com.kms.katalon.core.mobile.keyword.builtin.TapKeyword$_tap_closure1.doCall(TapKeyword.groovy:79)
	at com.kms.katalon.core.mobile.keyword.builtin.TapKeyword$_tap_closure1.call(TapKeyword.groovy)
	at com.kms.katalon.core.mobile.keyword.internal.MobileKeywordMain.runKeyword(MobileKeywordMain.groovy:21)
	at com.kms.katalon.core.mobile.keyword.builtin.TapKeyword.tap(TapKeyword.groovy:86)
	at com.kms.katalon.core.mobile.keyword.builtin.TapKeyword.execute(TapKeyword.groovy:68)
	at com.kms.katalon.core.keyword.internal.KeywordExecutor.executeKeywordForPlatform(KeywordExecutor.groovy:74)
	at com.kms.katalon.core.mobile.keyword.MobileBuiltInKeywords.tap(MobileBuiltInKeywords.groovy:1355)
	at com.kms.katalon.core.mobile.keyword.MobileBuiltInKeywords$tap$3.call(Unknown Source)
	at ticketing_buyKLIATicket.run(ticketing_buyKLIATicket:63)
	at com.kms.katalon.core.main.ScriptEngine.run(ScriptEngine.java:194)
	at com.kms.katalon.core.main.ScriptEngine.runScriptAsRawText(ScriptEngine.java:119)
	at com.kms.katalon.core.main.TestCaseExecutor.runScript(TestCaseExecutor.java:442)
	at com.kms.katalon.core.main.TestCaseExecutor.doExecute(TestCaseExecutor.java:433)
	at com.kms.katalon.core.main.TestCaseExecutor.processExecutionPhase(TestCaseExecutor.java:412)
	at com.kms.katalon.core.main.TestCaseExecutor.accessMainPhase(TestCaseExecutor.java:404)
	at com.kms.katalon.core.main.TestCaseExecutor.execute(TestCaseExecutor.java:281)
	at com.kms.katalon.core.main.TestSuiteExecutor.accessTestCaseMainPhase(TestSuiteExecutor.java:202)
	at com.kms.katalon.core.main.TestSuiteExecutor.accessTestSuiteMainPhase(TestSuiteExecutor.java:164)
	at com.kms.katalon.core.main.TestSuiteExecutor.execute(TestSuiteExecutor.java:105)
	at com.kms.katalon.core.main.TestCaseMain.startTestSuite(TestCaseMain.java:181)
	at com.kms.katalon.core.main.TestCaseMain$startTestSuite$0.call(Unknown Source)
	at TempTestSuite1644322643347.run(TempTestSuite1644322643347.groovy:36)
"/>
         <system-out><![CDATA[2022-02-08 20:19:20 - [TEST_CASE][FAILED] - Test Cases/Others/ticketing_buyKLIATicket: Test Cases/Others/ticketing_buyKLIATicket FAILED.
Reason:
com.kms.katalon.core.exception.StepFailedException: Object Object Repository/Banking/m2uAccountERLIconSelect not found
	at com.kms.katalon.core.keyword.internal.KeywordMain.stepFailed(KeywordMain.groovy:50)
	at com.kms.katalon.core.mobile.keyword.internal.MobileKeywordMain.stepFailed(MobileKeywordMain.groovy:40)
	at com.kms.katalon.core.mobile.keyword.builtin.TapKeyword$_tap_closure1.doCall(TapKeyword.groovy:79)
	at com.kms.katalon.core.mobile.keyword.builtin.TapKeyword$_tap_closure1.call(TapKeyword.groovy)
	at com.kms.katalon.core.mobile.keyword.internal.MobileKeywordMain.runKeyword(MobileKeywordMain.groovy:21)
	at com.kms.katalon.core.mobile.keyword.builtin.TapKeyword.tap(TapKeyword.groovy:86)
	at com.kms.katalon.core.mobile.keyword.builtin.TapKeyword.execute(TapKeyword.groovy:68)
	at com.kms.katalon.core.keyword.internal.KeywordExecutor.executeKeywordForPlatform(KeywordExecutor.groovy:74)
	at com.kms.katalon.core.mobile.keyword.MobileBuiltInKeywords.tap(MobileBuiltInKeywords.groovy:1355)
	at com.kms.katalon.core.mobile.keyword.MobileBuiltInKeywords$tap$3.call(Unknown Source)
	at ticketing_buyKLIATicket.run(ticketing_buyKLIATicket:63)
	at com.kms.katalon.core.main.ScriptEngine.run(ScriptEngine.java:194)
	at com.kms.katalon.core.main.ScriptEngine.runScriptAsRawText(ScriptEngine.java:119)
	at com.kms.katalon.core.main.TestCaseExecutor.runScript(TestCaseExecutor.java:442)
	at com.kms.katalon.core.main.TestCaseExecutor.doExecute(TestCaseExecutor.java:433)
	at com.kms.katalon.core.main.TestCaseExecutor.processExecutionPhase(TestCaseExecutor.java:412)
	at com.kms.katalon.core.main.TestCaseExecutor.accessMainPhase(TestCaseExecutor.java:404)
	at com.kms.katalon.core.main.TestCaseExecutor.execute(TestCaseExecutor.java:281)
	at com.kms.katalon.core.main.TestSuiteExecutor.accessTestCaseMainPhase(TestSuiteExecutor.java:202)
	at com.kms.katalon.core.main.TestSuiteExecutor.accessTestSuiteMainPhase(TestSuiteExecutor.java:164)
	at com.kms.katalon.core.main.TestSuiteExecutor.execute(TestSuiteExecutor.java:105)
	at com.kms.katalon.core.main.TestCaseMain.startTestSuite(TestCaseMain.java:181)
	at com.kms.katalon.core.main.TestCaseMain$startTestSuite$0.call(Unknown Source)
	at TempTestSuite1644322643347.run(TempTestSuite1644322643347.groovy:36)


2022-02-08 20:19:21 - [TEST_STEP][PASSED] - waitForElementPresent(findTestObject("Banking/m2uAccountPayBillsIconSelect"), 0): Element 'Object Repository/Banking/m2uAccountPayBillsIconSelect' is present

2022-02-08 20:19:21 - [MESSAGE][WARNING] - Timeout '0' is invalid. Using default page load timeout: '20'

2022-02-08 20:19:21 - [MESSAGE][PASSED] - Element 'Object Repository/Banking/m2uAccountPayBillsIconSelect' is present

2022-02-08 20:19:21 - [TEST_STEP][PASSED] - if (getDeviceManufacturer() == "samsung"): null

2022-02-08 20:19:21 - [MESSAGE][PASSED] - Device manufacturer is: 'samsung'

2022-02-08 20:19:21 - [TEST_STEP][PASSED] - swipe(900, 1245, 300, 1245): Swiped from 900,1,245 to 300,1,245

2022-02-08 20:19:22 - [MESSAGE][PASSED] - Swiped from 900,1,245 to 300,1,245

2022-02-08 20:19:22 - [TEST_STEP][PASSED] - waitForElementPresent(findTestObject("Banking/m2uAccountERLIconSelect"), 0): Object Object Repository/Banking/m2uAccountERLIconSelect not found

2022-02-08 20:19:22 - [MESSAGE][WARNING] - Timeout '0' is invalid. Using default page load timeout: '20'

2022-02-08 20:19:42 - [MESSAGE][WARNING] - Object Object Repository/Banking/m2uAccountERLIconSelect not found

2022-02-08 20:19:42 - [TEST_STEP][FAILED] - tap(findTestObject("Banking/m2uAccountERLIconSelect"), 0): Failed to tap on element 'Object Repository/Banking/m2uAccountERLIconSelect' (Root cause: com.kms.katalon.core.exception.StepFailedException: Object Object Repository/Banking/m2uAccountERLIconSelect not found
	at com.kms.katalon.core.keyword.internal.KeywordMain.stepFailed(KeywordMain.groovy:50)
	at com.kms.katalon.core.mobile.keyword.internal.MobileKeywordMain.stepFailed(MobileKeywordMain.groovy:40)
	at com.kms.katalon.core.mobile.keyword.builtin.TapKeyword$_tap_closure1.doCall(TapKeyword.groovy:79)
	at com.kms.katalon.core.mobile.keyword.builtin.TapKeyword$_tap_closure1.call(TapKeyword.groovy)
	at com.kms.katalon.core.mobile.keyword.internal.MobileKeywordMain.runKeyword(MobileKeywordMain.groovy:21)
	at com.kms.katalon.core.mobile.keyword.builtin.TapKeyword.tap(TapKeyword.groovy:86)
	at com.kms.katalon.core.mobile.keyword.builtin.TapKeyword.execute(TapKeyword.groovy:68)
	at com.kms.katalon.core.keyword.internal.KeywordExecutor.executeKeywordForPlatform(KeywordExecutor.groovy:74)
	at com.kms.katalon.core.mobile.keyword.MobileBuiltInKeywords.tap(MobileBuiltInKeywords.groovy:1355)
	at com.kms.katalon.core.mobile.keyword.MobileBuiltInKeywords$tap$3.call(Unknown Source)
	at ticketing_buyKLIATicket.run(ticketing_buyKLIATicket:63)
	at com.kms.katalon.core.main.ScriptEngine.run(ScriptEngine.java:194)
	at com.kms.katalon.core.main.ScriptEngine.runScriptAsRawText(ScriptEngine.java:119)
	at com.kms.katalon.core.main.TestCaseExecutor.runScript(TestCaseExecutor.java:442)
	at com.kms.katalon.core.main.TestCaseExecutor.doExecute(TestCaseExecutor.java:433)
	at com.kms.katalon.core.main.TestCaseExecutor.processExecutionPhase(TestCaseExecutor.java:412)
	at com.kms.katalon.core.main.TestCaseExecutor.accessMainPhase(TestCaseExecutor.java:404)
	at com.kms.katalon.core.main.TestCaseExecutor.execute(TestCaseExecutor.java:281)
	at com.kms.katalon.core.main.TestSuiteExecutor.accessTestCaseMainPhase(TestSuiteExecutor.java:202)
	at com.kms.katalon.core.main.TestSuiteExecutor.accessTestSuiteMainPhase(TestSuiteExecutor.java:164)
	at com.kms.katalon.core.main.TestSuiteExecutor.execute(TestSuiteExecutor.java:105)
	at com.kms.katalon.core.main.TestCaseMain.startTestSuite(TestCaseMain.java:181)
	at com.kms.katalon.core.main.TestCaseMain$startTestSuite$0.call(Unknown Source)
	at TempTestSuite1644322643347.run(TempTestSuite1644322643347.groovy:36)
)

2022-02-08 20:19:42 - [MESSAGE][WARNING] - Timeout '0' is invalid. Using default page load timeout: '20'

2022-02-08 20:20:03 - [MESSAGE][FAILED] - Object Object Repository/Banking/m2uAccountERLIconSelect not found

2022-02-08 20:20:03 - [MESSAGE][FAILED] - Failed to tap on element 'Object Repository/Banking/m2uAccountERLIconSelect' (Root cause: com.kms.katalon.core.exception.StepFailedException: Object Object Repository/Banking/m2uAccountERLIconSelect not found
	at com.kms.katalon.core.keyword.internal.KeywordMain.stepFailed(KeywordMain.groovy:50)
	at com.kms.katalon.core.mobile.keyword.internal.MobileKeywordMain.stepFailed(MobileKeywordMain.groovy:40)
	at com.kms.katalon.core.mobile.keyword.builtin.TapKeyword$_tap_closure1.doCall(TapKeyword.groovy:79)
	at com.kms.katalon.core.mobile.keyword.builtin.TapKeyword$_tap_closure1.call(TapKeyword.groovy)
	at com.kms.katalon.core.mobile.keyword.internal.MobileKeywordMain.runKeyword(MobileKeywordMain.groovy:21)
	at com.kms.katalon.core.mobile.keyword.builtin.TapKeyword.tap(TapKeyword.groovy:86)
	at com.kms.katalon.core.mobile.keyword.builtin.TapKeyword.execute(TapKeyword.groovy:68)
	at com.kms.katalon.core.keyword.internal.KeywordExecutor.executeKeywordForPlatform(KeywordExecutor.groovy:74)
	at com.kms.katalon.core.mobile.keyword.MobileBuiltInKeywords.tap(MobileBuiltInKeywords.groovy:1355)
	at com.kms.katalon.core.mobile.keyword.MobileBuiltInKeywords$tap$3.call(Unknown Source)
	at ticketing_buyKLIATicket.run(ticketing_buyKLIATicket:63)
	at com.kms.katalon.core.main.ScriptEngine.run(ScriptEngine.java:194)
	at com.kms.katalon.core.main.ScriptEngine.runScriptAsRawText(ScriptEngine.java:119)
	at com.kms.katalon.core.main.TestCaseExecutor.runScript(TestCaseExecutor.java:442)
	at com.kms.katalon.core.main.TestCaseExecutor.doExecute(TestCaseExecutor.java:433)
	at com.kms.katalon.core.main.TestCaseExecutor.processExecutionPhase(TestCaseExecutor.java:412)
	at com.kms.katalon.core.main.TestCaseExecutor.accessMainPhase(TestCaseExecutor.java:404)
	at com.kms.katalon.core.main.TestCaseExecutor.execute(TestCaseExecutor.java:281)
	at com.kms.katalon.core.main.TestSuiteExecutor.accessTestCaseMainPhase(TestSuiteExecutor.java:202)
	at com.kms.katalon.core.main.TestSuiteExecutor.accessTestSuiteMainPhase(TestSuiteExecutor.java:164)
	at com.kms.katalon.core.main.TestSuiteExecutor.execute(TestSuiteExecutor.java:105)
	at com.kms.katalon.core.main.TestCaseMain.startTestSuite(TestCaseMain.java:181)
	at com.kms.katalon.core.main.TestCaseMain$startTestSuite$0.call(Unknown Source)
	at TempTestSuite1644322643347.run(TempTestSuite1644322643347.groovy:36)
)]]></system-out>
         <system-err><![CDATA[2022-02-08 20:19:20 - [TEST_CASE][FAILED] - Test Cases/Others/ticketing_buyKLIATicket: Test Cases/Others/ticketing_buyKLIATicket FAILED.
Reason:
com.kms.katalon.core.exception.StepFailedException: Object Object Repository/Banking/m2uAccountERLIconSelect not found
	at com.kms.katalon.core.keyword.internal.KeywordMain.stepFailed(KeywordMain.groovy:50)
	at com.kms.katalon.core.mobile.keyword.internal.MobileKeywordMain.stepFailed(MobileKeywordMain.groovy:40)
	at com.kms.katalon.core.mobile.keyword.builtin.TapKeyword$_tap_closure1.doCall(TapKeyword.groovy:79)
	at com.kms.katalon.core.mobile.keyword.builtin.TapKeyword$_tap_closure1.call(TapKeyword.groovy)
	at com.kms.katalon.core.mobile.keyword.internal.MobileKeywordMain.runKeyword(MobileKeywordMain.groovy:21)
	at com.kms.katalon.core.mobile.keyword.builtin.TapKeyword.tap(TapKeyword.groovy:86)
	at com.kms.katalon.core.mobile.keyword.builtin.TapKeyword.execute(TapKeyword.groovy:68)
	at com.kms.katalon.core.keyword.internal.KeywordExecutor.executeKeywordForPlatform(KeywordExecutor.groovy:74)
	at com.kms.katalon.core.mobile.keyword.MobileBuiltInKeywords.tap(MobileBuiltInKeywords.groovy:1355)
	at com.kms.katalon.core.mobile.keyword.MobileBuiltInKeywords$tap$3.call(Unknown Source)
	at ticketing_buyKLIATicket.run(ticketing_buyKLIATicket:63)
	at com.kms.katalon.core.main.ScriptEngine.run(ScriptEngine.java:194)
	at com.kms.katalon.core.main.ScriptEngine.runScriptAsRawText(ScriptEngine.java:119)
	at com.kms.katalon.core.main.TestCaseExecutor.runScript(TestCaseExecutor.java:442)
	at com.kms.katalon.core.main.TestCaseExecutor.doExecute(TestCaseExecutor.java:433)
	at com.kms.katalon.core.main.TestCaseExecutor.processExecutionPhase(TestCaseExecutor.java:412)
	at com.kms.katalon.core.main.TestCaseExecutor.accessMainPhase(TestCaseExecutor.java:404)
	at com.kms.katalon.core.main.TestCaseExecutor.execute(TestCaseExecutor.java:281)
	at com.kms.katalon.core.main.TestSuiteExecutor.accessTestCaseMainPhase(TestSuiteExecutor.java:202)
	at com.kms.katalon.core.main.TestSuiteExecutor.accessTestSuiteMainPhase(TestSuiteExecutor.java:164)
	at com.kms.katalon.core.main.TestSuiteExecutor.execute(TestSuiteExecutor.java:105)
	at com.kms.katalon.core.main.TestCaseMain.startTestSuite(TestCaseMain.java:181)
	at com.kms.katalon.core.main.TestCaseMain$startTestSuite$0.call(Unknown Source)
	at TempTestSuite1644322643347.run(TempTestSuite1644322643347.groovy:36)]]></system-err>
      </testcase>
      <system-out><![CDATA[2022-02-08 20:17:32 - [TEST_SUITE][FAILED] - MAE: Test Cases/Others/ticketing_buyKLIATicket FAILED.
Reason:
com.kms.katalon.core.exception.StepFailedException: Object Object Repository/Banking/m2uAccountERLIconSelect not found
	at com.kms.katalon.core.keyword.internal.KeywordMain.stepFailed(KeywordMain.groovy:50)
	at com.kms.katalon.core.mobile.keyword.internal.MobileKeywordMain.stepFailed(MobileKeywordMain.groovy:40)
	at com.kms.katalon.core.mobile.keyword.builtin.TapKeyword$_tap_closure1.doCall(TapKeyword.groovy:79)
	at com.kms.katalon.core.mobile.keyword.builtin.TapKeyword$_tap_closure1.call(TapKeyword.groovy)
	at com.kms.katalon.core.mobile.keyword.internal.MobileKeywordMain.runKeyword(MobileKeywordMain.groovy:21)
	at com.kms.katalon.core.mobile.keyword.builtin.TapKeyword.tap(TapKeyword.groovy:86)
	at com.kms.katalon.core.mobile.keyword.builtin.TapKeyword.execute(TapKeyword.groovy:68)
	at com.kms.katalon.core.keyword.internal.KeywordExecutor.executeKeywordForPlatform(KeywordExecutor.groovy:74)
	at com.kms.katalon.core.mobile.keyword.MobileBuiltInKeywords.tap(MobileBuiltInKeywords.groovy:1355)
	at com.kms.katalon.core.mobile.keyword.MobileBuiltInKeywords$tap$3.call(Unknown Source)
	at ticketing_buyKLIATicket.run(ticketing_buyKLIATicket:63)
	at com.kms.katalon.core.main.ScriptEngine.run(ScriptEngine.java:194)
	at com.kms.katalon.core.main.ScriptEngine.runScriptAsRawText(ScriptEngine.java:119)
	at com.kms.katalon.core.main.TestCaseExecutor.runScript(TestCaseExecutor.java:442)
	at com.kms.katalon.core.main.TestCaseExecutor.doExecute(TestCaseExecutor.java:433)
	at com.kms.katalon.core.main.TestCaseExecutor.processExecutionPhase(TestCaseExecutor.java:412)
	at com.kms.katalon.core.main.TestCaseExecutor.accessMainPhase(TestCaseExecutor.java:404)
	at com.kms.katalon.core.main.TestCaseExecutor.execute(TestCaseExecutor.java:281)
	at com.kms.katalon.core.main.TestSuiteExecutor.accessTestCaseMainPhase(TestSuiteExecutor.java:202)
	at com.kms.katalon.core.main.TestSuiteExecutor.accessTestSuiteMainPhase(TestSuiteExecutor.java:164)
	at com.kms.katalon.core.main.TestSuiteExecutor.execute(TestSuiteExecutor.java:105)
	at com.kms.katalon.core.main.TestCaseMain.startTestSuite(TestCaseMain.java:181)
	at com.kms.katalon.core.main.TestCaseMain$startTestSuite$0.call(Unknown Source)
	at TempTestSuite1644322643347.run(TempTestSuite1644322643347.groovy:36)]]></system-out>
      <system-err><![CDATA[2022-02-08 20:17:32 - [TEST_SUITE][FAILED] - MAE: Test Cases/Others/ticketing_buyKLIATicket FAILED.
Reason:
com.kms.katalon.core.exception.StepFailedException: Object Object Repository/Banking/m2uAccountERLIconSelect not found
	at com.kms.katalon.core.keyword.internal.KeywordMain.stepFailed(KeywordMain.groovy:50)
	at com.kms.katalon.core.mobile.keyword.internal.MobileKeywordMain.stepFailed(MobileKeywordMain.groovy:40)
	at com.kms.katalon.core.mobile.keyword.builtin.TapKeyword$_tap_closure1.doCall(TapKeyword.groovy:79)
	at com.kms.katalon.core.mobile.keyword.builtin.TapKeyword$_tap_closure1.call(TapKeyword.groovy)
	at com.kms.katalon.core.mobile.keyword.internal.MobileKeywordMain.runKeyword(MobileKeywordMain.groovy:21)
	at com.kms.katalon.core.mobile.keyword.builtin.TapKeyword.tap(TapKeyword.groovy:86)
	at com.kms.katalon.core.mobile.keyword.builtin.TapKeyword.execute(TapKeyword.groovy:68)
	at com.kms.katalon.core.keyword.internal.KeywordExecutor.executeKeywordForPlatform(KeywordExecutor.groovy:74)
	at com.kms.katalon.core.mobile.keyword.MobileBuiltInKeywords.tap(MobileBuiltInKeywords.groovy:1355)
	at com.kms.katalon.core.mobile.keyword.MobileBuiltInKeywords$tap$3.call(Unknown Source)
	at ticketing_buyKLIATicket.run(ticketing_buyKLIATicket:63)
	at com.kms.katalon.core.main.ScriptEngine.run(ScriptEngine.java:194)
	at com.kms.katalon.core.main.ScriptEngine.runScriptAsRawText(ScriptEngine.java:119)
	at com.kms.katalon.core.main.TestCaseExecutor.runScript(TestCaseExecutor.java:442)
	at com.kms.katalon.core.main.TestCaseExecutor.doExecute(TestCaseExecutor.java:433)
	at com.kms.katalon.core.main.TestCaseExecutor.processExecutionPhase(TestCaseExecutor.java:412)
	at com.kms.katalon.core.main.TestCaseExecutor.accessMainPhase(TestCaseExecutor.java:404)
	at com.kms.katalon.core.main.TestCaseExecutor.execute(TestCaseExecutor.java:281)
	at com.kms.katalon.core.main.TestSuiteExecutor.accessTestCaseMainPhase(TestSuiteExecutor.java:202)
	at com.kms.katalon.core.main.TestSuiteExecutor.accessTestSuiteMainPhase(TestSuiteExecutor.java:164)
	at com.kms.katalon.core.main.TestSuiteExecutor.execute(TestSuiteExecutor.java:105)
	at com.kms.katalon.core.main.TestCaseMain.startTestSuite(TestCaseMain.java:181)
	at com.kms.katalon.core.main.TestCaseMain$startTestSuite$0.call(Unknown Source)
	at TempTestSuite1644322643347.run(TempTestSuite1644322643347.groovy:36)]]></system-err>
   </testsuite>
</testsuites>
