<?xml version="1.0" encoding="UTF-8"?>
<testsuites name="Regress 4" time="2673.459" tests="10" failures="2" errors="0">
   <testsuite name="Regress 4" tests="10" failures="2" errors="0" time="2673.459" skipped="0" timestamp="2022-06-16 13:02:46" hostname="a00139272 - localhost" id="Test Suites/Regress 4">
      <properties>
         <property name="deviceName" value="Xiaomi 21061119AG (Android 11)"/>
         <property name="devicePlatform" value=""/>
         <property name="logFolder" value="/Users/a00139272/git/MAE-BAU-MY/Reports/20220616_130236/Regress 4/20220616_130236"/>
         <property name="logFiles" value="/Users/a00139272/git/MAE-BAU-MY/Reports/20220616_130236/Regress 4/20220616_130236/execution0.log, /Users/a00139272/git/MAE-BAU-MY/Reports/20220616_130236/Regress 4/20220616_130236/appium.log"/>
         <property name="attachments" value="/Users/a00139272/Desktop/Screenshot/sendMoney.png, /Users/a00139272/Desktop/Screenshot/requestMoney.png, /Users/a00139272/Desktop/Screenshot/cancelRequest.png, /Users/a00139272/Desktop/Screenshot/requestMoney.png, /Users/a00139272/Desktop/Screenshot/markAsPaidRequestMoney.png, /Users/a00139272/Desktop/Screenshot/paidRequestMoney.png, /Users/a00139272/Desktop/Screenshot/createSplitBill.png, /Users/a00139272/Desktop/Screenshot/createThreeSplitBill.png, /Users/a00139272/Desktop/Screenshot/markPaidSplitBill.png, /Users/a00139272/Desktop/Screenshot/removePastSplit.png"/>
         <property name="hostName" value="a00139272 - localhost"/>
         <property name="os" value="Mac OS X 64bit"/>
         <property name="appiumServerStatus" value="{&quot;value&quot;:{&quot;build&quot;:{&quot;version&quot;:&quot;1.22.1&quot;}},&quot;sessionId&quot;:null,&quot;status&quot;:0}"/>
         <property name="katalonVersion" value="8.3.5.208"/>
         <property name="deviceOS" value="Android"/>
         <property name="appiumVersion" value="1.22.1"/>
         <property name="deviceModel" value="21061119AG"/>
         <property name="hostAddress" value="127.0.0.1"/>
         <property name="deviceManufacturer" value="Xiaomi"/>
         <property name="deviceId" value="002b9cc60508"/>
         <property name="deviceName" value="Xiaomi 21061119AG (Android 11)"/>
         <property name="deviceOSVersion" value="11"/>
      </properties>
      <testcase name="Test Cases/Send Request Money/sendMoney" time="617.191" classname="Test Cases/Send Request Money/sendMoney" status="PASSED">
         <system-out><![CDATA[2022-06-16 13:02:46 - [TEST_CASE][PASSED] - Test Cases/Send Request Money/sendMoney: Test Cases/Send Request Money/sendMoney

2022-06-16 13:02:46 - [TEST_STEP][PASSED] - setMobileDriverPreferencesProperty("appPackage", "com.maybank2u.life.uat"): null

2022-06-16 13:02:46 - [TEST_STEP][PASSED] - setMobileDriverPreferencesProperty("appActivity", "com.maybank2u.life.MainActivity"): null

2022-06-16 13:02:46 - [TEST_STEP][PASSED] - if (isApplicationOpened == false): Started app at: '/Users/a00139272/Katalon Studio/MAE/androidapp/app-dev-universal-release (1).apk'

2022-06-16 13:02:46 - [TEST_STEP][PASSED] - startApplication(appPath, false): Started app at: '/Users/a00139272/Katalon Studio/MAE/androidapp/app-dev-universal-release (1).apk'

2022-06-16 13:02:47 - [MESSAGE][INFO] - User set preference: ['appWaitActivity', '*']

2022-06-16 13:02:47 - [MESSAGE][INFO] - User set preference: ['deviceId', '002b9cc60508']

2022-06-16 13:02:47 - [MESSAGE][INFO] - User set preference: ['appPackage', 'com.maybank2u.life.uat']

2022-06-16 13:02:47 - [MESSAGE][INFO] - User set preference: ['appActivity', 'com.maybank2u.life.MainActivity']

2022-06-16 13:02:47 - [MESSAGE][INFO] - Detected NodeJS location: "/usr/local/Cellar/node/17.0.1/bin/node"

2022-06-16 13:02:48 - [MESSAGE][INFO] - Appium server started on port 59,882

2022-06-16 13:03:01 - [MESSAGE][PASSED] - Started app at: '/Users/a00139272/Katalon Studio/MAE/androidapp/app-dev-universal-release (1).apk'

2022-06-16 13:03:01 - [TEST_STEP][PASSED] - verifyElementExist(findTestObject("Object Repository/Dashboard/dashboardWalletTopSelect"), 0): Element 'Object Repository/Dashboard/dashboardWalletTopSelect' is exist

2022-06-16 13:03:02 - [MESSAGE][WARNING] - Timeout '0' is invalid. Using default page load timeout: '40'

2022-06-16 13:03:07 - [MESSAGE][PASSED] - Element 'Object Repository/Dashboard/dashboardWalletTopSelect' is exist

2022-06-16 13:03:07 - [TEST_STEP][PASSED] - verifyElementExist(findTestObject("Object Repository/Dashboard/dashboardQuickActionsTitleTxt"), 0): Element 'Object Repository/Dashboard/dashboardQuickActionsTitleTxt' is exist

2022-06-16 13:03:07 - [MESSAGE][WARNING] - Timeout '0' is invalid. Using default page load timeout: '40'

2022-06-16 13:03:08 - [MESSAGE][PASSED] - Element 'Object Repository/Dashboard/dashboardQuickActionsTitleTxt' is exist

2022-06-16 13:03:08 - [TEST_STEP][PASSED] - verifyElementExist(findTestObject("Object Repository/Dashboard/dashboardSSLTitleTxt"), 0): Element 'Object Repository/Dashboard/dashboardSSLTitleTxt' is exist

2022-06-16 13:03:08 - [MESSAGE][WARNING] - Timeout '0' is invalid. Using default page load timeout: '40'

2022-06-16 13:03:08 - [MESSAGE][PASSED] - Element 'Object Repository/Dashboard/dashboardSSLTitleTxt' is exist

2022-06-16 13:03:08 - [TEST_STEP][PASSED] - verifyElementExist(findTestObject("Object Repository/Dashboard/mainBottomMenuMaybank2uBtn"), 0): Element 'Object Repository/Dashboard/mainBottomMenuMaybank2uBtn' is exist

2022-06-16 13:03:08 - [MESSAGE][WARNING] - Timeout '0' is invalid. Using default page load timeout: '40'

2022-06-16 13:03:49 - [MESSAGE][PASSED] - Element 'Object Repository/Dashboard/mainBottomMenuMaybank2uBtn' is exist

2022-06-16 13:03:49 - [TEST_STEP][PASSED] - device_Height = getDeviceHeight(): Current device physical height is 2167

2022-06-16 13:03:49 - [MESSAGE][PASSED] - Current device physical height is 2167

2022-06-16 13:03:49 - [TEST_STEP][PASSED] - device_Width = getDeviceWidth(): Current device physical width is 1080

2022-06-16 13:03:49 - [MESSAGE][PASSED] - Current device physical width is 1080

2022-06-16 13:03:49 - [TEST_STEP][PASSED] - startX = device_Width / 3: null

2022-06-16 13:03:49 - [TEST_STEP][PASSED] - startY = device_Height * 0.97: null

2022-06-16 13:03:49 - [TEST_STEP][PASSED] - tapAtPosition(startX, startY): Tapped at [360, 2,101]

2022-06-16 13:03:49 - [MESSAGE][PASSED] - Tapped at [360, 2,101]

2022-06-16 13:03:49 - [TEST_STEP][PASSED] - if (verifyElementVisible(findTestObject("Main/mainEnterPINMessage"), 0, OPTIONAL)): null

2022-06-16 13:03:49 - [MESSAGE][WARNING] - Timeout '0' is invalid. Using default page load timeout: '40'

2022-06-16 13:03:51 - [MESSAGE][PASSED] - Element 'Object Repository/Main/mainEnterPINMessage' is visible

2022-06-16 13:03:51 - [TEST_STEP][PASSED] - tap(findTestObject("Login Onboarding/PIN1"), 0): Tapped on element 'Object Repository/Login Onboarding/PIN1'

2022-06-16 13:03:51 - [MESSAGE][WARNING] - Timeout '0' is invalid. Using default page load timeout: '40'

2022-06-16 13:03:51 - [MESSAGE][PASSED] - Tapped on element 'Object Repository/Login Onboarding/PIN1'

2022-06-16 13:03:51 - [TEST_STEP][PASSED] - tap(findTestObject("Login Onboarding/PIN1"), 0): Tapped on element 'Object Repository/Login Onboarding/PIN1'

2022-06-16 13:03:51 - [MESSAGE][WARNING] - Timeout '0' is invalid. Using default page load timeout: '40'

2022-06-16 13:03:53 - [MESSAGE][PASSED] - Tapped on element 'Object Repository/Login Onboarding/PIN1'

2022-06-16 13:03:53 - [TEST_STEP][PASSED] - tap(findTestObject("Login Onboarding/PIN1"), 0): Tapped on element 'Object Repository/Login Onboarding/PIN1'

2022-06-16 13:03:53 - [MESSAGE][WARNING] - Timeout '0' is invalid. Using default page load timeout: '40'

2022-06-16 13:03:54 - [MESSAGE][PASSED] - Tapped on element 'Object Repository/Login Onboarding/PIN1'

2022-06-16 13:03:54 - [TEST_STEP][PASSED] - tap(findTestObject("Login Onboarding/PIN1"), 0): Tapped on element 'Object Repository/Login Onboarding/PIN1'

2022-06-16 13:03:54 - [MESSAGE][WARNING] - Timeout '0' is invalid. Using default page load timeout: '40'

2022-06-16 13:03:56 - [MESSAGE][PASSED] - Tapped on element 'Object Repository/Login Onboarding/PIN1'

2022-06-16 13:03:56 - [TEST_STEP][PASSED] - tap(findTestObject("Login Onboarding/PIN1"), 0): Tapped on element 'Object Repository/Login Onboarding/PIN1'

2022-06-16 13:03:56 - [MESSAGE][WARNING] - Timeout '0' is invalid. Using default page load timeout: '40'

2022-06-16 13:03:58 - [MESSAGE][PASSED] - Tapped on element 'Object Repository/Login Onboarding/PIN1'

2022-06-16 13:03:58 - [TEST_STEP][PASSED] - tap(findTestObject("Login Onboarding/PIN2"), 0): Tapped on element 'Object Repository/Login Onboarding/PIN2'

2022-06-16 13:03:58 - [MESSAGE][WARNING] - Timeout '0' is invalid. Using default page load timeout: '40'

2022-06-16 13:04:00 - [MESSAGE][PASSED] - Tapped on element 'Object Repository/Login Onboarding/PIN2'

2022-06-16 13:04:00 - [TEST_STEP][PASSED] - delay(2): Delayed 2 second(s)

2022-06-16 13:04:02 - [MESSAGE][PASSED] - Delayed 2 second(s)

2022-06-16 13:04:02 - [TEST_STEP][PASSED] - verifyElementVisible(findTestObject("Banking/m2uAccountTypeSelection", ["text":"MAE"]), 10): Element 'Object Repository/Banking/m2uAccountTypeSelection' is visible

2022-06-16 13:04:10 - [MESSAGE][PASSED] - Element 'Object Repository/Banking/m2uAccountTypeSelection' is visible

2022-06-16 13:04:10 - [TEST_STEP][PASSED] - tap(findTestObject("Banking/m2uAccountTypeSelection", ["text":"MAE"]), 10): Tapped on element 'Object Repository/Banking/m2uAccountTypeSelection'

2022-06-16 13:04:11 - [MESSAGE][PASSED] - Tapped on element 'Object Repository/Banking/m2uAccountTypeSelection'

2022-06-16 13:04:11 - [TEST_STEP][PASSED] - delay(3): Delayed 3 second(s)

2022-06-16 13:04:14 - [MESSAGE][PASSED] - Delayed 3 second(s)

2022-06-16 13:04:14 - [TEST_STEP][PASSED] - verifyElementVisible(findTestObject("Banking/m2uAccountSendReqIconSelect"), 0): Element 'Object Repository/Banking/m2uAccountSendReqIconSelect' is visible

2022-06-16 13:04:14 - [MESSAGE][WARNING] - Timeout '0' is invalid. Using default page load timeout: '40'

2022-06-16 13:04:14 - [MESSAGE][PASSED] - Element 'Object Repository/Banking/m2uAccountSendReqIconSelect' is visible

2022-06-16 13:04:14 - [TEST_STEP][PASSED] - tap(findTestObject("Banking/m2uAccountSendReqIconSelect"), 0): Tapped on element 'Object Repository/Banking/m2uAccountSendReqIconSelect'

2022-06-16 13:04:14 - [MESSAGE][WARNING] - Timeout '0' is invalid. Using default page load timeout: '40'

2022-06-16 13:04:14 - [MESSAGE][PASSED] - Tapped on element 'Object Repository/Banking/m2uAccountSendReqIconSelect'

2022-06-16 13:04:14 - [TEST_STEP][PASSED] - delay(3): Delayed 3 second(s)

2022-06-16 13:04:17 - [MESSAGE][PASSED] - Delayed 3 second(s)

2022-06-16 13:04:17 - [TEST_STEP][PASSED] - verifyElementVisible(findTestObject("Send Request Money/sendMoneyIconSelect"), 0): Element 'Object Repository/Send Request Money/sendMoneyIconSelect' is visible

2022-06-16 13:04:17 - [MESSAGE][WARNING] - Timeout '0' is invalid. Using default page load timeout: '40'

2022-06-16 13:04:18 - [MESSAGE][PASSED] - Element 'Object Repository/Send Request Money/sendMoneyIconSelect' is visible

2022-06-16 13:04:18 - [TEST_STEP][PASSED] - tap(findTestObject("Send Request Money/sendMoneyIconSelect"), 0): Tapped on element 'Object Repository/Send Request Money/sendMoneyIconSelect'

2022-06-16 13:04:18 - [MESSAGE][WARNING] - Timeout '0' is invalid. Using default page load timeout: '40'

2022-06-16 13:04:18 - [MESSAGE][PASSED] - Tapped on element 'Object Repository/Send Request Money/sendMoneyIconSelect'

2022-06-16 13:04:18 - [TEST_STEP][PASSED] - delay(3): Delayed 3 second(s)

2022-06-16 13:04:21 - [MESSAGE][PASSED] - Delayed 3 second(s)

2022-06-16 13:04:21 - [TEST_STEP][PASSED] - if (verifyElementVisible(findTestObject("Tabung/tabungEnterPasswordTxt"), 0, OPTIONAL)): null

2022-06-16 13:04:21 - [MESSAGE][WARNING] - Timeout '0' is invalid. Using default page load timeout: '40'

2022-06-16 13:05:11 - [MESSAGE][PASSED] - Element 'Object Repository/Tabung/tabungEnterPasswordTxt' is visible

2022-06-16 13:05:11 - [TEST_STEP][PASSED] - setText(findTestObject("Tabung/tabungSignInInputPasswordField"), Password, 0): Text 'pass1234' has been set to element 'Object Repository/Tabung/tabungSignInInputPasswordField'

2022-06-16 13:05:12 - [MESSAGE][WARNING] - Timeout '0' is invalid. Using default page load timeout: '40'

2022-06-16 13:05:39 - [MESSAGE][PASSED] - Text 'pass1234' has been set to element 'Object Repository/Tabung/tabungSignInInputPasswordField'

2022-06-16 13:05:39 - [TEST_STEP][PASSED] - hideKeyboard(): Keyboard is hidden

2022-06-16 13:05:43 - [MESSAGE][PASSED] - Keyboard is hidden

2022-06-16 13:05:43 - [TEST_STEP][PASSED] - tap(findTestObject("Tabung/tabungSignInContinueBtn"), 0): Tapped on element 'Object Repository/Tabung/tabungSignInContinueBtn'

2022-06-16 13:05:44 - [MESSAGE][WARNING] - Timeout '0' is invalid. Using default page load timeout: '40'

2022-06-16 13:06:44 - [MESSAGE][PASSED] - Tapped on element 'Object Repository/Tabung/tabungSignInContinueBtn'

2022-06-16 13:06:44 - [TEST_STEP][PASSED] - delay(5): Delayed 5 second(s)

2022-06-16 13:06:49 - [MESSAGE][PASSED] - Delayed 5 second(s)

2022-06-16 13:06:49 - [TEST_STEP][PASSED] - waitForElementPresent(findTestObject("Send Request Money/sendMoneyContactIconSelect"), 0): Element 'Object Repository/Send Request Money/sendMoneyContactIconSelect' is present

2022-06-16 13:06:49 - [MESSAGE][WARNING] - Timeout '0' is invalid. Using default page load timeout: '40'

2022-06-16 13:07:19 - [MESSAGE][PASSED] - Element 'Object Repository/Send Request Money/sendMoneyContactIconSelect' is present

2022-06-16 13:07:19 - [TEST_STEP][PASSED] - tap(findTestObject("Send Request Money/sendMoneyContactIconSelect"), 0): Tapped on element 'Object Repository/Send Request Money/sendMoneyContactIconSelect'

2022-06-16 13:07:19 - [MESSAGE][WARNING] - Timeout '0' is invalid. Using default page load timeout: '40'

2022-06-16 13:08:20 - [MESSAGE][PASSED] - Tapped on element 'Object Repository/Send Request Money/sendMoneyContactIconSelect'

2022-06-16 13:08:20 - [TEST_STEP][PASSED] - delay(5): Delayed 5 second(s)

2022-06-16 13:08:25 - [MESSAGE][PASSED] - Delayed 5 second(s)

2022-06-16 13:08:25 - [TEST_STEP][PASSED] - setText(findTestObject("Send Request Money/sendMoneyContactSearchInputField"), contactName, 0): Text 'Fazatul PNS' has been set to element 'Object Repository/Send Request Money/sendMoneyContactSearchInputField'

2022-06-16 13:08:25 - [MESSAGE][WARNING] - Timeout '0' is invalid. Using default page load timeout: '40'

2022-06-16 13:09:56 - [MESSAGE][PASSED] - Text 'Fazatul PNS' has been set to element 'Object Repository/Send Request Money/sendMoneyContactSearchInputField'

2022-06-16 13:09:56 - [TEST_STEP][PASSED] - delay(3): Delayed 3 second(s)

2022-06-16 13:09:59 - [MESSAGE][PASSED] - Delayed 3 second(s)

2022-06-16 13:09:59 - [TEST_STEP][PASSED] - hideKeyboard(): Keyboard is hidden

2022-06-16 13:10:01 - [MESSAGE][PASSED] - Keyboard is hidden

2022-06-16 13:10:01 - [TEST_STEP][PASSED] - tap(findTestObject("Send Request Money/requestMoneyContactSelect", ["contactName":contactName]), 0): Tapped on element 'Object Repository/Send Request Money/requestMoneyContactSelect'

2022-06-16 13:10:01 - [MESSAGE][WARNING] - Timeout '0' is invalid. Using default page load timeout: '40'

2022-06-16 13:11:01 - [MESSAGE][PASSED] - Tapped on element 'Object Repository/Send Request Money/requestMoneyContactSelect'

2022-06-16 13:11:01 - [TEST_STEP][PASSED] - tap(findTestObject("Send Request Money/requestMoneyContactSelect", ["contactName":contactName]), 0): Tapped on element 'Object Repository/Send Request Money/requestMoneyContactSelect'

2022-06-16 13:11:02 - [MESSAGE][WARNING] - Timeout '0' is invalid. Using default page load timeout: '40'

2022-06-16 13:11:56 - [MESSAGE][PASSED] - Tapped on element 'Object Repository/Send Request Money/requestMoneyContactSelect'

2022-06-16 13:11:56 - [TEST_STEP][PASSED] - delay(3): Delayed 3 second(s)

2022-06-16 13:11:59 - [MESSAGE][PASSED] - Delayed 3 second(s)

2022-06-16 13:11:59 - [TEST_STEP][PASSED] - tap(findTestObject("Login Onboarding/PIN4"), 0): Tapped on element 'Object Repository/Login Onboarding/PIN4'

2022-06-16 13:11:59 - [MESSAGE][WARNING] - Timeout '0' is invalid. Using default page load timeout: '40'

2022-06-16 13:12:00 - [MESSAGE][PASSED] - Tapped on element 'Object Repository/Login Onboarding/PIN4'

2022-06-16 13:12:00 - [TEST_STEP][PASSED] - delay(3): Delayed 3 second(s)

2022-06-16 13:12:03 - [MESSAGE][PASSED] - Delayed 3 second(s)

2022-06-16 13:12:03 - [TEST_STEP][PASSED] - tap(findTestObject("Main/mainAmountTickBtn"), 0): Tapped on element 'Object Repository/Main/mainAmountTickBtn'

2022-06-16 13:12:03 - [MESSAGE][WARNING] - Timeout '0' is invalid. Using default page load timeout: '40'

2022-06-16 13:12:04 - [MESSAGE][PASSED] - Tapped on element 'Object Repository/Main/mainAmountTickBtn'

2022-06-16 13:12:04 - [TEST_STEP][PASSED] - delay(3): Delayed 3 second(s)

2022-06-16 13:12:07 - [MESSAGE][PASSED] - Delayed 3 second(s)

2022-06-16 13:12:07 - [TEST_STEP][PASSED] - tap(findTestObject("Send Request Money/payMoneyConfirmationRequestSendNowBtn"), 0): Tapped on element 'Object Repository/Send Request Money/payMoneyConfirmationRequestSendNowBtn'

2022-06-16 13:12:07 - [MESSAGE][WARNING] - Timeout '0' is invalid. Using default page load timeout: '40'

2022-06-16 13:12:07 - [MESSAGE][PASSED] - Tapped on element 'Object Repository/Send Request Money/payMoneyConfirmationRequestSendNowBtn'

2022-06-16 13:12:07 - [TEST_STEP][PASSED] - if (verifyElementVisible(findTestObject("Festive Season/festiveReturnAngpaoTACNoTxt"), 0, OPTIONAL)): Element 'Object Repository/Festive Season/festiveReturnAngpaoTACNoTxt' not found

2022-06-16 13:12:07 - [MESSAGE][WARNING] - Timeout '0' is invalid. Using default page load timeout: '40'

2022-06-16 13:12:47 - [MESSAGE][WARNING] - Element 'Object Repository/Festive Season/festiveReturnAngpaoTACNoTxt' not found

2022-06-16 13:12:47 - [TEST_STEP][PASSED] - else: Tapped on element 'Object Repository/Main/mainS2UApproveBtn'

2022-06-16 13:12:47 - [TEST_STEP][PASSED] - delay(5): Delayed 5 second(s)

2022-06-16 13:12:52 - [MESSAGE][PASSED] - Delayed 5 second(s)

2022-06-16 13:12:52 - [TEST_STEP][PASSED] - verifyElementVisible(findTestObject("Main/mainS2UApproveBtn"), 10): Element 'Object Repository/Main/mainS2UApproveBtn' is visible

2022-06-16 13:12:53 - [MESSAGE][PASSED] - Element 'Object Repository/Main/mainS2UApproveBtn' is visible

2022-06-16 13:12:53 - [TEST_STEP][PASSED] - tap(findTestObject("Main/mainS2UApproveBtn"), 0): Tapped on element 'Object Repository/Main/mainS2UApproveBtn'

2022-06-16 13:12:53 - [MESSAGE][WARNING] - Timeout '0' is invalid. Using default page load timeout: '40'

2022-06-16 13:12:53 - [MESSAGE][PASSED] - Tapped on element 'Object Repository/Main/mainS2UApproveBtn'

2022-06-16 13:12:53 - [TEST_STEP][PASSED] - delay(5): Delayed 5 second(s)

2022-06-16 13:12:58 - [MESSAGE][PASSED] - Delayed 5 second(s)

2022-06-16 13:12:58 - [TEST_STEP][PASSED] - referenceID = getText(findTestObject("Send Request Money/requestMoneyPaySummaryRefIDTxt"), 0): Text of element 'Object Repository/Send Request Money/requestMoneyPaySummaryRefIDTxt' is: 'SM183476289M'

2022-06-16 13:12:58 - [MESSAGE][WARNING] - Timeout '0' is invalid. Using default page load timeout: '40'

2022-06-16 13:12:58 - [MESSAGE][PASSED] - Text of element 'Object Repository/Send Request Money/requestMoneyPaySummaryRefIDTxt' is: 'SM183476289M'

2022-06-16 13:12:58 - [TEST_STEP][PASSED] - println(referenceID): null

2022-06-16 13:12:58 - [TEST_STEP][PASSED] - test = dataFolder: null

2022-06-16 13:12:58 - [TEST_STEP][PASSED] - sheetName = "Sheet1": null

2022-06-16 13:12:58 - [TEST_STEP][PASSED] - file1 = new java.io.File(test): null

2022-06-16 13:12:58 - [TEST_STEP][PASSED] - assert file1.exists() == true: null

2022-06-16 13:12:58 - [TEST_STEP][PASSED] - woorkbook1 = getWorkbook(test): null

2022-06-16 13:12:58 - [TEST_STEP][PASSED] - sheet1 = getExcelSheet(woorkbook1, sheetName): null

2022-06-16 13:12:58 - [TEST_STEP][PASSED] - setValueToCellByIndex(sheet1, 0, 1, referenceID): null

2022-06-16 13:12:58 - [TEST_STEP][PASSED] - saveWorkbook(test, woorkbook1): null

2022-06-16 13:12:58 - [TEST_STEP][PASSED] - message = getText(findTestObject("Main/mainTransactionStatusMessageTxt"), 10): Text of element 'Object Repository/Main/mainTransactionStatusMessageTxt' is: 'Transfer successful'

2022-06-16 13:12:59 - [MESSAGE][PASSED] - Text of element 'Object Repository/Main/mainTransactionStatusMessageTxt' is: 'Transfer successful'

2022-06-16 13:12:59 - [TEST_STEP][PASSED] - println(message): null

2022-06-16 13:12:59 - [TEST_STEP][PASSED] - verifyElementExist(findTestObject("Main/mainDoneBtn"), 10): Element 'Object Repository/Main/mainDoneBtn' is exist

2022-06-16 13:12:59 - [MESSAGE][PASSED] - Element 'Object Repository/Main/mainDoneBtn' is exist

2022-06-16 13:12:59 - [TEST_STEP][PASSED] - takeScreenshot("/Users/a00139272/Desktop/Screenshot/sendMoney.png"): Screenshot is taken

2022-06-16 13:13:00 - [MESSAGE][PASSED] - Screenshot is taken
[[ATTACHMENT|/Users/a00139272/Desktop/Screenshot/sendMoney.png]]

2022-06-16 13:13:00 - [TEST_STEP][PASSED] - tap(findTestObject("Main/mainDoneBtn"), 0): Tapped on element 'Object Repository/Main/mainDoneBtn'

2022-06-16 13:13:00 - [MESSAGE][WARNING] - Timeout '0' is invalid. Using default page load timeout: '40'

2022-06-16 13:13:00 - [MESSAGE][PASSED] - Tapped on element 'Object Repository/Main/mainDoneBtn'

2022-06-16 13:13:00 - [TEST_STEP][PASSED] - delay(3): Delayed 3 second(s)

2022-06-16 13:13:03 - [MESSAGE][PASSED] - Delayed 3 second(s)]]></system-out>
         <system-err><![CDATA[]]></system-err>
      </testcase>
      <testcase name="Test Cases/Send Request Money/requestMoney" time="462.086" classname="Test Cases/Send Request Money/requestMoney" status="FAILED">
         <failure type="FAILED" message="Test Cases/Send Request Money/requestMoney FAILED.
Reason:
com.kms.katalon.core.exception.StepFailedException: Failed to tap on element 'Object Repository/Send Request Money/requestMoneyIconSelect' (Root cause: org.openqa.selenium.StaleElementReferenceException: androidx.test.uiautomator.StaleObjectException
For documentation on this error, please visit: https://www.seleniumhq.org/exceptions/stale_element_reference.html
Build info: version: '3.141.59', revision: 'e82be7d358', time: '2018-11-14T08:25:53'
System info: host: '00139272s-MacBook-Pro.local', ip: '2001:d08:e4:6521:80dd:b348:ad54:77%en0', os.name: 'Mac OS X', os.arch: 'x86_64', os.version: '10.16', java.version: '1.8.0_275'
Driver info: com.kms.katalon.core.appium.driver.SwipeableAndroidDriver
Capabilities {app: /Users/a00139272/Katalon St..., appActivity: com.maybank2u.life.MainActi..., appPackage: com.maybank2u.life.uat, appWaitActivity: *, autoGrantPermissions: true, automationName: uiautomator2, chromedriverPort: 59883, databaseEnabled: false, desired: {app: /Users/a00139272/Katalon St..., appActivity: com.maybank2u.life.MainActi..., appPackage: com.maybank2u.life.uat, appWaitActivity: *, autoGrantPermissions: true, automationName: uiautomator2, chromedriverPort: 59883, deviceId: 002b9cc60508, deviceName: Xiaomi 21061119AG (Android 11), fullReset: false, newCommandTimeout: 1800, noReset: true, platform: ANDROID, platformName: android, platformVersion: 11, systemPort: 59881, udid: 002b9cc60508}, deviceApiLevel: 30, deviceId: 002b9cc60508, deviceManufacturer: Xiaomi, deviceModel: 21061119AG, deviceName: 002b9cc60508, deviceScreenDensity: 440, deviceScreenSize: 1080x2400, deviceUDID: 002b9cc60508, fullReset: false, javascriptEnabled: true, locationContextEnabled: false, networkConnectionEnabled: true, newCommandTimeout: 1800, noReset: true, pixelRatio: 2.75, platform: ANDROID, platformName: Android, platformVersion: 11, statBarHeight: 103, systemPort: 59881, takesScreenshot: true, udid: 002b9cc60508, viewportRect: {height: 2064, left: 0, top: 103, width: 1080}, warnings: {}, webStorageEnabled: false}
Session ID: 0ad758e8-a427-414c-a625-b6b6890bb3c1
	at org.openqa.selenium.remote.http.W3CHttpResponseCodec.createException(W3CHttpResponseCodec.java:187)
	at org.openqa.selenium.remote.http.W3CHttpResponseCodec.decode(W3CHttpResponseCodec.java:122)
	at org.openqa.selenium.remote.http.W3CHttpResponseCodec.decode(W3CHttpResponseCodec.java:49)
	at org.openqa.selenium.remote.HttpCommandExecutor.execute(HttpCommandExecutor.java:158)
	at io.appium.java_client.remote.AppiumCommandExecutor.execute(AppiumCommandExecutor.java:239)
	at org.openqa.selenium.remote.RemoteWebDriver.execute(RemoteWebDriver.java:552)
	at io.appium.java_client.DefaultGenericMobileDriver.execute(DefaultGenericMobileDriver.java:42)
	at io.appium.java_client.AppiumDriver.execute(AppiumDriver.java:1)
	at io.appium.java_client.android.AndroidDriver.execute(AndroidDriver.java:1)
	at com.kms.katalon.core.appium.driver.SwipeableAndroidDriver.execute(SwipeableAndroidDriver.java:1)
	at org.openqa.selenium.remote.RemoteWebElement.execute(RemoteWebElement.java:285)
	at io.appium.java_client.DefaultGenericMobileElement.execute(DefaultGenericMobileElement.java:45)
	at io.appium.java_client.MobileElement.execute(MobileElement.java:1)
	at io.appium.java_client.android.AndroidElement.execute(AndroidElement.java:1)
	at org.openqa.selenium.remote.RemoteWebElement.getLocation(RemoteWebElement.java:337)
	at org.openqa.selenium.WebElement$getLocation.call(Unknown Source)
	at com.kms.katalon.core.mobile.keyword.internal.MobileAbstractKeyword.findElement(MobileAbstractKeyword.groovy:86)
	at com.kms.katalon.core.mobile.keyword.builtin.TapKeyword.access$1(TapKeyword.groovy)
	at com.kms.katalon.core.mobile.keyword.builtin.TapKeyword$_tap_closure1.doCall(TapKeyword.groovy:76)
	at com.kms.katalon.core.mobile.keyword.builtin.TapKeyword$_tap_closure1.call(TapKeyword.groovy)
	at com.kms.katalon.core.mobile.keyword.internal.MobileKeywordMain.runKeyword(MobileKeywordMain.groovy:21)
	at com.kms.katalon.core.mobile.keyword.builtin.TapKeyword.tap(TapKeyword.groovy:84)
	at com.kms.katalon.core.mobile.keyword.builtin.TapKeyword.execute(TapKeyword.groovy:68)
	at com.kms.katalon.core.keyword.internal.KeywordExecutor.executeKeywordForPlatform(KeywordExecutor.groovy:74)
	at com.kms.katalon.core.mobile.keyword.MobileBuiltInKeywords.tap(MobileBuiltInKeywords.groovy:1490)
	at com.kms.katalon.core.mobile.keyword.MobileBuiltInKeywords$tap$5.call(Unknown Source)
	at requestMoney.run(requestMoney:76)
	at com.kms.katalon.core.main.ScriptEngine.run(ScriptEngine.java:194)
	at com.kms.katalon.core.main.ScriptEngine.runScriptAsRawText(ScriptEngine.java:119)
	at com.kms.katalon.core.main.TestCaseExecutor.runScript(TestCaseExecutor.java:445)
	at com.kms.katalon.core.main.TestCaseExecutor.doExecute(TestCaseExecutor.java:436)
	at com.kms.katalon.core.main.TestCaseExecutor.processExecutionPhase(TestCaseExecutor.java:415)
	at com.kms.katalon.core.main.TestCaseExecutor.accessMainPhase(TestCaseExecutor.java:407)
	at com.kms.katalon.core.main.TestCaseExecutor.execute(TestCaseExecutor.java:284)
	at com.kms.katalon.core.common.CommonExecutor.accessTestCaseMainPhase(CommonExecutor.java:65)
	at com.kms.katalon.core.main.TestSuiteExecutor.accessTestSuiteMainPhase(TestSuiteExecutor.java:144)
	at com.kms.katalon.core.main.TestSuiteExecutor.execute(TestSuiteExecutor.java:106)
	at com.kms.katalon.core.main.TestCaseMain.startTestSuite(TestCaseMain.java:185)
	at com.kms.katalon.core.main.TestCaseMain$startTestSuite$0.call(Unknown Source)
	at TempTestSuite1655355756688.run(TempTestSuite1655355756688.groovy:36)
)
	at com.kms.katalon.core.keyword.internal.KeywordMain.stepFailed(KeywordMain.groovy:39)
	at com.kms.katalon.core.mobile.keyword.internal.MobileKeywordMain.stepFailed(MobileKeywordMain.groovy:40)
	at com.kms.katalon.core.mobile.keyword.internal.MobileKeywordMain.runKeyword(MobileKeywordMain.groovy:23)
	at com.kms.katalon.core.mobile.keyword.builtin.TapKeyword.tap(TapKeyword.groovy:84)
	at com.kms.katalon.core.mobile.keyword.builtin.TapKeyword.execute(TapKeyword.groovy:68)
	at com.kms.katalon.core.keyword.internal.KeywordExecutor.executeKeywordForPlatform(KeywordExecutor.groovy:74)
	at com.kms.katalon.core.mobile.keyword.MobileBuiltInKeywords.tap(MobileBuiltInKeywords.groovy:1490)
	at com.kms.katalon.core.mobile.keyword.MobileBuiltInKeywords$tap$5.call(Unknown Source)
	at requestMoney.run(requestMoney:76)
	at com.kms.katalon.core.main.ScriptEngine.run(ScriptEngine.java:194)
	at com.kms.katalon.core.main.ScriptEngine.runScriptAsRawText(ScriptEngine.java:119)
	at com.kms.katalon.core.main.TestCaseExecutor.runScript(TestCaseExecutor.java:445)
	at com.kms.katalon.core.main.TestCaseExecutor.doExecute(TestCaseExecutor.java:436)
	at com.kms.katalon.core.main.TestCaseExecutor.processExecutionPhase(TestCaseExecutor.java:415)
	at com.kms.katalon.core.main.TestCaseExecutor.accessMainPhase(TestCaseExecutor.java:407)
	at com.kms.katalon.core.main.TestCaseExecutor.execute(TestCaseExecutor.java:284)
	at com.kms.katalon.core.common.CommonExecutor.accessTestCaseMainPhase(CommonExecutor.java:65)
	at com.kms.katalon.core.main.TestSuiteExecutor.accessTestSuiteMainPhase(TestSuiteExecutor.java:144)
	at com.kms.katalon.core.main.TestSuiteExecutor.execute(TestSuiteExecutor.java:106)
	at com.kms.katalon.core.main.TestCaseMain.startTestSuite(TestCaseMain.java:185)
	at com.kms.katalon.core.main.TestCaseMain$startTestSuite$0.call(Unknown Source)
	at TempTestSuite1655355756688.run(TempTestSuite1655355756688.groovy:36)
Caused by: org.openqa.selenium.StaleElementReferenceException: androidx.test.uiautomator.StaleObjectException
For documentation on this error, please visit: https://www.seleniumhq.org/exceptions/stale_element_reference.html
Build info: version: '3.141.59', revision: 'e82be7d358', time: '2018-11-14T08:25:53'
System info: host: '00139272s-MacBook-Pro.local', ip: '2001:d08:e4:6521:80dd:b348:ad54:77%en0', os.name: 'Mac OS X', os.arch: 'x86_64', os.version: '10.16', java.version: '1.8.0_275'
Driver info: com.kms.katalon.core.appium.driver.SwipeableAndroidDriver
Capabilities {app: /Users/a00139272/Katalon St..., appActivity: com.maybank2u.life.MainActi..., appPackage: com.maybank2u.life.uat, appWaitActivity: *, autoGrantPermissions: true, automationName: uiautomator2, chromedriverPort: 59883, databaseEnabled: false, desired: {app: /Users/a00139272/Katalon St..., appActivity: com.maybank2u.life.MainActi..., appPackage: com.maybank2u.life.uat, appWaitActivity: *, autoGrantPermissions: true, automationName: uiautomator2, chromedriverPort: 59883, deviceId: 002b9cc60508, deviceName: Xiaomi 21061119AG (Android 11), fullReset: false, newCommandTimeout: 1800, noReset: true, platform: ANDROID, platformName: android, platformVersion: 11, systemPort: 59881, udid: 002b9cc60508}, deviceApiLevel: 30, deviceId: 002b9cc60508, deviceManufacturer: Xiaomi, deviceModel: 21061119AG, deviceName: 002b9cc60508, deviceScreenDensity: 440, deviceScreenSize: 1080x2400, deviceUDID: 002b9cc60508, fullReset: false, javascriptEnabled: true, locationContextEnabled: false, networkConnectionEnabled: true, newCommandTimeout: 1800, noReset: true, pixelRatio: 2.75, platform: ANDROID, platformName: Android, platformVersion: 11, statBarHeight: 103, systemPort: 59881, takesScreenshot: true, udid: 002b9cc60508, viewportRect: {height: 2064, left: 0, top: 103, width: 1080}, warnings: {}, webStorageEnabled: false}
Session ID: 0ad758e8-a427-414c-a625-b6b6890bb3c1
	at org.openqa.selenium.remote.http.W3CHttpResponseCodec.createException(W3CHttpResponseCodec.java:187)
	at org.openqa.selenium.remote.http.W3CHttpResponseCodec.decode(W3CHttpResponseCodec.java:122)
	at org.openqa.selenium.remote.http.W3CHttpResponseCodec.decode(W3CHttpResponseCodec.java:49)
	at org.openqa.selenium.remote.HttpCommandExecutor.execute(HttpCommandExecutor.java:158)
	at io.appium.java_client.remote.AppiumCommandExecutor.execute(AppiumCommandExecutor.java:239)
	at org.openqa.selenium.remote.RemoteWebDriver.execute(RemoteWebDriver.java:552)
	at io.appium.java_client.DefaultGenericMobileDriver.execute(DefaultGenericMobileDriver.java:42)
	at io.appium.java_client.AppiumDriver.execute(AppiumDriver.java:1)
	at io.appium.java_client.android.AndroidDriver.execute(AndroidDriver.java:1)
	at com.kms.katalon.core.appium.driver.SwipeableAndroidDriver.execute(SwipeableAndroidDriver.java:1)
	at org.openqa.selenium.remote.RemoteWebElement.execute(RemoteWebElement.java:285)
	at io.appium.java_client.DefaultGenericMobileElement.execute(DefaultGenericMobileElement.java:45)
	at io.appium.java_client.MobileElement.execute(MobileElement.java:1)
	at io.appium.java_client.android.AndroidElement.execute(AndroidElement.java:1)
	at org.openqa.selenium.remote.RemoteWebElement.getLocation(RemoteWebElement.java:337)
	at org.openqa.selenium.WebElement$getLocation.call(Unknown Source)
	at com.kms.katalon.core.mobile.keyword.internal.MobileAbstractKeyword.findElement(MobileAbstractKeyword.groovy:86)
	at com.kms.katalon.core.mobile.keyword.builtin.TapKeyword.access$1(TapKeyword.groovy)
	at com.kms.katalon.core.mobile.keyword.builtin.TapKeyword$_tap_closure1.doCall(TapKeyword.groovy:76)
	at com.kms.katalon.core.mobile.keyword.builtin.TapKeyword$_tap_closure1.call(TapKeyword.groovy)
	at com.kms.katalon.core.mobile.keyword.internal.MobileKeywordMain.runKeyword(MobileKeywordMain.groovy:21)
	... 19 more
"/>
         <system-out><![CDATA[2022-06-16 13:13:03 - [TEST_CASE][FAILED] - Test Cases/Send Request Money/requestMoney: Test Cases/Send Request Money/requestMoney FAILED.
Reason:
com.kms.katalon.core.exception.StepFailedException: Failed to tap on element 'Object Repository/Send Request Money/requestMoneyIconSelect' (Root cause: org.openqa.selenium.StaleElementReferenceException: androidx.test.uiautomator.StaleObjectException
For documentation on this error, please visit: https://www.seleniumhq.org/exceptions/stale_element_reference.html
Build info: version: '3.141.59', revision: 'e82be7d358', time: '2018-11-14T08:25:53'
System info: host: '00139272s-MacBook-Pro.local', ip: '2001:d08:e4:6521:80dd:b348:ad54:77%en0', os.name: 'Mac OS X', os.arch: 'x86_64', os.version: '10.16', java.version: '1.8.0_275'
Driver info: com.kms.katalon.core.appium.driver.SwipeableAndroidDriver
Capabilities {app: /Users/a00139272/Katalon St..., appActivity: com.maybank2u.life.MainActi..., appPackage: com.maybank2u.life.uat, appWaitActivity: *, autoGrantPermissions: true, automationName: uiautomator2, chromedriverPort: 59883, databaseEnabled: false, desired: {app: /Users/a00139272/Katalon St..., appActivity: com.maybank2u.life.MainActi..., appPackage: com.maybank2u.life.uat, appWaitActivity: *, autoGrantPermissions: true, automationName: uiautomator2, chromedriverPort: 59883, deviceId: 002b9cc60508, deviceName: Xiaomi 21061119AG (Android 11), fullReset: false, newCommandTimeout: 1800, noReset: true, platform: ANDROID, platformName: android, platformVersion: 11, systemPort: 59881, udid: 002b9cc60508}, deviceApiLevel: 30, deviceId: 002b9cc60508, deviceManufacturer: Xiaomi, deviceModel: 21061119AG, deviceName: 002b9cc60508, deviceScreenDensity: 440, deviceScreenSize: 1080x2400, deviceUDID: 002b9cc60508, fullReset: false, javascriptEnabled: true, locationContextEnabled: false, networkConnectionEnabled: true, newCommandTimeout: 1800, noReset: true, pixelRatio: 2.75, platform: ANDROID, platformName: Android, platformVersion: 11, statBarHeight: 103, systemPort: 59881, takesScreenshot: true, udid: 002b9cc60508, viewportRect: {height: 2064, left: 0, top: 103, width: 1080}, warnings: {}, webStorageEnabled: false}
Session ID: 0ad758e8-a427-414c-a625-b6b6890bb3c1
	at org.openqa.selenium.remote.http.W3CHttpResponseCodec.createException(W3CHttpResponseCodec.java:187)
	at org.openqa.selenium.remote.http.W3CHttpResponseCodec.decode(W3CHttpResponseCodec.java:122)
	at org.openqa.selenium.remote.http.W3CHttpResponseCodec.decode(W3CHttpResponseCodec.java:49)
	at org.openqa.selenium.remote.HttpCommandExecutor.execute(HttpCommandExecutor.java:158)
	at io.appium.java_client.remote.AppiumCommandExecutor.execute(AppiumCommandExecutor.java:239)
	at org.openqa.selenium.remote.RemoteWebDriver.execute(RemoteWebDriver.java:552)
	at io.appium.java_client.DefaultGenericMobileDriver.execute(DefaultGenericMobileDriver.java:42)
	at io.appium.java_client.AppiumDriver.execute(AppiumDriver.java:1)
	at io.appium.java_client.android.AndroidDriver.execute(AndroidDriver.java:1)
	at com.kms.katalon.core.appium.driver.SwipeableAndroidDriver.execute(SwipeableAndroidDriver.java:1)
	at org.openqa.selenium.remote.RemoteWebElement.execute(RemoteWebElement.java:285)
	at io.appium.java_client.DefaultGenericMobileElement.execute(DefaultGenericMobileElement.java:45)
	at io.appium.java_client.MobileElement.execute(MobileElement.java:1)
	at io.appium.java_client.android.AndroidElement.execute(AndroidElement.java:1)
	at org.openqa.selenium.remote.RemoteWebElement.getLocation(RemoteWebElement.java:337)
	at org.openqa.selenium.WebElement$getLocation.call(Unknown Source)
	at com.kms.katalon.core.mobile.keyword.internal.MobileAbstractKeyword.findElement(MobileAbstractKeyword.groovy:86)
	at com.kms.katalon.core.mobile.keyword.builtin.TapKeyword.access$1(TapKeyword.groovy)
	at com.kms.katalon.core.mobile.keyword.builtin.TapKeyword$_tap_closure1.doCall(TapKeyword.groovy:76)
	at com.kms.katalon.core.mobile.keyword.builtin.TapKeyword$_tap_closure1.call(TapKeyword.groovy)
	at com.kms.katalon.core.mobile.keyword.internal.MobileKeywordMain.runKeyword(MobileKeywordMain.groovy:21)
	at com.kms.katalon.core.mobile.keyword.builtin.TapKeyword.tap(TapKeyword.groovy:84)
	at com.kms.katalon.core.mobile.keyword.builtin.TapKeyword.execute(TapKeyword.groovy:68)
	at com.kms.katalon.core.keyword.internal.KeywordExecutor.executeKeywordForPlatform(KeywordExecutor.groovy:74)
	at com.kms.katalon.core.mobile.keyword.MobileBuiltInKeywords.tap(MobileBuiltInKeywords.groovy:1490)
	at com.kms.katalon.core.mobile.keyword.MobileBuiltInKeywords$tap$5.call(Unknown Source)
	at requestMoney.run(requestMoney:76)
	at com.kms.katalon.core.main.ScriptEngine.run(ScriptEngine.java:194)
	at com.kms.katalon.core.main.ScriptEngine.runScriptAsRawText(ScriptEngine.java:119)
	at com.kms.katalon.core.main.TestCaseExecutor.runScript(TestCaseExecutor.java:445)
	at com.kms.katalon.core.main.TestCaseExecutor.doExecute(TestCaseExecutor.java:436)
	at com.kms.katalon.core.main.TestCaseExecutor.processExecutionPhase(TestCaseExecutor.java:415)
	at com.kms.katalon.core.main.TestCaseExecutor.accessMainPhase(TestCaseExecutor.java:407)
	at com.kms.katalon.core.main.TestCaseExecutor.execute(TestCaseExecutor.java:284)
	at com.kms.katalon.core.common.CommonExecutor.accessTestCaseMainPhase(CommonExecutor.java:65)
	at com.kms.katalon.core.main.TestSuiteExecutor.accessTestSuiteMainPhase(TestSuiteExecutor.java:144)
	at com.kms.katalon.core.main.TestSuiteExecutor.execute(TestSuiteExecutor.java:106)
	at com.kms.katalon.core.main.TestCaseMain.startTestSuite(TestCaseMain.java:185)
	at com.kms.katalon.core.main.TestCaseMain$startTestSuite$0.call(Unknown Source)
	at TempTestSuite1655355756688.run(TempTestSuite1655355756688.groovy:36)
)
	at com.kms.katalon.core.keyword.internal.KeywordMain.stepFailed(KeywordMain.groovy:39)
	at com.kms.katalon.core.mobile.keyword.internal.MobileKeywordMain.stepFailed(MobileKeywordMain.groovy:40)
	at com.kms.katalon.core.mobile.keyword.internal.MobileKeywordMain.runKeyword(MobileKeywordMain.groovy:23)
	at com.kms.katalon.core.mobile.keyword.builtin.TapKeyword.tap(TapKeyword.groovy:84)
	at com.kms.katalon.core.mobile.keyword.builtin.TapKeyword.execute(TapKeyword.groovy:68)
	at com.kms.katalon.core.keyword.internal.KeywordExecutor.executeKeywordForPlatform(KeywordExecutor.groovy:74)
	at com.kms.katalon.core.mobile.keyword.MobileBuiltInKeywords.tap(MobileBuiltInKeywords.groovy:1490)
	at com.kms.katalon.core.mobile.keyword.MobileBuiltInKeywords$tap$5.call(Unknown Source)
	at requestMoney.run(requestMoney:76)
	at com.kms.katalon.core.main.ScriptEngine.run(ScriptEngine.java:194)
	at com.kms.katalon.core.main.ScriptEngine.runScriptAsRawText(ScriptEngine.java:119)
	at com.kms.katalon.core.main.TestCaseExecutor.runScript(TestCaseExecutor.java:445)
	at com.kms.katalon.core.main.TestCaseExecutor.doExecute(TestCaseExecutor.java:436)
	at com.kms.katalon.core.main.TestCaseExecutor.processExecutionPhase(TestCaseExecutor.java:415)
	at com.kms.katalon.core.main.TestCaseExecutor.accessMainPhase(TestCaseExecutor.java:407)
	at com.kms.katalon.core.main.TestCaseExecutor.execute(TestCaseExecutor.java:284)
	at com.kms.katalon.core.common.CommonExecutor.accessTestCaseMainPhase(CommonExecutor.java:65)
	at com.kms.katalon.core.main.TestSuiteExecutor.accessTestSuiteMainPhase(TestSuiteExecutor.java:144)
	at com.kms.katalon.core.main.TestSuiteExecutor.execute(TestSuiteExecutor.java:106)
	at com.kms.katalon.core.main.TestCaseMain.startTestSuite(TestCaseMain.java:185)
	at com.kms.katalon.core.main.TestCaseMain$startTestSuite$0.call(Unknown Source)
	at TempTestSuite1655355756688.run(TempTestSuite1655355756688.groovy:36)
Caused by: org.openqa.selenium.StaleElementReferenceException: androidx.test.uiautomator.StaleObjectException
For documentation on this error, please visit: https://www.seleniumhq.org/exceptions/stale_element_reference.html
Build info: version: '3.141.59', revision: 'e82be7d358', time: '2018-11-14T08:25:53'
System info: host: '00139272s-MacBook-Pro.local', ip: '2001:d08:e4:6521:80dd:b348:ad54:77%en0', os.name: 'Mac OS X', os.arch: 'x86_64', os.version: '10.16', java.version: '1.8.0_275'
Driver info: com.kms.katalon.core.appium.driver.SwipeableAndroidDriver
Capabilities {app: /Users/a00139272/Katalon St..., appActivity: com.maybank2u.life.MainActi..., appPackage: com.maybank2u.life.uat, appWaitActivity: *, autoGrantPermissions: true, automationName: uiautomator2, chromedriverPort: 59883, databaseEnabled: false, desired: {app: /Users/a00139272/Katalon St..., appActivity: com.maybank2u.life.MainActi..., appPackage: com.maybank2u.life.uat, appWaitActivity: *, autoGrantPermissions: true, automationName: uiautomator2, chromedriverPort: 59883, deviceId: 002b9cc60508, deviceName: Xiaomi 21061119AG (Android 11), fullReset: false, newCommandTimeout: 1800, noReset: true, platform: ANDROID, platformName: android, platformVersion: 11, systemPort: 59881, udid: 002b9cc60508}, deviceApiLevel: 30, deviceId: 002b9cc60508, deviceManufacturer: Xiaomi, deviceModel: 21061119AG, deviceName: 002b9cc60508, deviceScreenDensity: 440, deviceScreenSize: 1080x2400, deviceUDID: 002b9cc60508, fullReset: false, javascriptEnabled: true, locationContextEnabled: false, networkConnectionEnabled: true, newCommandTimeout: 1800, noReset: true, pixelRatio: 2.75, platform: ANDROID, platformName: Android, platformVersion: 11, statBarHeight: 103, systemPort: 59881, takesScreenshot: true, udid: 002b9cc60508, viewportRect: {height: 2064, left: 0, top: 103, width: 1080}, warnings: {}, webStorageEnabled: false}
Session ID: 0ad758e8-a427-414c-a625-b6b6890bb3c1
	at org.openqa.selenium.remote.http.W3CHttpResponseCodec.createException(W3CHttpResponseCodec.java:187)
	at org.openqa.selenium.remote.http.W3CHttpResponseCodec.decode(W3CHttpResponseCodec.java:122)
	at org.openqa.selenium.remote.http.W3CHttpResponseCodec.decode(W3CHttpResponseCodec.java:49)
	at org.openqa.selenium.remote.HttpCommandExecutor.execute(HttpCommandExecutor.java:158)
	at io.appium.java_client.remote.AppiumCommandExecutor.execute(AppiumCommandExecutor.java:239)
	at org.openqa.selenium.remote.RemoteWebDriver.execute(RemoteWebDriver.java:552)
	at io.appium.java_client.DefaultGenericMobileDriver.execute(DefaultGenericMobileDriver.java:42)
	at io.appium.java_client.AppiumDriver.execute(AppiumDriver.java:1)
	at io.appium.java_client.android.AndroidDriver.execute(AndroidDriver.java:1)
	at com.kms.katalon.core.appium.driver.SwipeableAndroidDriver.execute(SwipeableAndroidDriver.java:1)
	at org.openqa.selenium.remote.RemoteWebElement.execute(RemoteWebElement.java:285)
	at io.appium.java_client.DefaultGenericMobileElement.execute(DefaultGenericMobileElement.java:45)
	at io.appium.java_client.MobileElement.execute(MobileElement.java:1)
	at io.appium.java_client.android.AndroidElement.execute(AndroidElement.java:1)
	at org.openqa.selenium.remote.RemoteWebElement.getLocation(RemoteWebElement.java:337)
	at org.openqa.selenium.WebElement$getLocation.call(Unknown Source)
	at com.kms.katalon.core.mobile.keyword.internal.MobileAbstractKeyword.findElement(MobileAbstractKeyword.groovy:86)
	at com.kms.katalon.core.mobile.keyword.builtin.TapKeyword.access$1(TapKeyword.groovy)
	at com.kms.katalon.core.mobile.keyword.builtin.TapKeyword$_tap_closure1.doCall(TapKeyword.groovy:76)
	at com.kms.katalon.core.mobile.keyword.builtin.TapKeyword$_tap_closure1.call(TapKeyword.groovy)
	at com.kms.katalon.core.mobile.keyword.internal.MobileKeywordMain.runKeyword(MobileKeywordMain.groovy:21)
	... 19 more


2022-06-16 13:13:03 - [TEST_STEP][PASSED] - device_Height = getDeviceHeight(): Current device physical height is 2167

2022-06-16 13:13:03 - [MESSAGE][PASSED] - Current device physical height is 2167

2022-06-16 13:13:03 - [TEST_STEP][PASSED] - device_Width = getDeviceWidth(): Current device physical width is 1080

2022-06-16 13:13:03 - [MESSAGE][PASSED] - Current device physical width is 1080

2022-06-16 13:13:03 - [TEST_STEP][PASSED] - startX = device_Width / 3: null

2022-06-16 13:13:03 - [TEST_STEP][PASSED] - startY = device_Height * 0.97: null

2022-06-16 13:13:03 - [TEST_STEP][PASSED] - verifyElementVisible(findTestObject("Send Request Money/requestMoneyIconSelect"), 10): Element 'Object Repository/Send Request Money/requestMoneyIconSelect' is visible

2022-06-16 13:13:54 - [MESSAGE][PASSED] - Element 'Object Repository/Send Request Money/requestMoneyIconSelect' is visible

2022-06-16 13:13:54 - [TEST_STEP][FAILED] - tap(findTestObject("Send Request Money/requestMoneyIconSelect"), 0): Failed to tap on element 'Object Repository/Send Request Money/requestMoneyIconSelect' (Root cause: org.openqa.selenium.StaleElementReferenceException: androidx.test.uiautomator.StaleObjectException
For documentation on this error, please visit: https://www.seleniumhq.org/exceptions/stale_element_reference.html
Build info: version: '3.141.59', revision: 'e82be7d358', time: '2018-11-14T08:25:53'
System info: host: '00139272s-MacBook-Pro.local', ip: '2001:d08:e4:6521:80dd:b348:ad54:77%en0', os.name: 'Mac OS X', os.arch: 'x86_64', os.version: '10.16', java.version: '1.8.0_275'
Driver info: com.kms.katalon.core.appium.driver.SwipeableAndroidDriver
Capabilities {app: /Users/a00139272/Katalon St..., appActivity: com.maybank2u.life.MainActi..., appPackage: com.maybank2u.life.uat, appWaitActivity: *, autoGrantPermissions: true, automationName: uiautomator2, chromedriverPort: 59883, databaseEnabled: false, desired: {app: /Users/a00139272/Katalon St..., appActivity: com.maybank2u.life.MainActi..., appPackage: com.maybank2u.life.uat, appWaitActivity: *, autoGrantPermissions: true, automationName: uiautomator2, chromedriverPort: 59883, deviceId: 002b9cc60508, deviceName: Xiaomi 21061119AG (Android 11), fullReset: false, newCommandTimeout: 1800, noReset: true, platform: ANDROID, platformName: android, platformVersion: 11, systemPort: 59881, udid: 002b9cc60508}, deviceApiLevel: 30, deviceId: 002b9cc60508, deviceManufacturer: Xiaomi, deviceModel: 21061119AG, deviceName: 002b9cc60508, deviceScreenDensity: 440, deviceScreenSize: 1080x2400, deviceUDID: 002b9cc60508, fullReset: false, javascriptEnabled: true, locationContextEnabled: false, networkConnectionEnabled: true, newCommandTimeout: 1800, noReset: true, pixelRatio: 2.75, platform: ANDROID, platformName: Android, platformVersion: 11, statBarHeight: 103, systemPort: 59881, takesScreenshot: true, udid: 002b9cc60508, viewportRect: {height: 2064, left: 0, top: 103, width: 1080}, warnings: {}, webStorageEnabled: false}
Session ID: 0ad758e8-a427-414c-a625-b6b6890bb3c1
	at org.openqa.selenium.remote.http.W3CHttpResponseCodec.createException(W3CHttpResponseCodec.java:187)
	at org.openqa.selenium.remote.http.W3CHttpResponseCodec.decode(W3CHttpResponseCodec.java:122)
	at org.openqa.selenium.remote.http.W3CHttpResponseCodec.decode(W3CHttpResponseCodec.java:49)
	at org.openqa.selenium.remote.HttpCommandExecutor.execute(HttpCommandExecutor.java:158)
	at io.appium.java_client.remote.AppiumCommandExecutor.execute(AppiumCommandExecutor.java:239)
	at org.openqa.selenium.remote.RemoteWebDriver.execute(RemoteWebDriver.java:552)
	at io.appium.java_client.DefaultGenericMobileDriver.execute(DefaultGenericMobileDriver.java:42)
	at io.appium.java_client.AppiumDriver.execute(AppiumDriver.java:1)
	at io.appium.java_client.android.AndroidDriver.execute(AndroidDriver.java:1)
	at com.kms.katalon.core.appium.driver.SwipeableAndroidDriver.execute(SwipeableAndroidDriver.java:1)
	at org.openqa.selenium.remote.RemoteWebElement.execute(RemoteWebElement.java:285)
	at io.appium.java_client.DefaultGenericMobileElement.execute(DefaultGenericMobileElement.java:45)
	at io.appium.java_client.MobileElement.execute(MobileElement.java:1)
	at io.appium.java_client.android.AndroidElement.execute(AndroidElement.java:1)
	at org.openqa.selenium.remote.RemoteWebElement.getLocation(RemoteWebElement.java:337)
	at org.openqa.selenium.WebElement$getLocation.call(Unknown Source)
	at com.kms.katalon.core.mobile.keyword.internal.MobileAbstractKeyword.findElement(MobileAbstractKeyword.groovy:86)
	at com.kms.katalon.core.mobile.keyword.builtin.TapKeyword.access$1(TapKeyword.groovy)
	at com.kms.katalon.core.mobile.keyword.builtin.TapKeyword$_tap_closure1.doCall(TapKeyword.groovy:76)
	at com.kms.katalon.core.mobile.keyword.builtin.TapKeyword$_tap_closure1.call(TapKeyword.groovy)
	at com.kms.katalon.core.mobile.keyword.internal.MobileKeywordMain.runKeyword(MobileKeywordMain.groovy:21)
	at com.kms.katalon.core.mobile.keyword.builtin.TapKeyword.tap(TapKeyword.groovy:84)
	at com.kms.katalon.core.mobile.keyword.builtin.TapKeyword.execute(TapKeyword.groovy:68)
	at com.kms.katalon.core.keyword.internal.KeywordExecutor.executeKeywordForPlatform(KeywordExecutor.groovy:74)
	at com.kms.katalon.core.mobile.keyword.MobileBuiltInKeywords.tap(MobileBuiltInKeywords.groovy:1490)
	at com.kms.katalon.core.mobile.keyword.MobileBuiltInKeywords$tap$5.call(Unknown Source)
	at requestMoney.run(requestMoney:76)
	at com.kms.katalon.core.main.ScriptEngine.run(ScriptEngine.java:194)
	at com.kms.katalon.core.main.ScriptEngine.runScriptAsRawText(ScriptEngine.java:119)
	at com.kms.katalon.core.main.TestCaseExecutor.runScript(TestCaseExecutor.java:445)
	at com.kms.katalon.core.main.TestCaseExecutor.doExecute(TestCaseExecutor.java:436)
	at com.kms.katalon.core.main.TestCaseExecutor.processExecutionPhase(TestCaseExecutor.java:415)
	at com.kms.katalon.core.main.TestCaseExecutor.accessMainPhase(TestCaseExecutor.java:407)
	at com.kms.katalon.core.main.TestCaseExecutor.execute(TestCaseExecutor.java:284)
	at com.kms.katalon.core.common.CommonExecutor.accessTestCaseMainPhase(CommonExecutor.java:65)
	at com.kms.katalon.core.main.TestSuiteExecutor.accessTestSuiteMainPhase(TestSuiteExecutor.java:144)
	at com.kms.katalon.core.main.TestSuiteExecutor.execute(TestSuiteExecutor.java:106)
	at com.kms.katalon.core.main.TestCaseMain.startTestSuite(TestCaseMain.java:185)
	at com.kms.katalon.core.main.TestCaseMain$startTestSuite$0.call(Unknown Source)
	at TempTestSuite1655355756688.run(TempTestSuite1655355756688.groovy:36)
)

2022-06-16 13:13:54 - [MESSAGE][WARNING] - Timeout '0' is invalid. Using default page load timeout: '40'

2022-06-16 13:14:21 - [MESSAGE][FAILED] - Failed to tap on element 'Object Repository/Send Request Money/requestMoneyIconSelect' (Root cause: org.openqa.selenium.StaleElementReferenceException: androidx.test.uiautomator.StaleObjectException
For documentation on this error, please visit: https://www.seleniumhq.org/exceptions/stale_element_reference.html
Build info: version: '3.141.59', revision: 'e82be7d358', time: '2018-11-14T08:25:53'
System info: host: '00139272s-MacBook-Pro.local', ip: '2001:d08:e4:6521:80dd:b348:ad54:77%en0', os.name: 'Mac OS X', os.arch: 'x86_64', os.version: '10.16', java.version: '1.8.0_275'
Driver info: com.kms.katalon.core.appium.driver.SwipeableAndroidDriver
Capabilities {app: /Users/a00139272/Katalon St..., appActivity: com.maybank2u.life.MainActi..., appPackage: com.maybank2u.life.uat, appWaitActivity: *, autoGrantPermissions: true, automationName: uiautomator2, chromedriverPort: 59883, databaseEnabled: false, desired: {app: /Users/a00139272/Katalon St..., appActivity: com.maybank2u.life.MainActi..., appPackage: com.maybank2u.life.uat, appWaitActivity: *, autoGrantPermissions: true, automationName: uiautomator2, chromedriverPort: 59883, deviceId: 002b9cc60508, deviceName: Xiaomi 21061119AG (Android 11), fullReset: false, newCommandTimeout: 1800, noReset: true, platform: ANDROID, platformName: android, platformVersion: 11, systemPort: 59881, udid: 002b9cc60508}, deviceApiLevel: 30, deviceId: 002b9cc60508, deviceManufacturer: Xiaomi, deviceModel: 21061119AG, deviceName: 002b9cc60508, deviceScreenDensity: 440, deviceScreenSize: 1080x2400, deviceUDID: 002b9cc60508, fullReset: false, javascriptEnabled: true, locationContextEnabled: false, networkConnectionEnabled: true, newCommandTimeout: 1800, noReset: true, pixelRatio: 2.75, platform: ANDROID, platformName: Android, platformVersion: 11, statBarHeight: 103, systemPort: 59881, takesScreenshot: true, udid: 002b9cc60508, viewportRect: {height: 2064, left: 0, top: 103, width: 1080}, warnings: {}, webStorageEnabled: false}
Session ID: 0ad758e8-a427-414c-a625-b6b6890bb3c1
	at org.openqa.selenium.remote.http.W3CHttpResponseCodec.createException(W3CHttpResponseCodec.java:187)
	at org.openqa.selenium.remote.http.W3CHttpResponseCodec.decode(W3CHttpResponseCodec.java:122)
	at org.openqa.selenium.remote.http.W3CHttpResponseCodec.decode(W3CHttpResponseCodec.java:49)
	at org.openqa.selenium.remote.HttpCommandExecutor.execute(HttpCommandExecutor.java:158)
	at io.appium.java_client.remote.AppiumCommandExecutor.execute(AppiumCommandExecutor.java:239)
	at org.openqa.selenium.remote.RemoteWebDriver.execute(RemoteWebDriver.java:552)
	at io.appium.java_client.DefaultGenericMobileDriver.execute(DefaultGenericMobileDriver.java:42)
	at io.appium.java_client.AppiumDriver.execute(AppiumDriver.java:1)
	at io.appium.java_client.android.AndroidDriver.execute(AndroidDriver.java:1)
	at com.kms.katalon.core.appium.driver.SwipeableAndroidDriver.execute(SwipeableAndroidDriver.java:1)
	at org.openqa.selenium.remote.RemoteWebElement.execute(RemoteWebElement.java:285)
	at io.appium.java_client.DefaultGenericMobileElement.execute(DefaultGenericMobileElement.java:45)
	at io.appium.java_client.MobileElement.execute(MobileElement.java:1)
	at io.appium.java_client.android.AndroidElement.execute(AndroidElement.java:1)
	at org.openqa.selenium.remote.RemoteWebElement.getLocation(RemoteWebElement.java:337)
	at org.openqa.selenium.WebElement$getLocation.call(Unknown Source)
	at com.kms.katalon.core.mobile.keyword.internal.MobileAbstractKeyword.findElement(MobileAbstractKeyword.groovy:86)
	at com.kms.katalon.core.mobile.keyword.builtin.TapKeyword.access$1(TapKeyword.groovy)
	at com.kms.katalon.core.mobile.keyword.builtin.TapKeyword$_tap_closure1.doCall(TapKeyword.groovy:76)
	at com.kms.katalon.core.mobile.keyword.builtin.TapKeyword$_tap_closure1.call(TapKeyword.groovy)
	at com.kms.katalon.core.mobile.keyword.internal.MobileKeywordMain.runKeyword(MobileKeywordMain.groovy:21)
	at com.kms.katalon.core.mobile.keyword.builtin.TapKeyword.tap(TapKeyword.groovy:84)
	at com.kms.katalon.core.mobile.keyword.builtin.TapKeyword.execute(TapKeyword.groovy:68)
	at com.kms.katalon.core.keyword.internal.KeywordExecutor.executeKeywordForPlatform(KeywordExecutor.groovy:74)
	at com.kms.katalon.core.mobile.keyword.MobileBuiltInKeywords.tap(MobileBuiltInKeywords.groovy:1490)
	at com.kms.katalon.core.mobile.keyword.MobileBuiltInKeywords$tap$5.call(Unknown Source)
	at requestMoney.run(requestMoney:76)
	at com.kms.katalon.core.main.ScriptEngine.run(ScriptEngine.java:194)
	at com.kms.katalon.core.main.ScriptEngine.runScriptAsRawText(ScriptEngine.java:119)
	at com.kms.katalon.core.main.TestCaseExecutor.runScript(TestCaseExecutor.java:445)
	at com.kms.katalon.core.main.TestCaseExecutor.doExecute(TestCaseExecutor.java:436)
	at com.kms.katalon.core.main.TestCaseExecutor.processExecutionPhase(TestCaseExecutor.java:415)
	at com.kms.katalon.core.main.TestCaseExecutor.accessMainPhase(TestCaseExecutor.java:407)
	at com.kms.katalon.core.main.TestCaseExecutor.execute(TestCaseExecutor.java:284)
	at com.kms.katalon.core.common.CommonExecutor.accessTestCaseMainPhase(CommonExecutor.java:65)
	at com.kms.katalon.core.main.TestSuiteExecutor.accessTestSuiteMainPhase(TestSuiteExecutor.java:144)
	at com.kms.katalon.core.main.TestSuiteExecutor.execute(TestSuiteExecutor.java:106)
	at com.kms.katalon.core.main.TestCaseMain.startTestSuite(TestCaseMain.java:185)
	at com.kms.katalon.core.main.TestCaseMain$startTestSuite$0.call(Unknown Source)
	at TempTestSuite1655355756688.run(TempTestSuite1655355756688.groovy:36)
)

2022-06-16 13:14:21 - [TEST_STEP][PASSED] - delay(5): Delayed 5 second(s)

2022-06-16 13:14:26 - [MESSAGE][PASSED] - Delayed 5 second(s)

2022-06-16 13:14:26 - [TEST_STEP][FAILED] - verifyElementVisible(findTestObject("Send Request Money/sendRequestContactSearchIconSelect"), 10): Element 'Object Repository/Send Request Money/sendRequestContactSearchIconSelect' not found

2022-06-16 13:14:38 - [MESSAGE][FAILED] - Element 'Object Repository/Send Request Money/sendRequestContactSearchIconSelect' not found

2022-06-16 13:14:38 - [TEST_STEP][PASSED] - tap(findTestObject("Send Request Money/sendRequestContactSearchIconSelect"), 0): Tapped on element 'Object Repository/Send Request Money/sendRequestContactSearchIconSelect'

2022-06-16 13:14:38 - [MESSAGE][WARNING] - Timeout '0' is invalid. Using default page load timeout: '40'

2022-06-16 13:15:54 - [MESSAGE][PASSED] - Tapped on element 'Object Repository/Send Request Money/sendRequestContactSearchIconSelect'

2022-06-16 13:15:54 - [TEST_STEP][PASSED] - delay(3): Delayed 3 second(s)

2022-06-16 13:15:57 - [MESSAGE][PASSED] - Delayed 3 second(s)

2022-06-16 13:15:57 - [TEST_STEP][PASSED] - setText(findTestObject("Send Request Money/requestMoneyContactInputField"), contactName, 0): Text 'Fazatul PNS' has been set to element 'Object Repository/Send Request Money/requestMoneyContactInputField'

2022-06-16 13:15:57 - [MESSAGE][WARNING] - Timeout '0' is invalid. Using default page load timeout: '40'

2022-06-16 13:17:27 - [MESSAGE][PASSED] - Text 'Fazatul PNS' has been set to element 'Object Repository/Send Request Money/requestMoneyContactInputField'

2022-06-16 13:17:27 - [TEST_STEP][PASSED] - delay(3): Delayed 3 second(s)

2022-06-16 13:17:30 - [MESSAGE][PASSED] - Delayed 3 second(s)

2022-06-16 13:17:30 - [TEST_STEP][PASSED] - hideKeyboard(): Keyboard is hidden

2022-06-16 13:17:32 - [MESSAGE][PASSED] - Keyboard is hidden

2022-06-16 13:17:32 - [TEST_STEP][PASSED] - delay(3): Delayed 3 second(s)

2022-06-16 13:17:35 - [MESSAGE][PASSED] - Delayed 3 second(s)

2022-06-16 13:17:35 - [TEST_STEP][PASSED] - verifyElementVisible(findTestObject("Send Request Money/requestMoneyContactSelect", ["contactName":contactName]), 0): Element 'Object Repository/Send Request Money/requestMoneyContactSelect' is visible

2022-06-16 13:17:35 - [MESSAGE][WARNING] - Timeout '0' is invalid. Using default page load timeout: '40'

2022-06-16 13:18:26 - [MESSAGE][PASSED] - Element 'Object Repository/Send Request Money/requestMoneyContactSelect' is visible

2022-06-16 13:18:26 - [TEST_STEP][PASSED] - tap(findTestObject("Send Request Money/requestMoneyContactSelect", ["contactName":contactName]), 0): Tapped on element 'Object Repository/Send Request Money/requestMoneyContactSelect'

2022-06-16 13:18:26 - [MESSAGE][WARNING] - Timeout '0' is invalid. Using default page load timeout: '40'

2022-06-16 13:19:27 - [MESSAGE][PASSED] - Tapped on element 'Object Repository/Send Request Money/requestMoneyContactSelect'

2022-06-16 13:19:27 - [TEST_STEP][PASSED] - tap(findTestObject("Send Request Money/requestMoneyContactSelect", ["contactName":contactName]), 0): Tapped on element 'Object Repository/Send Request Money/requestMoneyContactSelect'

2022-06-16 13:19:27 - [MESSAGE][WARNING] - Timeout '0' is invalid. Using default page load timeout: '40'

2022-06-16 13:20:18 - [MESSAGE][PASSED] - Tapped on element 'Object Repository/Send Request Money/requestMoneyContactSelect'

2022-06-16 13:20:18 - [TEST_STEP][PASSED] - delay(5): Delayed 5 second(s)

2022-06-16 13:20:23 - [MESSAGE][PASSED] - Delayed 5 second(s)

2022-06-16 13:20:23 - [TEST_STEP][PASSED] - tap(findTestObject("Login Onboarding/PIN4"), 0): Tapped on element 'Object Repository/Login Onboarding/PIN4'

2022-06-16 13:20:23 - [MESSAGE][WARNING] - Timeout '0' is invalid. Using default page load timeout: '40'

2022-06-16 13:20:24 - [MESSAGE][PASSED] - Tapped on element 'Object Repository/Login Onboarding/PIN4'

2022-06-16 13:20:24 - [TEST_STEP][PASSED] - delay(3): Delayed 3 second(s)

2022-06-16 13:20:27 - [MESSAGE][PASSED] - Delayed 3 second(s)

2022-06-16 13:20:27 - [TEST_STEP][PASSED] - tap(findTestObject("Main/mainAmountTickBtn"), 0): Tapped on element 'Object Repository/Main/mainAmountTickBtn'

2022-06-16 13:20:27 - [MESSAGE][WARNING] - Timeout '0' is invalid. Using default page load timeout: '40'

2022-06-16 13:20:27 - [MESSAGE][PASSED] - Tapped on element 'Object Repository/Main/mainAmountTickBtn'

2022-06-16 13:20:27 - [TEST_STEP][PASSED] - delay(3): Delayed 3 second(s)

2022-06-16 13:20:30 - [MESSAGE][PASSED] - Delayed 3 second(s)

2022-06-16 13:20:30 - [TEST_STEP][PASSED] - verifyElementText(findTestObject("Send Request Money/requestMoneyConfirmationContactNameTxt", ["contactName":contactName]), contactName): Actual text and expected text of test object 'Object Repository/Send Request Money/requestMoneyConfirmationContactNameTxt' are matched.

2022-06-16 13:20:30 - [MESSAGE][PASSED] - Actual text and expected text of test object 'Object Repository/Send Request Money/requestMoneyConfirmationContactNameTxt' are matched.

2022-06-16 13:20:30 - [TEST_STEP][PASSED] - verifyElementText(findTestObject("Send Request Money/requestMoneyConfirmationAmountBtn"), "RM 0.04"): Actual text and expected text of test object 'Object Repository/Send Request Money/requestMoneyConfirmationAmountBtn' are matched.

2022-06-16 13:20:31 - [MESSAGE][PASSED] - Actual text and expected text of test object 'Object Repository/Send Request Money/requestMoneyConfirmationAmountBtn' are matched.

2022-06-16 13:20:31 - [TEST_STEP][PASSED] - tap(findTestObject("Send Request Money/requestMoneyNotesSelect"), 0): Tapped on element 'Object Repository/Send Request Money/requestMoneyNotesSelect'

2022-06-16 13:20:31 - [MESSAGE][WARNING] - Timeout '0' is invalid. Using default page load timeout: '40'

2022-06-16 13:20:31 - [MESSAGE][PASSED] - Tapped on element 'Object Repository/Send Request Money/requestMoneyNotesSelect'

2022-06-16 13:20:31 - [TEST_STEP][PASSED] - setText(findTestObject("Send Request Money/requestMoneyNotesSelect"), "Send Request Test", 0): Text 'Send Request Test' has been set to element 'Object Repository/Send Request Money/requestMoneyNotesSelect'

2022-06-16 13:20:31 - [MESSAGE][WARNING] - Timeout '0' is invalid. Using default page load timeout: '40'

2022-06-16 13:20:33 - [MESSAGE][PASSED] - Text 'Send Request Test' has been set to element 'Object Repository/Send Request Money/requestMoneyNotesSelect'

2022-06-16 13:20:33 - [TEST_STEP][PASSED] - delay(3): Delayed 3 second(s)

2022-06-16 13:20:36 - [MESSAGE][PASSED] - Delayed 3 second(s)

2022-06-16 13:20:36 - [TEST_STEP][PASSED] - hideKeyboard(): Keyboard is hidden

2022-06-16 13:20:39 - [MESSAGE][PASSED] - Keyboard is hidden

2022-06-16 13:20:39 - [TEST_STEP][PASSED] - tap(findTestObject("Send Request Money/requestMoneyConfirmationSendRequestBtn"), 0): Tapped on element 'Object Repository/Send Request Money/requestMoneyConfirmationSendRequestBtn'

2022-06-16 13:20:39 - [MESSAGE][WARNING] - Timeout '0' is invalid. Using default page load timeout: '40'

2022-06-16 13:20:39 - [MESSAGE][PASSED] - Tapped on element 'Object Repository/Send Request Money/requestMoneyConfirmationSendRequestBtn'

2022-06-16 13:20:39 - [TEST_STEP][PASSED] - delay(5): Delayed 5 second(s)

2022-06-16 13:20:44 - [MESSAGE][PASSED] - Delayed 5 second(s)

2022-06-16 13:20:44 - [TEST_STEP][PASSED] - verifyElementText(findTestObject("Send Request Money/requestMoneySummaryNameTxt", ["contactName":contactName]), contactName): Actual text and expected text of test object 'Object Repository/Send Request Money/requestMoneySummaryNameTxt' are matched.

2022-06-16 13:20:44 - [MESSAGE][PASSED] - Actual text and expected text of test object 'Object Repository/Send Request Money/requestMoneySummaryNameTxt' are matched.

2022-06-16 13:20:44 - [TEST_STEP][PASSED] - verifyElementText(findTestObject("Send Request Money/requestMoneySummarySuccessMessageTxt"), "Request successful"): Actual text and expected text of test object 'Object Repository/Send Request Money/requestMoneySummarySuccessMessageTxt' are matched.

2022-06-16 13:20:44 - [MESSAGE][PASSED] - Actual text and expected text of test object 'Object Repository/Send Request Money/requestMoneySummarySuccessMessageTxt' are matched.

2022-06-16 13:20:44 - [TEST_STEP][PASSED] - verifyElementText(findTestObject("Send Request Money/requestMoneySummaryAmountTxt"), "RM 0.04"): Actual text and expected text of test object 'Object Repository/Send Request Money/requestMoneySummaryAmountTxt' are matched.

2022-06-16 13:20:44 - [MESSAGE][PASSED] - Actual text and expected text of test object 'Object Repository/Send Request Money/requestMoneySummaryAmountTxt' are matched.

2022-06-16 13:20:44 - [TEST_STEP][PASSED] - verifyElementVisible(findTestObject("Send Request Money/requestMoneySummaryDoneBtn"), 10): Element 'Object Repository/Send Request Money/requestMoneySummaryDoneBtn' is visible

2022-06-16 13:20:44 - [MESSAGE][PASSED] - Element 'Object Repository/Send Request Money/requestMoneySummaryDoneBtn' is visible

2022-06-16 13:20:44 - [TEST_STEP][PASSED] - takeScreenshot("/Users/a00139272/Desktop/Screenshot/requestMoney.png"): Screenshot is taken

2022-06-16 13:20:45 - [MESSAGE][PASSED] - Screenshot is taken
[[ATTACHMENT|/Users/a00139272/Desktop/Screenshot/requestMoney.png]]

2022-06-16 13:20:45 - [TEST_STEP][PASSED] - tap(findTestObject("Send Request Money/requestMoneySummaryDoneBtn"), 0): Tapped on element 'Object Repository/Send Request Money/requestMoneySummaryDoneBtn'

2022-06-16 13:20:45 - [MESSAGE][WARNING] - Timeout '0' is invalid. Using default page load timeout: '40'

2022-06-16 13:20:45 - [MESSAGE][PASSED] - Tapped on element 'Object Repository/Send Request Money/requestMoneySummaryDoneBtn']]></system-out>
         <system-err><![CDATA[2022-06-16 13:13:03 - [TEST_CASE][FAILED] - Test Cases/Send Request Money/requestMoney: Test Cases/Send Request Money/requestMoney FAILED.
Reason:
com.kms.katalon.core.exception.StepFailedException: Failed to tap on element 'Object Repository/Send Request Money/requestMoneyIconSelect' (Root cause: org.openqa.selenium.StaleElementReferenceException: androidx.test.uiautomator.StaleObjectException
For documentation on this error, please visit: https://www.seleniumhq.org/exceptions/stale_element_reference.html
Build info: version: '3.141.59', revision: 'e82be7d358', time: '2018-11-14T08:25:53'
System info: host: '00139272s-MacBook-Pro.local', ip: '2001:d08:e4:6521:80dd:b348:ad54:77%en0', os.name: 'Mac OS X', os.arch: 'x86_64', os.version: '10.16', java.version: '1.8.0_275'
Driver info: com.kms.katalon.core.appium.driver.SwipeableAndroidDriver
Capabilities {app: /Users/a00139272/Katalon St..., appActivity: com.maybank2u.life.MainActi..., appPackage: com.maybank2u.life.uat, appWaitActivity: *, autoGrantPermissions: true, automationName: uiautomator2, chromedriverPort: 59883, databaseEnabled: false, desired: {app: /Users/a00139272/Katalon St..., appActivity: com.maybank2u.life.MainActi..., appPackage: com.maybank2u.life.uat, appWaitActivity: *, autoGrantPermissions: true, automationName: uiautomator2, chromedriverPort: 59883, deviceId: 002b9cc60508, deviceName: Xiaomi 21061119AG (Android 11), fullReset: false, newCommandTimeout: 1800, noReset: true, platform: ANDROID, platformName: android, platformVersion: 11, systemPort: 59881, udid: 002b9cc60508}, deviceApiLevel: 30, deviceId: 002b9cc60508, deviceManufacturer: Xiaomi, deviceModel: 21061119AG, deviceName: 002b9cc60508, deviceScreenDensity: 440, deviceScreenSize: 1080x2400, deviceUDID: 002b9cc60508, fullReset: false, javascriptEnabled: true, locationContextEnabled: false, networkConnectionEnabled: true, newCommandTimeout: 1800, noReset: true, pixelRatio: 2.75, platform: ANDROID, platformName: Android, platformVersion: 11, statBarHeight: 103, systemPort: 59881, takesScreenshot: true, udid: 002b9cc60508, viewportRect: {height: 2064, left: 0, top: 103, width: 1080}, warnings: {}, webStorageEnabled: false}
Session ID: 0ad758e8-a427-414c-a625-b6b6890bb3c1
	at org.openqa.selenium.remote.http.W3CHttpResponseCodec.createException(W3CHttpResponseCodec.java:187)
	at org.openqa.selenium.remote.http.W3CHttpResponseCodec.decode(W3CHttpResponseCodec.java:122)
	at org.openqa.selenium.remote.http.W3CHttpResponseCodec.decode(W3CHttpResponseCodec.java:49)
	at org.openqa.selenium.remote.HttpCommandExecutor.execute(HttpCommandExecutor.java:158)
	at io.appium.java_client.remote.AppiumCommandExecutor.execute(AppiumCommandExecutor.java:239)
	at org.openqa.selenium.remote.RemoteWebDriver.execute(RemoteWebDriver.java:552)
	at io.appium.java_client.DefaultGenericMobileDriver.execute(DefaultGenericMobileDriver.java:42)
	at io.appium.java_client.AppiumDriver.execute(AppiumDriver.java:1)
	at io.appium.java_client.android.AndroidDriver.execute(AndroidDriver.java:1)
	at com.kms.katalon.core.appium.driver.SwipeableAndroidDriver.execute(SwipeableAndroidDriver.java:1)
	at org.openqa.selenium.remote.RemoteWebElement.execute(RemoteWebElement.java:285)
	at io.appium.java_client.DefaultGenericMobileElement.execute(DefaultGenericMobileElement.java:45)
	at io.appium.java_client.MobileElement.execute(MobileElement.java:1)
	at io.appium.java_client.android.AndroidElement.execute(AndroidElement.java:1)
	at org.openqa.selenium.remote.RemoteWebElement.getLocation(RemoteWebElement.java:337)
	at org.openqa.selenium.WebElement$getLocation.call(Unknown Source)
	at com.kms.katalon.core.mobile.keyword.internal.MobileAbstractKeyword.findElement(MobileAbstractKeyword.groovy:86)
	at com.kms.katalon.core.mobile.keyword.builtin.TapKeyword.access$1(TapKeyword.groovy)
	at com.kms.katalon.core.mobile.keyword.builtin.TapKeyword$_tap_closure1.doCall(TapKeyword.groovy:76)
	at com.kms.katalon.core.mobile.keyword.builtin.TapKeyword$_tap_closure1.call(TapKeyword.groovy)
	at com.kms.katalon.core.mobile.keyword.internal.MobileKeywordMain.runKeyword(MobileKeywordMain.groovy:21)
	at com.kms.katalon.core.mobile.keyword.builtin.TapKeyword.tap(TapKeyword.groovy:84)
	at com.kms.katalon.core.mobile.keyword.builtin.TapKeyword.execute(TapKeyword.groovy:68)
	at com.kms.katalon.core.keyword.internal.KeywordExecutor.executeKeywordForPlatform(KeywordExecutor.groovy:74)
	at com.kms.katalon.core.mobile.keyword.MobileBuiltInKeywords.tap(MobileBuiltInKeywords.groovy:1490)
	at com.kms.katalon.core.mobile.keyword.MobileBuiltInKeywords$tap$5.call(Unknown Source)
	at requestMoney.run(requestMoney:76)
	at com.kms.katalon.core.main.ScriptEngine.run(ScriptEngine.java:194)
	at com.kms.katalon.core.main.ScriptEngine.runScriptAsRawText(ScriptEngine.java:119)
	at com.kms.katalon.core.main.TestCaseExecutor.runScript(TestCaseExecutor.java:445)
	at com.kms.katalon.core.main.TestCaseExecutor.doExecute(TestCaseExecutor.java:436)
	at com.kms.katalon.core.main.TestCaseExecutor.processExecutionPhase(TestCaseExecutor.java:415)
	at com.kms.katalon.core.main.TestCaseExecutor.accessMainPhase(TestCaseExecutor.java:407)
	at com.kms.katalon.core.main.TestCaseExecutor.execute(TestCaseExecutor.java:284)
	at com.kms.katalon.core.common.CommonExecutor.accessTestCaseMainPhase(CommonExecutor.java:65)
	at com.kms.katalon.core.main.TestSuiteExecutor.accessTestSuiteMainPhase(TestSuiteExecutor.java:144)
	at com.kms.katalon.core.main.TestSuiteExecutor.execute(TestSuiteExecutor.java:106)
	at com.kms.katalon.core.main.TestCaseMain.startTestSuite(TestCaseMain.java:185)
	at com.kms.katalon.core.main.TestCaseMain$startTestSuite$0.call(Unknown Source)
	at TempTestSuite1655355756688.run(TempTestSuite1655355756688.groovy:36)
)
	at com.kms.katalon.core.keyword.internal.KeywordMain.stepFailed(KeywordMain.groovy:39)
	at com.kms.katalon.core.mobile.keyword.internal.MobileKeywordMain.stepFailed(MobileKeywordMain.groovy:40)
	at com.kms.katalon.core.mobile.keyword.internal.MobileKeywordMain.runKeyword(MobileKeywordMain.groovy:23)
	at com.kms.katalon.core.mobile.keyword.builtin.TapKeyword.tap(TapKeyword.groovy:84)
	at com.kms.katalon.core.mobile.keyword.builtin.TapKeyword.execute(TapKeyword.groovy:68)
	at com.kms.katalon.core.keyword.internal.KeywordExecutor.executeKeywordForPlatform(KeywordExecutor.groovy:74)
	at com.kms.katalon.core.mobile.keyword.MobileBuiltInKeywords.tap(MobileBuiltInKeywords.groovy:1490)
	at com.kms.katalon.core.mobile.keyword.MobileBuiltInKeywords$tap$5.call(Unknown Source)
	at requestMoney.run(requestMoney:76)
	at com.kms.katalon.core.main.ScriptEngine.run(ScriptEngine.java:194)
	at com.kms.katalon.core.main.ScriptEngine.runScriptAsRawText(ScriptEngine.java:119)
	at com.kms.katalon.core.main.TestCaseExecutor.runScript(TestCaseExecutor.java:445)
	at com.kms.katalon.core.main.TestCaseExecutor.doExecute(TestCaseExecutor.java:436)
	at com.kms.katalon.core.main.TestCaseExecutor.processExecutionPhase(TestCaseExecutor.java:415)
	at com.kms.katalon.core.main.TestCaseExecutor.accessMainPhase(TestCaseExecutor.java:407)
	at com.kms.katalon.core.main.TestCaseExecutor.execute(TestCaseExecutor.java:284)
	at com.kms.katalon.core.common.CommonExecutor.accessTestCaseMainPhase(CommonExecutor.java:65)
	at com.kms.katalon.core.main.TestSuiteExecutor.accessTestSuiteMainPhase(TestSuiteExecutor.java:144)
	at com.kms.katalon.core.main.TestSuiteExecutor.execute(TestSuiteExecutor.java:106)
	at com.kms.katalon.core.main.TestCaseMain.startTestSuite(TestCaseMain.java:185)
	at com.kms.katalon.core.main.TestCaseMain$startTestSuite$0.call(Unknown Source)
	at TempTestSuite1655355756688.run(TempTestSuite1655355756688.groovy:36)
Caused by: org.openqa.selenium.StaleElementReferenceException: androidx.test.uiautomator.StaleObjectException
For documentation on this error, please visit: https://www.seleniumhq.org/exceptions/stale_element_reference.html
Build info: version: '3.141.59', revision: 'e82be7d358', time: '2018-11-14T08:25:53'
System info: host: '00139272s-MacBook-Pro.local', ip: '2001:d08:e4:6521:80dd:b348:ad54:77%en0', os.name: 'Mac OS X', os.arch: 'x86_64', os.version: '10.16', java.version: '1.8.0_275'
Driver info: com.kms.katalon.core.appium.driver.SwipeableAndroidDriver
Capabilities {app: /Users/a00139272/Katalon St..., appActivity: com.maybank2u.life.MainActi..., appPackage: com.maybank2u.life.uat, appWaitActivity: *, autoGrantPermissions: true, automationName: uiautomator2, chromedriverPort: 59883, databaseEnabled: false, desired: {app: /Users/a00139272/Katalon St..., appActivity: com.maybank2u.life.MainActi..., appPackage: com.maybank2u.life.uat, appWaitActivity: *, autoGrantPermissions: true, automationName: uiautomator2, chromedriverPort: 59883, deviceId: 002b9cc60508, deviceName: Xiaomi 21061119AG (Android 11), fullReset: false, newCommandTimeout: 1800, noReset: true, platform: ANDROID, platformName: android, platformVersion: 11, systemPort: 59881, udid: 002b9cc60508}, deviceApiLevel: 30, deviceId: 002b9cc60508, deviceManufacturer: Xiaomi, deviceModel: 21061119AG, deviceName: 002b9cc60508, deviceScreenDensity: 440, deviceScreenSize: 1080x2400, deviceUDID: 002b9cc60508, fullReset: false, javascriptEnabled: true, locationContextEnabled: false, networkConnectionEnabled: true, newCommandTimeout: 1800, noReset: true, pixelRatio: 2.75, platform: ANDROID, platformName: Android, platformVersion: 11, statBarHeight: 103, systemPort: 59881, takesScreenshot: true, udid: 002b9cc60508, viewportRect: {height: 2064, left: 0, top: 103, width: 1080}, warnings: {}, webStorageEnabled: false}
Session ID: 0ad758e8-a427-414c-a625-b6b6890bb3c1
	at org.openqa.selenium.remote.http.W3CHttpResponseCodec.createException(W3CHttpResponseCodec.java:187)
	at org.openqa.selenium.remote.http.W3CHttpResponseCodec.decode(W3CHttpResponseCodec.java:122)
	at org.openqa.selenium.remote.http.W3CHttpResponseCodec.decode(W3CHttpResponseCodec.java:49)
	at org.openqa.selenium.remote.HttpCommandExecutor.execute(HttpCommandExecutor.java:158)
	at io.appium.java_client.remote.AppiumCommandExecutor.execute(AppiumCommandExecutor.java:239)
	at org.openqa.selenium.remote.RemoteWebDriver.execute(RemoteWebDriver.java:552)
	at io.appium.java_client.DefaultGenericMobileDriver.execute(DefaultGenericMobileDriver.java:42)
	at io.appium.java_client.AppiumDriver.execute(AppiumDriver.java:1)
	at io.appium.java_client.android.AndroidDriver.execute(AndroidDriver.java:1)
	at com.kms.katalon.core.appium.driver.SwipeableAndroidDriver.execute(SwipeableAndroidDriver.java:1)
	at org.openqa.selenium.remote.RemoteWebElement.execute(RemoteWebElement.java:285)
	at io.appium.java_client.DefaultGenericMobileElement.execute(DefaultGenericMobileElement.java:45)
	at io.appium.java_client.MobileElement.execute(MobileElement.java:1)
	at io.appium.java_client.android.AndroidElement.execute(AndroidElement.java:1)
	at org.openqa.selenium.remote.RemoteWebElement.getLocation(RemoteWebElement.java:337)
	at org.openqa.selenium.WebElement$getLocation.call(Unknown Source)
	at com.kms.katalon.core.mobile.keyword.internal.MobileAbstractKeyword.findElement(MobileAbstractKeyword.groovy:86)
	at com.kms.katalon.core.mobile.keyword.builtin.TapKeyword.access$1(TapKeyword.groovy)
	at com.kms.katalon.core.mobile.keyword.builtin.TapKeyword$_tap_closure1.doCall(TapKeyword.groovy:76)
	at com.kms.katalon.core.mobile.keyword.builtin.TapKeyword$_tap_closure1.call(TapKeyword.groovy)
	at com.kms.katalon.core.mobile.keyword.internal.MobileKeywordMain.runKeyword(MobileKeywordMain.groovy:21)
	... 19 more]]></system-err>
      </testcase>
      <testcase name="Test Cases/Send Request Money/requestMoney_cancelRequest" time="108.576" classname="Test Cases/Send Request Money/requestMoney_cancelRequest" status="PASSED">
         <system-out><![CDATA[2022-06-16 13:20:45 - [TEST_CASE][PASSED] - Test Cases/Send Request Money/requestMoney_cancelRequest: Test Cases/Send Request Money/requestMoney_cancelRequest

2022-06-16 13:20:45 - [TEST_STEP][PASSED] - delay(3): Delayed 3 second(s)

2022-06-16 13:20:48 - [MESSAGE][PASSED] - Delayed 3 second(s)

2022-06-16 13:20:48 - [TEST_STEP][PASSED] - delay(3): Delayed 3 second(s)

2022-06-16 13:20:51 - [MESSAGE][PASSED] - Delayed 3 second(s)

2022-06-16 13:20:51 - [TEST_STEP][PASSED] - tap(findTestObject("Send Request Money/requestMoneyListStatusTxt"), 0): Tapped on element 'Object Repository/Send Request Money/requestMoneyListStatusTxt'

2022-06-16 13:20:51 - [MESSAGE][WARNING] - Timeout '0' is invalid. Using default page load timeout: '40'

2022-06-16 13:21:43 - [MESSAGE][PASSED] - Tapped on element 'Object Repository/Send Request Money/requestMoneyListStatusTxt'

2022-06-16 13:21:43 - [TEST_STEP][PASSED] - delay(3): Delayed 3 second(s)

2022-06-16 13:21:46 - [MESSAGE][PASSED] - Delayed 3 second(s)

2022-06-16 13:21:46 - [TEST_STEP][PASSED] - verifyElementText(findTestObject("Send Request Money/requestMoneyDetailsNameTxt"), "icrpp"): Actual text and expected text of test object 'Object Repository/Send Request Money/requestMoneyDetailsNameTxt' are matched.

2022-06-16 13:21:46 - [MESSAGE][PASSED] - Actual text and expected text of test object 'Object Repository/Send Request Money/requestMoneyDetailsNameTxt' are matched.

2022-06-16 13:21:46 - [TEST_STEP][PASSED] - verifyElementText(findTestObject("Send Request Money/requestMoneyDetailsAmountTxt"), "RM 0.04"): Actual text and expected text of test object 'Object Repository/Send Request Money/requestMoneyDetailsAmountTxt' are matched.

2022-06-16 13:21:46 - [MESSAGE][PASSED] - Actual text and expected text of test object 'Object Repository/Send Request Money/requestMoneyDetailsAmountTxt' are matched.

2022-06-16 13:21:46 - [TEST_STEP][PASSED] - verifyElementText(findTestObject("Send Request Money/requestMoneyDetailsNotesTxt"), "Send Request Test"): Actual text and expected text of test object 'Object Repository/Send Request Money/requestMoneyDetailsNotesTxt' are matched.

2022-06-16 13:21:47 - [MESSAGE][PASSED] - Actual text and expected text of test object 'Object Repository/Send Request Money/requestMoneyDetailsNotesTxt' are matched.

2022-06-16 13:21:47 - [TEST_STEP][PASSED] - tap(findTestObject("Send Request Money/requestMoneyDetailsThreeDotsBtn"), 0): Tapped on element 'Object Repository/Send Request Money/requestMoneyDetailsThreeDotsBtn'

2022-06-16 13:21:47 - [MESSAGE][WARNING] - Timeout '0' is invalid. Using default page load timeout: '40'

2022-06-16 13:21:47 - [MESSAGE][PASSED] - Tapped on element 'Object Repository/Send Request Money/requestMoneyDetailsThreeDotsBtn'

2022-06-16 13:21:47 - [TEST_STEP][PASSED] - tap(findTestObject("Send Request Money/requestMoneyThreeDotsCancelRequestBtn"), 0): Tapped on element 'Object Repository/Send Request Money/requestMoneyThreeDotsCancelRequestBtn'

2022-06-16 13:21:47 - [MESSAGE][WARNING] - Timeout '0' is invalid. Using default page load timeout: '40'

2022-06-16 13:21:49 - [MESSAGE][PASSED] - Tapped on element 'Object Repository/Send Request Money/requestMoneyThreeDotsCancelRequestBtn'

2022-06-16 13:21:49 - [TEST_STEP][PASSED] - delay(3): Delayed 3 second(s)

2022-06-16 13:21:52 - [MESSAGE][PASSED] - Delayed 3 second(s)

2022-06-16 13:21:52 - [TEST_STEP][PASSED] - verifyElementNotVisible(findTestObject("Send Request Money/requestMoneyListStatusTxt"), 0): Element 'Object Repository/Send Request Money/requestMoneyListStatusTxt' not found

2022-06-16 13:21:52 - [MESSAGE][WARNING] - Timeout '0' is invalid. Using default page load timeout: '40'

2022-06-16 13:22:33 - [MESSAGE][PASSED] - Element 'Object Repository/Send Request Money/requestMoneyListStatusTxt' not found

2022-06-16 13:22:33 - [TEST_STEP][PASSED] - takeScreenshot("/Users/a00139272/Desktop/Screenshot/cancelRequest.png"): Screenshot is taken

2022-06-16 13:22:34 - [MESSAGE][PASSED] - Screenshot is taken
[[ATTACHMENT|/Users/a00139272/Desktop/Screenshot/cancelRequest.png]]]]></system-out>
         <system-err><![CDATA[]]></system-err>
      </testcase>
      <testcase name="Test Cases/Send Request Money/requestMoney" time="518.949" classname="Test Cases/Send Request Money/requestMoney" status="PASSED">
         <system-out><![CDATA[2022-06-16 13:22:34 - [TEST_CASE][PASSED] - Test Cases/Send Request Money/requestMoney: Test Cases/Send Request Money/requestMoney

2022-06-16 13:22:34 - [TEST_STEP][PASSED] - device_Height = getDeviceHeight(): Current device physical height is 2167

2022-06-16 13:22:34 - [MESSAGE][PASSED] - Current device physical height is 2167

2022-06-16 13:22:34 - [TEST_STEP][PASSED] - device_Width = getDeviceWidth(): Current device physical width is 1080

2022-06-16 13:22:34 - [MESSAGE][PASSED] - Current device physical width is 1080

2022-06-16 13:22:34 - [TEST_STEP][PASSED] - startX = device_Width / 3: null

2022-06-16 13:22:34 - [TEST_STEP][PASSED] - startY = device_Height * 0.97: null

2022-06-16 13:22:34 - [TEST_STEP][PASSED] - verifyElementVisible(findTestObject("Send Request Money/requestMoneyIconSelect"), 10): Element 'Object Repository/Send Request Money/requestMoneyIconSelect' is visible

2022-06-16 13:23:24 - [MESSAGE][PASSED] - Element 'Object Repository/Send Request Money/requestMoneyIconSelect' is visible

2022-06-16 13:23:24 - [TEST_STEP][PASSED] - tap(findTestObject("Send Request Money/requestMoneyIconSelect"), 0): Tapped on element 'Object Repository/Send Request Money/requestMoneyIconSelect'

2022-06-16 13:23:24 - [MESSAGE][WARNING] - Timeout '0' is invalid. Using default page load timeout: '40'

2022-06-16 13:24:25 - [MESSAGE][PASSED] - Tapped on element 'Object Repository/Send Request Money/requestMoneyIconSelect'

2022-06-16 13:24:25 - [TEST_STEP][PASSED] - delay(5): Delayed 5 second(s)

2022-06-16 13:24:30 - [MESSAGE][PASSED] - Delayed 5 second(s)

2022-06-16 13:24:30 - [TEST_STEP][PASSED] - verifyElementVisible(findTestObject("Send Request Money/sendRequestContactSearchIconSelect"), 10): Element 'Object Repository/Send Request Money/sendRequestContactSearchIconSelect' is visible

2022-06-16 13:25:21 - [MESSAGE][PASSED] - Element 'Object Repository/Send Request Money/sendRequestContactSearchIconSelect' is visible

2022-06-16 13:25:21 - [TEST_STEP][PASSED] - tap(findTestObject("Send Request Money/sendRequestContactSearchIconSelect"), 0): Tapped on element 'Object Repository/Send Request Money/sendRequestContactSearchIconSelect'

2022-06-16 13:25:21 - [MESSAGE][WARNING] - Timeout '0' is invalid. Using default page load timeout: '40'

2022-06-16 13:26:21 - [MESSAGE][PASSED] - Tapped on element 'Object Repository/Send Request Money/sendRequestContactSearchIconSelect'

2022-06-16 13:26:21 - [TEST_STEP][PASSED] - delay(3): Delayed 3 second(s)

2022-06-16 13:26:24 - [MESSAGE][PASSED] - Delayed 3 second(s)

2022-06-16 13:26:24 - [TEST_STEP][PASSED] - setText(findTestObject("Send Request Money/requestMoneyContactInputField"), contactName, 0): Text 'Fazatul PNS' has been set to element 'Object Repository/Send Request Money/requestMoneyContactInputField'

2022-06-16 13:26:24 - [MESSAGE][WARNING] - Timeout '0' is invalid. Using default page load timeout: '40'

2022-06-16 13:27:55 - [MESSAGE][PASSED] - Text 'Fazatul PNS' has been set to element 'Object Repository/Send Request Money/requestMoneyContactInputField'

2022-06-16 13:27:55 - [TEST_STEP][PASSED] - delay(3): Delayed 3 second(s)

2022-06-16 13:27:58 - [MESSAGE][PASSED] - Delayed 3 second(s)

2022-06-16 13:27:58 - [TEST_STEP][PASSED] - hideKeyboard(): Keyboard is hidden

2022-06-16 13:28:00 - [MESSAGE][PASSED] - Keyboard is hidden

2022-06-16 13:28:00 - [TEST_STEP][PASSED] - delay(3): Delayed 3 second(s)

2022-06-16 13:28:03 - [MESSAGE][PASSED] - Delayed 3 second(s)

2022-06-16 13:28:03 - [TEST_STEP][PASSED] - verifyElementVisible(findTestObject("Send Request Money/requestMoneyContactSelect", ["contactName":contactName]), 0): Element 'Object Repository/Send Request Money/requestMoneyContactSelect' is visible

2022-06-16 13:28:03 - [MESSAGE][WARNING] - Timeout '0' is invalid. Using default page load timeout: '40'

2022-06-16 13:28:53 - [MESSAGE][PASSED] - Element 'Object Repository/Send Request Money/requestMoneyContactSelect' is visible

2022-06-16 13:28:53 - [TEST_STEP][PASSED] - tap(findTestObject("Send Request Money/requestMoneyContactSelect", ["contactName":contactName]), 0): Tapped on element 'Object Repository/Send Request Money/requestMoneyContactSelect'

2022-06-16 13:28:53 - [MESSAGE][WARNING] - Timeout '0' is invalid. Using default page load timeout: '40'

2022-06-16 13:29:54 - [MESSAGE][PASSED] - Tapped on element 'Object Repository/Send Request Money/requestMoneyContactSelect'

2022-06-16 13:29:54 - [TEST_STEP][PASSED] - tap(findTestObject("Send Request Money/requestMoneyContactSelect", ["contactName":contactName]), 0): Tapped on element 'Object Repository/Send Request Money/requestMoneyContactSelect'

2022-06-16 13:29:54 - [MESSAGE][WARNING] - Timeout '0' is invalid. Using default page load timeout: '40'

2022-06-16 13:30:46 - [MESSAGE][PASSED] - Tapped on element 'Object Repository/Send Request Money/requestMoneyContactSelect'

2022-06-16 13:30:46 - [TEST_STEP][PASSED] - delay(5): Delayed 5 second(s)

2022-06-16 13:30:51 - [MESSAGE][PASSED] - Delayed 5 second(s)

2022-06-16 13:30:51 - [TEST_STEP][PASSED] - tap(findTestObject("Login Onboarding/PIN4"), 0): Tapped on element 'Object Repository/Login Onboarding/PIN4'

2022-06-16 13:30:51 - [MESSAGE][WARNING] - Timeout '0' is invalid. Using default page load timeout: '40'

2022-06-16 13:30:51 - [MESSAGE][PASSED] - Tapped on element 'Object Repository/Login Onboarding/PIN4'

2022-06-16 13:30:51 - [TEST_STEP][PASSED] - delay(3): Delayed 3 second(s)

2022-06-16 13:30:54 - [MESSAGE][PASSED] - Delayed 3 second(s)

2022-06-16 13:30:54 - [TEST_STEP][PASSED] - tap(findTestObject("Main/mainAmountTickBtn"), 0): Tapped on element 'Object Repository/Main/mainAmountTickBtn'

2022-06-16 13:30:54 - [MESSAGE][WARNING] - Timeout '0' is invalid. Using default page load timeout: '40'

2022-06-16 13:30:55 - [MESSAGE][PASSED] - Tapped on element 'Object Repository/Main/mainAmountTickBtn'

2022-06-16 13:30:55 - [TEST_STEP][PASSED] - delay(3): Delayed 3 second(s)

2022-06-16 13:30:58 - [MESSAGE][PASSED] - Delayed 3 second(s)

2022-06-16 13:30:58 - [TEST_STEP][PASSED] - verifyElementText(findTestObject("Send Request Money/requestMoneyConfirmationContactNameTxt", ["contactName":contactName]), contactName): Actual text and expected text of test object 'Object Repository/Send Request Money/requestMoneyConfirmationContactNameTxt' are matched.

2022-06-16 13:30:58 - [MESSAGE][PASSED] - Actual text and expected text of test object 'Object Repository/Send Request Money/requestMoneyConfirmationContactNameTxt' are matched.

2022-06-16 13:30:58 - [TEST_STEP][PASSED] - verifyElementText(findTestObject("Send Request Money/requestMoneyConfirmationAmountBtn"), "RM 0.04"): Actual text and expected text of test object 'Object Repository/Send Request Money/requestMoneyConfirmationAmountBtn' are matched.

2022-06-16 13:30:58 - [MESSAGE][PASSED] - Actual text and expected text of test object 'Object Repository/Send Request Money/requestMoneyConfirmationAmountBtn' are matched.

2022-06-16 13:30:58 - [TEST_STEP][PASSED] - tap(findTestObject("Send Request Money/requestMoneyNotesSelect"), 0): Tapped on element 'Object Repository/Send Request Money/requestMoneyNotesSelect'

2022-06-16 13:30:58 - [MESSAGE][WARNING] - Timeout '0' is invalid. Using default page load timeout: '40'

2022-06-16 13:30:58 - [MESSAGE][PASSED] - Tapped on element 'Object Repository/Send Request Money/requestMoneyNotesSelect'

2022-06-16 13:30:58 - [TEST_STEP][PASSED] - setText(findTestObject("Send Request Money/requestMoneyNotesSelect"), "Send Request Test", 0): Text 'Send Request Test' has been set to element 'Object Repository/Send Request Money/requestMoneyNotesSelect'

2022-06-16 13:30:58 - [MESSAGE][WARNING] - Timeout '0' is invalid. Using default page load timeout: '40'

2022-06-16 13:31:01 - [MESSAGE][PASSED] - Text 'Send Request Test' has been set to element 'Object Repository/Send Request Money/requestMoneyNotesSelect'

2022-06-16 13:31:01 - [TEST_STEP][PASSED] - delay(3): Delayed 3 second(s)

2022-06-16 13:31:04 - [MESSAGE][PASSED] - Delayed 3 second(s)

2022-06-16 13:31:04 - [TEST_STEP][PASSED] - hideKeyboard(): Keyboard is hidden

2022-06-16 13:31:06 - [MESSAGE][PASSED] - Keyboard is hidden

2022-06-16 13:31:06 - [TEST_STEP][PASSED] - tap(findTestObject("Send Request Money/requestMoneyConfirmationSendRequestBtn"), 0): Tapped on element 'Object Repository/Send Request Money/requestMoneyConfirmationSendRequestBtn'

2022-06-16 13:31:06 - [MESSAGE][WARNING] - Timeout '0' is invalid. Using default page load timeout: '40'

2022-06-16 13:31:06 - [MESSAGE][PASSED] - Tapped on element 'Object Repository/Send Request Money/requestMoneyConfirmationSendRequestBtn'

2022-06-16 13:31:06 - [TEST_STEP][PASSED] - delay(5): Delayed 5 second(s)

2022-06-16 13:31:11 - [MESSAGE][PASSED] - Delayed 5 second(s)

2022-06-16 13:31:11 - [TEST_STEP][PASSED] - verifyElementText(findTestObject("Send Request Money/requestMoneySummaryNameTxt", ["contactName":contactName]), contactName): Actual text and expected text of test object 'Object Repository/Send Request Money/requestMoneySummaryNameTxt' are matched.

2022-06-16 13:31:11 - [MESSAGE][PASSED] - Actual text and expected text of test object 'Object Repository/Send Request Money/requestMoneySummaryNameTxt' are matched.

2022-06-16 13:31:11 - [TEST_STEP][PASSED] - verifyElementText(findTestObject("Send Request Money/requestMoneySummarySuccessMessageTxt"), "Request successful"): Actual text and expected text of test object 'Object Repository/Send Request Money/requestMoneySummarySuccessMessageTxt' are matched.

2022-06-16 13:31:11 - [MESSAGE][PASSED] - Actual text and expected text of test object 'Object Repository/Send Request Money/requestMoneySummarySuccessMessageTxt' are matched.

2022-06-16 13:31:11 - [TEST_STEP][PASSED] - verifyElementText(findTestObject("Send Request Money/requestMoneySummaryAmountTxt"), "RM 0.04"): Actual text and expected text of test object 'Object Repository/Send Request Money/requestMoneySummaryAmountTxt' are matched.

2022-06-16 13:31:12 - [MESSAGE][PASSED] - Actual text and expected text of test object 'Object Repository/Send Request Money/requestMoneySummaryAmountTxt' are matched.

2022-06-16 13:31:12 - [TEST_STEP][PASSED] - verifyElementVisible(findTestObject("Send Request Money/requestMoneySummaryDoneBtn"), 10): Element 'Object Repository/Send Request Money/requestMoneySummaryDoneBtn' is visible

2022-06-16 13:31:12 - [MESSAGE][PASSED] - Element 'Object Repository/Send Request Money/requestMoneySummaryDoneBtn' is visible

2022-06-16 13:31:12 - [TEST_STEP][PASSED] - takeScreenshot("/Users/a00139272/Desktop/Screenshot/requestMoney.png"): Screenshot is taken

2022-06-16 13:31:12 - [MESSAGE][PASSED] - Screenshot is taken
[[ATTACHMENT|/Users/a00139272/Desktop/Screenshot/requestMoney.png]]

2022-06-16 13:31:12 - [TEST_STEP][PASSED] - tap(findTestObject("Send Request Money/requestMoneySummaryDoneBtn"), 0): Tapped on element 'Object Repository/Send Request Money/requestMoneySummaryDoneBtn'

2022-06-16 13:31:12 - [MESSAGE][WARNING] - Timeout '0' is invalid. Using default page load timeout: '40'

2022-06-16 13:31:13 - [MESSAGE][PASSED] - Tapped on element 'Object Repository/Send Request Money/requestMoneySummaryDoneBtn']]></system-out>
         <system-err><![CDATA[]]></system-err>
      </testcase>
      <testcase name="Test Cases/Send Request Money/requestMoney_markAsPaid" time="171.255" classname="Test Cases/Send Request Money/requestMoney_markAsPaid" status="FAILED">
         <failure type="FAILED" message="Test Cases/Send Request Money/requestMoney_markAsPaid FAILED.
Reason:
com.kms.katalon.core.exception.StepFailedException: Failed to tap on element 'Object Repository/Main/mainTopLeftBackButton' (Root cause: org.openqa.selenium.StaleElementReferenceException: androidx.test.uiautomator.StaleObjectException
For documentation on this error, please visit: https://www.seleniumhq.org/exceptions/stale_element_reference.html
Build info: version: '3.141.59', revision: 'e82be7d358', time: '2018-11-14T08:25:53'
System info: host: '00139272s-MacBook-Pro.local', ip: '2001:d08:e4:6521:80dd:b348:ad54:77%en0', os.name: 'Mac OS X', os.arch: 'x86_64', os.version: '10.16', java.version: '1.8.0_275'
Driver info: com.kms.katalon.core.appium.driver.SwipeableAndroidDriver
Capabilities {app: /Users/a00139272/Katalon St..., appActivity: com.maybank2u.life.MainActi..., appPackage: com.maybank2u.life.uat, appWaitActivity: *, autoGrantPermissions: true, automationName: uiautomator2, chromedriverPort: 59883, databaseEnabled: false, desired: {app: /Users/a00139272/Katalon St..., appActivity: com.maybank2u.life.MainActi..., appPackage: com.maybank2u.life.uat, appWaitActivity: *, autoGrantPermissions: true, automationName: uiautomator2, chromedriverPort: 59883, deviceId: 002b9cc60508, deviceName: Xiaomi 21061119AG (Android 11), fullReset: false, newCommandTimeout: 1800, noReset: true, platform: ANDROID, platformName: android, platformVersion: 11, systemPort: 59881, udid: 002b9cc60508}, deviceApiLevel: 30, deviceId: 002b9cc60508, deviceManufacturer: Xiaomi, deviceModel: 21061119AG, deviceName: 002b9cc60508, deviceScreenDensity: 440, deviceScreenSize: 1080x2400, deviceUDID: 002b9cc60508, fullReset: false, javascriptEnabled: true, locationContextEnabled: false, networkConnectionEnabled: true, newCommandTimeout: 1800, noReset: true, pixelRatio: 2.75, platform: ANDROID, platformName: Android, platformVersion: 11, statBarHeight: 103, systemPort: 59881, takesScreenshot: true, udid: 002b9cc60508, viewportRect: {height: 2064, left: 0, top: 103, width: 1080}, warnings: {}, webStorageEnabled: false}
Session ID: 0ad758e8-a427-414c-a625-b6b6890bb3c1
	at org.openqa.selenium.remote.http.W3CHttpResponseCodec.createException(W3CHttpResponseCodec.java:187)
	at org.openqa.selenium.remote.http.W3CHttpResponseCodec.decode(W3CHttpResponseCodec.java:122)
	at org.openqa.selenium.remote.http.W3CHttpResponseCodec.decode(W3CHttpResponseCodec.java:49)
	at org.openqa.selenium.remote.HttpCommandExecutor.execute(HttpCommandExecutor.java:158)
	at io.appium.java_client.remote.AppiumCommandExecutor.execute(AppiumCommandExecutor.java:239)
	at org.openqa.selenium.remote.RemoteWebDriver.execute(RemoteWebDriver.java:552)
	at io.appium.java_client.DefaultGenericMobileDriver.execute(DefaultGenericMobileDriver.java:42)
	at io.appium.java_client.AppiumDriver.execute(AppiumDriver.java:1)
	at io.appium.java_client.android.AndroidDriver.execute(AndroidDriver.java:1)
	at com.kms.katalon.core.appium.driver.SwipeableAndroidDriver.execute(SwipeableAndroidDriver.java:1)
	at org.openqa.selenium.remote.RemoteWebElement.execute(RemoteWebElement.java:285)
	at io.appium.java_client.DefaultGenericMobileElement.execute(DefaultGenericMobileElement.java:45)
	at io.appium.java_client.MobileElement.execute(MobileElement.java:1)
	at io.appium.java_client.android.AndroidElement.execute(AndroidElement.java:1)
	at org.openqa.selenium.remote.RemoteWebElement.click(RemoteWebElement.java:84)
	at com.kms.katalon.core.mobile.keyword.builtin.TapKeyword$_tap_closure1.doCall(TapKeyword.groovy:82)
	at com.kms.katalon.core.mobile.keyword.builtin.TapKeyword$_tap_closure1.call(TapKeyword.groovy)
	at com.kms.katalon.core.mobile.keyword.internal.MobileKeywordMain.runKeyword(MobileKeywordMain.groovy:21)
	at com.kms.katalon.core.mobile.keyword.builtin.TapKeyword.tap(TapKeyword.groovy:84)
	at com.kms.katalon.core.mobile.keyword.builtin.TapKeyword.execute(TapKeyword.groovy:68)
	at com.kms.katalon.core.keyword.internal.KeywordExecutor.executeKeywordForPlatform(KeywordExecutor.groovy:74)
	at com.kms.katalon.core.mobile.keyword.MobileBuiltInKeywords.tap(MobileBuiltInKeywords.groovy:1490)
	at com.kms.katalon.core.mobile.keyword.MobileBuiltInKeywords$tap$5.call(Unknown Source)
	at requestMoney_markAsPaid.run(requestMoney_markAsPaid:85)
	at com.kms.katalon.core.main.ScriptEngine.run(ScriptEngine.java:194)
	at com.kms.katalon.core.main.ScriptEngine.runScriptAsRawText(ScriptEngine.java:119)
	at com.kms.katalon.core.main.TestCaseExecutor.runScript(TestCaseExecutor.java:445)
	at com.kms.katalon.core.main.TestCaseExecutor.doExecute(TestCaseExecutor.java:436)
	at com.kms.katalon.core.main.TestCaseExecutor.processExecutionPhase(TestCaseExecutor.java:415)
	at com.kms.katalon.core.main.TestCaseExecutor.accessMainPhase(TestCaseExecutor.java:407)
	at com.kms.katalon.core.main.TestCaseExecutor.execute(TestCaseExecutor.java:284)
	at com.kms.katalon.core.common.CommonExecutor.accessTestCaseMainPhase(CommonExecutor.java:65)
	at com.kms.katalon.core.main.TestSuiteExecutor.accessTestSuiteMainPhase(TestSuiteExecutor.java:144)
	at com.kms.katalon.core.main.TestSuiteExecutor.execute(TestSuiteExecutor.java:106)
	at com.kms.katalon.core.main.TestCaseMain.startTestSuite(TestCaseMain.java:185)
	at com.kms.katalon.core.main.TestCaseMain$startTestSuite$0.call(Unknown Source)
	at TempTestSuite1655355756688.run(TempTestSuite1655355756688.groovy:36)
)
	at com.kms.katalon.core.keyword.internal.KeywordMain.stepFailed(KeywordMain.groovy:39)
	at com.kms.katalon.core.mobile.keyword.internal.MobileKeywordMain.stepFailed(MobileKeywordMain.groovy:40)
	at com.kms.katalon.core.mobile.keyword.internal.MobileKeywordMain.runKeyword(MobileKeywordMain.groovy:23)
	at com.kms.katalon.core.mobile.keyword.builtin.TapKeyword.tap(TapKeyword.groovy:84)
	at com.kms.katalon.core.mobile.keyword.builtin.TapKeyword.execute(TapKeyword.groovy:68)
	at com.kms.katalon.core.keyword.internal.KeywordExecutor.executeKeywordForPlatform(KeywordExecutor.groovy:74)
	at com.kms.katalon.core.mobile.keyword.MobileBuiltInKeywords.tap(MobileBuiltInKeywords.groovy:1490)
	at com.kms.katalon.core.mobile.keyword.MobileBuiltInKeywords$tap$5.call(Unknown Source)
	at requestMoney_markAsPaid.run(requestMoney_markAsPaid:85)
	at com.kms.katalon.core.main.ScriptEngine.run(ScriptEngine.java:194)
	at com.kms.katalon.core.main.ScriptEngine.runScriptAsRawText(ScriptEngine.java:119)
	at com.kms.katalon.core.main.TestCaseExecutor.runScript(TestCaseExecutor.java:445)
	at com.kms.katalon.core.main.TestCaseExecutor.doExecute(TestCaseExecutor.java:436)
	at com.kms.katalon.core.main.TestCaseExecutor.processExecutionPhase(TestCaseExecutor.java:415)
	at com.kms.katalon.core.main.TestCaseExecutor.accessMainPhase(TestCaseExecutor.java:407)
	at com.kms.katalon.core.main.TestCaseExecutor.execute(TestCaseExecutor.java:284)
	at com.kms.katalon.core.common.CommonExecutor.accessTestCaseMainPhase(CommonExecutor.java:65)
	at com.kms.katalon.core.main.TestSuiteExecutor.accessTestSuiteMainPhase(TestSuiteExecutor.java:144)
	at com.kms.katalon.core.main.TestSuiteExecutor.execute(TestSuiteExecutor.java:106)
	at com.kms.katalon.core.main.TestCaseMain.startTestSuite(TestCaseMain.java:185)
	at com.kms.katalon.core.main.TestCaseMain$startTestSuite$0.call(Unknown Source)
	at TempTestSuite1655355756688.run(TempTestSuite1655355756688.groovy:36)
Caused by: org.openqa.selenium.StaleElementReferenceException: androidx.test.uiautomator.StaleObjectException
For documentation on this error, please visit: https://www.seleniumhq.org/exceptions/stale_element_reference.html
Build info: version: '3.141.59', revision: 'e82be7d358', time: '2018-11-14T08:25:53'
System info: host: '00139272s-MacBook-Pro.local', ip: '2001:d08:e4:6521:80dd:b348:ad54:77%en0', os.name: 'Mac OS X', os.arch: 'x86_64', os.version: '10.16', java.version: '1.8.0_275'
Driver info: com.kms.katalon.core.appium.driver.SwipeableAndroidDriver
Capabilities {app: /Users/a00139272/Katalon St..., appActivity: com.maybank2u.life.MainActi..., appPackage: com.maybank2u.life.uat, appWaitActivity: *, autoGrantPermissions: true, automationName: uiautomator2, chromedriverPort: 59883, databaseEnabled: false, desired: {app: /Users/a00139272/Katalon St..., appActivity: com.maybank2u.life.MainActi..., appPackage: com.maybank2u.life.uat, appWaitActivity: *, autoGrantPermissions: true, automationName: uiautomator2, chromedriverPort: 59883, deviceId: 002b9cc60508, deviceName: Xiaomi 21061119AG (Android 11), fullReset: false, newCommandTimeout: 1800, noReset: true, platform: ANDROID, platformName: android, platformVersion: 11, systemPort: 59881, udid: 002b9cc60508}, deviceApiLevel: 30, deviceId: 002b9cc60508, deviceManufacturer: Xiaomi, deviceModel: 21061119AG, deviceName: 002b9cc60508, deviceScreenDensity: 440, deviceScreenSize: 1080x2400, deviceUDID: 002b9cc60508, fullReset: false, javascriptEnabled: true, locationContextEnabled: false, networkConnectionEnabled: true, newCommandTimeout: 1800, noReset: true, pixelRatio: 2.75, platform: ANDROID, platformName: Android, platformVersion: 11, statBarHeight: 103, systemPort: 59881, takesScreenshot: true, udid: 002b9cc60508, viewportRect: {height: 2064, left: 0, top: 103, width: 1080}, warnings: {}, webStorageEnabled: false}
Session ID: 0ad758e8-a427-414c-a625-b6b6890bb3c1
	at org.openqa.selenium.remote.http.W3CHttpResponseCodec.createException(W3CHttpResponseCodec.java:187)
	at org.openqa.selenium.remote.http.W3CHttpResponseCodec.decode(W3CHttpResponseCodec.java:122)
	at org.openqa.selenium.remote.http.W3CHttpResponseCodec.decode(W3CHttpResponseCodec.java:49)
	at org.openqa.selenium.remote.HttpCommandExecutor.execute(HttpCommandExecutor.java:158)
	at io.appium.java_client.remote.AppiumCommandExecutor.execute(AppiumCommandExecutor.java:239)
	at org.openqa.selenium.remote.RemoteWebDriver.execute(RemoteWebDriver.java:552)
	at io.appium.java_client.DefaultGenericMobileDriver.execute(DefaultGenericMobileDriver.java:42)
	at io.appium.java_client.AppiumDriver.execute(AppiumDriver.java:1)
	at io.appium.java_client.android.AndroidDriver.execute(AndroidDriver.java:1)
	at com.kms.katalon.core.appium.driver.SwipeableAndroidDriver.execute(SwipeableAndroidDriver.java:1)
	at org.openqa.selenium.remote.RemoteWebElement.execute(RemoteWebElement.java:285)
	at io.appium.java_client.DefaultGenericMobileElement.execute(DefaultGenericMobileElement.java:45)
	at io.appium.java_client.MobileElement.execute(MobileElement.java:1)
	at io.appium.java_client.android.AndroidElement.execute(AndroidElement.java:1)
	at org.openqa.selenium.remote.RemoteWebElement.click(RemoteWebElement.java:84)
	at com.kms.katalon.core.mobile.keyword.builtin.TapKeyword$_tap_closure1.doCall(TapKeyword.groovy:82)
	at com.kms.katalon.core.mobile.keyword.builtin.TapKeyword$_tap_closure1.call(TapKeyword.groovy)
	at com.kms.katalon.core.mobile.keyword.internal.MobileKeywordMain.runKeyword(MobileKeywordMain.groovy:21)
	... 19 more
"/>
         <system-out><![CDATA[2022-06-16 13:31:13 - [TEST_CASE][FAILED] - Test Cases/Send Request Money/requestMoney_markAsPaid: Test Cases/Send Request Money/requestMoney_markAsPaid FAILED.
Reason:
com.kms.katalon.core.exception.StepFailedException: Failed to tap on element 'Object Repository/Main/mainTopLeftBackButton' (Root cause: org.openqa.selenium.StaleElementReferenceException: androidx.test.uiautomator.StaleObjectException
For documentation on this error, please visit: https://www.seleniumhq.org/exceptions/stale_element_reference.html
Build info: version: '3.141.59', revision: 'e82be7d358', time: '2018-11-14T08:25:53'
System info: host: '00139272s-MacBook-Pro.local', ip: '2001:d08:e4:6521:80dd:b348:ad54:77%en0', os.name: 'Mac OS X', os.arch: 'x86_64', os.version: '10.16', java.version: '1.8.0_275'
Driver info: com.kms.katalon.core.appium.driver.SwipeableAndroidDriver
Capabilities {app: /Users/a00139272/Katalon St..., appActivity: com.maybank2u.life.MainActi..., appPackage: com.maybank2u.life.uat, appWaitActivity: *, autoGrantPermissions: true, automationName: uiautomator2, chromedriverPort: 59883, databaseEnabled: false, desired: {app: /Users/a00139272/Katalon St..., appActivity: com.maybank2u.life.MainActi..., appPackage: com.maybank2u.life.uat, appWaitActivity: *, autoGrantPermissions: true, automationName: uiautomator2, chromedriverPort: 59883, deviceId: 002b9cc60508, deviceName: Xiaomi 21061119AG (Android 11), fullReset: false, newCommandTimeout: 1800, noReset: true, platform: ANDROID, platformName: android, platformVersion: 11, systemPort: 59881, udid: 002b9cc60508}, deviceApiLevel: 30, deviceId: 002b9cc60508, deviceManufacturer: Xiaomi, deviceModel: 21061119AG, deviceName: 002b9cc60508, deviceScreenDensity: 440, deviceScreenSize: 1080x2400, deviceUDID: 002b9cc60508, fullReset: false, javascriptEnabled: true, locationContextEnabled: false, networkConnectionEnabled: true, newCommandTimeout: 1800, noReset: true, pixelRatio: 2.75, platform: ANDROID, platformName: Android, platformVersion: 11, statBarHeight: 103, systemPort: 59881, takesScreenshot: true, udid: 002b9cc60508, viewportRect: {height: 2064, left: 0, top: 103, width: 1080}, warnings: {}, webStorageEnabled: false}
Session ID: 0ad758e8-a427-414c-a625-b6b6890bb3c1
	at org.openqa.selenium.remote.http.W3CHttpResponseCodec.createException(W3CHttpResponseCodec.java:187)
	at org.openqa.selenium.remote.http.W3CHttpResponseCodec.decode(W3CHttpResponseCodec.java:122)
	at org.openqa.selenium.remote.http.W3CHttpResponseCodec.decode(W3CHttpResponseCodec.java:49)
	at org.openqa.selenium.remote.HttpCommandExecutor.execute(HttpCommandExecutor.java:158)
	at io.appium.java_client.remote.AppiumCommandExecutor.execute(AppiumCommandExecutor.java:239)
	at org.openqa.selenium.remote.RemoteWebDriver.execute(RemoteWebDriver.java:552)
	at io.appium.java_client.DefaultGenericMobileDriver.execute(DefaultGenericMobileDriver.java:42)
	at io.appium.java_client.AppiumDriver.execute(AppiumDriver.java:1)
	at io.appium.java_client.android.AndroidDriver.execute(AndroidDriver.java:1)
	at com.kms.katalon.core.appium.driver.SwipeableAndroidDriver.execute(SwipeableAndroidDriver.java:1)
	at org.openqa.selenium.remote.RemoteWebElement.execute(RemoteWebElement.java:285)
	at io.appium.java_client.DefaultGenericMobileElement.execute(DefaultGenericMobileElement.java:45)
	at io.appium.java_client.MobileElement.execute(MobileElement.java:1)
	at io.appium.java_client.android.AndroidElement.execute(AndroidElement.java:1)
	at org.openqa.selenium.remote.RemoteWebElement.click(RemoteWebElement.java:84)
	at com.kms.katalon.core.mobile.keyword.builtin.TapKeyword$_tap_closure1.doCall(TapKeyword.groovy:82)
	at com.kms.katalon.core.mobile.keyword.builtin.TapKeyword$_tap_closure1.call(TapKeyword.groovy)
	at com.kms.katalon.core.mobile.keyword.internal.MobileKeywordMain.runKeyword(MobileKeywordMain.groovy:21)
	at com.kms.katalon.core.mobile.keyword.builtin.TapKeyword.tap(TapKeyword.groovy:84)
	at com.kms.katalon.core.mobile.keyword.builtin.TapKeyword.execute(TapKeyword.groovy:68)
	at com.kms.katalon.core.keyword.internal.KeywordExecutor.executeKeywordForPlatform(KeywordExecutor.groovy:74)
	at com.kms.katalon.core.mobile.keyword.MobileBuiltInKeywords.tap(MobileBuiltInKeywords.groovy:1490)
	at com.kms.katalon.core.mobile.keyword.MobileBuiltInKeywords$tap$5.call(Unknown Source)
	at requestMoney_markAsPaid.run(requestMoney_markAsPaid:85)
	at com.kms.katalon.core.main.ScriptEngine.run(ScriptEngine.java:194)
	at com.kms.katalon.core.main.ScriptEngine.runScriptAsRawText(ScriptEngine.java:119)
	at com.kms.katalon.core.main.TestCaseExecutor.runScript(TestCaseExecutor.java:445)
	at com.kms.katalon.core.main.TestCaseExecutor.doExecute(TestCaseExecutor.java:436)
	at com.kms.katalon.core.main.TestCaseExecutor.processExecutionPhase(TestCaseExecutor.java:415)
	at com.kms.katalon.core.main.TestCaseExecutor.accessMainPhase(TestCaseExecutor.java:407)
	at com.kms.katalon.core.main.TestCaseExecutor.execute(TestCaseExecutor.java:284)
	at com.kms.katalon.core.common.CommonExecutor.accessTestCaseMainPhase(CommonExecutor.java:65)
	at com.kms.katalon.core.main.TestSuiteExecutor.accessTestSuiteMainPhase(TestSuiteExecutor.java:144)
	at com.kms.katalon.core.main.TestSuiteExecutor.execute(TestSuiteExecutor.java:106)
	at com.kms.katalon.core.main.TestCaseMain.startTestSuite(TestCaseMain.java:185)
	at com.kms.katalon.core.main.TestCaseMain$startTestSuite$0.call(Unknown Source)
	at TempTestSuite1655355756688.run(TempTestSuite1655355756688.groovy:36)
)
	at com.kms.katalon.core.keyword.internal.KeywordMain.stepFailed(KeywordMain.groovy:39)
	at com.kms.katalon.core.mobile.keyword.internal.MobileKeywordMain.stepFailed(MobileKeywordMain.groovy:40)
	at com.kms.katalon.core.mobile.keyword.internal.MobileKeywordMain.runKeyword(MobileKeywordMain.groovy:23)
	at com.kms.katalon.core.mobile.keyword.builtin.TapKeyword.tap(TapKeyword.groovy:84)
	at com.kms.katalon.core.mobile.keyword.builtin.TapKeyword.execute(TapKeyword.groovy:68)
	at com.kms.katalon.core.keyword.internal.KeywordExecutor.executeKeywordForPlatform(KeywordExecutor.groovy:74)
	at com.kms.katalon.core.mobile.keyword.MobileBuiltInKeywords.tap(MobileBuiltInKeywords.groovy:1490)
	at com.kms.katalon.core.mobile.keyword.MobileBuiltInKeywords$tap$5.call(Unknown Source)
	at requestMoney_markAsPaid.run(requestMoney_markAsPaid:85)
	at com.kms.katalon.core.main.ScriptEngine.run(ScriptEngine.java:194)
	at com.kms.katalon.core.main.ScriptEngine.runScriptAsRawText(ScriptEngine.java:119)
	at com.kms.katalon.core.main.TestCaseExecutor.runScript(TestCaseExecutor.java:445)
	at com.kms.katalon.core.main.TestCaseExecutor.doExecute(TestCaseExecutor.java:436)
	at com.kms.katalon.core.main.TestCaseExecutor.processExecutionPhase(TestCaseExecutor.java:415)
	at com.kms.katalon.core.main.TestCaseExecutor.accessMainPhase(TestCaseExecutor.java:407)
	at com.kms.katalon.core.main.TestCaseExecutor.execute(TestCaseExecutor.java:284)
	at com.kms.katalon.core.common.CommonExecutor.accessTestCaseMainPhase(CommonExecutor.java:65)
	at com.kms.katalon.core.main.TestSuiteExecutor.accessTestSuiteMainPhase(TestSuiteExecutor.java:144)
	at com.kms.katalon.core.main.TestSuiteExecutor.execute(TestSuiteExecutor.java:106)
	at com.kms.katalon.core.main.TestCaseMain.startTestSuite(TestCaseMain.java:185)
	at com.kms.katalon.core.main.TestCaseMain$startTestSuite$0.call(Unknown Source)
	at TempTestSuite1655355756688.run(TempTestSuite1655355756688.groovy:36)
Caused by: org.openqa.selenium.StaleElementReferenceException: androidx.test.uiautomator.StaleObjectException
For documentation on this error, please visit: https://www.seleniumhq.org/exceptions/stale_element_reference.html
Build info: version: '3.141.59', revision: 'e82be7d358', time: '2018-11-14T08:25:53'
System info: host: '00139272s-MacBook-Pro.local', ip: '2001:d08:e4:6521:80dd:b348:ad54:77%en0', os.name: 'Mac OS X', os.arch: 'x86_64', os.version: '10.16', java.version: '1.8.0_275'
Driver info: com.kms.katalon.core.appium.driver.SwipeableAndroidDriver
Capabilities {app: /Users/a00139272/Katalon St..., appActivity: com.maybank2u.life.MainActi..., appPackage: com.maybank2u.life.uat, appWaitActivity: *, autoGrantPermissions: true, automationName: uiautomator2, chromedriverPort: 59883, databaseEnabled: false, desired: {app: /Users/a00139272/Katalon St..., appActivity: com.maybank2u.life.MainActi..., appPackage: com.maybank2u.life.uat, appWaitActivity: *, autoGrantPermissions: true, automationName: uiautomator2, chromedriverPort: 59883, deviceId: 002b9cc60508, deviceName: Xiaomi 21061119AG (Android 11), fullReset: false, newCommandTimeout: 1800, noReset: true, platform: ANDROID, platformName: android, platformVersion: 11, systemPort: 59881, udid: 002b9cc60508}, deviceApiLevel: 30, deviceId: 002b9cc60508, deviceManufacturer: Xiaomi, deviceModel: 21061119AG, deviceName: 002b9cc60508, deviceScreenDensity: 440, deviceScreenSize: 1080x2400, deviceUDID: 002b9cc60508, fullReset: false, javascriptEnabled: true, locationContextEnabled: false, networkConnectionEnabled: true, newCommandTimeout: 1800, noReset: true, pixelRatio: 2.75, platform: ANDROID, platformName: Android, platformVersion: 11, statBarHeight: 103, systemPort: 59881, takesScreenshot: true, udid: 002b9cc60508, viewportRect: {height: 2064, left: 0, top: 103, width: 1080}, warnings: {}, webStorageEnabled: false}
Session ID: 0ad758e8-a427-414c-a625-b6b6890bb3c1
	at org.openqa.selenium.remote.http.W3CHttpResponseCodec.createException(W3CHttpResponseCodec.java:187)
	at org.openqa.selenium.remote.http.W3CHttpResponseCodec.decode(W3CHttpResponseCodec.java:122)
	at org.openqa.selenium.remote.http.W3CHttpResponseCodec.decode(W3CHttpResponseCodec.java:49)
	at org.openqa.selenium.remote.HttpCommandExecutor.execute(HttpCommandExecutor.java:158)
	at io.appium.java_client.remote.AppiumCommandExecutor.execute(AppiumCommandExecutor.java:239)
	at org.openqa.selenium.remote.RemoteWebDriver.execute(RemoteWebDriver.java:552)
	at io.appium.java_client.DefaultGenericMobileDriver.execute(DefaultGenericMobileDriver.java:42)
	at io.appium.java_client.AppiumDriver.execute(AppiumDriver.java:1)
	at io.appium.java_client.android.AndroidDriver.execute(AndroidDriver.java:1)
	at com.kms.katalon.core.appium.driver.SwipeableAndroidDriver.execute(SwipeableAndroidDriver.java:1)
	at org.openqa.selenium.remote.RemoteWebElement.execute(RemoteWebElement.java:285)
	at io.appium.java_client.DefaultGenericMobileElement.execute(DefaultGenericMobileElement.java:45)
	at io.appium.java_client.MobileElement.execute(MobileElement.java:1)
	at io.appium.java_client.android.AndroidElement.execute(AndroidElement.java:1)
	at org.openqa.selenium.remote.RemoteWebElement.click(RemoteWebElement.java:84)
	at com.kms.katalon.core.mobile.keyword.builtin.TapKeyword$_tap_closure1.doCall(TapKeyword.groovy:82)
	at com.kms.katalon.core.mobile.keyword.builtin.TapKeyword$_tap_closure1.call(TapKeyword.groovy)
	at com.kms.katalon.core.mobile.keyword.internal.MobileKeywordMain.runKeyword(MobileKeywordMain.groovy:21)
	... 19 more


2022-06-16 13:31:13 - [TEST_STEP][PASSED] - delay(5): Delayed 5 second(s)

2022-06-16 13:31:18 - [MESSAGE][PASSED] - Delayed 5 second(s)

2022-06-16 13:31:18 - [TEST_STEP][PASSED] - tap(findTestObject("Send Request Money/requestMoneyListStatusTxt"), 0): Tapped on element 'Object Repository/Send Request Money/requestMoneyListStatusTxt'

2022-06-16 13:31:18 - [MESSAGE][WARNING] - Timeout '0' is invalid. Using default page load timeout: '40'

2022-06-16 13:32:10 - [MESSAGE][PASSED] - Tapped on element 'Object Repository/Send Request Money/requestMoneyListStatusTxt'

2022-06-16 13:32:10 - [TEST_STEP][PASSED] - delay(3): Delayed 3 second(s)

2022-06-16 13:32:13 - [MESSAGE][PASSED] - Delayed 3 second(s)

2022-06-16 13:32:13 - [TEST_STEP][PASSED] - verifyElementText(findTestObject("Send Request Money/requestMoneyDetailsNameTxt"), "icrpp"): Actual text and expected text of test object 'Object Repository/Send Request Money/requestMoneyDetailsNameTxt' are matched.

2022-06-16 13:32:13 - [MESSAGE][PASSED] - Actual text and expected text of test object 'Object Repository/Send Request Money/requestMoneyDetailsNameTxt' are matched.

2022-06-16 13:32:13 - [TEST_STEP][PASSED] - verifyElementText(findTestObject("Send Request Money/requestMoneyDetailsAmountTxt"), "RM 0.04"): Actual text and expected text of test object 'Object Repository/Send Request Money/requestMoneyDetailsAmountTxt' are matched.

2022-06-16 13:32:13 - [MESSAGE][PASSED] - Actual text and expected text of test object 'Object Repository/Send Request Money/requestMoneyDetailsAmountTxt' are matched.

2022-06-16 13:32:13 - [TEST_STEP][PASSED] - verifyElementText(findTestObject("Send Request Money/requestMoneyDetailsNotesTxt"), "Send Request Test"): Actual text and expected text of test object 'Object Repository/Send Request Money/requestMoneyDetailsNotesTxt' are matched.

2022-06-16 13:32:13 - [MESSAGE][PASSED] - Actual text and expected text of test object 'Object Repository/Send Request Money/requestMoneyDetailsNotesTxt' are matched.

2022-06-16 13:32:13 - [TEST_STEP][PASSED] - tap(findTestObject("Send Request Money/requestMoneyDetailsThreeDotsBtn"), 0): Tapped on element 'Object Repository/Send Request Money/requestMoneyDetailsThreeDotsBtn'

2022-06-16 13:32:13 - [MESSAGE][WARNING] - Timeout '0' is invalid. Using default page load timeout: '40'

2022-06-16 13:32:13 - [MESSAGE][PASSED] - Tapped on element 'Object Repository/Send Request Money/requestMoneyDetailsThreeDotsBtn'

2022-06-16 13:32:13 - [TEST_STEP][PASSED] - tap(findTestObject("Send Request Money/requestMoneyThreeDotsMarksPaidBtn"), 0): Tapped on element 'Object Repository/Send Request Money/requestMoneyThreeDotsMarksPaidBtn'

2022-06-16 13:32:13 - [MESSAGE][WARNING] - Timeout '0' is invalid. Using default page load timeout: '40'

2022-06-16 13:32:15 - [MESSAGE][PASSED] - Tapped on element 'Object Repository/Send Request Money/requestMoneyThreeDotsMarksPaidBtn'

2022-06-16 13:32:15 - [TEST_STEP][PASSED] - delay(3): Delayed 3 second(s)

2022-06-16 13:32:18 - [MESSAGE][PASSED] - Delayed 3 second(s)

2022-06-16 13:32:18 - [TEST_STEP][PASSED] - takeScreenshot("/Users/a00139272/Desktop/Screenshot/markAsPaidRequestMoney.png"): Screenshot is taken

2022-06-16 13:32:18 - [MESSAGE][PASSED] - Screenshot is taken
[[ATTACHMENT|/Users/a00139272/Desktop/Screenshot/markAsPaidRequestMoney.png]]

2022-06-16 13:32:18 - [TEST_STEP][PASSED] - verifyElementNotVisible(findTestObject("Send Request Money/requestMoneyListStatusTxt"), 0): Element 'Object Repository/Send Request Money/requestMoneyListStatusTxt' not found

2022-06-16 13:32:18 - [MESSAGE][WARNING] - Timeout '0' is invalid. Using default page load timeout: '40'

2022-06-16 13:33:00 - [MESSAGE][PASSED] - Element 'Object Repository/Send Request Money/requestMoneyListStatusTxt' not found

2022-06-16 13:33:00 - [TEST_STEP][PASSED] - delay(10): Delayed 10 second(s)

2022-06-16 13:33:10 - [MESSAGE][PASSED] - Delayed 10 second(s)

2022-06-16 13:33:10 - [TEST_STEP][FAILED] - tap(findTestObject("Main/mainTopLeftBackButton"), 0): Failed to tap on element 'Object Repository/Main/mainTopLeftBackButton' (Root cause: org.openqa.selenium.StaleElementReferenceException: androidx.test.uiautomator.StaleObjectException
For documentation on this error, please visit: https://www.seleniumhq.org/exceptions/stale_element_reference.html
Build info: version: '3.141.59', revision: 'e82be7d358', time: '2018-11-14T08:25:53'
System info: host: '00139272s-MacBook-Pro.local', ip: '2001:d08:e4:6521:80dd:b348:ad54:77%en0', os.name: 'Mac OS X', os.arch: 'x86_64', os.version: '10.16', java.version: '1.8.0_275'
Driver info: com.kms.katalon.core.appium.driver.SwipeableAndroidDriver
Capabilities {app: /Users/a00139272/Katalon St..., appActivity: com.maybank2u.life.MainActi..., appPackage: com.maybank2u.life.uat, appWaitActivity: *, autoGrantPermissions: true, automationName: uiautomator2, chromedriverPort: 59883, databaseEnabled: false, desired: {app: /Users/a00139272/Katalon St..., appActivity: com.maybank2u.life.MainActi..., appPackage: com.maybank2u.life.uat, appWaitActivity: *, autoGrantPermissions: true, automationName: uiautomator2, chromedriverPort: 59883, deviceId: 002b9cc60508, deviceName: Xiaomi 21061119AG (Android 11), fullReset: false, newCommandTimeout: 1800, noReset: true, platform: ANDROID, platformName: android, platformVersion: 11, systemPort: 59881, udid: 002b9cc60508}, deviceApiLevel: 30, deviceId: 002b9cc60508, deviceManufacturer: Xiaomi, deviceModel: 21061119AG, deviceName: 002b9cc60508, deviceScreenDensity: 440, deviceScreenSize: 1080x2400, deviceUDID: 002b9cc60508, fullReset: false, javascriptEnabled: true, locationContextEnabled: false, networkConnectionEnabled: true, newCommandTimeout: 1800, noReset: true, pixelRatio: 2.75, platform: ANDROID, platformName: Android, platformVersion: 11, statBarHeight: 103, systemPort: 59881, takesScreenshot: true, udid: 002b9cc60508, viewportRect: {height: 2064, left: 0, top: 103, width: 1080}, warnings: {}, webStorageEnabled: false}
Session ID: 0ad758e8-a427-414c-a625-b6b6890bb3c1
	at org.openqa.selenium.remote.http.W3CHttpResponseCodec.createException(W3CHttpResponseCodec.java:187)
	at org.openqa.selenium.remote.http.W3CHttpResponseCodec.decode(W3CHttpResponseCodec.java:122)
	at org.openqa.selenium.remote.http.W3CHttpResponseCodec.decode(W3CHttpResponseCodec.java:49)
	at org.openqa.selenium.remote.HttpCommandExecutor.execute(HttpCommandExecutor.java:158)
	at io.appium.java_client.remote.AppiumCommandExecutor.execute(AppiumCommandExecutor.java:239)
	at org.openqa.selenium.remote.RemoteWebDriver.execute(RemoteWebDriver.java:552)
	at io.appium.java_client.DefaultGenericMobileDriver.execute(DefaultGenericMobileDriver.java:42)
	at io.appium.java_client.AppiumDriver.execute(AppiumDriver.java:1)
	at io.appium.java_client.android.AndroidDriver.execute(AndroidDriver.java:1)
	at com.kms.katalon.core.appium.driver.SwipeableAndroidDriver.execute(SwipeableAndroidDriver.java:1)
	at org.openqa.selenium.remote.RemoteWebElement.execute(RemoteWebElement.java:285)
	at io.appium.java_client.DefaultGenericMobileElement.execute(DefaultGenericMobileElement.java:45)
	at io.appium.java_client.MobileElement.execute(MobileElement.java:1)
	at io.appium.java_client.android.AndroidElement.execute(AndroidElement.java:1)
	at org.openqa.selenium.remote.RemoteWebElement.click(RemoteWebElement.java:84)
	at com.kms.katalon.core.mobile.keyword.builtin.TapKeyword$_tap_closure1.doCall(TapKeyword.groovy:82)
	at com.kms.katalon.core.mobile.keyword.builtin.TapKeyword$_tap_closure1.call(TapKeyword.groovy)
	at com.kms.katalon.core.mobile.keyword.internal.MobileKeywordMain.runKeyword(MobileKeywordMain.groovy:21)
	at com.kms.katalon.core.mobile.keyword.builtin.TapKeyword.tap(TapKeyword.groovy:84)
	at com.kms.katalon.core.mobile.keyword.builtin.TapKeyword.execute(TapKeyword.groovy:68)
	at com.kms.katalon.core.keyword.internal.KeywordExecutor.executeKeywordForPlatform(KeywordExecutor.groovy:74)
	at com.kms.katalon.core.mobile.keyword.MobileBuiltInKeywords.tap(MobileBuiltInKeywords.groovy:1490)
	at com.kms.katalon.core.mobile.keyword.MobileBuiltInKeywords$tap$5.call(Unknown Source)
	at requestMoney_markAsPaid.run(requestMoney_markAsPaid:85)
	at com.kms.katalon.core.main.ScriptEngine.run(ScriptEngine.java:194)
	at com.kms.katalon.core.main.ScriptEngine.runScriptAsRawText(ScriptEngine.java:119)
	at com.kms.katalon.core.main.TestCaseExecutor.runScript(TestCaseExecutor.java:445)
	at com.kms.katalon.core.main.TestCaseExecutor.doExecute(TestCaseExecutor.java:436)
	at com.kms.katalon.core.main.TestCaseExecutor.processExecutionPhase(TestCaseExecutor.java:415)
	at com.kms.katalon.core.main.TestCaseExecutor.accessMainPhase(TestCaseExecutor.java:407)
	at com.kms.katalon.core.main.TestCaseExecutor.execute(TestCaseExecutor.java:284)
	at com.kms.katalon.core.common.CommonExecutor.accessTestCaseMainPhase(CommonExecutor.java:65)
	at com.kms.katalon.core.main.TestSuiteExecutor.accessTestSuiteMainPhase(TestSuiteExecutor.java:144)
	at com.kms.katalon.core.main.TestSuiteExecutor.execute(TestSuiteExecutor.java:106)
	at com.kms.katalon.core.main.TestCaseMain.startTestSuite(TestCaseMain.java:185)
	at com.kms.katalon.core.main.TestCaseMain$startTestSuite$0.call(Unknown Source)
	at TempTestSuite1655355756688.run(TempTestSuite1655355756688.groovy:36)
)

2022-06-16 13:33:10 - [MESSAGE][WARNING] - Timeout '0' is invalid. Using default page load timeout: '40'

2022-06-16 13:33:53 - [MESSAGE][FAILED] - Failed to tap on element 'Object Repository/Main/mainTopLeftBackButton' (Root cause: org.openqa.selenium.StaleElementReferenceException: androidx.test.uiautomator.StaleObjectException
For documentation on this error, please visit: https://www.seleniumhq.org/exceptions/stale_element_reference.html
Build info: version: '3.141.59', revision: 'e82be7d358', time: '2018-11-14T08:25:53'
System info: host: '00139272s-MacBook-Pro.local', ip: '2001:d08:e4:6521:80dd:b348:ad54:77%en0', os.name: 'Mac OS X', os.arch: 'x86_64', os.version: '10.16', java.version: '1.8.0_275'
Driver info: com.kms.katalon.core.appium.driver.SwipeableAndroidDriver
Capabilities {app: /Users/a00139272/Katalon St..., appActivity: com.maybank2u.life.MainActi..., appPackage: com.maybank2u.life.uat, appWaitActivity: *, autoGrantPermissions: true, automationName: uiautomator2, chromedriverPort: 59883, databaseEnabled: false, desired: {app: /Users/a00139272/Katalon St..., appActivity: com.maybank2u.life.MainActi..., appPackage: com.maybank2u.life.uat, appWaitActivity: *, autoGrantPermissions: true, automationName: uiautomator2, chromedriverPort: 59883, deviceId: 002b9cc60508, deviceName: Xiaomi 21061119AG (Android 11), fullReset: false, newCommandTimeout: 1800, noReset: true, platform: ANDROID, platformName: android, platformVersion: 11, systemPort: 59881, udid: 002b9cc60508}, deviceApiLevel: 30, deviceId: 002b9cc60508, deviceManufacturer: Xiaomi, deviceModel: 21061119AG, deviceName: 002b9cc60508, deviceScreenDensity: 440, deviceScreenSize: 1080x2400, deviceUDID: 002b9cc60508, fullReset: false, javascriptEnabled: true, locationContextEnabled: false, networkConnectionEnabled: true, newCommandTimeout: 1800, noReset: true, pixelRatio: 2.75, platform: ANDROID, platformName: Android, platformVersion: 11, statBarHeight: 103, systemPort: 59881, takesScreenshot: true, udid: 002b9cc60508, viewportRect: {height: 2064, left: 0, top: 103, width: 1080}, warnings: {}, webStorageEnabled: false}
Session ID: 0ad758e8-a427-414c-a625-b6b6890bb3c1
	at org.openqa.selenium.remote.http.W3CHttpResponseCodec.createException(W3CHttpResponseCodec.java:187)
	at org.openqa.selenium.remote.http.W3CHttpResponseCodec.decode(W3CHttpResponseCodec.java:122)
	at org.openqa.selenium.remote.http.W3CHttpResponseCodec.decode(W3CHttpResponseCodec.java:49)
	at org.openqa.selenium.remote.HttpCommandExecutor.execute(HttpCommandExecutor.java:158)
	at io.appium.java_client.remote.AppiumCommandExecutor.execute(AppiumCommandExecutor.java:239)
	at org.openqa.selenium.remote.RemoteWebDriver.execute(RemoteWebDriver.java:552)
	at io.appium.java_client.DefaultGenericMobileDriver.execute(DefaultGenericMobileDriver.java:42)
	at io.appium.java_client.AppiumDriver.execute(AppiumDriver.java:1)
	at io.appium.java_client.android.AndroidDriver.execute(AndroidDriver.java:1)
	at com.kms.katalon.core.appium.driver.SwipeableAndroidDriver.execute(SwipeableAndroidDriver.java:1)
	at org.openqa.selenium.remote.RemoteWebElement.execute(RemoteWebElement.java:285)
	at io.appium.java_client.DefaultGenericMobileElement.execute(DefaultGenericMobileElement.java:45)
	at io.appium.java_client.MobileElement.execute(MobileElement.java:1)
	at io.appium.java_client.android.AndroidElement.execute(AndroidElement.java:1)
	at org.openqa.selenium.remote.RemoteWebElement.click(RemoteWebElement.java:84)
	at com.kms.katalon.core.mobile.keyword.builtin.TapKeyword$_tap_closure1.doCall(TapKeyword.groovy:82)
	at com.kms.katalon.core.mobile.keyword.builtin.TapKeyword$_tap_closure1.call(TapKeyword.groovy)
	at com.kms.katalon.core.mobile.keyword.internal.MobileKeywordMain.runKeyword(MobileKeywordMain.groovy:21)
	at com.kms.katalon.core.mobile.keyword.builtin.TapKeyword.tap(TapKeyword.groovy:84)
	at com.kms.katalon.core.mobile.keyword.builtin.TapKeyword.execute(TapKeyword.groovy:68)
	at com.kms.katalon.core.keyword.internal.KeywordExecutor.executeKeywordForPlatform(KeywordExecutor.groovy:74)
	at com.kms.katalon.core.mobile.keyword.MobileBuiltInKeywords.tap(MobileBuiltInKeywords.groovy:1490)
	at com.kms.katalon.core.mobile.keyword.MobileBuiltInKeywords$tap$5.call(Unknown Source)
	at requestMoney_markAsPaid.run(requestMoney_markAsPaid:85)
	at com.kms.katalon.core.main.ScriptEngine.run(ScriptEngine.java:194)
	at com.kms.katalon.core.main.ScriptEngine.runScriptAsRawText(ScriptEngine.java:119)
	at com.kms.katalon.core.main.TestCaseExecutor.runScript(TestCaseExecutor.java:445)
	at com.kms.katalon.core.main.TestCaseExecutor.doExecute(TestCaseExecutor.java:436)
	at com.kms.katalon.core.main.TestCaseExecutor.processExecutionPhase(TestCaseExecutor.java:415)
	at com.kms.katalon.core.main.TestCaseExecutor.accessMainPhase(TestCaseExecutor.java:407)
	at com.kms.katalon.core.main.TestCaseExecutor.execute(TestCaseExecutor.java:284)
	at com.kms.katalon.core.common.CommonExecutor.accessTestCaseMainPhase(CommonExecutor.java:65)
	at com.kms.katalon.core.main.TestSuiteExecutor.accessTestSuiteMainPhase(TestSuiteExecutor.java:144)
	at com.kms.katalon.core.main.TestSuiteExecutor.execute(TestSuiteExecutor.java:106)
	at com.kms.katalon.core.main.TestCaseMain.startTestSuite(TestCaseMain.java:185)
	at com.kms.katalon.core.main.TestCaseMain$startTestSuite$0.call(Unknown Source)
	at TempTestSuite1655355756688.run(TempTestSuite1655355756688.groovy:36)
)

2022-06-16 13:33:53 - [TEST_STEP][PASSED] - tap(findTestObject("Main/mainTopLeftBackButton"), 0): Tapped on element 'Object Repository/Main/mainTopLeftBackButton'

2022-06-16 13:33:53 - [MESSAGE][WARNING] - Timeout '0' is invalid. Using default page load timeout: '40'

2022-06-16 13:33:54 - [MESSAGE][PASSED] - Tapped on element 'Object Repository/Main/mainTopLeftBackButton'

2022-06-16 13:33:54 - [TEST_STEP][PASSED] - delay(5): Delayed 5 second(s)

2022-06-16 13:33:59 - [MESSAGE][PASSED] - Delayed 5 second(s)

2022-06-16 13:33:59 - [TEST_STEP][PASSED] - tap(findTestObject("Main/mainTopLeftBackButton"), 0): Tapped on element 'Object Repository/Main/mainTopLeftBackButton'

2022-06-16 13:33:59 - [MESSAGE][WARNING] - Timeout '0' is invalid. Using default page load timeout: '40'

2022-06-16 13:33:59 - [MESSAGE][PASSED] - Tapped on element 'Object Repository/Main/mainTopLeftBackButton'

2022-06-16 13:33:59 - [TEST_STEP][PASSED] - delay(5): Delayed 5 second(s)

2022-06-16 13:34:04 - [MESSAGE][PASSED] - Delayed 5 second(s)]]></system-out>
         <system-err><![CDATA[2022-06-16 13:31:13 - [TEST_CASE][FAILED] - Test Cases/Send Request Money/requestMoney_markAsPaid: Test Cases/Send Request Money/requestMoney_markAsPaid FAILED.
Reason:
com.kms.katalon.core.exception.StepFailedException: Failed to tap on element 'Object Repository/Main/mainTopLeftBackButton' (Root cause: org.openqa.selenium.StaleElementReferenceException: androidx.test.uiautomator.StaleObjectException
For documentation on this error, please visit: https://www.seleniumhq.org/exceptions/stale_element_reference.html
Build info: version: '3.141.59', revision: 'e82be7d358', time: '2018-11-14T08:25:53'
System info: host: '00139272s-MacBook-Pro.local', ip: '2001:d08:e4:6521:80dd:b348:ad54:77%en0', os.name: 'Mac OS X', os.arch: 'x86_64', os.version: '10.16', java.version: '1.8.0_275'
Driver info: com.kms.katalon.core.appium.driver.SwipeableAndroidDriver
Capabilities {app: /Users/a00139272/Katalon St..., appActivity: com.maybank2u.life.MainActi..., appPackage: com.maybank2u.life.uat, appWaitActivity: *, autoGrantPermissions: true, automationName: uiautomator2, chromedriverPort: 59883, databaseEnabled: false, desired: {app: /Users/a00139272/Katalon St..., appActivity: com.maybank2u.life.MainActi..., appPackage: com.maybank2u.life.uat, appWaitActivity: *, autoGrantPermissions: true, automationName: uiautomator2, chromedriverPort: 59883, deviceId: 002b9cc60508, deviceName: Xiaomi 21061119AG (Android 11), fullReset: false, newCommandTimeout: 1800, noReset: true, platform: ANDROID, platformName: android, platformVersion: 11, systemPort: 59881, udid: 002b9cc60508}, deviceApiLevel: 30, deviceId: 002b9cc60508, deviceManufacturer: Xiaomi, deviceModel: 21061119AG, deviceName: 002b9cc60508, deviceScreenDensity: 440, deviceScreenSize: 1080x2400, deviceUDID: 002b9cc60508, fullReset: false, javascriptEnabled: true, locationContextEnabled: false, networkConnectionEnabled: true, newCommandTimeout: 1800, noReset: true, pixelRatio: 2.75, platform: ANDROID, platformName: Android, platformVersion: 11, statBarHeight: 103, systemPort: 59881, takesScreenshot: true, udid: 002b9cc60508, viewportRect: {height: 2064, left: 0, top: 103, width: 1080}, warnings: {}, webStorageEnabled: false}
Session ID: 0ad758e8-a427-414c-a625-b6b6890bb3c1
	at org.openqa.selenium.remote.http.W3CHttpResponseCodec.createException(W3CHttpResponseCodec.java:187)
	at org.openqa.selenium.remote.http.W3CHttpResponseCodec.decode(W3CHttpResponseCodec.java:122)
	at org.openqa.selenium.remote.http.W3CHttpResponseCodec.decode(W3CHttpResponseCodec.java:49)
	at org.openqa.selenium.remote.HttpCommandExecutor.execute(HttpCommandExecutor.java:158)
	at io.appium.java_client.remote.AppiumCommandExecutor.execute(AppiumCommandExecutor.java:239)
	at org.openqa.selenium.remote.RemoteWebDriver.execute(RemoteWebDriver.java:552)
	at io.appium.java_client.DefaultGenericMobileDriver.execute(DefaultGenericMobileDriver.java:42)
	at io.appium.java_client.AppiumDriver.execute(AppiumDriver.java:1)
	at io.appium.java_client.android.AndroidDriver.execute(AndroidDriver.java:1)
	at com.kms.katalon.core.appium.driver.SwipeableAndroidDriver.execute(SwipeableAndroidDriver.java:1)
	at org.openqa.selenium.remote.RemoteWebElement.execute(RemoteWebElement.java:285)
	at io.appium.java_client.DefaultGenericMobileElement.execute(DefaultGenericMobileElement.java:45)
	at io.appium.java_client.MobileElement.execute(MobileElement.java:1)
	at io.appium.java_client.android.AndroidElement.execute(AndroidElement.java:1)
	at org.openqa.selenium.remote.RemoteWebElement.click(RemoteWebElement.java:84)
	at com.kms.katalon.core.mobile.keyword.builtin.TapKeyword$_tap_closure1.doCall(TapKeyword.groovy:82)
	at com.kms.katalon.core.mobile.keyword.builtin.TapKeyword$_tap_closure1.call(TapKeyword.groovy)
	at com.kms.katalon.core.mobile.keyword.internal.MobileKeywordMain.runKeyword(MobileKeywordMain.groovy:21)
	at com.kms.katalon.core.mobile.keyword.builtin.TapKeyword.tap(TapKeyword.groovy:84)
	at com.kms.katalon.core.mobile.keyword.builtin.TapKeyword.execute(TapKeyword.groovy:68)
	at com.kms.katalon.core.keyword.internal.KeywordExecutor.executeKeywordForPlatform(KeywordExecutor.groovy:74)
	at com.kms.katalon.core.mobile.keyword.MobileBuiltInKeywords.tap(MobileBuiltInKeywords.groovy:1490)
	at com.kms.katalon.core.mobile.keyword.MobileBuiltInKeywords$tap$5.call(Unknown Source)
	at requestMoney_markAsPaid.run(requestMoney_markAsPaid:85)
	at com.kms.katalon.core.main.ScriptEngine.run(ScriptEngine.java:194)
	at com.kms.katalon.core.main.ScriptEngine.runScriptAsRawText(ScriptEngine.java:119)
	at com.kms.katalon.core.main.TestCaseExecutor.runScript(TestCaseExecutor.java:445)
	at com.kms.katalon.core.main.TestCaseExecutor.doExecute(TestCaseExecutor.java:436)
	at com.kms.katalon.core.main.TestCaseExecutor.processExecutionPhase(TestCaseExecutor.java:415)
	at com.kms.katalon.core.main.TestCaseExecutor.accessMainPhase(TestCaseExecutor.java:407)
	at com.kms.katalon.core.main.TestCaseExecutor.execute(TestCaseExecutor.java:284)
	at com.kms.katalon.core.common.CommonExecutor.accessTestCaseMainPhase(CommonExecutor.java:65)
	at com.kms.katalon.core.main.TestSuiteExecutor.accessTestSuiteMainPhase(TestSuiteExecutor.java:144)
	at com.kms.katalon.core.main.TestSuiteExecutor.execute(TestSuiteExecutor.java:106)
	at com.kms.katalon.core.main.TestCaseMain.startTestSuite(TestCaseMain.java:185)
	at com.kms.katalon.core.main.TestCaseMain$startTestSuite$0.call(Unknown Source)
	at TempTestSuite1655355756688.run(TempTestSuite1655355756688.groovy:36)
)
	at com.kms.katalon.core.keyword.internal.KeywordMain.stepFailed(KeywordMain.groovy:39)
	at com.kms.katalon.core.mobile.keyword.internal.MobileKeywordMain.stepFailed(MobileKeywordMain.groovy:40)
	at com.kms.katalon.core.mobile.keyword.internal.MobileKeywordMain.runKeyword(MobileKeywordMain.groovy:23)
	at com.kms.katalon.core.mobile.keyword.builtin.TapKeyword.tap(TapKeyword.groovy:84)
	at com.kms.katalon.core.mobile.keyword.builtin.TapKeyword.execute(TapKeyword.groovy:68)
	at com.kms.katalon.core.keyword.internal.KeywordExecutor.executeKeywordForPlatform(KeywordExecutor.groovy:74)
	at com.kms.katalon.core.mobile.keyword.MobileBuiltInKeywords.tap(MobileBuiltInKeywords.groovy:1490)
	at com.kms.katalon.core.mobile.keyword.MobileBuiltInKeywords$tap$5.call(Unknown Source)
	at requestMoney_markAsPaid.run(requestMoney_markAsPaid:85)
	at com.kms.katalon.core.main.ScriptEngine.run(ScriptEngine.java:194)
	at com.kms.katalon.core.main.ScriptEngine.runScriptAsRawText(ScriptEngine.java:119)
	at com.kms.katalon.core.main.TestCaseExecutor.runScript(TestCaseExecutor.java:445)
	at com.kms.katalon.core.main.TestCaseExecutor.doExecute(TestCaseExecutor.java:436)
	at com.kms.katalon.core.main.TestCaseExecutor.processExecutionPhase(TestCaseExecutor.java:415)
	at com.kms.katalon.core.main.TestCaseExecutor.accessMainPhase(TestCaseExecutor.java:407)
	at com.kms.katalon.core.main.TestCaseExecutor.execute(TestCaseExecutor.java:284)
	at com.kms.katalon.core.common.CommonExecutor.accessTestCaseMainPhase(CommonExecutor.java:65)
	at com.kms.katalon.core.main.TestSuiteExecutor.accessTestSuiteMainPhase(TestSuiteExecutor.java:144)
	at com.kms.katalon.core.main.TestSuiteExecutor.execute(TestSuiteExecutor.java:106)
	at com.kms.katalon.core.main.TestCaseMain.startTestSuite(TestCaseMain.java:185)
	at com.kms.katalon.core.main.TestCaseMain$startTestSuite$0.call(Unknown Source)
	at TempTestSuite1655355756688.run(TempTestSuite1655355756688.groovy:36)
Caused by: org.openqa.selenium.StaleElementReferenceException: androidx.test.uiautomator.StaleObjectException
For documentation on this error, please visit: https://www.seleniumhq.org/exceptions/stale_element_reference.html
Build info: version: '3.141.59', revision: 'e82be7d358', time: '2018-11-14T08:25:53'
System info: host: '00139272s-MacBook-Pro.local', ip: '2001:d08:e4:6521:80dd:b348:ad54:77%en0', os.name: 'Mac OS X', os.arch: 'x86_64', os.version: '10.16', java.version: '1.8.0_275'
Driver info: com.kms.katalon.core.appium.driver.SwipeableAndroidDriver
Capabilities {app: /Users/a00139272/Katalon St..., appActivity: com.maybank2u.life.MainActi..., appPackage: com.maybank2u.life.uat, appWaitActivity: *, autoGrantPermissions: true, automationName: uiautomator2, chromedriverPort: 59883, databaseEnabled: false, desired: {app: /Users/a00139272/Katalon St..., appActivity: com.maybank2u.life.MainActi..., appPackage: com.maybank2u.life.uat, appWaitActivity: *, autoGrantPermissions: true, automationName: uiautomator2, chromedriverPort: 59883, deviceId: 002b9cc60508, deviceName: Xiaomi 21061119AG (Android 11), fullReset: false, newCommandTimeout: 1800, noReset: true, platform: ANDROID, platformName: android, platformVersion: 11, systemPort: 59881, udid: 002b9cc60508}, deviceApiLevel: 30, deviceId: 002b9cc60508, deviceManufacturer: Xiaomi, deviceModel: 21061119AG, deviceName: 002b9cc60508, deviceScreenDensity: 440, deviceScreenSize: 1080x2400, deviceUDID: 002b9cc60508, fullReset: false, javascriptEnabled: true, locationContextEnabled: false, networkConnectionEnabled: true, newCommandTimeout: 1800, noReset: true, pixelRatio: 2.75, platform: ANDROID, platformName: Android, platformVersion: 11, statBarHeight: 103, systemPort: 59881, takesScreenshot: true, udid: 002b9cc60508, viewportRect: {height: 2064, left: 0, top: 103, width: 1080}, warnings: {}, webStorageEnabled: false}
Session ID: 0ad758e8-a427-414c-a625-b6b6890bb3c1
	at org.openqa.selenium.remote.http.W3CHttpResponseCodec.createException(W3CHttpResponseCodec.java:187)
	at org.openqa.selenium.remote.http.W3CHttpResponseCodec.decode(W3CHttpResponseCodec.java:122)
	at org.openqa.selenium.remote.http.W3CHttpResponseCodec.decode(W3CHttpResponseCodec.java:49)
	at org.openqa.selenium.remote.HttpCommandExecutor.execute(HttpCommandExecutor.java:158)
	at io.appium.java_client.remote.AppiumCommandExecutor.execute(AppiumCommandExecutor.java:239)
	at org.openqa.selenium.remote.RemoteWebDriver.execute(RemoteWebDriver.java:552)
	at io.appium.java_client.DefaultGenericMobileDriver.execute(DefaultGenericMobileDriver.java:42)
	at io.appium.java_client.AppiumDriver.execute(AppiumDriver.java:1)
	at io.appium.java_client.android.AndroidDriver.execute(AndroidDriver.java:1)
	at com.kms.katalon.core.appium.driver.SwipeableAndroidDriver.execute(SwipeableAndroidDriver.java:1)
	at org.openqa.selenium.remote.RemoteWebElement.execute(RemoteWebElement.java:285)
	at io.appium.java_client.DefaultGenericMobileElement.execute(DefaultGenericMobileElement.java:45)
	at io.appium.java_client.MobileElement.execute(MobileElement.java:1)
	at io.appium.java_client.android.AndroidElement.execute(AndroidElement.java:1)
	at org.openqa.selenium.remote.RemoteWebElement.click(RemoteWebElement.java:84)
	at com.kms.katalon.core.mobile.keyword.builtin.TapKeyword$_tap_closure1.doCall(TapKeyword.groovy:82)
	at com.kms.katalon.core.mobile.keyword.builtin.TapKeyword$_tap_closure1.call(TapKeyword.groovy)
	at com.kms.katalon.core.mobile.keyword.internal.MobileKeywordMain.runKeyword(MobileKeywordMain.groovy:21)
	... 19 more]]></system-err>
      </testcase>
      <testcase name="Test Cases/Send Request Money/sendRequestMoney_payRequestMoney" time="444.028" classname="Test Cases/Send Request Money/sendRequestMoney_payRequestMoney" status="PASSED">
         <system-out><![CDATA[2022-06-16 13:34:04 - [TEST_CASE][PASSED] - Test Cases/Send Request Money/sendRequestMoney_payRequestMoney: Test Cases/Send Request Money/sendRequestMoney_payRequestMoney

2022-06-16 13:34:04 - [TEST_STEP][PASSED] - try: Delayed 5 second(s)

2022-06-16 13:34:04 - [TEST_STEP][PASSED] - delay(3): Delayed 3 second(s)

2022-06-16 13:34:07 - [MESSAGE][PASSED] - Delayed 3 second(s)

2022-06-16 13:34:07 - [TEST_STEP][PASSED] - tapAtPosition(953, 2147): Tapped at [953, 2,147]

2022-06-16 13:34:08 - [MESSAGE][PASSED] - Tapped at [953, 2,147]

2022-06-16 13:34:08 - [TEST_STEP][PASSED] - tapAtPosition(953, 2147): Tapped at [953, 2,147]

2022-06-16 13:34:08 - [MESSAGE][PASSED] - Tapped at [953, 2,147]

2022-06-16 13:34:08 - [TEST_STEP][PASSED] - waitForElementPresent(findTestObject("Main/mainMoreNotificationBtn"), 0): Element 'Object Repository/Main/mainMoreNotificationBtn' is present

2022-06-16 13:34:08 - [MESSAGE][WARNING] - Timeout '0' is invalid. Using default page load timeout: '40'

2022-06-16 13:34:34 - [MESSAGE][PASSED] - Element 'Object Repository/Main/mainMoreNotificationBtn' is present

2022-06-16 13:34:34 - [TEST_STEP][PASSED] - tap(findTestObject("Main/mainMoreNotificationBtn"), 0): Tapped on element 'Object Repository/Main/mainMoreNotificationBtn'

2022-06-16 13:34:34 - [MESSAGE][WARNING] - Timeout '0' is invalid. Using default page load timeout: '40'

2022-06-16 13:34:35 - [MESSAGE][PASSED] - Tapped on element 'Object Repository/Main/mainMoreNotificationBtn'

2022-06-16 13:34:35 - [TEST_STEP][PASSED] - verify = requestorName + " has requested RM 0.04 from you for " + requestRemark + ".": null

2022-06-16 13:34:35 - [TEST_STEP][PASSED] - waitForElementPresent(findTestObject("Send Request Money/moneyRequestNotificationMessageTxt", ["requestorName":requestorName, "requestRemark":requestRemark]), 30): Element 'Object Repository/Send Request Money/moneyRequestNotificationMessageTxt' is present

2022-06-16 13:34:39 - [MESSAGE][PASSED] - Element 'Object Repository/Send Request Money/moneyRequestNotificationMessageTxt' is present

2022-06-16 13:34:39 - [TEST_STEP][PASSED] - verifyElementText(findTestObject("Send Request Money/moneyRequestNotificationMessageTxt", ["requestorName":requestorName, "requestRemark":requestRemark]), verify): Actual text and expected text of test object 'Object Repository/Send Request Money/moneyRequestNotificationMessageTxt' are matched.

2022-06-16 13:34:39 - [MESSAGE][PASSED] - Actual text and expected text of test object 'Object Repository/Send Request Money/moneyRequestNotificationMessageTxt' are matched.

2022-06-16 13:34:39 - [TEST_STEP][PASSED] - tap(findTestObject("Send Request Money/moneyRequestNotificationMessageTxt", ["requestorName":requestorName, "requestRemark":requestRemark]), 0): Tapped on element 'Object Repository/Send Request Money/moneyRequestNotificationMessageTxt'

2022-06-16 13:34:39 - [MESSAGE][WARNING] - Timeout '0' is invalid. Using default page load timeout: '40'

2022-06-16 13:34:40 - [MESSAGE][PASSED] - Tapped on element 'Object Repository/Send Request Money/moneyRequestNotificationMessageTxt'

2022-06-16 13:34:40 - [TEST_STEP][PASSED] - delay(3): Delayed 3 second(s)

2022-06-16 13:34:43 - [MESSAGE][PASSED] - Delayed 3 second(s)

2022-06-16 13:34:43 - [TEST_STEP][PASSED] - if (verifyElementVisible(findTestObject("Tabung/tabungEnterPasswordTxt"), 10, OPTIONAL)): Element 'Object Repository/Tabung/tabungEnterPasswordTxt' not found

2022-06-16 13:34:53 - [MESSAGE][WARNING] - Element 'Object Repository/Tabung/tabungEnterPasswordTxt' not found

2022-06-16 13:34:53 - [TEST_STEP][PASSED] - else: Delayed 5 second(s)

2022-06-16 13:34:53 - [TEST_STEP][PASSED] - waitForElementPresent(findTestObject("Send Request Money/requestMoneyIncomingMessageTxt", ["requestorName":requestorName, "requestRemark":requestRemark]), 30): Object Object Repository/Send Request Money/requestMoneyIncomingMessageTxt not found

2022-06-16 13:35:23 - [MESSAGE][WARNING] - Object Object Repository/Send Request Money/requestMoneyIncomingMessageTxt not found

2022-06-16 13:35:23 - [TEST_STEP][PASSED] - tap(findTestObject("Send Request Money/requestMoneyIncomingPayNowBtn"), 0): Tapped on element 'Object Repository/Send Request Money/requestMoneyIncomingPayNowBtn'

2022-06-16 13:35:23 - [MESSAGE][WARNING] - Timeout '0' is invalid. Using default page load timeout: '40'

2022-06-16 13:35:23 - [MESSAGE][PASSED] - Tapped on element 'Object Repository/Send Request Money/requestMoneyIncomingPayNowBtn'

2022-06-16 13:35:23 - [TEST_STEP][PASSED] - delay(5): Delayed 5 second(s)

2022-06-16 13:35:28 - [MESSAGE][PASSED] - Delayed 5 second(s)

2022-06-16 13:35:28 - [TEST_STEP][PASSED] - if (verifyElementVisible(findTestObject("Tabung/tabungEnterPasswordTxt"), 10, OPTIONAL)): null

2022-06-16 13:36:18 - [MESSAGE][PASSED] - Element 'Object Repository/Tabung/tabungEnterPasswordTxt' is visible

2022-06-16 13:36:18 - [TEST_STEP][PASSED] - setText(findTestObject("Tabung/tabungSignInInputPasswordField"), Password, 0): Text 'pass1234' has been set to element 'Object Repository/Tabung/tabungSignInInputPasswordField'

2022-06-16 13:36:18 - [MESSAGE][WARNING] - Timeout '0' is invalid. Using default page load timeout: '40'

2022-06-16 13:38:09 - [MESSAGE][PASSED] - Text 'pass1234' has been set to element 'Object Repository/Tabung/tabungSignInInputPasswordField'

2022-06-16 13:38:09 - [TEST_STEP][PASSED] - hideKeyboard(): Keyboard is hidden

2022-06-16 13:38:13 - [MESSAGE][PASSED] - Keyboard is hidden

2022-06-16 13:38:13 - [TEST_STEP][PASSED] - tap(findTestObject("Tabung/tabungSignInContinueBtn"), 0): Tapped on element 'Object Repository/Tabung/tabungSignInContinueBtn'

2022-06-16 13:38:13 - [MESSAGE][WARNING] - Timeout '0' is invalid. Using default page load timeout: '40'

2022-06-16 13:39:14 - [MESSAGE][PASSED] - Tapped on element 'Object Repository/Tabung/tabungSignInContinueBtn'

2022-06-16 13:39:14 - [TEST_STEP][PASSED] - waitForElementPresent(findTestObject("Send Request Money/payMoneyConfirmationRequestSendNowBtn"), 0): Element 'Object Repository/Send Request Money/payMoneyConfirmationRequestSendNowBtn' is present

2022-06-16 13:39:14 - [MESSAGE][WARNING] - Timeout '0' is invalid. Using default page load timeout: '40'

2022-06-16 13:39:32 - [MESSAGE][PASSED] - Element 'Object Repository/Send Request Money/payMoneyConfirmationRequestSendNowBtn' is present

2022-06-16 13:39:32 - [TEST_STEP][PASSED] - verifyElementText(findTestObject("Send Request Money/payMoneyConfirmationRequestNameTxt", ["requestorName2":requestorName2]), requestorName2): Actual text and expected text of test object 'Object Repository/Send Request Money/payMoneyConfirmationRequestNameTxt' are matched.

2022-06-16 13:39:33 - [MESSAGE][PASSED] - Actual text and expected text of test object 'Object Repository/Send Request Money/payMoneyConfirmationRequestNameTxt' are matched.

2022-06-16 13:39:33 - [TEST_STEP][PASSED] - verifyElementText(findTestObject("Send Request Money/payMoneyConfirmationRequestPhoneNoTxt", ["phoneNum2":phoneNum2]), phoneNum2): Actual text and expected text of test object 'Object Repository/Send Request Money/payMoneyConfirmationRequestPhoneNoTxt' are matched.

2022-06-16 13:39:33 - [MESSAGE][PASSED] - Actual text and expected text of test object 'Object Repository/Send Request Money/payMoneyConfirmationRequestPhoneNoTxt' are matched.

2022-06-16 13:39:33 - [TEST_STEP][PASSED] - verifyElementText(findTestObject("Send Request Money/payMoneyConfirmationRequestAmountTxt"), "RM 0.04"): Actual text and expected text of test object 'Object Repository/Send Request Money/payMoneyConfirmationRequestAmountTxt' are matched.

2022-06-16 13:39:33 - [MESSAGE][PASSED] - Actual text and expected text of test object 'Object Repository/Send Request Money/payMoneyConfirmationRequestAmountTxt' are matched.

2022-06-16 13:39:33 - [TEST_STEP][PASSED] - tap(findTestObject("Send Request Money/payRequestMoneySendNowBtn"), 0): Tapped on element 'Object Repository/Send Request Money/payRequestMoneySendNowBtn'

2022-06-16 13:39:33 - [MESSAGE][WARNING] - Timeout '0' is invalid. Using default page load timeout: '40'

2022-06-16 13:39:33 - [MESSAGE][PASSED] - Tapped on element 'Object Repository/Send Request Money/payRequestMoneySendNowBtn'

2022-06-16 13:39:33 - [TEST_STEP][PASSED] - delay(5): Delayed 5 second(s)

2022-06-16 13:39:38 - [MESSAGE][PASSED] - Delayed 5 second(s)

2022-06-16 13:39:38 - [TEST_STEP][PASSED] - if (verifyElementVisible(findTestObject("Send Request Money/payMoneyTACNoTxt"), 0, OPTIONAL)): Element 'Object Repository/Send Request Money/payMoneyTACNoTxt' not found

2022-06-16 13:39:38 - [MESSAGE][WARNING] - Timeout '0' is invalid. Using default page load timeout: '40'

2022-06-16 13:40:18 - [MESSAGE][WARNING] - Element 'Object Repository/Send Request Money/payMoneyTACNoTxt' not found

2022-06-16 13:40:18 - [TEST_STEP][PASSED] - else: Tapped on element 'Object Repository/Main/mainS2UApproveBtn'

2022-06-16 13:40:18 - [TEST_STEP][PASSED] - delay(3): Delayed 3 second(s)

2022-06-16 13:40:21 - [MESSAGE][PASSED] - Delayed 3 second(s)

2022-06-16 13:40:21 - [TEST_STEP][PASSED] - verifyElementVisible(findTestObject("Main/mainS2UApproveBtn"), 0): Element 'Object Repository/Main/mainS2UApproveBtn' is visible

2022-06-16 13:40:21 - [MESSAGE][WARNING] - Timeout '0' is invalid. Using default page load timeout: '40'

2022-06-16 13:40:22 - [MESSAGE][PASSED] - Element 'Object Repository/Main/mainS2UApproveBtn' is visible

2022-06-16 13:40:22 - [TEST_STEP][PASSED] - tap(findTestObject("Main/mainS2UApproveBtn"), 0): Tapped on element 'Object Repository/Main/mainS2UApproveBtn'

2022-06-16 13:40:22 - [MESSAGE][WARNING] - Timeout '0' is invalid. Using default page load timeout: '40'

2022-06-16 13:40:22 - [MESSAGE][PASSED] - Tapped on element 'Object Repository/Main/mainS2UApproveBtn'

2022-06-16 13:40:22 - [TEST_STEP][PASSED] - delay(3): Delayed 3 second(s)

2022-06-16 13:40:25 - [MESSAGE][PASSED] - Delayed 3 second(s)

2022-06-16 13:40:25 - [TEST_STEP][PASSED] - waitForElementPresent(findTestObject("Send Request Money/payMoneySummaryDoneBtn"), 30): Element 'Object Repository/Send Request Money/payMoneySummaryDoneBtn' is present

2022-06-16 13:40:26 - [MESSAGE][PASSED] - Element 'Object Repository/Send Request Money/payMoneySummaryDoneBtn' is present

2022-06-16 13:40:26 - [TEST_STEP][PASSED] - verifyElementText(findTestObject("Send Request Money/payMoneySummaryStatusMessageTxt"), "Transfer successful"): Actual text and expected text of test object 'Object Repository/Send Request Money/payMoneySummaryStatusMessageTxt' are matched.

2022-06-16 13:40:26 - [MESSAGE][PASSED] - Actual text and expected text of test object 'Object Repository/Send Request Money/payMoneySummaryStatusMessageTxt' are matched.

2022-06-16 13:40:26 - [TEST_STEP][PASSED] - verifyElementText(findTestObject("Send Request Money/payMoneySummaryRequestorNameTxt", ["requestorName2":requestorName2]), requestorName2): Actual text and expected text of test object 'Object Repository/Send Request Money/payMoneySummaryRequestorNameTxt' are matched.

2022-06-16 13:40:27 - [MESSAGE][PASSED] - Actual text and expected text of test object 'Object Repository/Send Request Money/payMoneySummaryRequestorNameTxt' are matched.

2022-06-16 13:40:27 - [TEST_STEP][PASSED] - verifyElementText(findTestObject("Send Request Money/payMoneySummaryContactNoTxt", ["phoneNum2":phoneNum2]), phoneNum2): Actual text and expected text of test object 'Object Repository/Send Request Money/payMoneySummaryContactNoTxt' are matched.

2022-06-16 13:40:27 - [MESSAGE][PASSED] - Actual text and expected text of test object 'Object Repository/Send Request Money/payMoneySummaryContactNoTxt' are matched.

2022-06-16 13:40:27 - [TEST_STEP][PASSED] - verifyElementText(findTestObject("Send Request Money/payMoneySummaryAmountTxt"), "RM 0.04"): Actual text and expected text of test object 'Object Repository/Send Request Money/payMoneySummaryAmountTxt' are matched.

2022-06-16 13:40:27 - [MESSAGE][PASSED] - Actual text and expected text of test object 'Object Repository/Send Request Money/payMoneySummaryAmountTxt' are matched.

2022-06-16 13:40:27 - [TEST_STEP][PASSED] - referenceID = getText(findTestObject("Send Request Money/requestMoneyPaySummaryRefIDTxt"), 0): Text of element 'Object Repository/Send Request Money/requestMoneyPaySummaryRefIDTxt' is: 'RM183476835M'

2022-06-16 13:40:27 - [MESSAGE][WARNING] - Timeout '0' is invalid. Using default page load timeout: '40'

2022-06-16 13:40:27 - [MESSAGE][PASSED] - Text of element 'Object Repository/Send Request Money/requestMoneyPaySummaryRefIDTxt' is: 'RM183476835M'

2022-06-16 13:40:27 - [TEST_STEP][PASSED] - println(referenceID): null

2022-06-16 13:40:27 - [TEST_STEP][PASSED] - test = dataFolder: null

2022-06-16 13:40:27 - [TEST_STEP][PASSED] - sheetName = "Sheet1": null

2022-06-16 13:40:27 - [TEST_STEP][PASSED] - file1 = new java.io.File(test): null

2022-06-16 13:40:27 - [TEST_STEP][PASSED] - assert file1.exists() == true: null

2022-06-16 13:40:27 - [TEST_STEP][PASSED] - woorkbook1 = getWorkbook(test): null

2022-06-16 13:40:27 - [TEST_STEP][PASSED] - sheet1 = getExcelSheet(woorkbook1, sheetName): null

2022-06-16 13:40:27 - [TEST_STEP][PASSED] - setValueToCellByIndex(sheet1, 0, 0, referenceID): null

2022-06-16 13:40:27 - [TEST_STEP][PASSED] - saveWorkbook(test, woorkbook1): null

2022-06-16 13:40:27 - [TEST_STEP][PASSED] - waitForElementPresent(findTestObject("Send Request Money/payMoneySummaryDoneBtn"), 30): Element 'Object Repository/Send Request Money/payMoneySummaryDoneBtn' is present

2022-06-16 13:40:27 - [MESSAGE][PASSED] - Element 'Object Repository/Send Request Money/payMoneySummaryDoneBtn' is present

2022-06-16 13:40:27 - [TEST_STEP][PASSED] - takeScreenshot("/Users/a00139272/Desktop/Screenshot/paidRequestMoney.png"): Screenshot is taken

2022-06-16 13:40:28 - [MESSAGE][PASSED] - Screenshot is taken
[[ATTACHMENT|/Users/a00139272/Desktop/Screenshot/paidRequestMoney.png]]

2022-06-16 13:40:28 - [TEST_STEP][PASSED] - tap(findTestObject("Send Request Money/payMoneySummaryDoneBtn"), 0): Tapped on element 'Object Repository/Send Request Money/payMoneySummaryDoneBtn'

2022-06-16 13:40:28 - [MESSAGE][WARNING] - Timeout '0' is invalid. Using default page load timeout: '40'

2022-06-16 13:40:28 - [MESSAGE][PASSED] - Tapped on element 'Object Repository/Send Request Money/payMoneySummaryDoneBtn'

2022-06-16 13:40:28 - [TEST_STEP][PASSED] - delay(3): Delayed 3 second(s)

2022-06-16 13:40:31 - [MESSAGE][PASSED] - Delayed 3 second(s)

2022-06-16 13:40:31 - [TEST_STEP][PASSED] - tap(findTestObject("Main/mainTopLeftBackButton"), 0): Tapped on element 'Object Repository/Main/mainTopLeftBackButton'

2022-06-16 13:40:31 - [MESSAGE][WARNING] - Timeout '0' is invalid. Using default page load timeout: '40'

2022-06-16 13:41:23 - [MESSAGE][PASSED] - Tapped on element 'Object Repository/Main/mainTopLeftBackButton'

2022-06-16 13:41:23 - [TEST_STEP][PASSED] - delay(5): Delayed 5 second(s)

2022-06-16 13:41:28 - [MESSAGE][PASSED] - Delayed 5 second(s)]]></system-out>
         <system-err><![CDATA[]]></system-err>
      </testcase>
      <testcase name="Test Cases/Split Bill/splitBill_createSplitBillComplete" time="112.757" classname="Test Cases/Split Bill/splitBill_createSplitBillComplete" status="PASSED">
         <system-out><![CDATA[2022-06-16 13:41:28 - [TEST_CASE][PASSED] - Test Cases/Split Bill/splitBill_createSplitBillComplete: Test Cases/Split Bill/splitBill_createSplitBillComplete

2022-06-16 13:41:28 - [TEST_STEP][PASSED] - try: Delayed 5 second(s)

2022-06-16 13:41:28 - [TEST_STEP][PASSED] - delay(5): Delayed 5 second(s)

2022-06-16 13:41:33 - [MESSAGE][PASSED] - Delayed 5 second(s)

2022-06-16 13:41:33 - [TEST_STEP][PASSED] - tap(findTestObject("Banking/m2uAccountSplitBillIconSelect"), 0): Tapped on element 'Object Repository/Banking/m2uAccountSplitBillIconSelect'

2022-06-16 13:41:33 - [MESSAGE][WARNING] - Timeout '0' is invalid. Using default page load timeout: '40'

2022-06-16 13:41:40 - [MESSAGE][PASSED] - Tapped on element 'Object Repository/Banking/m2uAccountSplitBillIconSelect'

2022-06-16 13:41:40 - [TEST_STEP][PASSED] - tap(findTestObject("SplitBill/splitBillListSplitaBillBtn"), 0): Tapped on element 'Object Repository/SplitBill/splitBillListSplitaBillBtn'

2022-06-16 13:41:40 - [MESSAGE][WARNING] - Timeout '0' is invalid. Using default page load timeout: '40'

2022-06-16 13:41:42 - [MESSAGE][PASSED] - Tapped on element 'Object Repository/SplitBill/splitBillListSplitaBillBtn'

2022-06-16 13:41:42 - [TEST_STEP][PASSED] - setText(findTestObject("SplitBill/splitBillCreateBillNameInputField"), billName, 0): Text 'Lunch' has been set to element 'Object Repository/SplitBill/splitBillCreateBillNameInputField'

2022-06-16 13:41:42 - [MESSAGE][WARNING] - Timeout '0' is invalid. Using default page load timeout: '40'

2022-06-16 13:41:45 - [MESSAGE][PASSED] - Text 'Lunch' has been set to element 'Object Repository/SplitBill/splitBillCreateBillNameInputField'

2022-06-16 13:41:45 - [TEST_STEP][PASSED] - setText(findTestObject("SplitBill/splitBillCreateNotesInputField"), "bill", 0): Text 'bill' has been set to element 'Object Repository/SplitBill/splitBillCreateNotesInputField'

2022-06-16 13:41:45 - [MESSAGE][WARNING] - Timeout '0' is invalid. Using default page load timeout: '40'

2022-06-16 13:41:47 - [MESSAGE][PASSED] - Text 'bill' has been set to element 'Object Repository/SplitBill/splitBillCreateNotesInputField'

2022-06-16 13:41:47 - [TEST_STEP][PASSED] - hideKeyboard(): Keyboard is hidden

2022-06-16 13:41:49 - [MESSAGE][PASSED] - Keyboard is hidden

2022-06-16 13:41:49 - [TEST_STEP][PASSED] - delay(2): Delayed 2 second(s)

2022-06-16 13:41:51 - [MESSAGE][PASSED] - Delayed 2 second(s)

2022-06-16 13:41:51 - [TEST_STEP][PASSED] - tap(findTestObject("SplitBill/splitBillCreateEvenlyRadioBtn"), 10): Tapped on element 'Object Repository/SplitBill/splitBillCreateEvenlyRadioBtn'

2022-06-16 13:41:51 - [MESSAGE][PASSED] - Tapped on element 'Object Repository/SplitBill/splitBillCreateEvenlyRadioBtn'

2022-06-16 13:41:51 - [TEST_STEP][PASSED] - tap(findTestObject("SplitBill/splitBillCreateEvenlyRadioBtn"), 10): Tapped on element 'Object Repository/SplitBill/splitBillCreateEvenlyRadioBtn'

2022-06-16 13:41:52 - [MESSAGE][PASSED] - Tapped on element 'Object Repository/SplitBill/splitBillCreateEvenlyRadioBtn'

2022-06-16 13:41:52 - [TEST_STEP][PASSED] - delay(2): Delayed 2 second(s)

2022-06-16 13:41:54 - [MESSAGE][PASSED] - Delayed 2 second(s)

2022-06-16 13:41:54 - [TEST_STEP][PASSED] - tap(findTestObject("SplitBill/splitBillCreateContinueBtn"), 0): Tapped on element 'Object Repository/SplitBill/splitBillCreateContinueBtn'

2022-06-16 13:41:54 - [MESSAGE][WARNING] - Timeout '0' is invalid. Using default page load timeout: '40'

2022-06-16 13:41:54 - [MESSAGE][PASSED] - Tapped on element 'Object Repository/SplitBill/splitBillCreateContinueBtn'

2022-06-16 13:41:54 - [TEST_STEP][PASSED] - tap(findTestObject("Login Onboarding/PIN1"), 0): Tapped on element 'Object Repository/Login Onboarding/PIN1'

2022-06-16 13:41:54 - [MESSAGE][WARNING] - Timeout '0' is invalid. Using default page load timeout: '40'

2022-06-16 13:41:56 - [MESSAGE][PASSED] - Tapped on element 'Object Repository/Login Onboarding/PIN1'

2022-06-16 13:41:56 - [TEST_STEP][PASSED] - delay(3): Delayed 3 second(s)

2022-06-16 13:41:59 - [MESSAGE][PASSED] - Delayed 3 second(s)

2022-06-16 13:41:59 - [TEST_STEP][PASSED] - tap(findTestObject("Login Onboarding/PIN0"), 0): Tapped on element 'Object Repository/Login Onboarding/PIN0'

2022-06-16 13:41:59 - [MESSAGE][WARNING] - Timeout '0' is invalid. Using default page load timeout: '40'

2022-06-16 13:41:59 - [MESSAGE][PASSED] - Tapped on element 'Object Repository/Login Onboarding/PIN0'

2022-06-16 13:41:59 - [TEST_STEP][PASSED] - delay(3): Delayed 3 second(s)

2022-06-16 13:42:02 - [MESSAGE][PASSED] - Delayed 3 second(s)

2022-06-16 13:42:02 - [TEST_STEP][PASSED] - tap(findTestObject("Login Onboarding/PIN0"), 0): Tapped on element 'Object Repository/Login Onboarding/PIN0'

2022-06-16 13:42:02 - [MESSAGE][WARNING] - Timeout '0' is invalid. Using default page load timeout: '40'

2022-06-16 13:42:02 - [MESSAGE][PASSED] - Tapped on element 'Object Repository/Login Onboarding/PIN0'

2022-06-16 13:42:02 - [TEST_STEP][PASSED] - delay(3): Delayed 3 second(s)

2022-06-16 13:42:05 - [MESSAGE][PASSED] - Delayed 3 second(s)

2022-06-16 13:42:05 - [TEST_STEP][PASSED] - tap(findTestObject("SplitBill/splitBillAmountTickBtn"), 0): Tapped on element 'Object Repository/SplitBill/splitBillAmountTickBtn'

2022-06-16 13:42:05 - [MESSAGE][WARNING] - Timeout '0' is invalid. Using default page load timeout: '40'

2022-06-16 13:42:05 - [MESSAGE][PASSED] - Tapped on element 'Object Repository/SplitBill/splitBillAmountTickBtn'

2022-06-16 13:42:05 - [TEST_STEP][PASSED] - delay(3): Delayed 3 second(s)

2022-06-16 13:42:08 - [MESSAGE][PASSED] - Delayed 3 second(s)

2022-06-16 13:42:08 - [TEST_STEP][PASSED] - delay(5): Delayed 5 second(s)

2022-06-16 13:42:13 - [MESSAGE][PASSED] - Delayed 5 second(s)

2022-06-16 13:42:13 - [TEST_STEP][PASSED] - waitForElementPresent(findTestObject("SplitBill/splitBillCreateSearchIconBtn"), 10): Element 'Object Repository/SplitBill/splitBillCreateSearchIconBtn' is present

2022-06-16 13:42:14 - [MESSAGE][PASSED] - Element 'Object Repository/SplitBill/splitBillCreateSearchIconBtn' is present

2022-06-16 13:42:14 - [TEST_STEP][PASSED] - tap(findTestObject("SplitBill/splitBillCreateSearchIconBtn"), 0): Tapped on element 'Object Repository/SplitBill/splitBillCreateSearchIconBtn'

2022-06-16 13:42:14 - [MESSAGE][WARNING] - Timeout '0' is invalid. Using default page load timeout: '40'

2022-06-16 13:42:14 - [MESSAGE][PASSED] - Tapped on element 'Object Repository/SplitBill/splitBillCreateSearchIconBtn'

2022-06-16 13:42:14 - [TEST_STEP][PASSED] - delay(5): Delayed 5 second(s)

2022-06-16 13:42:19 - [MESSAGE][PASSED] - Delayed 5 second(s)

2022-06-16 13:42:19 - [TEST_STEP][PASSED] - setText(findTestObject("SplitBill/splitBillCreateContactSearchtInputField"), contactName, 0): Text 'Fazatul PNS' has been set to element 'Object Repository/SplitBill/splitBillCreateContactSearchtInputField'

2022-06-16 13:42:19 - [MESSAGE][WARNING] - Timeout '0' is invalid. Using default page load timeout: '40'

2022-06-16 13:42:21 - [MESSAGE][PASSED] - Text 'Fazatul PNS' has been set to element 'Object Repository/SplitBill/splitBillCreateContactSearchtInputField'

2022-06-16 13:42:21 - [TEST_STEP][PASSED] - delay(3): Delayed 3 second(s)

2022-06-16 13:42:24 - [MESSAGE][PASSED] - Delayed 3 second(s)

2022-06-16 13:42:24 - [TEST_STEP][PASSED] - hideKeyboard(): Keyboard is hidden

2022-06-16 13:42:26 - [MESSAGE][PASSED] - Keyboard is hidden

2022-06-16 13:42:26 - [TEST_STEP][PASSED] - tap(findTestObject("SplitBill/splitBillCreateContactSelect"), 0): Tapped on element 'Object Repository/SplitBill/splitBillCreateContactSelect'

2022-06-16 13:42:26 - [MESSAGE][WARNING] - Timeout '0' is invalid. Using default page load timeout: '40'

2022-06-16 13:42:26 - [MESSAGE][PASSED] - Tapped on element 'Object Repository/SplitBill/splitBillCreateContactSelect'

2022-06-16 13:42:26 - [TEST_STEP][PASSED] - tap(findTestObject("SplitBill/splitBillCreateContactSelect"), 0): Tapped on element 'Object Repository/SplitBill/splitBillCreateContactSelect'

2022-06-16 13:42:26 - [MESSAGE][WARNING] - Timeout '0' is invalid. Using default page load timeout: '40'

2022-06-16 13:42:27 - [MESSAGE][PASSED] - Tapped on element 'Object Repository/SplitBill/splitBillCreateContactSelect'

2022-06-16 13:42:27 - [TEST_STEP][PASSED] - delay(3): Delayed 3 second(s)

2022-06-16 13:42:30 - [MESSAGE][PASSED] - Delayed 3 second(s)

2022-06-16 13:42:30 - [TEST_STEP][PASSED] - tap(findTestObject("SplitBill/splitBillCreateDoneBtn"), 0): Tapped on element 'Object Repository/SplitBill/splitBillCreateDoneBtn'

2022-06-16 13:42:30 - [MESSAGE][WARNING] - Timeout '0' is invalid. Using default page load timeout: '40'

2022-06-16 13:42:30 - [MESSAGE][PASSED] - Tapped on element 'Object Repository/SplitBill/splitBillCreateDoneBtn'

2022-06-16 13:42:30 - [TEST_STEP][PASSED] - delay(3): Delayed 3 second(s)

2022-06-16 13:42:33 - [MESSAGE][PASSED] - Delayed 3 second(s)

2022-06-16 13:42:33 - [TEST_STEP][PASSED] - driver = getDriver(): null

2022-06-16 13:42:33 - [TEST_STEP][PASSED] - elements = driver.findElementsByClassName("android.widget.ImageView"): null

2022-06-16 13:42:33 - [TEST_STEP][PASSED] - println("The size of elements is ::" + elements.size()): null

2022-06-16 13:42:33 - [TEST_STEP][PASSED] - tap(findTestObject("SplitBill/splitBillCreateContinueBtn"), 0): Tapped on element 'Object Repository/SplitBill/splitBillCreateContinueBtn'

2022-06-16 13:42:33 - [MESSAGE][WARNING] - Timeout '0' is invalid. Using default page load timeout: '40'

2022-06-16 13:42:33 - [MESSAGE][PASSED] - Tapped on element 'Object Repository/SplitBill/splitBillCreateContinueBtn'

2022-06-16 13:42:33 - [TEST_STEP][PASSED] - tap(findTestObject("SplitBill/splitBillConfirmCameraIcon1"), 0): Tapped on element 'Object Repository/SplitBill/splitBillConfirmCameraIcon1'

2022-06-16 13:42:33 - [MESSAGE][WARNING] - Timeout '0' is invalid. Using default page load timeout: '40'

2022-06-16 13:42:35 - [MESSAGE][PASSED] - Tapped on element 'Object Repository/SplitBill/splitBillConfirmCameraIcon1'

2022-06-16 13:42:35 - [TEST_STEP][PASSED] - tap(findTestObject("SplitBill/splitBillCameraTakePhotoBtn"), 0): Tapped on element 'Object Repository/SplitBill/splitBillCameraTakePhotoBtn'

2022-06-16 13:42:35 - [MESSAGE][WARNING] - Timeout '0' is invalid. Using default page load timeout: '40'

2022-06-16 13:42:35 - [MESSAGE][PASSED] - Tapped on element 'Object Repository/SplitBill/splitBillCameraTakePhotoBtn'

2022-06-16 13:42:35 - [TEST_STEP][PASSED] - tap(findTestObject("SplitBill/splitBillCameraCaptureBtn"), 0): Tapped on element 'Object Repository/SplitBill/splitBillCameraCaptureBtn'

2022-06-16 13:42:36 - [MESSAGE][WARNING] - Timeout '0' is invalid. Using default page load timeout: '40'

2022-06-16 13:42:38 - [MESSAGE][PASSED] - Tapped on element 'Object Repository/SplitBill/splitBillCameraCaptureBtn'

2022-06-16 13:42:38 - [TEST_STEP][PASSED] - delay(10): Delayed 10 second(s)

2022-06-16 13:42:48 - [MESSAGE][PASSED] - Delayed 10 second(s)

2022-06-16 13:42:48 - [TEST_STEP][PASSED] - tap(findTestObject("SplitBill/splitBillCreateCameraConfirmTickBtn"), 0): Tapped on element 'Object Repository/SplitBill/splitBillCreateCameraConfirmTickBtn'

2022-06-16 13:42:48 - [MESSAGE][WARNING] - Timeout '0' is invalid. Using default page load timeout: '40'

2022-06-16 13:42:56 - [MESSAGE][PASSED] - Tapped on element 'Object Repository/SplitBill/splitBillCreateCameraConfirmTickBtn'

2022-06-16 13:42:56 - [TEST_STEP][PASSED] - delay(10): Delayed 10 second(s)

2022-06-16 13:43:06 - [MESSAGE][PASSED] - Delayed 10 second(s)

2022-06-16 13:43:06 - [TEST_STEP][PASSED] - tap(findTestObject("SplitBill/splitBillSummarySplitNowBtn"), 0): Tapped on element 'Object Repository/SplitBill/splitBillSummarySplitNowBtn'

2022-06-16 13:43:06 - [MESSAGE][WARNING] - Timeout '0' is invalid. Using default page load timeout: '40'

2022-06-16 13:43:07 - [MESSAGE][PASSED] - Tapped on element 'Object Repository/SplitBill/splitBillSummarySplitNowBtn'

2022-06-16 13:43:07 - [TEST_STEP][PASSED] - delay(5): Delayed 5 second(s)

2022-06-16 13:43:12 - [MESSAGE][PASSED] - Delayed 5 second(s)

2022-06-16 13:43:12 - [TEST_STEP][PASSED] - waitForElementPresent(findTestObject("Main/mainDoneBtn"), 30): Element 'Object Repository/Main/mainDoneBtn' is present

2022-06-16 13:43:14 - [MESSAGE][PASSED] - Element 'Object Repository/Main/mainDoneBtn' is present

2022-06-16 13:43:14 - [TEST_STEP][PASSED] - verifyElementText(findTestObject("Main/mainTransactionStatusMessageTxt"), "Split bill created"): Actual text and expected text of test object 'Object Repository/Main/mainTransactionStatusMessageTxt' are matched.

2022-06-16 13:43:14 - [MESSAGE][PASSED] - Actual text and expected text of test object 'Object Repository/Main/mainTransactionStatusMessageTxt' are matched.

2022-06-16 13:43:14 - [TEST_STEP][PASSED] - waitForElementPresent(findTestObject("Main/mainDoneBtn"), 10): Element 'Object Repository/Main/mainDoneBtn' is present

2022-06-16 13:43:14 - [MESSAGE][PASSED] - Element 'Object Repository/Main/mainDoneBtn' is present

2022-06-16 13:43:14 - [TEST_STEP][PASSED] - takeScreenshot("/Users/a00139272/Desktop/Screenshot/createSplitBill.png"): Screenshot is taken

2022-06-16 13:43:15 - [MESSAGE][PASSED] - Screenshot is taken
[[ATTACHMENT|/Users/a00139272/Desktop/Screenshot/createSplitBill.png]]

2022-06-16 13:43:15 - [TEST_STEP][PASSED] - tap(findTestObject("Main/mainDoneBtn"), 0): Tapped on element 'Object Repository/Main/mainDoneBtn'

2022-06-16 13:43:15 - [MESSAGE][WARNING] - Timeout '0' is invalid. Using default page load timeout: '40'

2022-06-16 13:43:16 - [MESSAGE][PASSED] - Tapped on element 'Object Repository/Main/mainDoneBtn'

2022-06-16 13:43:16 - [TEST_STEP][PASSED] - delay(5): Delayed 5 second(s)

2022-06-16 13:43:21 - [MESSAGE][PASSED] - Delayed 5 second(s)]]></system-out>
         <system-err><![CDATA[]]></system-err>
      </testcase>
      <testcase name="Test Cases/Split Bill/splitBill_createSplitBillThreeFriends_Paid" time="147.711" classname="Test Cases/Split Bill/splitBill_createSplitBillThreeFriends_Paid" status="PASSED">
         <system-out><![CDATA[2022-06-16 13:43:21 - [TEST_CASE][PASSED] - Test Cases/Split Bill/splitBill_createSplitBillThreeFriends_Paid: Test Cases/Split Bill/splitBill_createSplitBillThreeFriends_Paid

2022-06-16 13:43:21 - [TEST_STEP][PASSED] - try: Delayed 5 second(s)

2022-06-16 13:43:21 - [TEST_STEP][PASSED] - tap(findTestObject("SplitBill/splitBillListSplitaBillBtn"), 0): Tapped on element 'Object Repository/SplitBill/splitBillListSplitaBillBtn'

2022-06-16 13:43:21 - [MESSAGE][WARNING] - Timeout '0' is invalid. Using default page load timeout: '40'

2022-06-16 13:43:22 - [MESSAGE][PASSED] - Tapped on element 'Object Repository/SplitBill/splitBillListSplitaBillBtn'

2022-06-16 13:43:22 - [TEST_STEP][PASSED] - setText(findTestObject("SplitBill/splitBillCreateBillNameInputField"), billName, 0): Text 'Dinner' has been set to element 'Object Repository/SplitBill/splitBillCreateBillNameInputField'

2022-06-16 13:43:22 - [MESSAGE][WARNING] - Timeout '0' is invalid. Using default page load timeout: '40'

2022-06-16 13:44:03 - [MESSAGE][PASSED] - Text 'Dinner' has been set to element 'Object Repository/SplitBill/splitBillCreateBillNameInputField'

2022-06-16 13:44:03 - [TEST_STEP][PASSED] - setText(findTestObject("SplitBill/splitBillCreateNotesInputField"), "bill", 0): Text 'bill' has been set to element 'Object Repository/SplitBill/splitBillCreateNotesInputField'

2022-06-16 13:44:03 - [MESSAGE][WARNING] - Timeout '0' is invalid. Using default page load timeout: '40'

2022-06-16 13:44:05 - [MESSAGE][PASSED] - Text 'bill' has been set to element 'Object Repository/SplitBill/splitBillCreateNotesInputField'

2022-06-16 13:44:05 - [TEST_STEP][PASSED] - hideKeyboard(): Keyboard is hidden

2022-06-16 13:44:07 - [MESSAGE][PASSED] - Keyboard is hidden

2022-06-16 13:44:07 - [TEST_STEP][PASSED] - delay(2): Delayed 2 second(s)

2022-06-16 13:44:09 - [MESSAGE][PASSED] - Delayed 2 second(s)

2022-06-16 13:44:09 - [TEST_STEP][PASSED] - tap(findTestObject("SplitBill/splitBillCreateEvenlyRadioBtn"), 10): Tapped on element 'Object Repository/SplitBill/splitBillCreateEvenlyRadioBtn'

2022-06-16 13:44:10 - [MESSAGE][PASSED] - Tapped on element 'Object Repository/SplitBill/splitBillCreateEvenlyRadioBtn'

2022-06-16 13:44:10 - [TEST_STEP][PASSED] - tap(findTestObject("SplitBill/splitBillCreateEvenlyRadioBtn"), 10): Tapped on element 'Object Repository/SplitBill/splitBillCreateEvenlyRadioBtn'

2022-06-16 13:44:10 - [MESSAGE][PASSED] - Tapped on element 'Object Repository/SplitBill/splitBillCreateEvenlyRadioBtn'

2022-06-16 13:44:10 - [TEST_STEP][PASSED] - delay(2): Delayed 2 second(s)

2022-06-16 13:44:12 - [MESSAGE][PASSED] - Delayed 2 second(s)

2022-06-16 13:44:12 - [TEST_STEP][PASSED] - tap(findTestObject("SplitBill/splitBillCreateContinueBtn"), 0): Tapped on element 'Object Repository/SplitBill/splitBillCreateContinueBtn'

2022-06-16 13:44:12 - [MESSAGE][WARNING] - Timeout '0' is invalid. Using default page load timeout: '40'

2022-06-16 13:44:13 - [MESSAGE][PASSED] - Tapped on element 'Object Repository/SplitBill/splitBillCreateContinueBtn'

2022-06-16 13:44:13 - [TEST_STEP][PASSED] - tap(findTestObject("Login Onboarding/PIN1"), 0): Tapped on element 'Object Repository/Login Onboarding/PIN1'

2022-06-16 13:44:13 - [MESSAGE][WARNING] - Timeout '0' is invalid. Using default page load timeout: '40'

2022-06-16 13:44:14 - [MESSAGE][PASSED] - Tapped on element 'Object Repository/Login Onboarding/PIN1'

2022-06-16 13:44:14 - [TEST_STEP][PASSED] - delay(3): Delayed 3 second(s)

2022-06-16 13:44:17 - [MESSAGE][PASSED] - Delayed 3 second(s)

2022-06-16 13:44:17 - [TEST_STEP][PASSED] - tap(findTestObject("Login Onboarding/PIN0"), 0): Tapped on element 'Object Repository/Login Onboarding/PIN0'

2022-06-16 13:44:17 - [MESSAGE][WARNING] - Timeout '0' is invalid. Using default page load timeout: '40'

2022-06-16 13:44:17 - [MESSAGE][PASSED] - Tapped on element 'Object Repository/Login Onboarding/PIN0'

2022-06-16 13:44:17 - [TEST_STEP][PASSED] - delay(3): Delayed 3 second(s)

2022-06-16 13:44:20 - [MESSAGE][PASSED] - Delayed 3 second(s)

2022-06-16 13:44:20 - [TEST_STEP][PASSED] - tap(findTestObject("Login Onboarding/PIN0"), 0): Tapped on element 'Object Repository/Login Onboarding/PIN0'

2022-06-16 13:44:20 - [MESSAGE][WARNING] - Timeout '0' is invalid. Using default page load timeout: '40'

2022-06-16 13:44:21 - [MESSAGE][PASSED] - Tapped on element 'Object Repository/Login Onboarding/PIN0'

2022-06-16 13:44:21 - [TEST_STEP][PASSED] - delay(3): Delayed 3 second(s)

2022-06-16 13:44:24 - [MESSAGE][PASSED] - Delayed 3 second(s)

2022-06-16 13:44:24 - [TEST_STEP][PASSED] - tap(findTestObject("SplitBill/splitBillAmountTickBtn"), 0): Tapped on element 'Object Repository/SplitBill/splitBillAmountTickBtn'

2022-06-16 13:44:24 - [MESSAGE][WARNING] - Timeout '0' is invalid. Using default page load timeout: '40'

2022-06-16 13:44:24 - [MESSAGE][PASSED] - Tapped on element 'Object Repository/SplitBill/splitBillAmountTickBtn'

2022-06-16 13:44:24 - [TEST_STEP][PASSED] - delay(15): Delayed 15 second(s)

2022-06-16 13:44:39 - [MESSAGE][PASSED] - Delayed 15 second(s)

2022-06-16 13:44:39 - [TEST_STEP][PASSED] - waitForElementPresent(findTestObject("SplitBill/splitBillCreateSearchIconBtn"), 10): Element 'Object Repository/SplitBill/splitBillCreateSearchIconBtn' is present

2022-06-16 13:44:39 - [MESSAGE][PASSED] - Element 'Object Repository/SplitBill/splitBillCreateSearchIconBtn' is present

2022-06-16 13:44:39 - [TEST_STEP][PASSED] - tap(findTestObject("SplitBill/splitBillCreateSearchIconBtn"), 0): Tapped on element 'Object Repository/SplitBill/splitBillCreateSearchIconBtn'

2022-06-16 13:44:39 - [MESSAGE][WARNING] - Timeout '0' is invalid. Using default page load timeout: '40'

2022-06-16 13:44:39 - [MESSAGE][PASSED] - Tapped on element 'Object Repository/SplitBill/splitBillCreateSearchIconBtn'

2022-06-16 13:44:39 - [TEST_STEP][PASSED] - delay(5): Delayed 5 second(s)

2022-06-16 13:44:44 - [MESSAGE][PASSED] - Delayed 5 second(s)

2022-06-16 13:44:44 - [TEST_STEP][PASSED] - setText(findTestObject("SplitBill/splitBillCreateContactSearchtInputField"), contactName, 0): Text 'Trinity' has been set to element 'Object Repository/SplitBill/splitBillCreateContactSearchtInputField'

2022-06-16 13:44:44 - [MESSAGE][WARNING] - Timeout '0' is invalid. Using default page load timeout: '40'

2022-06-16 13:44:45 - [MESSAGE][PASSED] - Text 'Trinity' has been set to element 'Object Repository/SplitBill/splitBillCreateContactSearchtInputField'

2022-06-16 13:44:45 - [TEST_STEP][PASSED] - delay(3): Delayed 3 second(s)

2022-06-16 13:44:48 - [MESSAGE][PASSED] - Delayed 3 second(s)

2022-06-16 13:44:48 - [TEST_STEP][PASSED] - hideKeyboard(): Keyboard is hidden

2022-06-16 13:44:50 - [MESSAGE][PASSED] - Keyboard is hidden

2022-06-16 13:44:50 - [TEST_STEP][PASSED] - tap(findTestObject("SplitBill/splitBillCreateContactSelect"), 0): Tapped on element 'Object Repository/SplitBill/splitBillCreateContactSelect'

2022-06-16 13:44:50 - [MESSAGE][WARNING] - Timeout '0' is invalid. Using default page load timeout: '40'

2022-06-16 13:44:51 - [MESSAGE][PASSED] - Tapped on element 'Object Repository/SplitBill/splitBillCreateContactSelect'

2022-06-16 13:44:51 - [TEST_STEP][PASSED] - tap(findTestObject("SplitBill/splitBillCreateContactSelect"), 0): Tapped on element 'Object Repository/SplitBill/splitBillCreateContactSelect'

2022-06-16 13:44:51 - [MESSAGE][WARNING] - Timeout '0' is invalid. Using default page load timeout: '40'

2022-06-16 13:44:51 - [MESSAGE][PASSED] - Tapped on element 'Object Repository/SplitBill/splitBillCreateContactSelect'

2022-06-16 13:44:51 - [TEST_STEP][PASSED] - delay(3): Delayed 3 second(s)

2022-06-16 13:44:54 - [MESSAGE][PASSED] - Delayed 3 second(s)

2022-06-16 13:44:54 - [TEST_STEP][PASSED] - clearText(findTestObject("SplitBill/splitBillCreateContactSearchtInputField"), 0): Element 'Object Repository/SplitBill/splitBillCreateContactSearchtInputField' text is cleared

2022-06-16 13:44:54 - [MESSAGE][WARNING] - Timeout '0' is invalid. Using default page load timeout: '40'

2022-06-16 13:44:55 - [MESSAGE][PASSED] - Element 'Object Repository/SplitBill/splitBillCreateContactSearchtInputField' text is cleared

2022-06-16 13:44:55 - [TEST_STEP][PASSED] - delay(3): Delayed 3 second(s)

2022-06-16 13:44:58 - [MESSAGE][PASSED] - Delayed 3 second(s)

2022-06-16 13:44:58 - [TEST_STEP][PASSED] - setText(findTestObject("SplitBill/splitBillCreateContactSearchtInputField"), contactName2, 0): Text 'Fazatul PNS' has been set to element 'Object Repository/SplitBill/splitBillCreateContactSearchtInputField'

2022-06-16 13:44:58 - [MESSAGE][WARNING] - Timeout '0' is invalid. Using default page load timeout: '40'

2022-06-16 13:44:58 - [MESSAGE][PASSED] - Text 'Fazatul PNS' has been set to element 'Object Repository/SplitBill/splitBillCreateContactSearchtInputField'

2022-06-16 13:44:58 - [TEST_STEP][PASSED] - delay(3): Delayed 3 second(s)

2022-06-16 13:45:01 - [MESSAGE][PASSED] - Delayed 3 second(s)

2022-06-16 13:45:01 - [TEST_STEP][PASSED] - hideKeyboard(): Keyboard is hidden

2022-06-16 13:45:02 - [MESSAGE][PASSED] - Keyboard is hidden

2022-06-16 13:45:02 - [TEST_STEP][PASSED] - tap(findTestObject("SplitBill/splitBillCreateContactSelect"), 0): Tapped on element 'Object Repository/SplitBill/splitBillCreateContactSelect'

2022-06-16 13:45:02 - [MESSAGE][WARNING] - Timeout '0' is invalid. Using default page load timeout: '40'

2022-06-16 13:45:02 - [MESSAGE][PASSED] - Tapped on element 'Object Repository/SplitBill/splitBillCreateContactSelect'

2022-06-16 13:45:02 - [TEST_STEP][PASSED] - tap(findTestObject("SplitBill/splitBillCreateDoneBtn"), 0): Tapped on element 'Object Repository/SplitBill/splitBillCreateDoneBtn'

2022-06-16 13:45:02 - [MESSAGE][WARNING] - Timeout '0' is invalid. Using default page load timeout: '40'

2022-06-16 13:45:03 - [MESSAGE][PASSED] - Tapped on element 'Object Repository/SplitBill/splitBillCreateDoneBtn'

2022-06-16 13:45:03 - [TEST_STEP][PASSED] - delay(3): Delayed 3 second(s)

2022-06-16 13:45:06 - [MESSAGE][PASSED] - Delayed 3 second(s)

2022-06-16 13:45:06 - [TEST_STEP][PASSED] - driver = getDriver(): null

2022-06-16 13:45:06 - [TEST_STEP][PASSED] - elements = driver.findElementsByClassName("android.widget.ImageView"): null

2022-06-16 13:45:06 - [TEST_STEP][PASSED] - println("The size of elements is ::" + elements.size()): null

2022-06-16 13:45:06 - [TEST_STEP][PASSED] - tap(findTestObject("SplitBill/splitBillCreateContinueBtn"), 0): Tapped on element 'Object Repository/SplitBill/splitBillCreateContinueBtn'

2022-06-16 13:45:06 - [MESSAGE][WARNING] - Timeout '0' is invalid. Using default page load timeout: '40'

2022-06-16 13:45:06 - [MESSAGE][PASSED] - Tapped on element 'Object Repository/SplitBill/splitBillCreateContinueBtn'

2022-06-16 13:45:06 - [TEST_STEP][PASSED] - tap(findTestObject("SplitBill/splitBillConfirmCameraIcon1"), 0): Tapped on element 'Object Repository/SplitBill/splitBillConfirmCameraIcon1'

2022-06-16 13:45:06 - [MESSAGE][WARNING] - Timeout '0' is invalid. Using default page load timeout: '40'

2022-06-16 13:45:07 - [MESSAGE][PASSED] - Tapped on element 'Object Repository/SplitBill/splitBillConfirmCameraIcon1'

2022-06-16 13:45:07 - [TEST_STEP][PASSED] - tap(findTestObject("SplitBill/splitBillCameraTakePhotoBtn"), 0): Tapped on element 'Object Repository/SplitBill/splitBillCameraTakePhotoBtn'

2022-06-16 13:45:07 - [MESSAGE][WARNING] - Timeout '0' is invalid. Using default page load timeout: '40'

2022-06-16 13:45:08 - [MESSAGE][PASSED] - Tapped on element 'Object Repository/SplitBill/splitBillCameraTakePhotoBtn'

2022-06-16 13:45:08 - [TEST_STEP][PASSED] - tap(findTestObject("SplitBill/splitBillCameraCaptureBtn"), 0): Tapped on element 'Object Repository/SplitBill/splitBillCameraCaptureBtn'

2022-06-16 13:45:08 - [MESSAGE][WARNING] - Timeout '0' is invalid. Using default page load timeout: '40'

2022-06-16 13:45:09 - [MESSAGE][PASSED] - Tapped on element 'Object Repository/SplitBill/splitBillCameraCaptureBtn'

2022-06-16 13:45:09 - [TEST_STEP][PASSED] - delay(10): Delayed 10 second(s)

2022-06-16 13:45:19 - [MESSAGE][PASSED] - Delayed 10 second(s)

2022-06-16 13:45:19 - [TEST_STEP][PASSED] - tap(findTestObject("SplitBill/splitBillCreateCameraConfirmTickBtn"), 0): Tapped on element 'Object Repository/SplitBill/splitBillCreateCameraConfirmTickBtn'

2022-06-16 13:45:19 - [MESSAGE][WARNING] - Timeout '0' is invalid. Using default page load timeout: '40'

2022-06-16 13:45:20 - [MESSAGE][PASSED] - Tapped on element 'Object Repository/SplitBill/splitBillCreateCameraConfirmTickBtn'

2022-06-16 13:45:20 - [TEST_STEP][PASSED] - delay(10): Delayed 10 second(s)

2022-06-16 13:45:30 - [MESSAGE][PASSED] - Delayed 10 second(s)

2022-06-16 13:45:30 - [TEST_STEP][PASSED] - tap(findTestObject("SplitBill/splitBillSummarySplitNowBtn"), 0): Tapped on element 'Object Repository/SplitBill/splitBillSummarySplitNowBtn'

2022-06-16 13:45:30 - [MESSAGE][WARNING] - Timeout '0' is invalid. Using default page load timeout: '40'

2022-06-16 13:45:30 - [MESSAGE][PASSED] - Tapped on element 'Object Repository/SplitBill/splitBillSummarySplitNowBtn'

2022-06-16 13:45:30 - [TEST_STEP][PASSED] - delay(5): Delayed 5 second(s)

2022-06-16 13:45:35 - [MESSAGE][PASSED] - Delayed 5 second(s)

2022-06-16 13:45:35 - [TEST_STEP][PASSED] - waitForElementPresent(findTestObject("Main/mainDoneBtn"), 30): Element 'Object Repository/Main/mainDoneBtn' is present

2022-06-16 13:45:42 - [MESSAGE][PASSED] - Element 'Object Repository/Main/mainDoneBtn' is present

2022-06-16 13:45:42 - [TEST_STEP][PASSED] - verifyElementText(findTestObject("Main/mainTransactionStatusMessageTxt"), "Split bill created"): Actual text and expected text of test object 'Object Repository/Main/mainTransactionStatusMessageTxt' are matched.

2022-06-16 13:45:42 - [MESSAGE][PASSED] - Actual text and expected text of test object 'Object Repository/Main/mainTransactionStatusMessageTxt' are matched.

2022-06-16 13:45:42 - [TEST_STEP][PASSED] - waitForElementPresent(findTestObject("Main/mainDoneBtn"), 10): Element 'Object Repository/Main/mainDoneBtn' is present

2022-06-16 13:45:42 - [MESSAGE][PASSED] - Element 'Object Repository/Main/mainDoneBtn' is present

2022-06-16 13:45:42 - [TEST_STEP][PASSED] - takeScreenshot("/Users/a00139272/Desktop/Screenshot/createThreeSplitBill.png"): Screenshot is taken

2022-06-16 13:45:43 - [MESSAGE][PASSED] - Screenshot is taken
[[ATTACHMENT|/Users/a00139272/Desktop/Screenshot/createThreeSplitBill.png]]

2022-06-16 13:45:43 - [TEST_STEP][PASSED] - tap(findTestObject("Main/mainDoneBtn"), 0): Tapped on element 'Object Repository/Main/mainDoneBtn'

2022-06-16 13:45:43 - [MESSAGE][WARNING] - Timeout '0' is invalid. Using default page load timeout: '40'

2022-06-16 13:45:43 - [MESSAGE][PASSED] - Tapped on element 'Object Repository/Main/mainDoneBtn'

2022-06-16 13:45:43 - [TEST_STEP][PASSED] - delay(5): Delayed 5 second(s)

2022-06-16 13:45:48 - [MESSAGE][PASSED] - Delayed 5 second(s)]]></system-out>
         <system-err><![CDATA[]]></system-err>
      </testcase>
      <testcase name="Test Cases/Split Bill/splitBill_markAsPaid" time="23.592" classname="Test Cases/Split Bill/splitBill_markAsPaid" status="PASSED">
         <system-out><![CDATA[2022-06-16 13:45:48 - [TEST_CASE][PASSED] - Test Cases/Split Bill/splitBill_markAsPaid: Test Cases/Split Bill/splitBill_markAsPaid

2022-06-16 13:45:49 - [TEST_STEP][PASSED] - delay(3): Delayed 3 second(s)

2022-06-16 13:45:52 - [MESSAGE][PASSED] - Delayed 3 second(s)

2022-06-16 13:45:52 - [TEST_STEP][PASSED] - waitForElementPresent(findTestObject("SplitBill/splitBillToCollectListBillNameTxt", ["name":"Lunch"]), 0): Element 'Object Repository/SplitBill/splitBillToCollectListBillNameTxt' is present

2022-06-16 13:45:52 - [MESSAGE][WARNING] - Timeout '0' is invalid. Using default page load timeout: '40'

2022-06-16 13:45:52 - [MESSAGE][PASSED] - Element 'Object Repository/SplitBill/splitBillToCollectListBillNameTxt' is present

2022-06-16 13:45:52 - [TEST_STEP][PASSED] - tap(findTestObject("SplitBill/splitBillToCollectListBillNameTxt", ["name":"Lunch"]), 0): Tapped on element 'Object Repository/SplitBill/splitBillToCollectListBillNameTxt'

2022-06-16 13:45:52 - [MESSAGE][WARNING] - Timeout '0' is invalid. Using default page load timeout: '40'

2022-06-16 13:45:52 - [MESSAGE][PASSED] - Tapped on element 'Object Repository/SplitBill/splitBillToCollectListBillNameTxt'

2022-06-16 13:45:52 - [TEST_STEP][PASSED] - delay(3): Delayed 3 second(s)

2022-06-16 13:45:55 - [MESSAGE][PASSED] - Delayed 3 second(s)

2022-06-16 13:45:55 - [TEST_STEP][PASSED] - waitForElementPresent(findTestObject("SplitBill/splitBillDetailsParticipantMoreBtn"), 0): Element 'Object Repository/SplitBill/splitBillDetailsParticipantMoreBtn' is present

2022-06-16 13:45:55 - [MESSAGE][WARNING] - Timeout '0' is invalid. Using default page load timeout: '40'

2022-06-16 13:45:56 - [MESSAGE][PASSED] - Element 'Object Repository/SplitBill/splitBillDetailsParticipantMoreBtn' is present

2022-06-16 13:45:56 - [TEST_STEP][PASSED] - tap(findTestObject("SplitBill/splitBillDetailsParticipantMoreBtn"), 0): Tapped on element 'Object Repository/SplitBill/splitBillDetailsParticipantMoreBtn'

2022-06-16 13:45:56 - [MESSAGE][WARNING] - Timeout '0' is invalid. Using default page load timeout: '40'

2022-06-16 13:45:56 - [MESSAGE][PASSED] - Tapped on element 'Object Repository/SplitBill/splitBillDetailsParticipantMoreBtn'

2022-06-16 13:45:56 - [TEST_STEP][PASSED] - waitForElementPresent(findTestObject("SplitBill/splitBillDetailsParticipantMarkCollectedDropdownSelect"), 0): Element 'Object Repository/SplitBill/splitBillDetailsParticipantMarkCollectedDropdownSelect' is present

2022-06-16 13:45:56 - [MESSAGE][WARNING] - Timeout '0' is invalid. Using default page load timeout: '40'

2022-06-16 13:45:57 - [MESSAGE][PASSED] - Element 'Object Repository/SplitBill/splitBillDetailsParticipantMarkCollectedDropdownSelect' is present

2022-06-16 13:45:57 - [TEST_STEP][PASSED] - tap(findTestObject("SplitBill/splitBillDetailsParticipantMarkCollectedDropdownSelect"), 0): Tapped on element 'Object Repository/SplitBill/splitBillDetailsParticipantMarkCollectedDropdownSelect'

2022-06-16 13:45:57 - [MESSAGE][WARNING] - Timeout '0' is invalid. Using default page load timeout: '40'

2022-06-16 13:45:57 - [MESSAGE][PASSED] - Tapped on element 'Object Repository/SplitBill/splitBillDetailsParticipantMarkCollectedDropdownSelect'

2022-06-16 13:45:57 - [TEST_STEP][PASSED] - waitForElementPresent(findTestObject("SplitBill/splitBillDetailsParticipantDoneBtn"), 0): Element 'Object Repository/SplitBill/splitBillDetailsParticipantDoneBtn' is present

2022-06-16 13:45:57 - [MESSAGE][WARNING] - Timeout '0' is invalid. Using default page load timeout: '40'

2022-06-16 13:45:57 - [MESSAGE][PASSED] - Element 'Object Repository/SplitBill/splitBillDetailsParticipantDoneBtn' is present

2022-06-16 13:45:57 - [TEST_STEP][PASSED] - tap(findTestObject("SplitBill/splitBillDetailsParticipantDoneBtn"), 0): Tapped on element 'Object Repository/SplitBill/splitBillDetailsParticipantDoneBtn'

2022-06-16 13:45:57 - [MESSAGE][WARNING] - Timeout '0' is invalid. Using default page load timeout: '40'

2022-06-16 13:45:57 - [MESSAGE][PASSED] - Tapped on element 'Object Repository/SplitBill/splitBillDetailsParticipantDoneBtn'

2022-06-16 13:45:57 - [TEST_STEP][PASSED] - delay(3): Delayed 3 second(s)

2022-06-16 13:46:00 - [MESSAGE][PASSED] - Delayed 3 second(s)

2022-06-16 13:46:00 - [TEST_STEP][PASSED] - takeScreenshot("/Users/a00139272/Desktop/Screenshot/markPaidSplitBill.png"): Screenshot is taken

2022-06-16 13:46:01 - [MESSAGE][PASSED] - Screenshot is taken
[[ATTACHMENT|/Users/a00139272/Desktop/Screenshot/markPaidSplitBill.png]]

2022-06-16 13:46:01 - [TEST_STEP][PASSED] - verifyElementExist(findTestObject("SplitBill/splitBillDetailsParticipantPaidStatusTxt"), 0): Element 'Object Repository/SplitBill/splitBillDetailsParticipantPaidStatusTxt' is exist

2022-06-16 13:46:01 - [MESSAGE][WARNING] - Timeout '0' is invalid. Using default page load timeout: '40'

2022-06-16 13:46:02 - [MESSAGE][PASSED] - Element 'Object Repository/SplitBill/splitBillDetailsParticipantPaidStatusTxt' is exist

2022-06-16 13:46:02 - [TEST_STEP][PASSED] - delay(5): Delayed 5 second(s)

2022-06-16 13:46:07 - [MESSAGE][PASSED] - Delayed 5 second(s)

2022-06-16 13:46:07 - [TEST_STEP][PASSED] - waitForElementPresent(findTestObject("Main/mainTopLeftBackButton"), 0): Element 'Object Repository/Main/mainTopLeftBackButton' is present

2022-06-16 13:46:07 - [MESSAGE][WARNING] - Timeout '0' is invalid. Using default page load timeout: '40'

2022-06-16 13:46:07 - [MESSAGE][PASSED] - Element 'Object Repository/Main/mainTopLeftBackButton' is present

2022-06-16 13:46:07 - [TEST_STEP][PASSED] - tap(findTestObject("Main/mainTopLeftBackButton"), 0): Tapped on element 'Object Repository/Main/mainTopLeftBackButton'

2022-06-16 13:46:07 - [MESSAGE][WARNING] - Timeout '0' is invalid. Using default page load timeout: '40'

2022-06-16 13:46:07 - [MESSAGE][PASSED] - Tapped on element 'Object Repository/Main/mainTopLeftBackButton'

2022-06-16 13:46:07 - [TEST_STEP][PASSED] - delay(5): Delayed 5 second(s)

2022-06-16 13:46:12 - [MESSAGE][PASSED] - Delayed 5 second(s)]]></system-out>
         <system-err><![CDATA[]]></system-err>
      </testcase>
      <testcase name="Test Cases/Split Bill/splitBill_removePastSplitBill" time="67.021" classname="Test Cases/Split Bill/splitBill_removePastSplitBill" status="PASSED">
         <system-out><![CDATA[2022-06-16 13:46:12 - [TEST_CASE][PASSED] - Test Cases/Split Bill/splitBill_removePastSplitBill: Test Cases/Split Bill/splitBill_removePastSplitBill

2022-06-16 13:46:12 - [TEST_STEP][PASSED] - delay(3): Delayed 3 second(s)

2022-06-16 13:46:15 - [MESSAGE][PASSED] - Delayed 3 second(s)

2022-06-16 13:46:15 - [TEST_STEP][PASSED] - swipe(900, 1245, 300, 1245): Swiped from 900,1,245 to 300,1,245

2022-06-16 13:46:16 - [MESSAGE][PASSED] - Swiped from 900,1,245 to 300,1,245

2022-06-16 13:46:16 - [TEST_STEP][PASSED] - delay(3): Delayed 3 second(s)

2022-06-16 13:46:19 - [MESSAGE][PASSED] - Delayed 3 second(s)

2022-06-16 13:46:19 - [TEST_STEP][PASSED] - swipe(900, 1245, 300, 1245): Swiped from 900,1,245 to 300,1,245

2022-06-16 13:46:20 - [MESSAGE][PASSED] - Swiped from 900,1,245 to 300,1,245

2022-06-16 13:46:20 - [TEST_STEP][PASSED] - delay(3): Delayed 3 second(s)

2022-06-16 13:46:23 - [MESSAGE][PASSED] - Delayed 3 second(s)

2022-06-16 13:46:23 - [TEST_STEP][PASSED] - waitForElementPresent(findTestObject("SplitBill/splitBillToCollectListBillNameTxt", ["name":"Lunch"]), 0): Element 'Object Repository/SplitBill/splitBillToCollectListBillNameTxt' is present

2022-06-16 13:46:23 - [MESSAGE][WARNING] - Timeout '0' is invalid. Using default page load timeout: '40'

2022-06-16 13:46:24 - [MESSAGE][PASSED] - Element 'Object Repository/SplitBill/splitBillToCollectListBillNameTxt' is present

2022-06-16 13:46:24 - [TEST_STEP][PASSED] - tap(findTestObject("SplitBill/splitBillToCollectListBillNameTxt", ["name":"Lunch"]), 0): Tapped on element 'Object Repository/SplitBill/splitBillToCollectListBillNameTxt'

2022-06-16 13:46:24 - [MESSAGE][WARNING] - Timeout '0' is invalid. Using default page load timeout: '40'

2022-06-16 13:46:24 - [MESSAGE][PASSED] - Tapped on element 'Object Repository/SplitBill/splitBillToCollectListBillNameTxt'

2022-06-16 13:46:24 - [TEST_STEP][PASSED] - delay(3): Delayed 3 second(s)

2022-06-16 13:46:27 - [MESSAGE][PASSED] - Delayed 3 second(s)

2022-06-16 13:46:27 - [TEST_STEP][PASSED] - waitForElementPresent(findTestObject("SplitBill/splitBillDetailsThreeDotsBtn"), 0): Element 'Object Repository/SplitBill/splitBillDetailsThreeDotsBtn' is present

2022-06-16 13:46:27 - [MESSAGE][WARNING] - Timeout '0' is invalid. Using default page load timeout: '40'

2022-06-16 13:46:27 - [MESSAGE][PASSED] - Element 'Object Repository/SplitBill/splitBillDetailsThreeDotsBtn' is present

2022-06-16 13:46:27 - [TEST_STEP][PASSED] - tap(findTestObject("SplitBill/splitBillDetailsThreeDotsBtn"), 0): Tapped on element 'Object Repository/SplitBill/splitBillDetailsThreeDotsBtn'

2022-06-16 13:46:27 - [MESSAGE][WARNING] - Timeout '0' is invalid. Using default page load timeout: '40'

2022-06-16 13:46:27 - [MESSAGE][PASSED] - Tapped on element 'Object Repository/SplitBill/splitBillDetailsThreeDotsBtn'

2022-06-16 13:46:27 - [TEST_STEP][PASSED] - waitForElementPresent(findTestObject("SplitBill/splitBillDetailsThreeDotsRemoveBillBtn"), 0): Element 'Object Repository/SplitBill/splitBillDetailsThreeDotsRemoveBillBtn' is present

2022-06-16 13:46:27 - [MESSAGE][WARNING] - Timeout '0' is invalid. Using default page load timeout: '40'

2022-06-16 13:46:29 - [MESSAGE][PASSED] - Element 'Object Repository/SplitBill/splitBillDetailsThreeDotsRemoveBillBtn' is present

2022-06-16 13:46:29 - [TEST_STEP][PASSED] - tap(findTestObject("SplitBill/splitBillDetailsThreeDotsRemoveBillBtn"), 0): Tapped on element 'Object Repository/SplitBill/splitBillDetailsThreeDotsRemoveBillBtn'

2022-06-16 13:46:29 - [MESSAGE][WARNING] - Timeout '0' is invalid. Using default page load timeout: '40'

2022-06-16 13:46:29 - [MESSAGE][PASSED] - Tapped on element 'Object Repository/SplitBill/splitBillDetailsThreeDotsRemoveBillBtn'

2022-06-16 13:46:29 - [TEST_STEP][PASSED] - waitForElementPresent(findTestObject("SplitBill/splitBillRemoveConfirmBtn"), 0): Element 'Object Repository/SplitBill/splitBillRemoveConfirmBtn' is present

2022-06-16 13:46:29 - [MESSAGE][WARNING] - Timeout '0' is invalid. Using default page load timeout: '40'

2022-06-16 13:46:30 - [MESSAGE][PASSED] - Element 'Object Repository/SplitBill/splitBillRemoveConfirmBtn' is present

2022-06-16 13:46:30 - [TEST_STEP][PASSED] - tap(findTestObject("SplitBill/splitBillRemoveConfirmBtn"), 0): Tapped on element 'Object Repository/SplitBill/splitBillRemoveConfirmBtn'

2022-06-16 13:46:30 - [MESSAGE][WARNING] - Timeout '0' is invalid. Using default page load timeout: '40'

2022-06-16 13:46:30 - [MESSAGE][PASSED] - Tapped on element 'Object Repository/SplitBill/splitBillRemoveConfirmBtn'

2022-06-16 13:46:30 - [TEST_STEP][PASSED] - delay(3): Delayed 3 second(s)

2022-06-16 13:46:33 - [MESSAGE][PASSED] - Delayed 3 second(s)

2022-06-16 13:46:33 - [TEST_STEP][PASSED] - takeScreenshot("/Users/a00139272/Desktop/Screenshot/removePastSplit.png"): Screenshot is taken

2022-06-16 13:46:34 - [MESSAGE][PASSED] - Screenshot is taken
[[ATTACHMENT|/Users/a00139272/Desktop/Screenshot/removePastSplit.png]]

2022-06-16 13:46:34 - [TEST_STEP][PASSED] - verifyElementNotExist(findTestObject("SplitBill/splitBillToCollectListBillNameTxt", ["name":"Lunch"]), 0): Element 'Object Repository/SplitBill/splitBillToCollectListBillNameTxt' not found

2022-06-16 13:46:34 - [MESSAGE][WARNING] - Timeout '0' is invalid. Using default page load timeout: '40'

2022-06-16 13:47:14 - [MESSAGE][PASSED] - Element 'Object Repository/SplitBill/splitBillToCollectListBillNameTxt' not found

2022-06-16 13:47:14 - [TEST_STEP][PASSED] - delay(5): Delayed 5 second(s)

2022-06-16 13:47:19 - [MESSAGE][PASSED] - Delayed 5 second(s)]]></system-out>
         <system-err><![CDATA[]]></system-err>
      </testcase>
      <system-out><![CDATA[2022-06-16 13:02:46 - [TEST_SUITE][FAILED] - Regress 4: Test Cases/Send Request Money/requestMoney FAILED.
Reason:
com.kms.katalon.core.exception.StepFailedException: Failed to tap on element 'Object Repository/Send Request Money/requestMoneyIconSelect' (Root cause: org.openqa.selenium.StaleElementReferenceException: androidx.test.uiautomator.StaleObjectException
For documentation on this error, please visit: https://www.seleniumhq.org/exceptions/stale_element_reference.html
Build info: version: '3.141.59', revision: 'e82be7d358', time: '2018-11-14T08:25:53'
System info: host: '00139272s-MacBook-Pro.local', ip: '2001:d08:e4:6521:80dd:b348:ad54:77%en0', os.name: 'Mac OS X', os.arch: 'x86_64', os.version: '10.16', java.version: '1.8.0_275'
Driver info: com.kms.katalon.core.appium.driver.SwipeableAndroidDriver
Capabilities {app: /Users/a00139272/Katalon St..., appActivity: com.maybank2u.life.MainActi..., appPackage: com.maybank2u.life.uat, appWaitActivity: *, autoGrantPermissions: true, automationName: uiautomator2, chromedriverPort: 59883, databaseEnabled: false, desired: {app: /Users/a00139272/Katalon St..., appActivity: com.maybank2u.life.MainActi..., appPackage: com.maybank2u.life.uat, appWaitActivity: *, autoGrantPermissions: true, automationName: uiautomator2, chromedriverPort: 59883, deviceId: 002b9cc60508, deviceName: Xiaomi 21061119AG (Android 11), fullReset: false, newCommandTimeout: 1800, noReset: true, platform: ANDROID, platformName: android, platformVersion: 11, systemPort: 59881, udid: 002b9cc60508}, deviceApiLevel: 30, deviceId: 002b9cc60508, deviceManufacturer: Xiaomi, deviceModel: 21061119AG, deviceName: 002b9cc60508, deviceScreenDensity: 440, deviceScreenSize: 1080x2400, deviceUDID: 002b9cc60508, fullReset: false, javascriptEnabled: true, locationContextEnabled: false, networkConnectionEnabled: true, newCommandTimeout: 1800, noReset: true, pixelRatio: 2.75, platform: ANDROID, platformName: Android, platformVersion: 11, statBarHeight: 103, systemPort: 59881, takesScreenshot: true, udid: 002b9cc60508, viewportRect: {height: 2064, left: 0, top: 103, width: 1080}, warnings: {}, webStorageEnabled: false}
Session ID: 0ad758e8-a427-414c-a625-b6b6890bb3c1
	at org.openqa.selenium.remote.http.W3CHttpResponseCodec.createException(W3CHttpResponseCodec.java:187)
	at org.openqa.selenium.remote.http.W3CHttpResponseCodec.decode(W3CHttpResponseCodec.java:122)
	at org.openqa.selenium.remote.http.W3CHttpResponseCodec.decode(W3CHttpResponseCodec.java:49)
	at org.openqa.selenium.remote.HttpCommandExecutor.execute(HttpCommandExecutor.java:158)
	at io.appium.java_client.remote.AppiumCommandExecutor.execute(AppiumCommandExecutor.java:239)
	at org.openqa.selenium.remote.RemoteWebDriver.execute(RemoteWebDriver.java:552)
	at io.appium.java_client.DefaultGenericMobileDriver.execute(DefaultGenericMobileDriver.java:42)
	at io.appium.java_client.AppiumDriver.execute(AppiumDriver.java:1)
	at io.appium.java_client.android.AndroidDriver.execute(AndroidDriver.java:1)
	at com.kms.katalon.core.appium.driver.SwipeableAndroidDriver.execute(SwipeableAndroidDriver.java:1)
	at org.openqa.selenium.remote.RemoteWebElement.execute(RemoteWebElement.java:285)
	at io.appium.java_client.DefaultGenericMobileElement.execute(DefaultGenericMobileElement.java:45)
	at io.appium.java_client.MobileElement.execute(MobileElement.java:1)
	at io.appium.java_client.android.AndroidElement.execute(AndroidElement.java:1)
	at org.openqa.selenium.remote.RemoteWebElement.getLocation(RemoteWebElement.java:337)
	at org.openqa.selenium.WebElement$getLocation.call(Unknown Source)
	at com.kms.katalon.core.mobile.keyword.internal.MobileAbstractKeyword.findElement(MobileAbstractKeyword.groovy:86)
	at com.kms.katalon.core.mobile.keyword.builtin.TapKeyword.access$1(TapKeyword.groovy)
	at com.kms.katalon.core.mobile.keyword.builtin.TapKeyword$_tap_closure1.doCall(TapKeyword.groovy:76)
	at com.kms.katalon.core.mobile.keyword.builtin.TapKeyword$_tap_closure1.call(TapKeyword.groovy)
	at com.kms.katalon.core.mobile.keyword.internal.MobileKeywordMain.runKeyword(MobileKeywordMain.groovy:21)
	at com.kms.katalon.core.mobile.keyword.builtin.TapKeyword.tap(TapKeyword.groovy:84)
	at com.kms.katalon.core.mobile.keyword.builtin.TapKeyword.execute(TapKeyword.groovy:68)
	at com.kms.katalon.core.keyword.internal.KeywordExecutor.executeKeywordForPlatform(KeywordExecutor.groovy:74)
	at com.kms.katalon.core.mobile.keyword.MobileBuiltInKeywords.tap(MobileBuiltInKeywords.groovy:1490)
	at com.kms.katalon.core.mobile.keyword.MobileBuiltInKeywords$tap$5.call(Unknown Source)
	at requestMoney.run(requestMoney:76)
	at com.kms.katalon.core.main.ScriptEngine.run(ScriptEngine.java:194)
	at com.kms.katalon.core.main.ScriptEngine.runScriptAsRawText(ScriptEngine.java:119)
	at com.kms.katalon.core.main.TestCaseExecutor.runScript(TestCaseExecutor.java:445)
	at com.kms.katalon.core.main.TestCaseExecutor.doExecute(TestCaseExecutor.java:436)
	at com.kms.katalon.core.main.TestCaseExecutor.processExecutionPhase(TestCaseExecutor.java:415)
	at com.kms.katalon.core.main.TestCaseExecutor.accessMainPhase(TestCaseExecutor.java:407)
	at com.kms.katalon.core.main.TestCaseExecutor.execute(TestCaseExecutor.java:284)
	at com.kms.katalon.core.common.CommonExecutor.accessTestCaseMainPhase(CommonExecutor.java:65)
	at com.kms.katalon.core.main.TestSuiteExecutor.accessTestSuiteMainPhase(TestSuiteExecutor.java:144)
	at com.kms.katalon.core.main.TestSuiteExecutor.execute(TestSuiteExecutor.java:106)
	at com.kms.katalon.core.main.TestCaseMain.startTestSuite(TestCaseMain.java:185)
	at com.kms.katalon.core.main.TestCaseMain$startTestSuite$0.call(Unknown Source)
	at TempTestSuite1655355756688.run(TempTestSuite1655355756688.groovy:36)
)
	at com.kms.katalon.core.keyword.internal.KeywordMain.stepFailed(KeywordMain.groovy:39)
	at com.kms.katalon.core.mobile.keyword.internal.MobileKeywordMain.stepFailed(MobileKeywordMain.groovy:40)
	at com.kms.katalon.core.mobile.keyword.internal.MobileKeywordMain.runKeyword(MobileKeywordMain.groovy:23)
	at com.kms.katalon.core.mobile.keyword.builtin.TapKeyword.tap(TapKeyword.groovy:84)
	at com.kms.katalon.core.mobile.keyword.builtin.TapKeyword.execute(TapKeyword.groovy:68)
	at com.kms.katalon.core.keyword.internal.KeywordExecutor.executeKeywordForPlatform(KeywordExecutor.groovy:74)
	at com.kms.katalon.core.mobile.keyword.MobileBuiltInKeywords.tap(MobileBuiltInKeywords.groovy:1490)
	at com.kms.katalon.core.mobile.keyword.MobileBuiltInKeywords$tap$5.call(Unknown Source)
	at requestMoney.run(requestMoney:76)
	at com.kms.katalon.core.main.ScriptEngine.run(ScriptEngine.java:194)
	at com.kms.katalon.core.main.ScriptEngine.runScriptAsRawText(ScriptEngine.java:119)
	at com.kms.katalon.core.main.TestCaseExecutor.runScript(TestCaseExecutor.java:445)
	at com.kms.katalon.core.main.TestCaseExecutor.doExecute(TestCaseExecutor.java:436)
	at com.kms.katalon.core.main.TestCaseExecutor.processExecutionPhase(TestCaseExecutor.java:415)
	at com.kms.katalon.core.main.TestCaseExecutor.accessMainPhase(TestCaseExecutor.java:407)
	at com.kms.katalon.core.main.TestCaseExecutor.execute(TestCaseExecutor.java:284)
	at com.kms.katalon.core.common.CommonExecutor.accessTestCaseMainPhase(CommonExecutor.java:65)
	at com.kms.katalon.core.main.TestSuiteExecutor.accessTestSuiteMainPhase(TestSuiteExecutor.java:144)
	at com.kms.katalon.core.main.TestSuiteExecutor.execute(TestSuiteExecutor.java:106)
	at com.kms.katalon.core.main.TestCaseMain.startTestSuite(TestCaseMain.java:185)
	at com.kms.katalon.core.main.TestCaseMain$startTestSuite$0.call(Unknown Source)
	at TempTestSuite1655355756688.run(TempTestSuite1655355756688.groovy:36)
Caused by: org.openqa.selenium.StaleElementReferenceException: androidx.test.uiautomator.StaleObjectException
For documentation on this error, please visit: https://www.seleniumhq.org/exceptions/stale_element_reference.html
Build info: version: '3.141.59', revision: 'e82be7d358', time: '2018-11-14T08:25:53'
System info: host: '00139272s-MacBook-Pro.local', ip: '2001:d08:e4:6521:80dd:b348:ad54:77%en0', os.name: 'Mac OS X', os.arch: 'x86_64', os.version: '10.16', java.version: '1.8.0_275'
Driver info: com.kms.katalon.core.appium.driver.SwipeableAndroidDriver
Capabilities {app: /Users/a00139272/Katalon St..., appActivity: com.maybank2u.life.MainActi..., appPackage: com.maybank2u.life.uat, appWaitActivity: *, autoGrantPermissions: true, automationName: uiautomator2, chromedriverPort: 59883, databaseEnabled: false, desired: {app: /Users/a00139272/Katalon St..., appActivity: com.maybank2u.life.MainActi..., appPackage: com.maybank2u.life.uat, appWaitActivity: *, autoGrantPermissions: true, automationName: uiautomator2, chromedriverPort: 59883, deviceId: 002b9cc60508, deviceName: Xiaomi 21061119AG (Android 11), fullReset: false, newCommandTimeout: 1800, noReset: true, platform: ANDROID, platformName: android, platformVersion: 11, systemPort: 59881, udid: 002b9cc60508}, deviceApiLevel: 30, deviceId: 002b9cc60508, deviceManufacturer: Xiaomi, deviceModel: 21061119AG, deviceName: 002b9cc60508, deviceScreenDensity: 440, deviceScreenSize: 1080x2400, deviceUDID: 002b9cc60508, fullReset: false, javascriptEnabled: true, locationContextEnabled: false, networkConnectionEnabled: true, newCommandTimeout: 1800, noReset: true, pixelRatio: 2.75, platform: ANDROID, platformName: Android, platformVersion: 11, statBarHeight: 103, systemPort: 59881, takesScreenshot: true, udid: 002b9cc60508, viewportRect: {height: 2064, left: 0, top: 103, width: 1080}, warnings: {}, webStorageEnabled: false}
Session ID: 0ad758e8-a427-414c-a625-b6b6890bb3c1
	at org.openqa.selenium.remote.http.W3CHttpResponseCodec.createException(W3CHttpResponseCodec.java:187)
	at org.openqa.selenium.remote.http.W3CHttpResponseCodec.decode(W3CHttpResponseCodec.java:122)
	at org.openqa.selenium.remote.http.W3CHttpResponseCodec.decode(W3CHttpResponseCodec.java:49)
	at org.openqa.selenium.remote.HttpCommandExecutor.execute(HttpCommandExecutor.java:158)
	at io.appium.java_client.remote.AppiumCommandExecutor.execute(AppiumCommandExecutor.java:239)
	at org.openqa.selenium.remote.RemoteWebDriver.execute(RemoteWebDriver.java:552)
	at io.appium.java_client.DefaultGenericMobileDriver.execute(DefaultGenericMobileDriver.java:42)
	at io.appium.java_client.AppiumDriver.execute(AppiumDriver.java:1)
	at io.appium.java_client.android.AndroidDriver.execute(AndroidDriver.java:1)
	at com.kms.katalon.core.appium.driver.SwipeableAndroidDriver.execute(SwipeableAndroidDriver.java:1)
	at org.openqa.selenium.remote.RemoteWebElement.execute(RemoteWebElement.java:285)
	at io.appium.java_client.DefaultGenericMobileElement.execute(DefaultGenericMobileElement.java:45)
	at io.appium.java_client.MobileElement.execute(MobileElement.java:1)
	at io.appium.java_client.android.AndroidElement.execute(AndroidElement.java:1)
	at org.openqa.selenium.remote.RemoteWebElement.getLocation(RemoteWebElement.java:337)
	at org.openqa.selenium.WebElement$getLocation.call(Unknown Source)
	at com.kms.katalon.core.mobile.keyword.internal.MobileAbstractKeyword.findElement(MobileAbstractKeyword.groovy:86)
	at com.kms.katalon.core.mobile.keyword.builtin.TapKeyword.access$1(TapKeyword.groovy)
	at com.kms.katalon.core.mobile.keyword.builtin.TapKeyword$_tap_closure1.doCall(TapKeyword.groovy:76)
	at com.kms.katalon.core.mobile.keyword.builtin.TapKeyword$_tap_closure1.call(TapKeyword.groovy)
	at com.kms.katalon.core.mobile.keyword.internal.MobileKeywordMain.runKeyword(MobileKeywordMain.groovy:21)
	... 19 more]]></system-out>
      <system-err><![CDATA[2022-06-16 13:02:46 - [TEST_SUITE][FAILED] - Regress 4: Test Cases/Send Request Money/requestMoney FAILED.
Reason:
com.kms.katalon.core.exception.StepFailedException: Failed to tap on element 'Object Repository/Send Request Money/requestMoneyIconSelect' (Root cause: org.openqa.selenium.StaleElementReferenceException: androidx.test.uiautomator.StaleObjectException
For documentation on this error, please visit: https://www.seleniumhq.org/exceptions/stale_element_reference.html
Build info: version: '3.141.59', revision: 'e82be7d358', time: '2018-11-14T08:25:53'
System info: host: '00139272s-MacBook-Pro.local', ip: '2001:d08:e4:6521:80dd:b348:ad54:77%en0', os.name: 'Mac OS X', os.arch: 'x86_64', os.version: '10.16', java.version: '1.8.0_275'
Driver info: com.kms.katalon.core.appium.driver.SwipeableAndroidDriver
Capabilities {app: /Users/a00139272/Katalon St..., appActivity: com.maybank2u.life.MainActi..., appPackage: com.maybank2u.life.uat, appWaitActivity: *, autoGrantPermissions: true, automationName: uiautomator2, chromedriverPort: 59883, databaseEnabled: false, desired: {app: /Users/a00139272/Katalon St..., appActivity: com.maybank2u.life.MainActi..., appPackage: com.maybank2u.life.uat, appWaitActivity: *, autoGrantPermissions: true, automationName: uiautomator2, chromedriverPort: 59883, deviceId: 002b9cc60508, deviceName: Xiaomi 21061119AG (Android 11), fullReset: false, newCommandTimeout: 1800, noReset: true, platform: ANDROID, platformName: android, platformVersion: 11, systemPort: 59881, udid: 002b9cc60508}, deviceApiLevel: 30, deviceId: 002b9cc60508, deviceManufacturer: Xiaomi, deviceModel: 21061119AG, deviceName: 002b9cc60508, deviceScreenDensity: 440, deviceScreenSize: 1080x2400, deviceUDID: 002b9cc60508, fullReset: false, javascriptEnabled: true, locationContextEnabled: false, networkConnectionEnabled: true, newCommandTimeout: 1800, noReset: true, pixelRatio: 2.75, platform: ANDROID, platformName: Android, platformVersion: 11, statBarHeight: 103, systemPort: 59881, takesScreenshot: true, udid: 002b9cc60508, viewportRect: {height: 2064, left: 0, top: 103, width: 1080}, warnings: {}, webStorageEnabled: false}
Session ID: 0ad758e8-a427-414c-a625-b6b6890bb3c1
	at org.openqa.selenium.remote.http.W3CHttpResponseCodec.createException(W3CHttpResponseCodec.java:187)
	at org.openqa.selenium.remote.http.W3CHttpResponseCodec.decode(W3CHttpResponseCodec.java:122)
	at org.openqa.selenium.remote.http.W3CHttpResponseCodec.decode(W3CHttpResponseCodec.java:49)
	at org.openqa.selenium.remote.HttpCommandExecutor.execute(HttpCommandExecutor.java:158)
	at io.appium.java_client.remote.AppiumCommandExecutor.execute(AppiumCommandExecutor.java:239)
	at org.openqa.selenium.remote.RemoteWebDriver.execute(RemoteWebDriver.java:552)
	at io.appium.java_client.DefaultGenericMobileDriver.execute(DefaultGenericMobileDriver.java:42)
	at io.appium.java_client.AppiumDriver.execute(AppiumDriver.java:1)
	at io.appium.java_client.android.AndroidDriver.execute(AndroidDriver.java:1)
	at com.kms.katalon.core.appium.driver.SwipeableAndroidDriver.execute(SwipeableAndroidDriver.java:1)
	at org.openqa.selenium.remote.RemoteWebElement.execute(RemoteWebElement.java:285)
	at io.appium.java_client.DefaultGenericMobileElement.execute(DefaultGenericMobileElement.java:45)
	at io.appium.java_client.MobileElement.execute(MobileElement.java:1)
	at io.appium.java_client.android.AndroidElement.execute(AndroidElement.java:1)
	at org.openqa.selenium.remote.RemoteWebElement.getLocation(RemoteWebElement.java:337)
	at org.openqa.selenium.WebElement$getLocation.call(Unknown Source)
	at com.kms.katalon.core.mobile.keyword.internal.MobileAbstractKeyword.findElement(MobileAbstractKeyword.groovy:86)
	at com.kms.katalon.core.mobile.keyword.builtin.TapKeyword.access$1(TapKeyword.groovy)
	at com.kms.katalon.core.mobile.keyword.builtin.TapKeyword$_tap_closure1.doCall(TapKeyword.groovy:76)
	at com.kms.katalon.core.mobile.keyword.builtin.TapKeyword$_tap_closure1.call(TapKeyword.groovy)
	at com.kms.katalon.core.mobile.keyword.internal.MobileKeywordMain.runKeyword(MobileKeywordMain.groovy:21)
	at com.kms.katalon.core.mobile.keyword.builtin.TapKeyword.tap(TapKeyword.groovy:84)
	at com.kms.katalon.core.mobile.keyword.builtin.TapKeyword.execute(TapKeyword.groovy:68)
	at com.kms.katalon.core.keyword.internal.KeywordExecutor.executeKeywordForPlatform(KeywordExecutor.groovy:74)
	at com.kms.katalon.core.mobile.keyword.MobileBuiltInKeywords.tap(MobileBuiltInKeywords.groovy:1490)
	at com.kms.katalon.core.mobile.keyword.MobileBuiltInKeywords$tap$5.call(Unknown Source)
	at requestMoney.run(requestMoney:76)
	at com.kms.katalon.core.main.ScriptEngine.run(ScriptEngine.java:194)
	at com.kms.katalon.core.main.ScriptEngine.runScriptAsRawText(ScriptEngine.java:119)
	at com.kms.katalon.core.main.TestCaseExecutor.runScript(TestCaseExecutor.java:445)
	at com.kms.katalon.core.main.TestCaseExecutor.doExecute(TestCaseExecutor.java:436)
	at com.kms.katalon.core.main.TestCaseExecutor.processExecutionPhase(TestCaseExecutor.java:415)
	at com.kms.katalon.core.main.TestCaseExecutor.accessMainPhase(TestCaseExecutor.java:407)
	at com.kms.katalon.core.main.TestCaseExecutor.execute(TestCaseExecutor.java:284)
	at com.kms.katalon.core.common.CommonExecutor.accessTestCaseMainPhase(CommonExecutor.java:65)
	at com.kms.katalon.core.main.TestSuiteExecutor.accessTestSuiteMainPhase(TestSuiteExecutor.java:144)
	at com.kms.katalon.core.main.TestSuiteExecutor.execute(TestSuiteExecutor.java:106)
	at com.kms.katalon.core.main.TestCaseMain.startTestSuite(TestCaseMain.java:185)
	at com.kms.katalon.core.main.TestCaseMain$startTestSuite$0.call(Unknown Source)
	at TempTestSuite1655355756688.run(TempTestSuite1655355756688.groovy:36)
)
	at com.kms.katalon.core.keyword.internal.KeywordMain.stepFailed(KeywordMain.groovy:39)
	at com.kms.katalon.core.mobile.keyword.internal.MobileKeywordMain.stepFailed(MobileKeywordMain.groovy:40)
	at com.kms.katalon.core.mobile.keyword.internal.MobileKeywordMain.runKeyword(MobileKeywordMain.groovy:23)
	at com.kms.katalon.core.mobile.keyword.builtin.TapKeyword.tap(TapKeyword.groovy:84)
	at com.kms.katalon.core.mobile.keyword.builtin.TapKeyword.execute(TapKeyword.groovy:68)
	at com.kms.katalon.core.keyword.internal.KeywordExecutor.executeKeywordForPlatform(KeywordExecutor.groovy:74)
	at com.kms.katalon.core.mobile.keyword.MobileBuiltInKeywords.tap(MobileBuiltInKeywords.groovy:1490)
	at com.kms.katalon.core.mobile.keyword.MobileBuiltInKeywords$tap$5.call(Unknown Source)
	at requestMoney.run(requestMoney:76)
	at com.kms.katalon.core.main.ScriptEngine.run(ScriptEngine.java:194)
	at com.kms.katalon.core.main.ScriptEngine.runScriptAsRawText(ScriptEngine.java:119)
	at com.kms.katalon.core.main.TestCaseExecutor.runScript(TestCaseExecutor.java:445)
	at com.kms.katalon.core.main.TestCaseExecutor.doExecute(TestCaseExecutor.java:436)
	at com.kms.katalon.core.main.TestCaseExecutor.processExecutionPhase(TestCaseExecutor.java:415)
	at com.kms.katalon.core.main.TestCaseExecutor.accessMainPhase(TestCaseExecutor.java:407)
	at com.kms.katalon.core.main.TestCaseExecutor.execute(TestCaseExecutor.java:284)
	at com.kms.katalon.core.common.CommonExecutor.accessTestCaseMainPhase(CommonExecutor.java:65)
	at com.kms.katalon.core.main.TestSuiteExecutor.accessTestSuiteMainPhase(TestSuiteExecutor.java:144)
	at com.kms.katalon.core.main.TestSuiteExecutor.execute(TestSuiteExecutor.java:106)
	at com.kms.katalon.core.main.TestCaseMain.startTestSuite(TestCaseMain.java:185)
	at com.kms.katalon.core.main.TestCaseMain$startTestSuite$0.call(Unknown Source)
	at TempTestSuite1655355756688.run(TempTestSuite1655355756688.groovy:36)
Caused by: org.openqa.selenium.StaleElementReferenceException: androidx.test.uiautomator.StaleObjectException
For documentation on this error, please visit: https://www.seleniumhq.org/exceptions/stale_element_reference.html
Build info: version: '3.141.59', revision: 'e82be7d358', time: '2018-11-14T08:25:53'
System info: host: '00139272s-MacBook-Pro.local', ip: '2001:d08:e4:6521:80dd:b348:ad54:77%en0', os.name: 'Mac OS X', os.arch: 'x86_64', os.version: '10.16', java.version: '1.8.0_275'
Driver info: com.kms.katalon.core.appium.driver.SwipeableAndroidDriver
Capabilities {app: /Users/a00139272/Katalon St..., appActivity: com.maybank2u.life.MainActi..., appPackage: com.maybank2u.life.uat, appWaitActivity: *, autoGrantPermissions: true, automationName: uiautomator2, chromedriverPort: 59883, databaseEnabled: false, desired: {app: /Users/a00139272/Katalon St..., appActivity: com.maybank2u.life.MainActi..., appPackage: com.maybank2u.life.uat, appWaitActivity: *, autoGrantPermissions: true, automationName: uiautomator2, chromedriverPort: 59883, deviceId: 002b9cc60508, deviceName: Xiaomi 21061119AG (Android 11), fullReset: false, newCommandTimeout: 1800, noReset: true, platform: ANDROID, platformName: android, platformVersion: 11, systemPort: 59881, udid: 002b9cc60508}, deviceApiLevel: 30, deviceId: 002b9cc60508, deviceManufacturer: Xiaomi, deviceModel: 21061119AG, deviceName: 002b9cc60508, deviceScreenDensity: 440, deviceScreenSize: 1080x2400, deviceUDID: 002b9cc60508, fullReset: false, javascriptEnabled: true, locationContextEnabled: false, networkConnectionEnabled: true, newCommandTimeout: 1800, noReset: true, pixelRatio: 2.75, platform: ANDROID, platformName: Android, platformVersion: 11, statBarHeight: 103, systemPort: 59881, takesScreenshot: true, udid: 002b9cc60508, viewportRect: {height: 2064, left: 0, top: 103, width: 1080}, warnings: {}, webStorageEnabled: false}
Session ID: 0ad758e8-a427-414c-a625-b6b6890bb3c1
	at org.openqa.selenium.remote.http.W3CHttpResponseCodec.createException(W3CHttpResponseCodec.java:187)
	at org.openqa.selenium.remote.http.W3CHttpResponseCodec.decode(W3CHttpResponseCodec.java:122)
	at org.openqa.selenium.remote.http.W3CHttpResponseCodec.decode(W3CHttpResponseCodec.java:49)
	at org.openqa.selenium.remote.HttpCommandExecutor.execute(HttpCommandExecutor.java:158)
	at io.appium.java_client.remote.AppiumCommandExecutor.execute(AppiumCommandExecutor.java:239)
	at org.openqa.selenium.remote.RemoteWebDriver.execute(RemoteWebDriver.java:552)
	at io.appium.java_client.DefaultGenericMobileDriver.execute(DefaultGenericMobileDriver.java:42)
	at io.appium.java_client.AppiumDriver.execute(AppiumDriver.java:1)
	at io.appium.java_client.android.AndroidDriver.execute(AndroidDriver.java:1)
	at com.kms.katalon.core.appium.driver.SwipeableAndroidDriver.execute(SwipeableAndroidDriver.java:1)
	at org.openqa.selenium.remote.RemoteWebElement.execute(RemoteWebElement.java:285)
	at io.appium.java_client.DefaultGenericMobileElement.execute(DefaultGenericMobileElement.java:45)
	at io.appium.java_client.MobileElement.execute(MobileElement.java:1)
	at io.appium.java_client.android.AndroidElement.execute(AndroidElement.java:1)
	at org.openqa.selenium.remote.RemoteWebElement.getLocation(RemoteWebElement.java:337)
	at org.openqa.selenium.WebElement$getLocation.call(Unknown Source)
	at com.kms.katalon.core.mobile.keyword.internal.MobileAbstractKeyword.findElement(MobileAbstractKeyword.groovy:86)
	at com.kms.katalon.core.mobile.keyword.builtin.TapKeyword.access$1(TapKeyword.groovy)
	at com.kms.katalon.core.mobile.keyword.builtin.TapKeyword$_tap_closure1.doCall(TapKeyword.groovy:76)
	at com.kms.katalon.core.mobile.keyword.builtin.TapKeyword$_tap_closure1.call(TapKeyword.groovy)
	at com.kms.katalon.core.mobile.keyword.internal.MobileKeywordMain.runKeyword(MobileKeywordMain.groovy:21)
	... 19 more]]></system-err>
   </testsuite>
</testsuites>
