<?xml version="1.0" encoding="UTF-8"?>
<testsuites name="Regress 2" time="445.809" tests="5" failures="1" errors="0">
   <testsuite name="Regress 2" tests="5" failures="1" errors="0" time="445.809" skipped="0" timestamp="2022-02-14 14:32:08" hostname="a00139272 - 192.168.0.189" id="Test Suites/Regress 2">
      <properties>
         <property name="deviceName" value="samsung SM-G965F (Android 10)"/>
         <property name="devicePlatform" value=""/>
         <property name="logFolder" value="/Users/a00139272/Katalon Studio/MAEAutomation2/Reports/20220214_143158/Regress 2/20220214_143158"/>
         <property name="logFiles" value="/Users/a00139272/Katalon Studio/MAEAutomation2/Reports/20220214_143158/Regress 2/20220214_143158/execution0.log, /Users/a00139272/Katalon Studio/MAEAutomation2/Reports/20220214_143158/Regress 2/20220214_143158/appium.log"/>
         <property name="attachments" value=""/>
         <property name="hostName" value="a00139272 - 192.168.0.189"/>
         <property name="os" value="Mac OS X 64bit"/>
         <property name="appiumServerStatus" value="{&quot;value&quot;:{&quot;build&quot;:{&quot;version&quot;:&quot;1.22.1&quot;}},&quot;sessionId&quot;:null,&quot;status&quot;:0}"/>
         <property name="katalonVersion" value="8.2.0.208"/>
         <property name="deviceOS" value="Android"/>
         <property name="appiumVersion" value="1.22.1"/>
         <property name="deviceModel" value="SM-G965F"/>
         <property name="hostAddress" value="192.168.0.189"/>
         <property name="deviceManufacturer" value="samsung"/>
         <property name="deviceId" value="2252c030550d7ece"/>
         <property name="deviceName" value="samsung SM-G965F (Android 10)"/>
         <property name="deviceOSVersion" value="10"/>
      </properties>
      <testcase name="Test Cases/Tabung/tabung_createTabungCreatorOnly" time="160.327" classname="Test Cases/Tabung/tabung_createTabungCreatorOnly" status="PASSED">
         <system-out><![CDATA[2022-02-14 14:32:08 - [TEST_CASE][PASSED] - Test Cases/Tabung/tabung_createTabungCreatorOnly: Test Cases/Tabung/tabung_createTabungCreatorOnly

2022-02-14 14:32:09 - [TEST_STEP][PASSED] - try: Delayed 5 second(s)

2022-02-14 14:32:09 - [TEST_STEP][PASSED] - setMobileDriverPreferencesProperty("appPackage", "com.maybank2u.life.sit"): null

2022-02-14 14:32:09 - [TEST_STEP][PASSED] - setMobileDriverPreferencesProperty("appActivity", "com.maybank2u.life.MainActivity"): null

2022-02-14 14:32:09 - [TEST_STEP][PASSED] - if (isApplicationOpened == false): Started app at: '/Users/a00139272/Katalon Studio/MAE/androidapp/app-sit-universal-release-copy.apk'

2022-02-14 14:32:09 - [TEST_STEP][PASSED] - startApplication(appPath, false): Started app at: '/Users/a00139272/Katalon Studio/MAE/androidapp/app-sit-universal-release-copy.apk'

2022-02-14 14:32:09 - [MESSAGE][INFO] - User set preference: ['appWaitActivity', '*']

2022-02-14 14:32:09 - [MESSAGE][INFO] - User set preference: ['deviceId', '2252c030550d7ece']

2022-02-14 14:32:09 - [MESSAGE][INFO] - User set preference: ['appPackage', 'com.maybank2u.life.sit']

2022-02-14 14:32:09 - [MESSAGE][INFO] - User set preference: ['appActivity', 'com.maybank2u.life.MainActivity']

2022-02-14 14:32:10 - [MESSAGE][INFO] - Appium server started on port 52,390

2022-02-14 14:32:23 - [MESSAGE][PASSED] - Started app at: '/Users/a00139272/Katalon Studio/MAE/androidapp/app-sit-universal-release-copy.apk'

2022-02-14 14:32:23 - [TEST_STEP][PASSED] - if (getDeviceManufacturer() == "samsung"): null

2022-02-14 14:32:23 - [MESSAGE][PASSED] - Device manufacturer is: 'samsung'

2022-02-14 14:32:23 - [TEST_STEP][PASSED] - tapAtPosition(1250, 2667): Tapped at [1,250, 2,667]

2022-02-14 14:32:26 - [MESSAGE][PASSED] - Tapped at [1,250, 2,667]

2022-02-14 14:32:26 - [TEST_STEP][PASSED] - tapAtPosition(1250, 2667): Tapped at [1,250, 2,667]

2022-02-14 14:32:26 - [MESSAGE][PASSED] - Tapped at [1,250, 2,667]

2022-02-14 14:32:26 - [TEST_STEP][PASSED] - tap(findTestObject("Object Repository/Settings/new_settings_moreMainBtn"), 0): Tapped on element 'Object Repository/Settings/new_settings_moreMainBtn'

2022-02-14 14:32:26 - [MESSAGE][WARNING] - Timeout '0' is invalid. Using default page load timeout: '20'

2022-02-14 14:32:29 - [MESSAGE][PASSED] - Tapped on element 'Object Repository/Settings/new_settings_moreMainBtn'

2022-02-14 14:32:29 - [TEST_STEP][PASSED] - waitForElementPresent(findTestObject("Tabung/moreTabungIconSelect"), 0): Element 'Object Repository/Tabung/moreTabungIconSelect' is present

2022-02-14 14:32:29 - [MESSAGE][WARNING] - Timeout '0' is invalid. Using default page load timeout: '20'

2022-02-14 14:32:29 - [MESSAGE][PASSED] - Element 'Object Repository/Tabung/moreTabungIconSelect' is present

2022-02-14 14:32:29 - [TEST_STEP][PASSED] - tap(findTestObject("Tabung/moreTabungIconSelect"), 0): Tapped on element 'Object Repository/Tabung/moreTabungIconSelect'

2022-02-14 14:32:30 - [MESSAGE][WARNING] - Timeout '0' is invalid. Using default page load timeout: '20'

2022-02-14 14:32:32 - [MESSAGE][PASSED] - Tapped on element 'Object Repository/Tabung/moreTabungIconSelect'

2022-02-14 14:32:32 - [TEST_STEP][PASSED] - if (verifyElementVisible(findTestObject("Main/mainEnterPINMessage"), 0, OPTIONAL)): null

2022-02-14 14:32:32 - [MESSAGE][WARNING] - Timeout '0' is invalid. Using default page load timeout: '20'

2022-02-14 14:32:33 - [MESSAGE][PASSED] - Element 'Object Repository/Main/mainEnterPINMessage' is visible

2022-02-14 14:32:33 - [TEST_STEP][PASSED] - tap(findTestObject("Login Onboarding/PIN1"), 0): Tapped on element 'Object Repository/Login Onboarding/PIN1'

2022-02-14 14:32:33 - [MESSAGE][WARNING] - Timeout '0' is invalid. Using default page load timeout: '20'

2022-02-14 14:32:33 - [MESSAGE][PASSED] - Tapped on element 'Object Repository/Login Onboarding/PIN1'

2022-02-14 14:32:33 - [TEST_STEP][PASSED] - tap(findTestObject("Login Onboarding/PIN1"), 0): Tapped on element 'Object Repository/Login Onboarding/PIN1'

2022-02-14 14:32:33 - [MESSAGE][WARNING] - Timeout '0' is invalid. Using default page load timeout: '20'

2022-02-14 14:32:35 - [MESSAGE][PASSED] - Tapped on element 'Object Repository/Login Onboarding/PIN1'

2022-02-14 14:32:35 - [TEST_STEP][PASSED] - tap(findTestObject("Login Onboarding/PIN1"), 0): Tapped on element 'Object Repository/Login Onboarding/PIN1'

2022-02-14 14:32:35 - [MESSAGE][WARNING] - Timeout '0' is invalid. Using default page load timeout: '20'

2022-02-14 14:32:37 - [MESSAGE][PASSED] - Tapped on element 'Object Repository/Login Onboarding/PIN1'

2022-02-14 14:32:37 - [TEST_STEP][PASSED] - tap(findTestObject("Login Onboarding/PIN1"), 0): Tapped on element 'Object Repository/Login Onboarding/PIN1'

2022-02-14 14:32:37 - [MESSAGE][WARNING] - Timeout '0' is invalid. Using default page load timeout: '20'

2022-02-14 14:32:39 - [MESSAGE][PASSED] - Tapped on element 'Object Repository/Login Onboarding/PIN1'

2022-02-14 14:32:39 - [TEST_STEP][PASSED] - tap(findTestObject("Login Onboarding/PIN1"), 0): Tapped on element 'Object Repository/Login Onboarding/PIN1'

2022-02-14 14:32:39 - [MESSAGE][WARNING] - Timeout '0' is invalid. Using default page load timeout: '20'

2022-02-14 14:32:40 - [MESSAGE][PASSED] - Tapped on element 'Object Repository/Login Onboarding/PIN1'

2022-02-14 14:32:40 - [TEST_STEP][PASSED] - tap(findTestObject("Login Onboarding/PIN2"), 0): Tapped on element 'Object Repository/Login Onboarding/PIN2'

2022-02-14 14:32:40 - [MESSAGE][WARNING] - Timeout '0' is invalid. Using default page load timeout: '20'

2022-02-14 14:32:43 - [MESSAGE][PASSED] - Tapped on element 'Object Repository/Login Onboarding/PIN2'

2022-02-14 14:32:43 - [TEST_STEP][PASSED] - delay(2): Delayed 2 second(s)

2022-02-14 14:32:45 - [MESSAGE][PASSED] - Delayed 2 second(s)

2022-02-14 14:32:45 - [TEST_STEP][PASSED] - waitForElementPresent(findTestObject("Tabung/tabungCreateTabungBtn"), 0): Element 'Object Repository/Tabung/tabungCreateTabungBtn' is present

2022-02-14 14:32:46 - [MESSAGE][WARNING] - Timeout '0' is invalid. Using default page load timeout: '20'

2022-02-14 14:32:50 - [MESSAGE][PASSED] - Element 'Object Repository/Tabung/tabungCreateTabungBtn' is present

2022-02-14 14:32:50 - [TEST_STEP][PASSED] - tap(findTestObject("Tabung/tabungCreateTabungBtn"), 0): Tapped on element 'Object Repository/Tabung/tabungCreateTabungBtn'

2022-02-14 14:32:50 - [MESSAGE][WARNING] - Timeout '0' is invalid. Using default page load timeout: '20'

2022-02-14 14:32:51 - [MESSAGE][PASSED] - Tapped on element 'Object Repository/Tabung/tabungCreateTabungBtn'

2022-02-14 14:32:51 - [TEST_STEP][PASSED] - tap(findTestObject("Tabung/tabungCreateTravelSelect"), 0): Tapped on element 'Object Repository/Tabung/tabungCreateTravelSelect'

2022-02-14 14:32:51 - [MESSAGE][WARNING] - Timeout '0' is invalid. Using default page load timeout: '20'

2022-02-14 14:32:53 - [MESSAGE][PASSED] - Tapped on element 'Object Repository/Tabung/tabungCreateTravelSelect'

2022-02-14 14:32:53 - [TEST_STEP][PASSED] - setText(findTestObject("Tabung/tabungNameInputField"), tabungName, 0): Text 'Switzerland' has been set to element 'Object Repository/Tabung/tabungNameInputField'

2022-02-14 14:32:53 - [MESSAGE][WARNING] - Timeout '0' is invalid. Using default page load timeout: '20'

2022-02-14 14:32:57 - [MESSAGE][PASSED] - Text 'Switzerland' has been set to element 'Object Repository/Tabung/tabungNameInputField'

2022-02-14 14:32:57 - [TEST_STEP][PASSED] - hideKeyboard(): Keyboard is hidden

2022-02-14 14:32:57 - [MESSAGE][PASSED] - Keyboard is hidden

2022-02-14 14:32:57 - [TEST_STEP][PASSED] - tap(findTestObject("Login Onboarding/loginExistingContinueBtn"), 0): Tapped on element 'Object Repository/Login Onboarding/loginExistingContinueBtn'

2022-02-14 14:32:57 - [MESSAGE][WARNING] - Timeout '0' is invalid. Using default page load timeout: '20'

2022-02-14 14:32:58 - [MESSAGE][PASSED] - Tapped on element 'Object Repository/Login Onboarding/loginExistingContinueBtn'

2022-02-14 14:32:58 - [TEST_STEP][PASSED] - tap(findTestObject("Login Onboarding/PIN1"), 0): Tapped on element 'Object Repository/Login Onboarding/PIN1'

2022-02-14 14:32:58 - [MESSAGE][WARNING] - Timeout '0' is invalid. Using default page load timeout: '20'

2022-02-14 14:33:00 - [MESSAGE][PASSED] - Tapped on element 'Object Repository/Login Onboarding/PIN1'

2022-02-14 14:33:00 - [TEST_STEP][PASSED] - delay(2): Delayed 2 second(s)

2022-02-14 14:33:02 - [MESSAGE][PASSED] - Delayed 2 second(s)

2022-02-14 14:33:02 - [TEST_STEP][PASSED] - tap(findTestObject("Tabung/tabungAmountTickBtn"), 0): Tapped on element 'Object Repository/Tabung/tabungAmountTickBtn'

2022-02-14 14:33:02 - [MESSAGE][WARNING] - Timeout '0' is invalid. Using default page load timeout: '20'

2022-02-14 14:33:02 - [MESSAGE][PASSED] - Tapped on element 'Object Repository/Tabung/tabungAmountTickBtn'

2022-02-14 14:33:02 - [TEST_STEP][PASSED] - delay(2): Delayed 2 second(s)

2022-02-14 14:33:04 - [MESSAGE][PASSED] - Delayed 2 second(s)

2022-02-14 14:33:04 - [TEST_STEP][PASSED] - tap(findTestObject("Login Onboarding/PIN0"), 0): Tapped on element 'Object Repository/Login Onboarding/PIN0'

2022-02-14 14:33:04 - [MESSAGE][WARNING] - Timeout '0' is invalid. Using default page load timeout: '20'

2022-02-14 14:33:05 - [MESSAGE][PASSED] - Tapped on element 'Object Repository/Login Onboarding/PIN0'

2022-02-14 14:33:05 - [TEST_STEP][PASSED] - tap(findTestObject("Login Onboarding/PIN0"), 0): Tapped on element 'Object Repository/Login Onboarding/PIN0'

2022-02-14 14:33:05 - [MESSAGE][WARNING] - Timeout '0' is invalid. Using default page load timeout: '20'

2022-02-14 14:33:06 - [MESSAGE][PASSED] - Tapped on element 'Object Repository/Login Onboarding/PIN0'

2022-02-14 14:33:06 - [TEST_STEP][PASSED] - tap(findTestObject("Login Onboarding/PIN0"), 0): Tapped on element 'Object Repository/Login Onboarding/PIN0'

2022-02-14 14:33:06 - [MESSAGE][WARNING] - Timeout '0' is invalid. Using default page load timeout: '20'

2022-02-14 14:33:07 - [MESSAGE][PASSED] - Tapped on element 'Object Repository/Login Onboarding/PIN0'

2022-02-14 14:33:07 - [TEST_STEP][PASSED] - delay(2): Delayed 2 second(s)

2022-02-14 14:33:09 - [MESSAGE][PASSED] - Delayed 2 second(s)

2022-02-14 14:33:09 - [TEST_STEP][PASSED] - tap(findTestObject("Tabung/tabungCreateAmountTickBtn"), 0): Tapped on element 'Object Repository/Tabung/tabungCreateAmountTickBtn'

2022-02-14 14:33:09 - [MESSAGE][WARNING] - Timeout '0' is invalid. Using default page load timeout: '20'

2022-02-14 14:33:10 - [MESSAGE][PASSED] - Tapped on element 'Object Repository/Tabung/tabungCreateAmountTickBtn'

2022-02-14 14:33:10 - [TEST_STEP][PASSED] - tap(findTestObject("Tabung/tabungSelectStartDateField"), 0): Tapped on element 'Object Repository/Tabung/tabungSelectStartDateField'

2022-02-14 14:33:10 - [MESSAGE][WARNING] - Timeout '0' is invalid. Using default page load timeout: '20'

2022-02-14 14:33:12 - [MESSAGE][PASSED] - Tapped on element 'Object Repository/Tabung/tabungSelectStartDateField'

2022-02-14 14:33:12 - [TEST_STEP][PASSED] - tap(findTestObject("Tabung/tabungDatePickerSelect"), 0): Tapped on element 'Object Repository/Tabung/tabungDatePickerSelect'

2022-02-14 14:33:12 - [MESSAGE][WARNING] - Timeout '0' is invalid. Using default page load timeout: '20'

2022-02-14 14:33:14 - [MESSAGE][PASSED] - Tapped on element 'Object Repository/Tabung/tabungDatePickerSelect'

2022-02-14 14:33:14 - [TEST_STEP][PASSED] - tap(findTestObject("Main/mainCalenderPickerDoneBtn"), 0): Tapped on element 'Object Repository/Main/mainCalenderPickerDoneBtn'

2022-02-14 14:33:14 - [MESSAGE][WARNING] - Timeout '0' is invalid. Using default page load timeout: '20'

2022-02-14 14:33:15 - [MESSAGE][PASSED] - Tapped on element 'Object Repository/Main/mainCalenderPickerDoneBtn'

2022-02-14 14:33:15 - [TEST_STEP][PASSED] - delay(2): Delayed 2 second(s)

2022-02-14 14:33:17 - [MESSAGE][PASSED] - Delayed 2 second(s)

2022-02-14 14:33:17 - [TEST_STEP][PASSED] - tap(findTestObject("Tabung/tabungContinueBtn"), 0): Tapped on element 'Object Repository/Tabung/tabungContinueBtn'

2022-02-14 14:33:17 - [MESSAGE][WARNING] - Timeout '0' is invalid. Using default page load timeout: '20'

2022-02-14 14:33:17 - [MESSAGE][PASSED] - Tapped on element 'Object Repository/Tabung/tabungContinueBtn'

2022-02-14 14:33:17 - [TEST_STEP][PASSED] - tap(findTestObject("Tabung/tabungSelectEndDateField"), 0): Tapped on element 'Object Repository/Tabung/tabungSelectEndDateField'

2022-02-14 14:33:17 - [MESSAGE][WARNING] - Timeout '0' is invalid. Using default page load timeout: '20'

2022-02-14 14:33:19 - [MESSAGE][PASSED] - Tapped on element 'Object Repository/Tabung/tabungSelectEndDateField'

2022-02-14 14:33:19 - [TEST_STEP][PASSED] - tap(findTestObject("Tabung/tabungCalendarPickerNextBtn"), 0): Tapped on element 'Object Repository/Tabung/tabungCalendarPickerNextBtn'

2022-02-14 14:33:19 - [MESSAGE][WARNING] - Timeout '0' is invalid. Using default page load timeout: '20'

2022-02-14 14:33:22 - [MESSAGE][PASSED] - Tapped on element 'Object Repository/Tabung/tabungCalendarPickerNextBtn'

2022-02-14 14:33:22 - [TEST_STEP][PASSED] - tap(findTestObject("Tabung/tabungDatePickerSelect"), 0): Tapped on element 'Object Repository/Tabung/tabungDatePickerSelect'

2022-02-14 14:33:22 - [MESSAGE][WARNING] - Timeout '0' is invalid. Using default page load timeout: '20'

2022-02-14 14:33:23 - [MESSAGE][PASSED] - Tapped on element 'Object Repository/Tabung/tabungDatePickerSelect'

2022-02-14 14:33:23 - [TEST_STEP][PASSED] - tap(findTestObject("Main/mainCalenderPickerDoneBtn"), 0): Tapped on element 'Object Repository/Main/mainCalenderPickerDoneBtn'

2022-02-14 14:33:23 - [MESSAGE][WARNING] - Timeout '0' is invalid. Using default page load timeout: '20'

2022-02-14 14:33:24 - [MESSAGE][PASSED] - Tapped on element 'Object Repository/Main/mainCalenderPickerDoneBtn'

2022-02-14 14:33:24 - [TEST_STEP][PASSED] - delay(2): Delayed 2 second(s)

2022-02-14 14:33:26 - [MESSAGE][PASSED] - Delayed 2 second(s)

2022-02-14 14:33:26 - [TEST_STEP][PASSED] - tap(findTestObject("Tabung/tabungContinueBtn"), 0): Tapped on element 'Object Repository/Tabung/tabungContinueBtn'

2022-02-14 14:33:26 - [MESSAGE][WARNING] - Timeout '0' is invalid. Using default page load timeout: '20'

2022-02-14 14:33:26 - [MESSAGE][PASSED] - Tapped on element 'Object Repository/Tabung/tabungContinueBtn'

2022-02-14 14:33:26 - [TEST_STEP][PASSED] - if (verifyElementVisible(findTestObject("Tabung/tabungEnterPasswordTxt"), 0, OPTIONAL)): null

2022-02-14 14:33:27 - [MESSAGE][WARNING] - Timeout '0' is invalid. Using default page load timeout: '20'

2022-02-14 14:33:31 - [MESSAGE][PASSED] - Element 'Object Repository/Tabung/tabungEnterPasswordTxt' is visible

2022-02-14 14:33:31 - [TEST_STEP][PASSED] - setText(findTestObject("Tabung/tabungSignInInputPasswordField"), Password, 0): Text 'Sanjay@49' has been set to element 'Object Repository/Tabung/tabungSignInInputPasswordField'

2022-02-14 14:33:31 - [MESSAGE][WARNING] - Timeout '0' is invalid. Using default page load timeout: '20'

2022-02-14 14:33:32 - [MESSAGE][PASSED] - Text 'Sanjay@49' has been set to element 'Object Repository/Tabung/tabungSignInInputPasswordField'

2022-02-14 14:33:32 - [TEST_STEP][PASSED] - hideKeyboard(): Keyboard is hidden

2022-02-14 14:33:34 - [MESSAGE][PASSED] - Keyboard is hidden

2022-02-14 14:33:34 - [TEST_STEP][PASSED] - tap(findTestObject("Tabung/tabungSignInContinueBtn"), 0): Tapped on element 'Object Repository/Tabung/tabungSignInContinueBtn'

2022-02-14 14:33:34 - [MESSAGE][WARNING] - Timeout '0' is invalid. Using default page load timeout: '20'

2022-02-14 14:33:34 - [MESSAGE][PASSED] - Tapped on element 'Object Repository/Tabung/tabungSignInContinueBtn'

2022-02-14 14:33:34 - [TEST_STEP][PASSED] - delay(10): Delayed 10 second(s)

2022-02-14 14:33:44 - [MESSAGE][PASSED] - Delayed 10 second(s)

2022-02-14 14:33:44 - [TEST_STEP][PASSED] - verifyElementVisible(findTestObject("Tabung/tabungSelectAccountDropdownBox"), 0): Element 'Object Repository/Tabung/tabungSelectAccountDropdownBox' is visible

2022-02-14 14:33:44 - [MESSAGE][WARNING] - Timeout '0' is invalid. Using default page load timeout: '20'

2022-02-14 14:33:44 - [MESSAGE][PASSED] - Element 'Object Repository/Tabung/tabungSelectAccountDropdownBox' is visible

2022-02-14 14:33:44 - [TEST_STEP][PASSED] - tap(findTestObject("Tabung/tabungSelectAccountTxt"), 0): Tapped on element 'Object Repository/Tabung/tabungSelectAccountTxt'

2022-02-14 14:33:45 - [MESSAGE][WARNING] - Timeout '0' is invalid. Using default page load timeout: '20'

2022-02-14 14:33:45 - [MESSAGE][PASSED] - Tapped on element 'Object Repository/Tabung/tabungSelectAccountTxt'

2022-02-14 14:33:45 - [TEST_STEP][PASSED] - delay(2): Delayed 2 second(s)

2022-02-14 14:33:47 - [MESSAGE][PASSED] - Delayed 2 second(s)

2022-02-14 14:33:47 - [TEST_STEP][PASSED] - tap(findTestObject("Tabung/tabunCreateFirstAccountSelect"), 0): Tapped on element 'Object Repository/Tabung/tabunCreateFirstAccountSelect'

2022-02-14 14:33:47 - [MESSAGE][WARNING] - Timeout '0' is invalid. Using default page load timeout: '20'

2022-02-14 14:33:47 - [MESSAGE][PASSED] - Tapped on element 'Object Repository/Tabung/tabunCreateFirstAccountSelect'

2022-02-14 14:33:47 - [TEST_STEP][PASSED] - delay(5): Delayed 5 second(s)

2022-02-14 14:33:52 - [MESSAGE][PASSED] - Delayed 5 second(s)

2022-02-14 14:33:52 - [TEST_STEP][PASSED] - tap(findTestObject("Main/mainCalenderPickerDoneBtn"), 0): Tapped on element 'Object Repository/Main/mainCalenderPickerDoneBtn'

2022-02-14 14:33:52 - [MESSAGE][WARNING] - Timeout '0' is invalid. Using default page load timeout: '20'

2022-02-14 14:33:53 - [MESSAGE][PASSED] - Tapped on element 'Object Repository/Main/mainCalenderPickerDoneBtn'

2022-02-14 14:33:53 - [TEST_STEP][PASSED] - delay(4): Delayed 4 second(s)

2022-02-14 14:33:57 - [MESSAGE][PASSED] - Delayed 4 second(s)

2022-02-14 14:33:57 - [TEST_STEP][PASSED] - tap(findTestObject("Tabung/tabungContinueBtn"), 0): Tapped on element 'Object Repository/Tabung/tabungContinueBtn'

2022-02-14 14:33:57 - [MESSAGE][WARNING] - Timeout '0' is invalid. Using default page load timeout: '20'

2022-02-14 14:33:58 - [MESSAGE][PASSED] - Tapped on element 'Object Repository/Tabung/tabungContinueBtn'

2022-02-14 14:33:58 - [TEST_STEP][PASSED] - delay(5): Delayed 5 second(s)

2022-02-14 14:34:03 - [MESSAGE][PASSED] - Delayed 5 second(s)

2022-02-14 14:34:03 - [TEST_STEP][PASSED] - verifyElementVisible(findTestObject("Tabung/tabungConfirmationTxt"), 0): Element 'Object Repository/Tabung/tabungConfirmationTxt' is visible

2022-02-14 14:34:03 - [MESSAGE][WARNING] - Timeout '0' is invalid. Using default page load timeout: '20'

2022-02-14 14:34:03 - [MESSAGE][PASSED] - Element 'Object Repository/Tabung/tabungConfirmationTxt' is visible

2022-02-14 14:34:03 - [TEST_STEP][PASSED] - verifyElementVisible(findTestObject("Tabung/tabungAutoDeductionText"), 0): Element 'Object Repository/Tabung/tabungAutoDeductionText' is visible

2022-02-14 14:34:03 - [MESSAGE][WARNING] - Timeout '0' is invalid. Using default page load timeout: '20'

2022-02-14 14:34:03 - [MESSAGE][PASSED] - Element 'Object Repository/Tabung/tabungAutoDeductionText' is visible

2022-02-14 14:34:03 - [TEST_STEP][PASSED] - tap(findTestObject("Tabung/tabungConfirmationSelectFrequencyDropdown"), 0): Tapped on element 'Object Repository/Tabung/tabungConfirmationSelectFrequencyDropdown'

2022-02-14 14:34:03 - [MESSAGE][WARNING] - Timeout '0' is invalid. Using default page load timeout: '20'

2022-02-14 14:34:04 - [MESSAGE][PASSED] - Tapped on element 'Object Repository/Tabung/tabungConfirmationSelectFrequencyDropdown'

2022-02-14 14:34:04 - [TEST_STEP][PASSED] - delay(5): Delayed 5 second(s)

2022-02-14 14:34:09 - [MESSAGE][PASSED] - Delayed 5 second(s)

2022-02-14 14:34:09 - [TEST_STEP][PASSED] - tap(findTestObject("Tabung/tabungConfirmationFirstFreqDropdownSelect"), 0): Tapped on element 'Object Repository/Tabung/tabungConfirmationFirstFreqDropdownSelect'

2022-02-14 14:34:09 - [MESSAGE][WARNING] - Timeout '0' is invalid. Using default page load timeout: '20'

2022-02-14 14:34:09 - [MESSAGE][PASSED] - Tapped on element 'Object Repository/Tabung/tabungConfirmationFirstFreqDropdownSelect'

2022-02-14 14:34:09 - [TEST_STEP][PASSED] - delay(5): Delayed 5 second(s)

2022-02-14 14:34:14 - [MESSAGE][PASSED] - Delayed 5 second(s)

2022-02-14 14:34:14 - [TEST_STEP][PASSED] - tap(findTestObject("Main/mainCalenderPickerDoneBtn"), 0): Tapped on element 'Object Repository/Main/mainCalenderPickerDoneBtn'

2022-02-14 14:34:14 - [MESSAGE][WARNING] - Timeout '0' is invalid. Using default page load timeout: '20'

2022-02-14 14:34:15 - [MESSAGE][PASSED] - Tapped on element 'Object Repository/Main/mainCalenderPickerDoneBtn'

2022-02-14 14:34:15 - [TEST_STEP][PASSED] - delay(2): Delayed 2 second(s)

2022-02-14 14:34:17 - [MESSAGE][PASSED] - Delayed 2 second(s)

2022-02-14 14:34:17 - [TEST_STEP][PASSED] - tap(findTestObject("Tabung/tabungDisableESIRadioBtn"), 0): Tapped on element 'Object Repository/Tabung/tabungDisableESIRadioBtn'

2022-02-14 14:34:17 - [MESSAGE][WARNING] - Timeout '0' is invalid. Using default page load timeout: '20'

2022-02-14 14:34:17 - [MESSAGE][PASSED] - Tapped on element 'Object Repository/Tabung/tabungDisableESIRadioBtn'

2022-02-14 14:34:17 - [TEST_STEP][PASSED] - delay(2): Delayed 2 second(s)

2022-02-14 14:34:19 - [MESSAGE][PASSED] - Delayed 2 second(s)

2022-02-14 14:34:19 - [TEST_STEP][PASSED] - tap(findTestObject("Tabung/tabungConfirmationCreateTabungBtn"), 0): Tapped on element 'Object Repository/Tabung/tabungConfirmationCreateTabungBtn'

2022-02-14 14:34:19 - [MESSAGE][WARNING] - Timeout '0' is invalid. Using default page load timeout: '20'

2022-02-14 14:34:20 - [MESSAGE][PASSED] - Tapped on element 'Object Repository/Tabung/tabungConfirmationCreateTabungBtn'

2022-02-14 14:34:20 - [TEST_STEP][PASSED] - delay(3): Delayed 3 second(s)

2022-02-14 14:34:23 - [MESSAGE][PASSED] - Delayed 3 second(s)

2022-02-14 14:34:23 - [TEST_STEP][PASSED] - if (verifyElementVisible(findTestObject("Object Repository/Tabung/tabung_otpNumberPresentTxt"), 0, OPTIONAL)): null

2022-02-14 14:34:23 - [MESSAGE][WARNING] - Timeout '0' is invalid. Using default page load timeout: '20'

2022-02-14 14:34:24 - [MESSAGE][PASSED] - Element 'Object Repository/Tabung/tabung_otpNumberPresentTxt' is visible

2022-02-14 14:34:24 - [TEST_STEP][PASSED] - OTP = getText(findTestObject("Object Repository/Tabung/tabung_otpNumberTxt"), 0): Text of element 'Object Repository/Tabung/tabung_otpNumberTxt' is: 'Your Otp no. is 605413'

2022-02-14 14:34:24 - [MESSAGE][WARNING] - Timeout '0' is invalid. Using default page load timeout: '20'

2022-02-14 14:34:24 - [MESSAGE][PASSED] - Text of element 'Object Repository/Tabung/tabung_otpNumberTxt' is: 'Your Otp no. is 605413'

2022-02-14 14:34:24 - [TEST_STEP][PASSED] - for ([i = 16, i <= 21, (i++)]): null

2022-02-14 14:34:24 - [TEST_STEP][PASSED] - if (OTP[i] == "0"): null

2022-02-14 14:34:24 - [TEST_STEP][PASSED] - if (OTP[i] == "1"): null

2022-02-14 14:34:24 - [TEST_STEP][PASSED] - if (OTP[i] == "2"): null

2022-02-14 14:34:24 - [TEST_STEP][PASSED] - if (OTP[i] == "3"): null

2022-02-14 14:34:24 - [TEST_STEP][PASSED] - if (OTP[i] == "4"): null

2022-02-14 14:34:24 - [TEST_STEP][PASSED] - if (OTP[i] == "5"): null

2022-02-14 14:34:24 - [TEST_STEP][PASSED] - if (OTP[i] == "6"): Tapped on element 'Object Repository/Login Onboarding/PIN6'

2022-02-14 14:34:24 - [TEST_STEP][PASSED] - tap(findTestObject("Login Onboarding/PIN6"), 0): Tapped on element 'Object Repository/Login Onboarding/PIN6'

2022-02-14 14:34:24 - [MESSAGE][WARNING] - Timeout '0' is invalid. Using default page load timeout: '20'

2022-02-14 14:34:26 - [MESSAGE][PASSED] - Tapped on element 'Object Repository/Login Onboarding/PIN6'

2022-02-14 14:34:26 - [TEST_STEP][PASSED] - if (OTP[i] == "7"): null

2022-02-14 14:34:26 - [TEST_STEP][PASSED] - if (OTP[i] == "8"): null

2022-02-14 14:34:26 - [TEST_STEP][PASSED] - if (OTP[i] == "9"): null

2022-02-14 14:34:26 - [TEST_STEP][PASSED] - if (OTP[i] == "0"): Tapped on element 'Object Repository/Login Onboarding/PIN0'

2022-02-14 14:34:26 - [TEST_STEP][PASSED] - tap(findTestObject("Login Onboarding/PIN0"), 0): Tapped on element 'Object Repository/Login Onboarding/PIN0'

2022-02-14 14:34:26 - [MESSAGE][WARNING] - Timeout '0' is invalid. Using default page load timeout: '20'

2022-02-14 14:34:28 - [MESSAGE][PASSED] - Tapped on element 'Object Repository/Login Onboarding/PIN0'

2022-02-14 14:34:28 - [TEST_STEP][PASSED] - if (OTP[i] == "1"): null

2022-02-14 14:34:28 - [TEST_STEP][PASSED] - if (OTP[i] == "2"): null

2022-02-14 14:34:28 - [TEST_STEP][PASSED] - if (OTP[i] == "3"): null

2022-02-14 14:34:28 - [TEST_STEP][PASSED] - if (OTP[i] == "4"): null

2022-02-14 14:34:28 - [TEST_STEP][PASSED] - if (OTP[i] == "5"): null

2022-02-14 14:34:28 - [TEST_STEP][PASSED] - if (OTP[i] == "6"): null

2022-02-14 14:34:28 - [TEST_STEP][PASSED] - if (OTP[i] == "7"): null

2022-02-14 14:34:28 - [TEST_STEP][PASSED] - if (OTP[i] == "8"): null

2022-02-14 14:34:28 - [TEST_STEP][PASSED] - if (OTP[i] == "9"): null

2022-02-14 14:34:28 - [TEST_STEP][PASSED] - if (OTP[i] == "0"): null

2022-02-14 14:34:28 - [TEST_STEP][PASSED] - if (OTP[i] == "1"): null

2022-02-14 14:34:28 - [TEST_STEP][PASSED] - if (OTP[i] == "2"): null

2022-02-14 14:34:28 - [TEST_STEP][PASSED] - if (OTP[i] == "3"): null

2022-02-14 14:34:28 - [TEST_STEP][PASSED] - if (OTP[i] == "4"): null

2022-02-14 14:34:28 - [TEST_STEP][PASSED] - if (OTP[i] == "5"): Tapped on element 'Object Repository/Login Onboarding/PIN5'

2022-02-14 14:34:28 - [TEST_STEP][PASSED] - tap(findTestObject("Login Onboarding/PIN5"), 0): Tapped on element 'Object Repository/Login Onboarding/PIN5'

2022-02-14 14:34:28 - [MESSAGE][WARNING] - Timeout '0' is invalid. Using default page load timeout: '20'

2022-02-14 14:34:28 - [MESSAGE][PASSED] - Tapped on element 'Object Repository/Login Onboarding/PIN5'

2022-02-14 14:34:28 - [TEST_STEP][PASSED] - if (OTP[i] == "6"): null

2022-02-14 14:34:28 - [TEST_STEP][PASSED] - if (OTP[i] == "7"): null

2022-02-14 14:34:28 - [TEST_STEP][PASSED] - if (OTP[i] == "8"): null

2022-02-14 14:34:28 - [TEST_STEP][PASSED] - if (OTP[i] == "9"): null

2022-02-14 14:34:28 - [TEST_STEP][PASSED] - if (OTP[i] == "0"): null

2022-02-14 14:34:28 - [TEST_STEP][PASSED] - if (OTP[i] == "1"): null

2022-02-14 14:34:28 - [TEST_STEP][PASSED] - if (OTP[i] == "2"): null

2022-02-14 14:34:28 - [TEST_STEP][PASSED] - if (OTP[i] == "3"): null

2022-02-14 14:34:28 - [TEST_STEP][PASSED] - if (OTP[i] == "4"): Tapped on element 'Object Repository/Login Onboarding/PIN4'

2022-02-14 14:34:28 - [TEST_STEP][PASSED] - tap(findTestObject("Login Onboarding/PIN4"), 0): Tapped on element 'Object Repository/Login Onboarding/PIN4'

2022-02-14 14:34:28 - [MESSAGE][WARNING] - Timeout '0' is invalid. Using default page load timeout: '20'

2022-02-14 14:34:30 - [MESSAGE][PASSED] - Tapped on element 'Object Repository/Login Onboarding/PIN4'

2022-02-14 14:34:30 - [TEST_STEP][PASSED] - if (OTP[i] == "5"): null

2022-02-14 14:34:30 - [TEST_STEP][PASSED] - if (OTP[i] == "6"): null

2022-02-14 14:34:30 - [TEST_STEP][PASSED] - if (OTP[i] == "7"): null

2022-02-14 14:34:30 - [TEST_STEP][PASSED] - if (OTP[i] == "8"): null

2022-02-14 14:34:30 - [TEST_STEP][PASSED] - if (OTP[i] == "9"): null

2022-02-14 14:34:30 - [TEST_STEP][PASSED] - if (OTP[i] == "0"): null

2022-02-14 14:34:30 - [TEST_STEP][PASSED] - if (OTP[i] == "1"): Tapped on element 'Object Repository/Login Onboarding/PIN1'

2022-02-14 14:34:30 - [TEST_STEP][PASSED] - tap(findTestObject("Login Onboarding/PIN1"), 0): Tapped on element 'Object Repository/Login Onboarding/PIN1'

2022-02-14 14:34:30 - [MESSAGE][WARNING] - Timeout '0' is invalid. Using default page load timeout: '20'

2022-02-14 14:34:32 - [MESSAGE][PASSED] - Tapped on element 'Object Repository/Login Onboarding/PIN1'

2022-02-14 14:34:32 - [TEST_STEP][PASSED] - if (OTP[i] == "2"): null

2022-02-14 14:34:32 - [TEST_STEP][PASSED] - if (OTP[i] == "3"): null

2022-02-14 14:34:32 - [TEST_STEP][PASSED] - if (OTP[i] == "4"): null

2022-02-14 14:34:32 - [TEST_STEP][PASSED] - if (OTP[i] == "5"): null

2022-02-14 14:34:32 - [TEST_STEP][PASSED] - if (OTP[i] == "6"): null

2022-02-14 14:34:32 - [TEST_STEP][PASSED] - if (OTP[i] == "7"): null

2022-02-14 14:34:32 - [TEST_STEP][PASSED] - if (OTP[i] == "8"): null

2022-02-14 14:34:32 - [TEST_STEP][PASSED] - if (OTP[i] == "9"): null

2022-02-14 14:34:32 - [TEST_STEP][PASSED] - if (OTP[i] == "0"): null

2022-02-14 14:34:32 - [TEST_STEP][PASSED] - if (OTP[i] == "1"): null

2022-02-14 14:34:32 - [TEST_STEP][PASSED] - if (OTP[i] == "2"): null

2022-02-14 14:34:32 - [TEST_STEP][PASSED] - if (OTP[i] == "3"): Tapped on element 'Object Repository/Login Onboarding/PIN3'

2022-02-14 14:34:32 - [TEST_STEP][PASSED] - tap(findTestObject("Login Onboarding/PIN3"), 0): Tapped on element 'Object Repository/Login Onboarding/PIN3'

2022-02-14 14:34:32 - [MESSAGE][WARNING] - Timeout '0' is invalid. Using default page load timeout: '20'

2022-02-14 14:34:34 - [MESSAGE][PASSED] - Tapped on element 'Object Repository/Login Onboarding/PIN3'

2022-02-14 14:34:34 - [TEST_STEP][PASSED] - if (OTP[i] == "4"): null

2022-02-14 14:34:34 - [TEST_STEP][PASSED] - if (OTP[i] == "5"): null

2022-02-14 14:34:34 - [TEST_STEP][PASSED] - if (OTP[i] == "6"): null

2022-02-14 14:34:34 - [TEST_STEP][PASSED] - if (OTP[i] == "7"): null

2022-02-14 14:34:34 - [TEST_STEP][PASSED] - if (OTP[i] == "8"): null

2022-02-14 14:34:34 - [TEST_STEP][PASSED] - if (OTP[i] == "9"): null

2022-02-14 14:34:34 - [TEST_STEP][PASSED] - delay(3): Delayed 3 second(s)

2022-02-14 14:34:37 - [MESSAGE][PASSED] - Delayed 3 second(s)

2022-02-14 14:34:37 - [TEST_STEP][PASSED] - tap(findTestObject("Object Repository/Tabung/tabung_otpTacTickButton"), 0): Tapped on element 'Object Repository/Tabung/tabung_otpTacTickButton'

2022-02-14 14:34:37 - [MESSAGE][WARNING] - Timeout '0' is invalid. Using default page load timeout: '20'

2022-02-14 14:34:38 - [MESSAGE][PASSED] - Tapped on element 'Object Repository/Tabung/tabung_otpTacTickButton'

2022-02-14 14:34:38 - [TEST_STEP][PASSED] - verifyElementVisible(findTestObject("Main/mainDoneBtn"), 0): Element 'Object Repository/Main/mainDoneBtn' is visible

2022-02-14 14:34:38 - [MESSAGE][WARNING] - Timeout '0' is invalid. Using default page load timeout: '20'

2022-02-14 14:34:43 - [MESSAGE][PASSED] - Element 'Object Repository/Main/mainDoneBtn' is visible

2022-02-14 14:34:43 - [TEST_STEP][PASSED] - tap(findTestObject("Main/mainDoneBtn"), 0): Tapped on element 'Object Repository/Main/mainDoneBtn'

2022-02-14 14:34:43 - [MESSAGE][WARNING] - Timeout '0' is invalid. Using default page load timeout: '20'

2022-02-14 14:34:44 - [MESSAGE][PASSED] - Tapped on element 'Object Repository/Main/mainDoneBtn'

2022-02-14 14:34:44 - [TEST_STEP][PASSED] - delay(5): Delayed 5 second(s)

2022-02-14 14:34:49 - [MESSAGE][PASSED] - Delayed 5 second(s)]]></system-out>
         <system-err><![CDATA[]]></system-err>
      </testcase>
      <testcase name="Test Cases/Tabung/tabung_fundTabungCreatorOnly" time="104.613" classname="Test Cases/Tabung/tabung_fundTabungCreatorOnly" status="PASSED">
         <system-out><![CDATA[2022-02-14 14:34:49 - [TEST_CASE][PASSED] - Test Cases/Tabung/tabung_fundTabungCreatorOnly: Test Cases/Tabung/tabung_fundTabungCreatorOnly

2022-02-14 14:34:49 - [TEST_STEP][PASSED] - try: Delayed 5 second(s)

2022-02-14 14:34:49 - [TEST_STEP][PASSED] - if (verifyElementVisible(findTestObject("Main/mainEnterPINMessage"), 0, OPTIONAL)): Element 'Object Repository/Main/mainEnterPINMessage' not found

2022-02-14 14:34:49 - [MESSAGE][WARNING] - Timeout '0' is invalid. Using default page load timeout: '20'

2022-02-14 14:35:09 - [MESSAGE][WARNING] - Element 'Object Repository/Main/mainEnterPINMessage' not found

2022-02-14 14:35:09 - [TEST_STEP][PASSED] - delay(2): Delayed 2 second(s)

2022-02-14 14:35:11 - [MESSAGE][PASSED] - Delayed 2 second(s)

2022-02-14 14:35:11 - [TEST_STEP][PASSED] - tap(findTestObject("Tabung/tabungNameSelection", ["text":tabungName]), 10): Tapped on element 'Object Repository/Tabung/tabungNameSelection'

2022-02-14 14:35:13 - [MESSAGE][PASSED] - Tapped on element 'Object Repository/Tabung/tabungNameSelection'

2022-02-14 14:35:13 - [TEST_STEP][PASSED] - tap(findTestObject("Tabung/tabungThreeDotsBtn"), 0): Tapped on element 'Object Repository/Tabung/tabungThreeDotsBtn'

2022-02-14 14:35:13 - [MESSAGE][WARNING] - Timeout '0' is invalid. Using default page load timeout: '20'

2022-02-14 14:35:14 - [MESSAGE][PASSED] - Tapped on element 'Object Repository/Tabung/tabungThreeDotsBtn'

2022-02-14 14:35:14 - [TEST_STEP][PASSED] - tap(findTestObject("Tabung/tabungThreeDotsFundBtn"), 0): Tapped on element 'Object Repository/Tabung/tabungThreeDotsFundBtn'

2022-02-14 14:35:14 - [MESSAGE][WARNING] - Timeout '0' is invalid. Using default page load timeout: '20'

2022-02-14 14:35:16 - [MESSAGE][PASSED] - Tapped on element 'Object Repository/Tabung/tabungThreeDotsFundBtn'

2022-02-14 14:35:16 - [TEST_STEP][PASSED] - delay(2): Delayed 2 second(s)

2022-02-14 14:35:18 - [MESSAGE][PASSED] - Delayed 2 second(s)

2022-02-14 14:35:18 - [TEST_STEP][PASSED] - tap(findTestObject("Login Onboarding/PIN2"), 0): Tapped on element 'Object Repository/Login Onboarding/PIN2'

2022-02-14 14:35:18 - [MESSAGE][WARNING] - Timeout '0' is invalid. Using default page load timeout: '20'

2022-02-14 14:35:19 - [MESSAGE][PASSED] - Tapped on element 'Object Repository/Login Onboarding/PIN2'

2022-02-14 14:35:19 - [TEST_STEP][PASSED] - delay(2): Delayed 2 second(s)

2022-02-14 14:35:21 - [MESSAGE][PASSED] - Delayed 2 second(s)

2022-02-14 14:35:21 - [TEST_STEP][PASSED] - tap(findTestObject("Tabung/tabungFundAmountTickBtn"), 0): Tapped on element 'Object Repository/Tabung/tabungFundAmountTickBtn'

2022-02-14 14:35:21 - [MESSAGE][WARNING] - Timeout '0' is invalid. Using default page load timeout: '20'

2022-02-14 14:35:21 - [MESSAGE][PASSED] - Tapped on element 'Object Repository/Tabung/tabungFundAmountTickBtn'

2022-02-14 14:35:21 - [TEST_STEP][PASSED] - delay(2): Delayed 2 second(s)

2022-02-14 14:35:23 - [MESSAGE][PASSED] - Delayed 2 second(s)

2022-02-14 14:35:23 - [TEST_STEP][PASSED] - if (verifyElementVisible(findTestObject("Tabung/tabungEnterPasswordTxt"), 0, OPTIONAL)): Element 'Object Repository/Tabung/tabungEnterPasswordTxt' not found

2022-02-14 14:35:23 - [MESSAGE][WARNING] - Timeout '0' is invalid. Using default page load timeout: '20'

2022-02-14 14:35:43 - [MESSAGE][WARNING] - Element 'Object Repository/Tabung/tabungEnterPasswordTxt' not found

2022-02-14 14:35:43 - [TEST_STEP][PASSED] - delay(10): Delayed 10 second(s)

2022-02-14 14:35:53 - [MESSAGE][PASSED] - Delayed 10 second(s)

2022-02-14 14:35:53 - [TEST_STEP][PASSED] - tap(findTestObject("Tabung/tabungFundTabungBtn"), 0): Tapped on element 'Object Repository/Tabung/tabungFundTabungBtn'

2022-02-14 14:35:54 - [MESSAGE][WARNING] - Timeout '0' is invalid. Using default page load timeout: '20'

2022-02-14 14:35:54 - [MESSAGE][PASSED] - Tapped on element 'Object Repository/Tabung/tabungFundTabungBtn'

2022-02-14 14:35:54 - [TEST_STEP][PASSED] - if (verifyElementVisible(findTestObject("Object Repository/Festive Season/festiveReturnAngpaoTACNoTxt"), 0, OPTIONAL)): null

2022-02-14 14:35:54 - [MESSAGE][WARNING] - Timeout '0' is invalid. Using default page load timeout: '20'

2022-02-14 14:35:59 - [MESSAGE][PASSED] - Element 'Object Repository/Festive Season/festiveReturnAngpaoTACNoTxt' is visible

2022-02-14 14:35:59 - [TEST_STEP][PASSED] - OTP = getText(findTestObject("Object Repository/Festive Season/festiveReturnAngpaoTACNoTxt"), 0): Text of element 'Object Repository/Festive Season/festiveReturnAngpaoTACNoTxt' is: 'Your TAC no. is 587743'

2022-02-14 14:35:59 - [MESSAGE][WARNING] - Timeout '0' is invalid. Using default page load timeout: '20'

2022-02-14 14:35:59 - [MESSAGE][PASSED] - Text of element 'Object Repository/Festive Season/festiveReturnAngpaoTACNoTxt' is: 'Your TAC no. is 587743'

2022-02-14 14:35:59 - [TEST_STEP][PASSED] - delay(2): Delayed 2 second(s)

2022-02-14 14:36:01 - [MESSAGE][PASSED] - Delayed 2 second(s)

2022-02-14 14:36:01 - [TEST_STEP][PASSED] - for ([i = 16, i <= 21, (i++)]): null

2022-02-14 14:36:01 - [TEST_STEP][PASSED] - if (OTP[i] == "0"): null

2022-02-14 14:36:01 - [TEST_STEP][PASSED] - if (OTP[i] == "1"): null

2022-02-14 14:36:01 - [TEST_STEP][PASSED] - if (OTP[i] == "2"): null

2022-02-14 14:36:01 - [TEST_STEP][PASSED] - if (OTP[i] == "3"): null

2022-02-14 14:36:01 - [TEST_STEP][PASSED] - if (OTP[i] == "4"): null

2022-02-14 14:36:01 - [TEST_STEP][PASSED] - if (OTP[i] == "5"): Tapped on element 'Object Repository/Login Onboarding/PIN5'

2022-02-14 14:36:01 - [TEST_STEP][PASSED] - tap(findTestObject("Login Onboarding/PIN5"), 0): Tapped on element 'Object Repository/Login Onboarding/PIN5'

2022-02-14 14:36:01 - [MESSAGE][WARNING] - Timeout '0' is invalid. Using default page load timeout: '20'

2022-02-14 14:36:05 - [MESSAGE][PASSED] - Tapped on element 'Object Repository/Login Onboarding/PIN5'

2022-02-14 14:36:05 - [TEST_STEP][PASSED] - if (OTP[i] == "6"): null

2022-02-14 14:36:05 - [TEST_STEP][PASSED] - if (OTP[i] == "7"): null

2022-02-14 14:36:05 - [TEST_STEP][PASSED] - if (OTP[i] == "8"): null

2022-02-14 14:36:05 - [TEST_STEP][PASSED] - if (OTP[i] == "9"): null

2022-02-14 14:36:05 - [TEST_STEP][PASSED] - if (OTP[i] == "0"): null

2022-02-14 14:36:05 - [TEST_STEP][PASSED] - if (OTP[i] == "1"): null

2022-02-14 14:36:05 - [TEST_STEP][PASSED] - if (OTP[i] == "2"): null

2022-02-14 14:36:05 - [TEST_STEP][PASSED] - if (OTP[i] == "3"): null

2022-02-14 14:36:05 - [TEST_STEP][PASSED] - if (OTP[i] == "4"): null

2022-02-14 14:36:05 - [TEST_STEP][PASSED] - if (OTP[i] == "5"): null

2022-02-14 14:36:05 - [TEST_STEP][PASSED] - if (OTP[i] == "6"): null

2022-02-14 14:36:05 - [TEST_STEP][PASSED] - if (OTP[i] == "7"): null

2022-02-14 14:36:05 - [TEST_STEP][PASSED] - if (OTP[i] == "8"): Tapped on element 'Object Repository/Login Onboarding/PIN8'

2022-02-14 14:36:05 - [TEST_STEP][PASSED] - tap(findTestObject("Login Onboarding/PIN8"), 0): Tapped on element 'Object Repository/Login Onboarding/PIN8'

2022-02-14 14:36:05 - [MESSAGE][WARNING] - Timeout '0' is invalid. Using default page load timeout: '20'

2022-02-14 14:36:05 - [MESSAGE][PASSED] - Tapped on element 'Object Repository/Login Onboarding/PIN8'

2022-02-14 14:36:05 - [TEST_STEP][PASSED] - if (OTP[i] == "9"): null

2022-02-14 14:36:05 - [TEST_STEP][PASSED] - if (OTP[i] == "0"): null

2022-02-14 14:36:05 - [TEST_STEP][PASSED] - if (OTP[i] == "1"): null

2022-02-14 14:36:05 - [TEST_STEP][PASSED] - if (OTP[i] == "2"): null

2022-02-14 14:36:05 - [TEST_STEP][PASSED] - if (OTP[i] == "3"): null

2022-02-14 14:36:05 - [TEST_STEP][PASSED] - if (OTP[i] == "4"): null

2022-02-14 14:36:05 - [TEST_STEP][PASSED] - if (OTP[i] == "5"): null

2022-02-14 14:36:05 - [TEST_STEP][PASSED] - if (OTP[i] == "6"): null

2022-02-14 14:36:05 - [TEST_STEP][PASSED] - if (OTP[i] == "7"): Tapped on element 'Object Repository/Login Onboarding/PIN7'

2022-02-14 14:36:05 - [TEST_STEP][PASSED] - tap(findTestObject("Login Onboarding/PIN7"), 0): Tapped on element 'Object Repository/Login Onboarding/PIN7'

2022-02-14 14:36:05 - [MESSAGE][WARNING] - Timeout '0' is invalid. Using default page load timeout: '20'

2022-02-14 14:36:07 - [MESSAGE][PASSED] - Tapped on element 'Object Repository/Login Onboarding/PIN7'

2022-02-14 14:36:07 - [TEST_STEP][PASSED] - if (OTP[i] == "8"): null

2022-02-14 14:36:07 - [TEST_STEP][PASSED] - if (OTP[i] == "9"): null

2022-02-14 14:36:07 - [TEST_STEP][PASSED] - if (OTP[i] == "0"): null

2022-02-14 14:36:07 - [TEST_STEP][PASSED] - if (OTP[i] == "1"): null

2022-02-14 14:36:07 - [TEST_STEP][PASSED] - if (OTP[i] == "2"): null

2022-02-14 14:36:07 - [TEST_STEP][PASSED] - if (OTP[i] == "3"): null

2022-02-14 14:36:07 - [TEST_STEP][PASSED] - if (OTP[i] == "4"): null

2022-02-14 14:36:07 - [TEST_STEP][PASSED] - if (OTP[i] == "5"): null

2022-02-14 14:36:07 - [TEST_STEP][PASSED] - if (OTP[i] == "6"): null

2022-02-14 14:36:07 - [TEST_STEP][PASSED] - if (OTP[i] == "7"): Tapped on element 'Object Repository/Login Onboarding/PIN7'

2022-02-14 14:36:07 - [TEST_STEP][PASSED] - tap(findTestObject("Login Onboarding/PIN7"), 0): Tapped on element 'Object Repository/Login Onboarding/PIN7'

2022-02-14 14:36:07 - [MESSAGE][WARNING] - Timeout '0' is invalid. Using default page load timeout: '20'

2022-02-14 14:36:09 - [MESSAGE][PASSED] - Tapped on element 'Object Repository/Login Onboarding/PIN7'

2022-02-14 14:36:09 - [TEST_STEP][PASSED] - if (OTP[i] == "8"): null

2022-02-14 14:36:09 - [TEST_STEP][PASSED] - if (OTP[i] == "9"): null

2022-02-14 14:36:09 - [TEST_STEP][PASSED] - if (OTP[i] == "0"): null

2022-02-14 14:36:09 - [TEST_STEP][PASSED] - if (OTP[i] == "1"): null

2022-02-14 14:36:09 - [TEST_STEP][PASSED] - if (OTP[i] == "2"): null

2022-02-14 14:36:09 - [TEST_STEP][PASSED] - if (OTP[i] == "3"): null

2022-02-14 14:36:09 - [TEST_STEP][PASSED] - if (OTP[i] == "4"): Tapped on element 'Object Repository/Login Onboarding/PIN4'

2022-02-14 14:36:09 - [TEST_STEP][PASSED] - tap(findTestObject("Login Onboarding/PIN4"), 0): Tapped on element 'Object Repository/Login Onboarding/PIN4'

2022-02-14 14:36:09 - [MESSAGE][WARNING] - Timeout '0' is invalid. Using default page load timeout: '20'

2022-02-14 14:36:11 - [MESSAGE][PASSED] - Tapped on element 'Object Repository/Login Onboarding/PIN4'

2022-02-14 14:36:11 - [TEST_STEP][PASSED] - if (OTP[i] == "5"): null

2022-02-14 14:36:11 - [TEST_STEP][PASSED] - if (OTP[i] == "6"): null

2022-02-14 14:36:11 - [TEST_STEP][PASSED] - if (OTP[i] == "7"): null

2022-02-14 14:36:11 - [TEST_STEP][PASSED] - if (OTP[i] == "8"): null

2022-02-14 14:36:11 - [TEST_STEP][PASSED] - if (OTP[i] == "9"): null

2022-02-14 14:36:11 - [TEST_STEP][PASSED] - if (OTP[i] == "0"): null

2022-02-14 14:36:11 - [TEST_STEP][PASSED] - if (OTP[i] == "1"): null

2022-02-14 14:36:11 - [TEST_STEP][PASSED] - if (OTP[i] == "2"): null

2022-02-14 14:36:11 - [TEST_STEP][PASSED] - if (OTP[i] == "3"): Tapped on element 'Object Repository/Login Onboarding/PIN3'

2022-02-14 14:36:11 - [TEST_STEP][PASSED] - tap(findTestObject("Login Onboarding/PIN3"), 0): Tapped on element 'Object Repository/Login Onboarding/PIN3'

2022-02-14 14:36:11 - [MESSAGE][WARNING] - Timeout '0' is invalid. Using default page load timeout: '20'

2022-02-14 14:36:13 - [MESSAGE][PASSED] - Tapped on element 'Object Repository/Login Onboarding/PIN3'

2022-02-14 14:36:13 - [TEST_STEP][PASSED] - if (OTP[i] == "4"): null

2022-02-14 14:36:13 - [TEST_STEP][PASSED] - if (OTP[i] == "5"): null

2022-02-14 14:36:13 - [TEST_STEP][PASSED] - if (OTP[i] == "6"): null

2022-02-14 14:36:13 - [TEST_STEP][PASSED] - if (OTP[i] == "7"): null

2022-02-14 14:36:13 - [TEST_STEP][PASSED] - if (OTP[i] == "8"): null

2022-02-14 14:36:13 - [TEST_STEP][PASSED] - if (OTP[i] == "9"): null

2022-02-14 14:36:13 - [TEST_STEP][PASSED] - delay(3): Delayed 3 second(s)

2022-02-14 14:36:16 - [MESSAGE][PASSED] - Delayed 3 second(s)

2022-02-14 14:36:16 - [TEST_STEP][PASSED] - tap(findTestObject("Festive Season/festiveReturnAngpaoTickBtn"), 0): Tapped on element 'Object Repository/Festive Season/festiveReturnAngpaoTickBtn'

2022-02-14 14:36:16 - [MESSAGE][WARNING] - Timeout '0' is invalid. Using default page load timeout: '20'

2022-02-14 14:36:17 - [MESSAGE][PASSED] - Tapped on element 'Object Repository/Festive Season/festiveReturnAngpaoTickBtn'

2022-02-14 14:36:17 - [TEST_STEP][PASSED] - delay(3): Delayed 3 second(s)

2022-02-14 14:36:20 - [MESSAGE][PASSED] - Delayed 3 second(s)

2022-02-14 14:36:20 - [TEST_STEP][PASSED] - verifyElementText(findTestObject("Tabung/tabungFundSummaryTopupSuccesfullTxt"), "Topup Successful"): Actual text and expected text of test object 'Object Repository/Tabung/tabungFundSummaryTopupSuccesfullTxt' are matched.

2022-02-14 14:36:23 - [MESSAGE][PASSED] - Actual text and expected text of test object 'Object Repository/Tabung/tabungFundSummaryTopupSuccesfullTxt' are matched.

2022-02-14 14:36:23 - [TEST_STEP][PASSED] - delay(3): Delayed 3 second(s)

2022-02-14 14:36:26 - [MESSAGE][PASSED] - Delayed 3 second(s)

2022-02-14 14:36:26 - [TEST_STEP][PASSED] - verifyElementExist(findTestObject("Main/mainDoneBtn"), 0): Element 'Object Repository/Main/mainDoneBtn' is exist

2022-02-14 14:36:27 - [MESSAGE][WARNING] - Timeout '0' is invalid. Using default page load timeout: '20'

2022-02-14 14:36:28 - [MESSAGE][PASSED] - Element 'Object Repository/Main/mainDoneBtn' is exist

2022-02-14 14:36:28 - [TEST_STEP][PASSED] - tap(findTestObject("Main/mainDoneBtn"), 0): Tapped on element 'Object Repository/Main/mainDoneBtn'

2022-02-14 14:36:28 - [MESSAGE][WARNING] - Timeout '0' is invalid. Using default page load timeout: '20'

2022-02-14 14:36:28 - [MESSAGE][PASSED] - Tapped on element 'Object Repository/Main/mainDoneBtn'

2022-02-14 14:36:28 - [TEST_STEP][PASSED] - delay(5): Delayed 5 second(s)

2022-02-14 14:36:33 - [MESSAGE][PASSED] - Delayed 5 second(s)]]></system-out>
         <system-err><![CDATA[]]></system-err>
      </testcase>
      <testcase name="Test Cases/Tabung/tabung_withdrawTabung" time="109.732" classname="Test Cases/Tabung/tabung_withdrawTabung" status="PASSED">
         <system-out><![CDATA[2022-02-14 14:36:33 - [TEST_CASE][PASSED] - Test Cases/Tabung/tabung_withdrawTabung: Test Cases/Tabung/tabung_withdrawTabung

2022-02-14 14:36:33 - [TEST_STEP][PASSED] - startApplication("/Users/a00139272/Katalon Studio/MAE/androidapp/app-sit-universal-release-copy.apk", false): Started app at: '/Users/a00139272/Katalon Studio/MAE/androidapp/app-sit-universal-release-copy.apk'

2022-02-14 14:36:33 - [MESSAGE][INFO] - User set preference: ['appWaitActivity', '*']

2022-02-14 14:36:33 - [MESSAGE][INFO] - User set preference: ['deviceId', '2252c030550d7ece']

2022-02-14 14:36:33 - [MESSAGE][INFO] - User set preference: ['appPackage', 'com.maybank2u.life.sit']

2022-02-14 14:36:33 - [MESSAGE][INFO] - User set preference: ['appActivity', 'com.maybank2u.life.MainActivity']

2022-02-14 14:36:42 - [MESSAGE][PASSED] - Started app at: '/Users/a00139272/Katalon Studio/MAE/androidapp/app-sit-universal-release-copy.apk'

2022-02-14 14:36:42 - [TEST_STEP][PASSED] - setMobileDriverPreferencesProperty("appPackage", "com.maybank2u.life.sit"): null

2022-02-14 14:36:42 - [TEST_STEP][PASSED] - setMobileDriverPreferencesProperty("appActivity", "com.maybank2u.life.sit.MainActivity"): null

2022-02-14 14:36:42 - [TEST_STEP][PASSED] - delay(3): Delayed 3 second(s)

2022-02-14 14:36:45 - [MESSAGE][PASSED] - Delayed 3 second(s)

2022-02-14 14:36:45 - [TEST_STEP][PASSED] - if (getDeviceManufacturer() == "samsung"): null

2022-02-14 14:36:45 - [MESSAGE][PASSED] - Device manufacturer is: 'samsung'

2022-02-14 14:36:45 - [TEST_STEP][PASSED] - tapAtPosition(1250, 2667): Tapped at [1,250, 2,667]

2022-02-14 14:36:47 - [MESSAGE][PASSED] - Tapped at [1,250, 2,667]

2022-02-14 14:36:47 - [TEST_STEP][PASSED] - tapAtPosition(1250, 2667): Tapped at [1,250, 2,667]

2022-02-14 14:36:47 - [MESSAGE][PASSED] - Tapped at [1,250, 2,667]

2022-02-14 14:36:47 - [TEST_STEP][PASSED] - waitForElementPresent(findTestObject("Tabung/moreTabungIconSelect"), 0): Element 'Object Repository/Tabung/moreTabungIconSelect' is present

2022-02-14 14:36:47 - [MESSAGE][WARNING] - Timeout '0' is invalid. Using default page load timeout: '20'

2022-02-14 14:36:48 - [MESSAGE][PASSED] - Element 'Object Repository/Tabung/moreTabungIconSelect' is present

2022-02-14 14:36:48 - [TEST_STEP][PASSED] - tap(findTestObject("Tabung/moreTabungIconSelect"), 0): Tapped on element 'Object Repository/Tabung/moreTabungIconSelect'

2022-02-14 14:36:48 - [MESSAGE][WARNING] - Timeout '0' is invalid. Using default page load timeout: '20'

2022-02-14 14:36:51 - [MESSAGE][PASSED] - Tapped on element 'Object Repository/Tabung/moreTabungIconSelect'

2022-02-14 14:36:51 - [TEST_STEP][PASSED] - if (verifyElementVisible(findTestObject("Main/mainEnterPINMessage"), 0, OPTIONAL)): null

2022-02-14 14:36:51 - [MESSAGE][WARNING] - Timeout '0' is invalid. Using default page load timeout: '20'

2022-02-14 14:36:51 - [MESSAGE][PASSED] - Element 'Object Repository/Main/mainEnterPINMessage' is visible

2022-02-14 14:36:51 - [TEST_STEP][PASSED] - tap(findTestObject("Login Onboarding/PIN1"), 0): Tapped on element 'Object Repository/Login Onboarding/PIN1'

2022-02-14 14:36:51 - [MESSAGE][WARNING] - Timeout '0' is invalid. Using default page load timeout: '20'

2022-02-14 14:36:51 - [MESSAGE][PASSED] - Tapped on element 'Object Repository/Login Onboarding/PIN1'

2022-02-14 14:36:51 - [TEST_STEP][PASSED] - tap(findTestObject("Login Onboarding/PIN1"), 0): Tapped on element 'Object Repository/Login Onboarding/PIN1'

2022-02-14 14:36:51 - [MESSAGE][WARNING] - Timeout '0' is invalid. Using default page load timeout: '20'

2022-02-14 14:36:53 - [MESSAGE][PASSED] - Tapped on element 'Object Repository/Login Onboarding/PIN1'

2022-02-14 14:36:53 - [TEST_STEP][PASSED] - tap(findTestObject("Login Onboarding/PIN1"), 0): Tapped on element 'Object Repository/Login Onboarding/PIN1'

2022-02-14 14:36:53 - [MESSAGE][WARNING] - Timeout '0' is invalid. Using default page load timeout: '20'

2022-02-14 14:36:55 - [MESSAGE][PASSED] - Tapped on element 'Object Repository/Login Onboarding/PIN1'

2022-02-14 14:36:55 - [TEST_STEP][PASSED] - tap(findTestObject("Login Onboarding/PIN1"), 0): Tapped on element 'Object Repository/Login Onboarding/PIN1'

2022-02-14 14:36:56 - [MESSAGE][WARNING] - Timeout '0' is invalid. Using default page load timeout: '20'

2022-02-14 14:36:57 - [MESSAGE][PASSED] - Tapped on element 'Object Repository/Login Onboarding/PIN1'

2022-02-14 14:36:57 - [TEST_STEP][PASSED] - tap(findTestObject("Login Onboarding/PIN1"), 0): Tapped on element 'Object Repository/Login Onboarding/PIN1'

2022-02-14 14:36:57 - [MESSAGE][WARNING] - Timeout '0' is invalid. Using default page load timeout: '20'

2022-02-14 14:36:59 - [MESSAGE][PASSED] - Tapped on element 'Object Repository/Login Onboarding/PIN1'

2022-02-14 14:36:59 - [TEST_STEP][PASSED] - tap(findTestObject("Login Onboarding/PIN2"), 0): Tapped on element 'Object Repository/Login Onboarding/PIN2'

2022-02-14 14:36:59 - [MESSAGE][WARNING] - Timeout '0' is invalid. Using default page load timeout: '20'

2022-02-14 14:37:01 - [MESSAGE][PASSED] - Tapped on element 'Object Repository/Login Onboarding/PIN2'

2022-02-14 14:37:01 - [TEST_STEP][PASSED] - delay(2): Delayed 2 second(s)

2022-02-14 14:37:03 - [MESSAGE][PASSED] - Delayed 2 second(s)

2022-02-14 14:37:03 - [TEST_STEP][PASSED] - delay(2): Delayed 2 second(s)

2022-02-14 14:37:05 - [MESSAGE][PASSED] - Delayed 2 second(s)

2022-02-14 14:37:05 - [TEST_STEP][PASSED] - tap(findTestObject("Tabung/tabungNameSelection", ["text":"Switzerland"]), 10): Tapped on element 'Object Repository/Tabung/tabungNameSelection'

2022-02-14 14:37:10 - [MESSAGE][PASSED] - Tapped on element 'Object Repository/Tabung/tabungNameSelection'

2022-02-14 14:37:10 - [TEST_STEP][PASSED] - tap(findTestObject("Tabung/tabungThreeDotsBtn"), 0): Tapped on element 'Object Repository/Tabung/tabungThreeDotsBtn'

2022-02-14 14:37:10 - [MESSAGE][WARNING] - Timeout '0' is invalid. Using default page load timeout: '20'

2022-02-14 14:37:11 - [MESSAGE][PASSED] - Tapped on element 'Object Repository/Tabung/tabungThreeDotsBtn'

2022-02-14 14:37:11 - [TEST_STEP][PASSED] - tap(findTestObject("Tabung/tabungWithdrawFundBtn"), 0): Tapped on element 'Object Repository/Tabung/tabungWithdrawFundBtn'

2022-02-14 14:37:11 - [MESSAGE][WARNING] - Timeout '0' is invalid. Using default page load timeout: '20'

2022-02-14 14:37:13 - [MESSAGE][PASSED] - Tapped on element 'Object Repository/Tabung/tabungWithdrawFundBtn'

2022-02-14 14:37:13 - [TEST_STEP][PASSED] - delay(2): Delayed 2 second(s)

2022-02-14 14:37:15 - [MESSAGE][PASSED] - Delayed 2 second(s)

2022-02-14 14:37:15 - [TEST_STEP][PASSED] - tap(findTestObject("Tabung/tabungWithdrawConfirmBtn"), 0): Tapped on element 'Object Repository/Tabung/tabungWithdrawConfirmBtn'

2022-02-14 14:37:15 - [MESSAGE][WARNING] - Timeout '0' is invalid. Using default page load timeout: '20'

2022-02-14 14:37:16 - [MESSAGE][PASSED] - Tapped on element 'Object Repository/Tabung/tabungWithdrawConfirmBtn'

2022-02-14 14:37:16 - [TEST_STEP][PASSED] - delay(2): Delayed 2 second(s)

2022-02-14 14:37:18 - [MESSAGE][PASSED] - Delayed 2 second(s)

2022-02-14 14:37:18 - [TEST_STEP][PASSED] - tap(findTestObject("Login Onboarding/PIN1"), 0): Tapped on element 'Object Repository/Login Onboarding/PIN1'

2022-02-14 14:37:18 - [MESSAGE][WARNING] - Timeout '0' is invalid. Using default page load timeout: '20'

2022-02-14 14:37:18 - [MESSAGE][PASSED] - Tapped on element 'Object Repository/Login Onboarding/PIN1'

2022-02-14 14:37:18 - [TEST_STEP][PASSED] - delay(2): Delayed 2 second(s)

2022-02-14 14:37:20 - [MESSAGE][PASSED] - Delayed 2 second(s)

2022-02-14 14:37:20 - [TEST_STEP][PASSED] - tap(findTestObject("Tabung/tabungFundAmountTickBtn"), 0): Tapped on element 'Object Repository/Tabung/tabungFundAmountTickBtn'

2022-02-14 14:37:20 - [MESSAGE][WARNING] - Timeout '0' is invalid. Using default page load timeout: '20'

2022-02-14 14:37:21 - [MESSAGE][PASSED] - Tapped on element 'Object Repository/Tabung/tabungFundAmountTickBtn'

2022-02-14 14:37:21 - [TEST_STEP][PASSED] - delay(2): Delayed 2 second(s)

2022-02-14 14:37:23 - [MESSAGE][PASSED] - Delayed 2 second(s)

2022-02-14 14:37:23 - [TEST_STEP][PASSED] - if (verifyElementVisible(findTestObject("Tabung/tabungEnterPasswordTxt"), 0, OPTIONAL)): null

2022-02-14 14:37:23 - [MESSAGE][WARNING] - Timeout '0' is invalid. Using default page load timeout: '20'

2022-02-14 14:37:25 - [MESSAGE][PASSED] - Element 'Object Repository/Tabung/tabungEnterPasswordTxt' is visible

2022-02-14 14:37:25 - [TEST_STEP][PASSED] - setText(findTestObject("Tabung/tabungSignInInputPasswordField"), Password, 0): Text 'Sanjay@49' has been set to element 'Object Repository/Tabung/tabungSignInInputPasswordField'

2022-02-14 14:37:25 - [MESSAGE][WARNING] - Timeout '0' is invalid. Using default page load timeout: '20'

2022-02-14 14:37:26 - [MESSAGE][PASSED] - Text 'Sanjay@49' has been set to element 'Object Repository/Tabung/tabungSignInInputPasswordField'

2022-02-14 14:37:26 - [TEST_STEP][PASSED] - hideKeyboard(): Keyboard is hidden

2022-02-14 14:37:27 - [MESSAGE][PASSED] - Keyboard is hidden

2022-02-14 14:37:27 - [TEST_STEP][PASSED] - tap(findTestObject("Tabung/tabungSignInContinueBtn"), 0): Tapped on element 'Object Repository/Tabung/tabungSignInContinueBtn'

2022-02-14 14:37:27 - [MESSAGE][WARNING] - Timeout '0' is invalid. Using default page load timeout: '20'

2022-02-14 14:37:27 - [MESSAGE][PASSED] - Tapped on element 'Object Repository/Tabung/tabungSignInContinueBtn'

2022-02-14 14:37:27 - [TEST_STEP][PASSED] - tap(findTestObject("Tabung/tabungWithdrawFundBtn"), 0): Tapped on element 'Object Repository/Tabung/tabungWithdrawFundBtn'

2022-02-14 14:37:27 - [MESSAGE][WARNING] - Timeout '0' is invalid. Using default page load timeout: '20'

2022-02-14 14:37:34 - [MESSAGE][PASSED] - Tapped on element 'Object Repository/Tabung/tabungWithdrawFundBtn'

2022-02-14 14:37:34 - [TEST_STEP][PASSED] - delay(3): Delayed 3 second(s)

2022-02-14 14:37:37 - [MESSAGE][PASSED] - Delayed 3 second(s)

2022-02-14 14:37:37 - [TEST_STEP][PASSED] - if (verifyElementVisible(findTestObject("Object Repository/Festive Season/festiveReturnAngpaoTACNoTxt"), 0, OPTIONAL)): null

2022-02-14 14:37:37 - [MESSAGE][WARNING] - Timeout '0' is invalid. Using default page load timeout: '20'

2022-02-14 14:37:46 - [MESSAGE][PASSED] - Element 'Object Repository/Festive Season/festiveReturnAngpaoTACNoTxt' is visible

2022-02-14 14:37:46 - [TEST_STEP][PASSED] - OTP = getText(findTestObject("Object Repository/Festive Season/festiveReturnAngpaoTACNoTxt"), 0): Text of element 'Object Repository/Festive Season/festiveReturnAngpaoTACNoTxt' is: 'Your TAC no. is 975108'

2022-02-14 14:37:46 - [MESSAGE][WARNING] - Timeout '0' is invalid. Using default page load timeout: '20'

2022-02-14 14:37:47 - [MESSAGE][PASSED] - Text of element 'Object Repository/Festive Season/festiveReturnAngpaoTACNoTxt' is: 'Your TAC no. is 975108'

2022-02-14 14:37:47 - [TEST_STEP][PASSED] - delay(2): Delayed 2 second(s)

2022-02-14 14:37:49 - [MESSAGE][PASSED] - Delayed 2 second(s)

2022-02-14 14:37:49 - [TEST_STEP][PASSED] - for ([i = 16, i <= 21, (i++)]): null

2022-02-14 14:37:49 - [TEST_STEP][PASSED] - if (OTP[i] == "0"): null

2022-02-14 14:37:49 - [TEST_STEP][PASSED] - if (OTP[i] == "1"): null

2022-02-14 14:37:49 - [TEST_STEP][PASSED] - if (OTP[i] == "2"): null

2022-02-14 14:37:49 - [TEST_STEP][PASSED] - if (OTP[i] == "3"): null

2022-02-14 14:37:49 - [TEST_STEP][PASSED] - if (OTP[i] == "4"): null

2022-02-14 14:37:49 - [TEST_STEP][PASSED] - if (OTP[i] == "5"): null

2022-02-14 14:37:49 - [TEST_STEP][PASSED] - if (OTP[i] == "6"): null

2022-02-14 14:37:49 - [TEST_STEP][PASSED] - if (OTP[i] == "7"): null

2022-02-14 14:37:49 - [TEST_STEP][PASSED] - if (OTP[i] == "8"): null

2022-02-14 14:37:49 - [TEST_STEP][PASSED] - if (OTP[i] == "9"): Tapped on element 'Object Repository/Login Onboarding/PIN9'

2022-02-14 14:37:49 - [TEST_STEP][PASSED] - tap(findTestObject("Login Onboarding/PIN9"), 0): Tapped on element 'Object Repository/Login Onboarding/PIN9'

2022-02-14 14:37:49 - [MESSAGE][WARNING] - Timeout '0' is invalid. Using default page load timeout: '20'

2022-02-14 14:37:50 - [MESSAGE][PASSED] - Tapped on element 'Object Repository/Login Onboarding/PIN9'

2022-02-14 14:37:50 - [TEST_STEP][PASSED] - if (OTP[i] == "0"): null

2022-02-14 14:37:50 - [TEST_STEP][PASSED] - if (OTP[i] == "1"): null

2022-02-14 14:37:50 - [TEST_STEP][PASSED] - if (OTP[i] == "2"): null

2022-02-14 14:37:50 - [TEST_STEP][PASSED] - if (OTP[i] == "3"): null

2022-02-14 14:37:50 - [TEST_STEP][PASSED] - if (OTP[i] == "4"): null

2022-02-14 14:37:50 - [TEST_STEP][PASSED] - if (OTP[i] == "5"): null

2022-02-14 14:37:50 - [TEST_STEP][PASSED] - if (OTP[i] == "6"): null

2022-02-14 14:37:50 - [TEST_STEP][PASSED] - if (OTP[i] == "7"): Tapped on element 'Object Repository/Login Onboarding/PIN7'

2022-02-14 14:37:50 - [TEST_STEP][PASSED] - tap(findTestObject("Login Onboarding/PIN7"), 0): Tapped on element 'Object Repository/Login Onboarding/PIN7'

2022-02-14 14:37:50 - [MESSAGE][WARNING] - Timeout '0' is invalid. Using default page load timeout: '20'

2022-02-14 14:37:53 - [MESSAGE][PASSED] - Tapped on element 'Object Repository/Login Onboarding/PIN7'

2022-02-14 14:37:53 - [TEST_STEP][PASSED] - if (OTP[i] == "8"): null

2022-02-14 14:37:53 - [TEST_STEP][PASSED] - if (OTP[i] == "9"): null

2022-02-14 14:37:53 - [TEST_STEP][PASSED] - if (OTP[i] == "0"): null

2022-02-14 14:37:53 - [TEST_STEP][PASSED] - if (OTP[i] == "1"): null

2022-02-14 14:37:53 - [TEST_STEP][PASSED] - if (OTP[i] == "2"): null

2022-02-14 14:37:53 - [TEST_STEP][PASSED] - if (OTP[i] == "3"): null

2022-02-14 14:37:53 - [TEST_STEP][PASSED] - if (OTP[i] == "4"): null

2022-02-14 14:37:53 - [TEST_STEP][PASSED] - if (OTP[i] == "5"): Tapped on element 'Object Repository/Login Onboarding/PIN5'

2022-02-14 14:37:53 - [TEST_STEP][PASSED] - tap(findTestObject("Login Onboarding/PIN5"), 0): Tapped on element 'Object Repository/Login Onboarding/PIN5'

2022-02-14 14:37:53 - [MESSAGE][WARNING] - Timeout '0' is invalid. Using default page load timeout: '20'

2022-02-14 14:37:57 - [MESSAGE][PASSED] - Tapped on element 'Object Repository/Login Onboarding/PIN5'

2022-02-14 14:37:57 - [TEST_STEP][PASSED] - if (OTP[i] == "6"): null

2022-02-14 14:37:57 - [TEST_STEP][PASSED] - if (OTP[i] == "7"): null

2022-02-14 14:37:57 - [TEST_STEP][PASSED] - if (OTP[i] == "8"): null

2022-02-14 14:37:57 - [TEST_STEP][PASSED] - if (OTP[i] == "9"): null

2022-02-14 14:37:57 - [TEST_STEP][PASSED] - if (OTP[i] == "0"): null

2022-02-14 14:37:57 - [TEST_STEP][PASSED] - if (OTP[i] == "1"): Tapped on element 'Object Repository/Login Onboarding/PIN1'

2022-02-14 14:37:57 - [TEST_STEP][PASSED] - tap(findTestObject("Login Onboarding/PIN1"), 0): Tapped on element 'Object Repository/Login Onboarding/PIN1'

2022-02-14 14:37:57 - [MESSAGE][WARNING] - Timeout '0' is invalid. Using default page load timeout: '20'

2022-02-14 14:37:58 - [MESSAGE][PASSED] - Tapped on element 'Object Repository/Login Onboarding/PIN1'

2022-02-14 14:37:58 - [TEST_STEP][PASSED] - if (OTP[i] == "2"): null

2022-02-14 14:37:58 - [TEST_STEP][PASSED] - if (OTP[i] == "3"): null

2022-02-14 14:37:58 - [TEST_STEP][PASSED] - if (OTP[i] == "4"): null

2022-02-14 14:37:58 - [TEST_STEP][PASSED] - if (OTP[i] == "5"): null

2022-02-14 14:37:58 - [TEST_STEP][PASSED] - if (OTP[i] == "6"): null

2022-02-14 14:37:58 - [TEST_STEP][PASSED] - if (OTP[i] == "7"): null

2022-02-14 14:37:58 - [TEST_STEP][PASSED] - if (OTP[i] == "8"): null

2022-02-14 14:37:58 - [TEST_STEP][PASSED] - if (OTP[i] == "9"): null

2022-02-14 14:37:58 - [TEST_STEP][PASSED] - if (OTP[i] == "0"): Tapped on element 'Object Repository/Login Onboarding/PIN0'

2022-02-14 14:37:58 - [TEST_STEP][PASSED] - tap(findTestObject("Login Onboarding/PIN0"), 0): Tapped on element 'Object Repository/Login Onboarding/PIN0'

2022-02-14 14:37:58 - [MESSAGE][WARNING] - Timeout '0' is invalid. Using default page load timeout: '20'

2022-02-14 14:38:00 - [MESSAGE][PASSED] - Tapped on element 'Object Repository/Login Onboarding/PIN0'

2022-02-14 14:38:00 - [TEST_STEP][PASSED] - if (OTP[i] == "1"): null

2022-02-14 14:38:00 - [TEST_STEP][PASSED] - if (OTP[i] == "2"): null

2022-02-14 14:38:00 - [TEST_STEP][PASSED] - if (OTP[i] == "3"): null

2022-02-14 14:38:00 - [TEST_STEP][PASSED] - if (OTP[i] == "4"): null

2022-02-14 14:38:00 - [TEST_STEP][PASSED] - if (OTP[i] == "5"): null

2022-02-14 14:38:00 - [TEST_STEP][PASSED] - if (OTP[i] == "6"): null

2022-02-14 14:38:00 - [TEST_STEP][PASSED] - if (OTP[i] == "7"): null

2022-02-14 14:38:00 - [TEST_STEP][PASSED] - if (OTP[i] == "8"): null

2022-02-14 14:38:00 - [TEST_STEP][PASSED] - if (OTP[i] == "9"): null

2022-02-14 14:38:00 - [TEST_STEP][PASSED] - if (OTP[i] == "0"): null

2022-02-14 14:38:00 - [TEST_STEP][PASSED] - if (OTP[i] == "1"): null

2022-02-14 14:38:00 - [TEST_STEP][PASSED] - if (OTP[i] == "2"): null

2022-02-14 14:38:00 - [TEST_STEP][PASSED] - if (OTP[i] == "3"): null

2022-02-14 14:38:00 - [TEST_STEP][PASSED] - if (OTP[i] == "4"): null

2022-02-14 14:38:00 - [TEST_STEP][PASSED] - if (OTP[i] == "5"): null

2022-02-14 14:38:00 - [TEST_STEP][PASSED] - if (OTP[i] == "6"): null

2022-02-14 14:38:00 - [TEST_STEP][PASSED] - if (OTP[i] == "7"): null

2022-02-14 14:38:00 - [TEST_STEP][PASSED] - if (OTP[i] == "8"): Tapped on element 'Object Repository/Login Onboarding/PIN8'

2022-02-14 14:38:00 - [TEST_STEP][PASSED] - tap(findTestObject("Login Onboarding/PIN8"), 0): Tapped on element 'Object Repository/Login Onboarding/PIN8'

2022-02-14 14:38:00 - [MESSAGE][WARNING] - Timeout '0' is invalid. Using default page load timeout: '20'

2022-02-14 14:38:02 - [MESSAGE][PASSED] - Tapped on element 'Object Repository/Login Onboarding/PIN8'

2022-02-14 14:38:02 - [TEST_STEP][PASSED] - if (OTP[i] == "9"): null

2022-02-14 14:38:02 - [TEST_STEP][PASSED] - delay(3): Delayed 3 second(s)

2022-02-14 14:38:05 - [MESSAGE][PASSED] - Delayed 3 second(s)

2022-02-14 14:38:05 - [TEST_STEP][PASSED] - tap(findTestObject("Festive Season/festiveReturnAngpaoTickBtn"), 0): Tapped on element 'Object Repository/Festive Season/festiveReturnAngpaoTickBtn'

2022-02-14 14:38:05 - [MESSAGE][WARNING] - Timeout '0' is invalid. Using default page load timeout: '20'

2022-02-14 14:38:06 - [MESSAGE][PASSED] - Tapped on element 'Object Repository/Festive Season/festiveReturnAngpaoTickBtn'

2022-02-14 14:38:06 - [TEST_STEP][PASSED] - delay(3): Delayed 3 second(s)

2022-02-14 14:38:09 - [MESSAGE][PASSED] - Delayed 3 second(s)

2022-02-14 14:38:09 - [TEST_STEP][PASSED] - verifyElementVisible(findTestObject("Tabung/tabungWithdrawalSummarySuccessTxt"), 0): Element 'Object Repository/Tabung/tabungWithdrawalSummarySuccessTxt' is visible

2022-02-14 14:38:09 - [MESSAGE][WARNING] - Timeout '0' is invalid. Using default page load timeout: '20'

2022-02-14 14:38:13 - [MESSAGE][PASSED] - Element 'Object Repository/Tabung/tabungWithdrawalSummarySuccessTxt' is visible

2022-02-14 14:38:13 - [TEST_STEP][PASSED] - verifyElementText(findTestObject("Tabung/tabungWithdrawalSummarySuccessTxt"), "Withdrawal Successful"): Actual text and expected text of test object 'Object Repository/Tabung/tabungWithdrawalSummarySuccessTxt' are matched.

2022-02-14 14:38:14 - [MESSAGE][PASSED] - Actual text and expected text of test object 'Object Repository/Tabung/tabungWithdrawalSummarySuccessTxt' are matched.

2022-02-14 14:38:14 - [TEST_STEP][PASSED] - delay(3): Delayed 3 second(s)

2022-02-14 14:38:17 - [MESSAGE][PASSED] - Delayed 3 second(s)

2022-02-14 14:38:17 - [TEST_STEP][PASSED] - verifyElementVisible(findTestObject("Main/mainDoneBtn"), 0): Element 'Object Repository/Main/mainDoneBtn' is visible

2022-02-14 14:38:17 - [MESSAGE][WARNING] - Timeout '0' is invalid. Using default page load timeout: '20'

2022-02-14 14:38:17 - [MESSAGE][PASSED] - Element 'Object Repository/Main/mainDoneBtn' is visible

2022-02-14 14:38:17 - [TEST_STEP][PASSED] - tap(findTestObject("Main/mainDoneBtn"), 0): Tapped on element 'Object Repository/Main/mainDoneBtn'

2022-02-14 14:38:17 - [MESSAGE][WARNING] - Timeout '0' is invalid. Using default page load timeout: '20'

2022-02-14 14:38:18 - [MESSAGE][PASSED] - Tapped on element 'Object Repository/Main/mainDoneBtn'

2022-02-14 14:38:18 - [TEST_STEP][PASSED] - delay(5): Delayed 5 second(s)

2022-02-14 14:38:23 - [MESSAGE][PASSED] - Delayed 5 second(s)]]></system-out>
         <system-err><![CDATA[]]></system-err>
      </testcase>
      <testcase name="Test Cases/Tabung/tabung_renameTabung" time="14.092" classname="Test Cases/Tabung/tabung_renameTabung" status="PASSED">
         <system-out><![CDATA[2022-02-14 14:38:23 - [TEST_CASE][PASSED] - Test Cases/Tabung/tabung_renameTabung: Test Cases/Tabung/tabung_renameTabung

2022-02-14 14:38:23 - [TEST_STEP][PASSED] - tap(findTestObject("Tabung/tabungNameSelection", ["text":"Switzerland"]), 10): Tapped on element 'Object Repository/Tabung/tabungNameSelection'

2022-02-14 14:38:24 - [MESSAGE][PASSED] - Tapped on element 'Object Repository/Tabung/tabungNameSelection'

2022-02-14 14:38:24 - [TEST_STEP][PASSED] - tap(findTestObject("Tabung/tabungThreeDotsBtn"), 0): Tapped on element 'Object Repository/Tabung/tabungThreeDotsBtn'

2022-02-14 14:38:24 - [MESSAGE][WARNING] - Timeout '0' is invalid. Using default page load timeout: '20'

2022-02-14 14:38:24 - [MESSAGE][PASSED] - Tapped on element 'Object Repository/Tabung/tabungThreeDotsBtn'

2022-02-14 14:38:24 - [TEST_STEP][PASSED] - tap(findTestObject("Tabung/tabungThreeDotsRenameBtn"), 0): Tapped on element 'Object Repository/Tabung/tabungThreeDotsRenameBtn'

2022-02-14 14:38:24 - [MESSAGE][WARNING] - Timeout '0' is invalid. Using default page load timeout: '20'

2022-02-14 14:38:26 - [MESSAGE][PASSED] - Tapped on element 'Object Repository/Tabung/tabungThreeDotsRenameBtn'

2022-02-14 14:38:26 - [TEST_STEP][PASSED] - delay(2): Delayed 2 second(s)

2022-02-14 14:38:28 - [MESSAGE][PASSED] - Delayed 2 second(s)

2022-02-14 14:38:28 - [TEST_STEP][PASSED] - clearText(findTestObject("Tabung/tabungRenameInputField"), 10): Element 'Object Repository/Tabung/tabungRenameInputField' text is cleared

2022-02-14 14:38:28 - [MESSAGE][PASSED] - Element 'Object Repository/Tabung/tabungRenameInputField' text is cleared

2022-02-14 14:38:28 - [TEST_STEP][PASSED] - setText(findTestObject("Tabung/tabungRenameInputField"), "Singapore", 0): Text 'Singapore' has been set to element 'Object Repository/Tabung/tabungRenameInputField'

2022-02-14 14:38:29 - [MESSAGE][WARNING] - Timeout '0' is invalid. Using default page load timeout: '20'

2022-02-14 14:38:30 - [MESSAGE][PASSED] - Text 'Singapore' has been set to element 'Object Repository/Tabung/tabungRenameInputField'

2022-02-14 14:38:30 - [TEST_STEP][PASSED] - hideKeyboard(): Keyboard is hidden

2022-02-14 14:38:31 - [MESSAGE][PASSED] - Keyboard is hidden

2022-02-14 14:38:31 - [TEST_STEP][PASSED] - verifyElementVisible(findTestObject("Tabung/tabungConfirmBtn"), 0): Element 'Object Repository/Tabung/tabungConfirmBtn' is visible

2022-02-14 14:38:31 - [MESSAGE][WARNING] - Timeout '0' is invalid. Using default page load timeout: '20'

2022-02-14 14:38:32 - [MESSAGE][PASSED] - Element 'Object Repository/Tabung/tabungConfirmBtn' is visible

2022-02-14 14:38:32 - [TEST_STEP][PASSED] - tap(findTestObject("Tabung/tabungConfirmBtn"), 0): Tapped on element 'Object Repository/Tabung/tabungConfirmBtn'

2022-02-14 14:38:32 - [MESSAGE][WARNING] - Timeout '0' is invalid. Using default page load timeout: '20'

2022-02-14 14:38:32 - [MESSAGE][PASSED] - Tapped on element 'Object Repository/Tabung/tabungConfirmBtn'

2022-02-14 14:38:32 - [TEST_STEP][PASSED] - delay(5): Delayed 5 second(s)

2022-02-14 14:38:37 - [MESSAGE][PASSED] - Delayed 5 second(s)]]></system-out>
         <system-err><![CDATA[]]></system-err>
      </testcase>
      <testcase name="Test Cases/Tabung/tabung_removeTabung" time="56.796" classname="Test Cases/Tabung/tabung_removeTabung" status="FAILED">
         <failure type="FAILED" message="Test Cases/Tabung/tabung_removeTabung FAILED.
Reason:
com.kms.katalon.core.exception.StepFailedException: Element 'Object Repository/Main/mainS2UApproveBtn' not found
	at com.kms.katalon.core.keyword.internal.KeywordMain.stepFailed(KeywordMain.groovy:50)
	at com.kms.katalon.core.mobile.keyword.internal.MobileKeywordMain.stepFailed(MobileKeywordMain.groovy:40)
	at com.kms.katalon.core.mobile.keyword.builtin.VerifyElementVisibleKeyword$_verifyElementVisible_closure1.doCall(VerifyElementVisibleKeyword.groovy:82)
	at com.kms.katalon.core.mobile.keyword.builtin.VerifyElementVisibleKeyword$_verifyElementVisible_closure1.call(VerifyElementVisibleKeyword.groovy)
	at com.kms.katalon.core.mobile.keyword.internal.MobileKeywordMain.runKeyword(MobileKeywordMain.groovy:21)
	at com.kms.katalon.core.mobile.keyword.builtin.VerifyElementVisibleKeyword.verifyElementVisible(VerifyElementVisibleKeyword.groovy:85)
	at com.kms.katalon.core.mobile.keyword.builtin.VerifyElementVisibleKeyword.execute(VerifyElementVisibleKeyword.groovy:64)
	at com.kms.katalon.core.keyword.internal.KeywordExecutor.executeKeywordForPlatform(KeywordExecutor.groovy:74)
	at com.kms.katalon.core.mobile.keyword.MobileBuiltInKeywords.verifyElementVisible(MobileBuiltInKeywords.groovy:1896)
	at com.kms.katalon.core.mobile.keyword.MobileBuiltInKeywords$verifyElementVisible$7.call(Unknown Source)
	at tabung_removeTabung.run(tabung_removeTabung:86)
	at com.kms.katalon.core.main.ScriptEngine.run(ScriptEngine.java:194)
	at com.kms.katalon.core.main.ScriptEngine.runScriptAsRawText(ScriptEngine.java:119)
	at com.kms.katalon.core.main.TestCaseExecutor.runScript(TestCaseExecutor.java:442)
	at com.kms.katalon.core.main.TestCaseExecutor.doExecute(TestCaseExecutor.java:433)
	at com.kms.katalon.core.main.TestCaseExecutor.processExecutionPhase(TestCaseExecutor.java:412)
	at com.kms.katalon.core.main.TestCaseExecutor.accessMainPhase(TestCaseExecutor.java:404)
	at com.kms.katalon.core.main.TestCaseExecutor.execute(TestCaseExecutor.java:281)
	at com.kms.katalon.core.main.TestSuiteExecutor.accessTestCaseMainPhase(TestSuiteExecutor.java:202)
	at com.kms.katalon.core.main.TestSuiteExecutor.accessTestSuiteMainPhase(TestSuiteExecutor.java:164)
	at com.kms.katalon.core.main.TestSuiteExecutor.execute(TestSuiteExecutor.java:105)
	at com.kms.katalon.core.main.TestCaseMain.startTestSuite(TestCaseMain.java:181)
	at com.kms.katalon.core.main.TestCaseMain$startTestSuite$0.call(Unknown Source)
	at TempTestSuite1644820318615.run(TempTestSuite1644820318615.groovy:36)
"/>
         <system-out><![CDATA[2022-02-14 14:38:37 - [TEST_CASE][FAILED] - Test Cases/Tabung/tabung_removeTabung: Test Cases/Tabung/tabung_removeTabung FAILED.
Reason:
com.kms.katalon.core.exception.StepFailedException: Element 'Object Repository/Main/mainS2UApproveBtn' not found
	at com.kms.katalon.core.keyword.internal.KeywordMain.stepFailed(KeywordMain.groovy:50)
	at com.kms.katalon.core.mobile.keyword.internal.MobileKeywordMain.stepFailed(MobileKeywordMain.groovy:40)
	at com.kms.katalon.core.mobile.keyword.builtin.VerifyElementVisibleKeyword$_verifyElementVisible_closure1.doCall(VerifyElementVisibleKeyword.groovy:82)
	at com.kms.katalon.core.mobile.keyword.builtin.VerifyElementVisibleKeyword$_verifyElementVisible_closure1.call(VerifyElementVisibleKeyword.groovy)
	at com.kms.katalon.core.mobile.keyword.internal.MobileKeywordMain.runKeyword(MobileKeywordMain.groovy:21)
	at com.kms.katalon.core.mobile.keyword.builtin.VerifyElementVisibleKeyword.verifyElementVisible(VerifyElementVisibleKeyword.groovy:85)
	at com.kms.katalon.core.mobile.keyword.builtin.VerifyElementVisibleKeyword.execute(VerifyElementVisibleKeyword.groovy:64)
	at com.kms.katalon.core.keyword.internal.KeywordExecutor.executeKeywordForPlatform(KeywordExecutor.groovy:74)
	at com.kms.katalon.core.mobile.keyword.MobileBuiltInKeywords.verifyElementVisible(MobileBuiltInKeywords.groovy:1896)
	at com.kms.katalon.core.mobile.keyword.MobileBuiltInKeywords$verifyElementVisible$7.call(Unknown Source)
	at tabung_removeTabung.run(tabung_removeTabung:86)
	at com.kms.katalon.core.main.ScriptEngine.run(ScriptEngine.java:194)
	at com.kms.katalon.core.main.ScriptEngine.runScriptAsRawText(ScriptEngine.java:119)
	at com.kms.katalon.core.main.TestCaseExecutor.runScript(TestCaseExecutor.java:442)
	at com.kms.katalon.core.main.TestCaseExecutor.doExecute(TestCaseExecutor.java:433)
	at com.kms.katalon.core.main.TestCaseExecutor.processExecutionPhase(TestCaseExecutor.java:412)
	at com.kms.katalon.core.main.TestCaseExecutor.accessMainPhase(TestCaseExecutor.java:404)
	at com.kms.katalon.core.main.TestCaseExecutor.execute(TestCaseExecutor.java:281)
	at com.kms.katalon.core.main.TestSuiteExecutor.accessTestCaseMainPhase(TestSuiteExecutor.java:202)
	at com.kms.katalon.core.main.TestSuiteExecutor.accessTestSuiteMainPhase(TestSuiteExecutor.java:164)
	at com.kms.katalon.core.main.TestSuiteExecutor.execute(TestSuiteExecutor.java:105)
	at com.kms.katalon.core.main.TestCaseMain.startTestSuite(TestCaseMain.java:181)
	at com.kms.katalon.core.main.TestCaseMain$startTestSuite$0.call(Unknown Source)
	at TempTestSuite1644820318615.run(TempTestSuite1644820318615.groovy:36)


2022-02-14 14:38:37 - [TEST_STEP][PASSED] - delay(2): Delayed 2 second(s)

2022-02-14 14:38:39 - [MESSAGE][PASSED] - Delayed 2 second(s)

2022-02-14 14:38:39 - [TEST_STEP][PASSED] - tap(findTestObject("Tabung/tabungThreeDotsBtn"), 0): Tapped on element 'Object Repository/Tabung/tabungThreeDotsBtn'

2022-02-14 14:38:39 - [MESSAGE][WARNING] - Timeout '0' is invalid. Using default page load timeout: '20'

2022-02-14 14:38:40 - [MESSAGE][PASSED] - Tapped on element 'Object Repository/Tabung/tabungThreeDotsBtn'

2022-02-14 14:38:40 - [TEST_STEP][PASSED] - delay(2): Delayed 2 second(s)

2022-02-14 14:38:42 - [MESSAGE][PASSED] - Delayed 2 second(s)

2022-02-14 14:38:42 - [TEST_STEP][PASSED] - tap(findTestObject("Tabung/tabungThreeDtosRemoveBtn"), 0): Tapped on element 'Object Repository/Tabung/tabungThreeDtosRemoveBtn'

2022-02-14 14:38:42 - [MESSAGE][WARNING] - Timeout '0' is invalid. Using default page load timeout: '20'

2022-02-14 14:38:43 - [MESSAGE][PASSED] - Tapped on element 'Object Repository/Tabung/tabungThreeDtosRemoveBtn'

2022-02-14 14:38:43 - [TEST_STEP][PASSED] - tap(findTestObject("Tabung/tabungRemoveConfirmBtn"), 0): Tapped on element 'Object Repository/Tabung/tabungRemoveConfirmBtn'

2022-02-14 14:38:43 - [MESSAGE][WARNING] - Timeout '0' is invalid. Using default page load timeout: '20'

2022-02-14 14:38:44 - [MESSAGE][PASSED] - Tapped on element 'Object Repository/Tabung/tabungRemoveConfirmBtn'

2022-02-14 14:38:44 - [TEST_STEP][PASSED] - delay(2): Delayed 2 second(s)

2022-02-14 14:38:46 - [MESSAGE][PASSED] - Delayed 2 second(s)

2022-02-14 14:38:46 - [TEST_STEP][PASSED] - tap(findTestObject("Tabung/tabungContinueBtn"), 0): Tapped on element 'Object Repository/Tabung/tabungContinueBtn'

2022-02-14 14:38:46 - [MESSAGE][WARNING] - Timeout '0' is invalid. Using default page load timeout: '20'

2022-02-14 14:38:46 - [MESSAGE][PASSED] - Tapped on element 'Object Repository/Tabung/tabungContinueBtn'

2022-02-14 14:38:46 - [TEST_STEP][PASSED] - delay(2): Delayed 2 second(s)

2022-02-14 14:38:48 - [MESSAGE][PASSED] - Delayed 2 second(s)

2022-02-14 14:38:48 - [TEST_STEP][PASSED] - if (verifyElementVisible(findTestObject("Tabung/tabungEnterPasswordTxt"), 0, OPTIONAL)): Element 'Object Repository/Tabung/tabungEnterPasswordTxt' not found

2022-02-14 14:38:48 - [MESSAGE][WARNING] - Timeout '0' is invalid. Using default page load timeout: '20'

2022-02-14 14:39:08 - [MESSAGE][WARNING] - Element 'Object Repository/Tabung/tabungEnterPasswordTxt' not found

2022-02-14 14:39:08 - [TEST_STEP][PASSED] - tap(findTestObject("Tabung/tabungWithdrawFundBtn"), 0): Tapped on element 'Object Repository/Tabung/tabungWithdrawFundBtn'

2022-02-14 14:39:08 - [MESSAGE][WARNING] - Timeout '0' is invalid. Using default page load timeout: '20'

2022-02-14 14:39:09 - [MESSAGE][PASSED] - Tapped on element 'Object Repository/Tabung/tabungWithdrawFundBtn'

2022-02-14 14:39:09 - [TEST_STEP][PASSED] - delay(5): Delayed 5 second(s)

2022-02-14 14:39:14 - [MESSAGE][PASSED] - Delayed 5 second(s)

2022-02-14 14:39:14 - [TEST_STEP][FAILED] - verifyElementVisible(findTestObject("Main/mainS2UApproveBtn"), 0): Failed to check for element 'Object Repository/Main/mainS2UApproveBtn' visible (Root cause: com.kms.katalon.core.exception.StepFailedException: Element 'Object Repository/Main/mainS2UApproveBtn' not found
	at com.kms.katalon.core.keyword.internal.KeywordMain.stepFailed(KeywordMain.groovy:50)
	at com.kms.katalon.core.mobile.keyword.internal.MobileKeywordMain.stepFailed(MobileKeywordMain.groovy:40)
	at com.kms.katalon.core.mobile.keyword.builtin.VerifyElementVisibleKeyword$_verifyElementVisible_closure1.doCall(VerifyElementVisibleKeyword.groovy:82)
	at com.kms.katalon.core.mobile.keyword.builtin.VerifyElementVisibleKeyword$_verifyElementVisible_closure1.call(VerifyElementVisibleKeyword.groovy)
	at com.kms.katalon.core.mobile.keyword.internal.MobileKeywordMain.runKeyword(MobileKeywordMain.groovy:21)
	at com.kms.katalon.core.mobile.keyword.builtin.VerifyElementVisibleKeyword.verifyElementVisible(VerifyElementVisibleKeyword.groovy:85)
	at com.kms.katalon.core.mobile.keyword.builtin.VerifyElementVisibleKeyword.execute(VerifyElementVisibleKeyword.groovy:64)
	at com.kms.katalon.core.keyword.internal.KeywordExecutor.executeKeywordForPlatform(KeywordExecutor.groovy:74)
	at com.kms.katalon.core.mobile.keyword.MobileBuiltInKeywords.verifyElementVisible(MobileBuiltInKeywords.groovy:1896)
	at com.kms.katalon.core.mobile.keyword.MobileBuiltInKeywords$verifyElementVisible$7.call(Unknown Source)
	at tabung_removeTabung.run(tabung_removeTabung:86)
	at com.kms.katalon.core.main.ScriptEngine.run(ScriptEngine.java:194)
	at com.kms.katalon.core.main.ScriptEngine.runScriptAsRawText(ScriptEngine.java:119)
	at com.kms.katalon.core.main.TestCaseExecutor.runScript(TestCaseExecutor.java:442)
	at com.kms.katalon.core.main.TestCaseExecutor.doExecute(TestCaseExecutor.java:433)
	at com.kms.katalon.core.main.TestCaseExecutor.processExecutionPhase(TestCaseExecutor.java:412)
	at com.kms.katalon.core.main.TestCaseExecutor.accessMainPhase(TestCaseExecutor.java:404)
	at com.kms.katalon.core.main.TestCaseExecutor.execute(TestCaseExecutor.java:281)
	at com.kms.katalon.core.main.TestSuiteExecutor.accessTestCaseMainPhase(TestSuiteExecutor.java:202)
	at com.kms.katalon.core.main.TestSuiteExecutor.accessTestSuiteMainPhase(TestSuiteExecutor.java:164)
	at com.kms.katalon.core.main.TestSuiteExecutor.execute(TestSuiteExecutor.java:105)
	at com.kms.katalon.core.main.TestCaseMain.startTestSuite(TestCaseMain.java:181)
	at com.kms.katalon.core.main.TestCaseMain$startTestSuite$0.call(Unknown Source)
	at TempTestSuite1644820318615.run(TempTestSuite1644820318615.groovy:36)
)

2022-02-14 14:39:14 - [MESSAGE][WARNING] - Timeout '0' is invalid. Using default page load timeout: '20'

2022-02-14 14:39:34 - [MESSAGE][FAILED] - Element 'Object Repository/Main/mainS2UApproveBtn' not found

2022-02-14 14:39:34 - [MESSAGE][FAILED] - Failed to check for element 'Object Repository/Main/mainS2UApproveBtn' visible (Root cause: com.kms.katalon.core.exception.StepFailedException: Element 'Object Repository/Main/mainS2UApproveBtn' not found
	at com.kms.katalon.core.keyword.internal.KeywordMain.stepFailed(KeywordMain.groovy:50)
	at com.kms.katalon.core.mobile.keyword.internal.MobileKeywordMain.stepFailed(MobileKeywordMain.groovy:40)
	at com.kms.katalon.core.mobile.keyword.builtin.VerifyElementVisibleKeyword$_verifyElementVisible_closure1.doCall(VerifyElementVisibleKeyword.groovy:82)
	at com.kms.katalon.core.mobile.keyword.builtin.VerifyElementVisibleKeyword$_verifyElementVisible_closure1.call(VerifyElementVisibleKeyword.groovy)
	at com.kms.katalon.core.mobile.keyword.internal.MobileKeywordMain.runKeyword(MobileKeywordMain.groovy:21)
	at com.kms.katalon.core.mobile.keyword.builtin.VerifyElementVisibleKeyword.verifyElementVisible(VerifyElementVisibleKeyword.groovy:85)
	at com.kms.katalon.core.mobile.keyword.builtin.VerifyElementVisibleKeyword.execute(VerifyElementVisibleKeyword.groovy:64)
	at com.kms.katalon.core.keyword.internal.KeywordExecutor.executeKeywordForPlatform(KeywordExecutor.groovy:74)
	at com.kms.katalon.core.mobile.keyword.MobileBuiltInKeywords.verifyElementVisible(MobileBuiltInKeywords.groovy:1896)
	at com.kms.katalon.core.mobile.keyword.MobileBuiltInKeywords$verifyElementVisible$7.call(Unknown Source)
	at tabung_removeTabung.run(tabung_removeTabung:86)
	at com.kms.katalon.core.main.ScriptEngine.run(ScriptEngine.java:194)
	at com.kms.katalon.core.main.ScriptEngine.runScriptAsRawText(ScriptEngine.java:119)
	at com.kms.katalon.core.main.TestCaseExecutor.runScript(TestCaseExecutor.java:442)
	at com.kms.katalon.core.main.TestCaseExecutor.doExecute(TestCaseExecutor.java:433)
	at com.kms.katalon.core.main.TestCaseExecutor.processExecutionPhase(TestCaseExecutor.java:412)
	at com.kms.katalon.core.main.TestCaseExecutor.accessMainPhase(TestCaseExecutor.java:404)
	at com.kms.katalon.core.main.TestCaseExecutor.execute(TestCaseExecutor.java:281)
	at com.kms.katalon.core.main.TestSuiteExecutor.accessTestCaseMainPhase(TestSuiteExecutor.java:202)
	at com.kms.katalon.core.main.TestSuiteExecutor.accessTestSuiteMainPhase(TestSuiteExecutor.java:164)
	at com.kms.katalon.core.main.TestSuiteExecutor.execute(TestSuiteExecutor.java:105)
	at com.kms.katalon.core.main.TestCaseMain.startTestSuite(TestCaseMain.java:181)
	at com.kms.katalon.core.main.TestCaseMain$startTestSuite$0.call(Unknown Source)
	at TempTestSuite1644820318615.run(TempTestSuite1644820318615.groovy:36)
)]]></system-out>
         <system-err><![CDATA[2022-02-14 14:38:37 - [TEST_CASE][FAILED] - Test Cases/Tabung/tabung_removeTabung: Test Cases/Tabung/tabung_removeTabung FAILED.
Reason:
com.kms.katalon.core.exception.StepFailedException: Element 'Object Repository/Main/mainS2UApproveBtn' not found
	at com.kms.katalon.core.keyword.internal.KeywordMain.stepFailed(KeywordMain.groovy:50)
	at com.kms.katalon.core.mobile.keyword.internal.MobileKeywordMain.stepFailed(MobileKeywordMain.groovy:40)
	at com.kms.katalon.core.mobile.keyword.builtin.VerifyElementVisibleKeyword$_verifyElementVisible_closure1.doCall(VerifyElementVisibleKeyword.groovy:82)
	at com.kms.katalon.core.mobile.keyword.builtin.VerifyElementVisibleKeyword$_verifyElementVisible_closure1.call(VerifyElementVisibleKeyword.groovy)
	at com.kms.katalon.core.mobile.keyword.internal.MobileKeywordMain.runKeyword(MobileKeywordMain.groovy:21)
	at com.kms.katalon.core.mobile.keyword.builtin.VerifyElementVisibleKeyword.verifyElementVisible(VerifyElementVisibleKeyword.groovy:85)
	at com.kms.katalon.core.mobile.keyword.builtin.VerifyElementVisibleKeyword.execute(VerifyElementVisibleKeyword.groovy:64)
	at com.kms.katalon.core.keyword.internal.KeywordExecutor.executeKeywordForPlatform(KeywordExecutor.groovy:74)
	at com.kms.katalon.core.mobile.keyword.MobileBuiltInKeywords.verifyElementVisible(MobileBuiltInKeywords.groovy:1896)
	at com.kms.katalon.core.mobile.keyword.MobileBuiltInKeywords$verifyElementVisible$7.call(Unknown Source)
	at tabung_removeTabung.run(tabung_removeTabung:86)
	at com.kms.katalon.core.main.ScriptEngine.run(ScriptEngine.java:194)
	at com.kms.katalon.core.main.ScriptEngine.runScriptAsRawText(ScriptEngine.java:119)
	at com.kms.katalon.core.main.TestCaseExecutor.runScript(TestCaseExecutor.java:442)
	at com.kms.katalon.core.main.TestCaseExecutor.doExecute(TestCaseExecutor.java:433)
	at com.kms.katalon.core.main.TestCaseExecutor.processExecutionPhase(TestCaseExecutor.java:412)
	at com.kms.katalon.core.main.TestCaseExecutor.accessMainPhase(TestCaseExecutor.java:404)
	at com.kms.katalon.core.main.TestCaseExecutor.execute(TestCaseExecutor.java:281)
	at com.kms.katalon.core.main.TestSuiteExecutor.accessTestCaseMainPhase(TestSuiteExecutor.java:202)
	at com.kms.katalon.core.main.TestSuiteExecutor.accessTestSuiteMainPhase(TestSuiteExecutor.java:164)
	at com.kms.katalon.core.main.TestSuiteExecutor.execute(TestSuiteExecutor.java:105)
	at com.kms.katalon.core.main.TestCaseMain.startTestSuite(TestCaseMain.java:181)
	at com.kms.katalon.core.main.TestCaseMain$startTestSuite$0.call(Unknown Source)
	at TempTestSuite1644820318615.run(TempTestSuite1644820318615.groovy:36)]]></system-err>
      </testcase>
      <system-out><![CDATA[2022-02-14 14:32:08 - [TEST_SUITE][FAILED] - Regress 2: Test Cases/Tabung/tabung_removeTabung FAILED.
Reason:
com.kms.katalon.core.exception.StepFailedException: Element 'Object Repository/Main/mainS2UApproveBtn' not found
	at com.kms.katalon.core.keyword.internal.KeywordMain.stepFailed(KeywordMain.groovy:50)
	at com.kms.katalon.core.mobile.keyword.internal.MobileKeywordMain.stepFailed(MobileKeywordMain.groovy:40)
	at com.kms.katalon.core.mobile.keyword.builtin.VerifyElementVisibleKeyword$_verifyElementVisible_closure1.doCall(VerifyElementVisibleKeyword.groovy:82)
	at com.kms.katalon.core.mobile.keyword.builtin.VerifyElementVisibleKeyword$_verifyElementVisible_closure1.call(VerifyElementVisibleKeyword.groovy)
	at com.kms.katalon.core.mobile.keyword.internal.MobileKeywordMain.runKeyword(MobileKeywordMain.groovy:21)
	at com.kms.katalon.core.mobile.keyword.builtin.VerifyElementVisibleKeyword.verifyElementVisible(VerifyElementVisibleKeyword.groovy:85)
	at com.kms.katalon.core.mobile.keyword.builtin.VerifyElementVisibleKeyword.execute(VerifyElementVisibleKeyword.groovy:64)
	at com.kms.katalon.core.keyword.internal.KeywordExecutor.executeKeywordForPlatform(KeywordExecutor.groovy:74)
	at com.kms.katalon.core.mobile.keyword.MobileBuiltInKeywords.verifyElementVisible(MobileBuiltInKeywords.groovy:1896)
	at com.kms.katalon.core.mobile.keyword.MobileBuiltInKeywords$verifyElementVisible$7.call(Unknown Source)
	at tabung_removeTabung.run(tabung_removeTabung:86)
	at com.kms.katalon.core.main.ScriptEngine.run(ScriptEngine.java:194)
	at com.kms.katalon.core.main.ScriptEngine.runScriptAsRawText(ScriptEngine.java:119)
	at com.kms.katalon.core.main.TestCaseExecutor.runScript(TestCaseExecutor.java:442)
	at com.kms.katalon.core.main.TestCaseExecutor.doExecute(TestCaseExecutor.java:433)
	at com.kms.katalon.core.main.TestCaseExecutor.processExecutionPhase(TestCaseExecutor.java:412)
	at com.kms.katalon.core.main.TestCaseExecutor.accessMainPhase(TestCaseExecutor.java:404)
	at com.kms.katalon.core.main.TestCaseExecutor.execute(TestCaseExecutor.java:281)
	at com.kms.katalon.core.main.TestSuiteExecutor.accessTestCaseMainPhase(TestSuiteExecutor.java:202)
	at com.kms.katalon.core.main.TestSuiteExecutor.accessTestSuiteMainPhase(TestSuiteExecutor.java:164)
	at com.kms.katalon.core.main.TestSuiteExecutor.execute(TestSuiteExecutor.java:105)
	at com.kms.katalon.core.main.TestCaseMain.startTestSuite(TestCaseMain.java:181)
	at com.kms.katalon.core.main.TestCaseMain$startTestSuite$0.call(Unknown Source)
	at TempTestSuite1644820318615.run(TempTestSuite1644820318615.groovy:36)]]></system-out>
      <system-err><![CDATA[2022-02-14 14:32:08 - [TEST_SUITE][FAILED] - Regress 2: Test Cases/Tabung/tabung_removeTabung FAILED.
Reason:
com.kms.katalon.core.exception.StepFailedException: Element 'Object Repository/Main/mainS2UApproveBtn' not found
	at com.kms.katalon.core.keyword.internal.KeywordMain.stepFailed(KeywordMain.groovy:50)
	at com.kms.katalon.core.mobile.keyword.internal.MobileKeywordMain.stepFailed(MobileKeywordMain.groovy:40)
	at com.kms.katalon.core.mobile.keyword.builtin.VerifyElementVisibleKeyword$_verifyElementVisible_closure1.doCall(VerifyElementVisibleKeyword.groovy:82)
	at com.kms.katalon.core.mobile.keyword.builtin.VerifyElementVisibleKeyword$_verifyElementVisible_closure1.call(VerifyElementVisibleKeyword.groovy)
	at com.kms.katalon.core.mobile.keyword.internal.MobileKeywordMain.runKeyword(MobileKeywordMain.groovy:21)
	at com.kms.katalon.core.mobile.keyword.builtin.VerifyElementVisibleKeyword.verifyElementVisible(VerifyElementVisibleKeyword.groovy:85)
	at com.kms.katalon.core.mobile.keyword.builtin.VerifyElementVisibleKeyword.execute(VerifyElementVisibleKeyword.groovy:64)
	at com.kms.katalon.core.keyword.internal.KeywordExecutor.executeKeywordForPlatform(KeywordExecutor.groovy:74)
	at com.kms.katalon.core.mobile.keyword.MobileBuiltInKeywords.verifyElementVisible(MobileBuiltInKeywords.groovy:1896)
	at com.kms.katalon.core.mobile.keyword.MobileBuiltInKeywords$verifyElementVisible$7.call(Unknown Source)
	at tabung_removeTabung.run(tabung_removeTabung:86)
	at com.kms.katalon.core.main.ScriptEngine.run(ScriptEngine.java:194)
	at com.kms.katalon.core.main.ScriptEngine.runScriptAsRawText(ScriptEngine.java:119)
	at com.kms.katalon.core.main.TestCaseExecutor.runScript(TestCaseExecutor.java:442)
	at com.kms.katalon.core.main.TestCaseExecutor.doExecute(TestCaseExecutor.java:433)
	at com.kms.katalon.core.main.TestCaseExecutor.processExecutionPhase(TestCaseExecutor.java:412)
	at com.kms.katalon.core.main.TestCaseExecutor.accessMainPhase(TestCaseExecutor.java:404)
	at com.kms.katalon.core.main.TestCaseExecutor.execute(TestCaseExecutor.java:281)
	at com.kms.katalon.core.main.TestSuiteExecutor.accessTestCaseMainPhase(TestSuiteExecutor.java:202)
	at com.kms.katalon.core.main.TestSuiteExecutor.accessTestSuiteMainPhase(TestSuiteExecutor.java:164)
	at com.kms.katalon.core.main.TestSuiteExecutor.execute(TestSuiteExecutor.java:105)
	at com.kms.katalon.core.main.TestCaseMain.startTestSuite(TestCaseMain.java:181)
	at com.kms.katalon.core.main.TestCaseMain$startTestSuite$0.call(Unknown Source)
	at TempTestSuite1644820318615.run(TempTestSuite1644820318615.groovy:36)]]></system-err>
   </testsuite>
</testsuites>
