<?xml version="1.0" encoding="UTF-8"?>
<testsuites name="Regress 4" time="2372.039" tests="9" failures="1" errors="0">
   <testsuite name="Regress 4" tests="9" failures="1" errors="0" time="2372.039" skipped="0" timestamp="2022-06-24 17:44:31" hostname="a00139272 - localhost" id="Test Suites/Regress 4">
      <properties>
         <property name="deviceName" value="Xiaomi 21061119AG (Android 11)"/>
         <property name="devicePlatform" value=""/>
         <property name="logFolder" value="/Users/a00139272/git/MAE-BAU-MY/Reports/20220624_174423/Regress 4/20220624_174423"/>
         <property name="logFiles" value="/Users/a00139272/git/MAE-BAU-MY/Reports/20220624_174423/Regress 4/20220624_174423/execution0.log, /Users/a00139272/git/MAE-BAU-MY/Reports/20220624_174423/Regress 4/20220624_174423/appium.log"/>
         <property name="attachments" value="/Users/a00139272/Desktop/Screenshot/sendMoney.png, /Users/a00139272/Desktop/Screenshot/requestMoney.png, /Users/a00139272/Desktop/Screenshot/cancelRequest.png, /Users/a00139272/Desktop/Screenshot/requestMoney.png, /Users/a00139272/Desktop/Screenshot/markAsPaidRequestMoney.png, /Users/a00139272/Desktop/Screenshot/createSplitBill.png, /Users/a00139272/Desktop/Screenshot/createThreeSplitBill.png, /Users/a00139272/Desktop/Screenshot/markPaidSplitBill.png, /Users/a00139272/Desktop/Screenshot/removePastSplit.png"/>
         <property name="hostName" value="a00139272 - localhost"/>
         <property name="os" value="Mac OS X 64bit"/>
         <property name="appiumServerStatus" value="{&quot;value&quot;:{&quot;build&quot;:{&quot;version&quot;:&quot;1.22.1&quot;}},&quot;sessionId&quot;:null,&quot;status&quot;:0}"/>
         <property name="katalonVersion" value="8.3.5.208"/>
         <property name="deviceOS" value="Android"/>
         <property name="appiumVersion" value="1.22.1"/>
         <property name="deviceModel" value="21061119AG"/>
         <property name="hostAddress" value="127.0.0.1"/>
         <property name="deviceManufacturer" value="Xiaomi"/>
         <property name="deviceId" value="002b9cc60508"/>
         <property name="deviceName" value="Xiaomi 21061119AG (Android 11)"/>
         <property name="deviceOSVersion" value="11"/>
      </properties>
      <testcase name="Test Cases/Send Request Money/sendMoney" time="788.624" classname="Test Cases/Send Request Money/sendMoney" status="PASSED">
         <system-out><![CDATA[2022-06-24 17:44:32 - [TEST_CASE][PASSED] - Test Cases/Send Request Money/sendMoney: Test Cases/Send Request Money/sendMoney

2022-06-24 17:44:32 - [TEST_STEP][PASSED] - setMobileDriverPreferencesProperty("appPackage", "com.maybank2u.life.sit"): null

2022-06-24 17:44:32 - [TEST_STEP][PASSED] - setMobileDriverPreferencesProperty("appActivity", "com.maybank2u.life.MainActivity"): null

2022-06-24 17:44:32 - [TEST_STEP][PASSED] - if (isApplicationOpened == false): Started app at: '/Users/a00139272/Katalon Studio/MAE/androidapp/app-dev-universal-release (1).apk'

2022-06-24 17:44:32 - [TEST_STEP][PASSED] - startApplication(appPath, false): Started app at: '/Users/a00139272/Katalon Studio/MAE/androidapp/app-dev-universal-release (1).apk'

2022-06-24 17:44:32 - [MESSAGE][INFO] - User set preference: ['appWaitActivity', '*']

2022-06-24 17:44:32 - [MESSAGE][INFO] - User set preference: ['deviceId', '002b9cc60508']

2022-06-24 17:44:32 - [MESSAGE][INFO] - User set preference: ['appPackage', 'com.maybank2u.life.sit']

2022-06-24 17:44:32 - [MESSAGE][INFO] - User set preference: ['appActivity', 'com.maybank2u.life.MainActivity']

2022-06-24 17:44:32 - [MESSAGE][INFO] - Detected NodeJS location: "/usr/local/Cellar/node/17.0.1/bin/node"

2022-06-24 17:44:34 - [MESSAGE][INFO] - Appium server started on port 55,936

2022-06-24 17:44:48 - [MESSAGE][PASSED] - Started app at: '/Users/a00139272/Katalon Studio/MAE/androidapp/app-dev-universal-release (1).apk'

2022-06-24 17:44:48 - [TEST_STEP][PASSED] - verifyElementExist(findTestObject("Object Repository/Dashboard/dashboardWalletTopSelect"), 0): Element 'Object Repository/Dashboard/dashboardWalletTopSelect' is exist

2022-06-24 17:44:48 - [MESSAGE][WARNING] - Timeout '0' is invalid. Using default page load timeout: '40'

2022-06-24 17:44:52 - [MESSAGE][PASSED] - Element 'Object Repository/Dashboard/dashboardWalletTopSelect' is exist

2022-06-24 17:44:52 - [TEST_STEP][PASSED] - verifyElementExist(findTestObject("Object Repository/Dashboard/dashboardQuickActionsTitleTxt"), 0): Element 'Object Repository/Dashboard/dashboardQuickActionsTitleTxt' is exist

2022-06-24 17:44:52 - [MESSAGE][WARNING] - Timeout '0' is invalid. Using default page load timeout: '40'

2022-06-24 17:44:52 - [MESSAGE][PASSED] - Element 'Object Repository/Dashboard/dashboardQuickActionsTitleTxt' is exist

2022-06-24 17:44:52 - [TEST_STEP][PASSED] - verifyElementExist(findTestObject("Object Repository/Dashboard/dashboardSSLTitleTxt"), 0): Element 'Object Repository/Dashboard/dashboardSSLTitleTxt' is exist

2022-06-24 17:44:52 - [MESSAGE][WARNING] - Timeout '0' is invalid. Using default page load timeout: '40'

2022-06-24 17:44:53 - [MESSAGE][PASSED] - Element 'Object Repository/Dashboard/dashboardSSLTitleTxt' is exist

2022-06-24 17:44:53 - [TEST_STEP][PASSED] - verifyElementExist(findTestObject("Object Repository/Dashboard/mainBottomMenuMaybank2uBtn"), 0): Element 'Object Repository/Dashboard/mainBottomMenuMaybank2uBtn' is exist

2022-06-24 17:44:53 - [MESSAGE][WARNING] - Timeout '0' is invalid. Using default page load timeout: '40'

2022-06-24 17:45:33 - [MESSAGE][PASSED] - Element 'Object Repository/Dashboard/mainBottomMenuMaybank2uBtn' is exist

2022-06-24 17:45:33 - [TEST_STEP][PASSED] - device_Height = getDeviceHeight(): Current device physical height is 2167

2022-06-24 17:45:33 - [MESSAGE][PASSED] - Current device physical height is 2167

2022-06-24 17:45:33 - [TEST_STEP][PASSED] - device_Width = getDeviceWidth(): Current device physical width is 1080

2022-06-24 17:45:33 - [MESSAGE][PASSED] - Current device physical width is 1080

2022-06-24 17:45:33 - [TEST_STEP][PASSED] - startX = device_Width / 3: null

2022-06-24 17:45:33 - [TEST_STEP][PASSED] - startY = device_Height * 0.97: null

2022-06-24 17:45:33 - [TEST_STEP][PASSED] - tapAtPosition(startX, startY): Tapped at [360, 2,101]

2022-06-24 17:45:33 - [MESSAGE][PASSED] - Tapped at [360, 2,101]

2022-06-24 17:45:33 - [TEST_STEP][PASSED] - if (verifyElementVisible(findTestObject("Main/mainEnterPINMessage"), 0, OPTIONAL)): null

2022-06-24 17:45:33 - [MESSAGE][WARNING] - Timeout '0' is invalid. Using default page load timeout: '40'

2022-06-24 17:45:35 - [MESSAGE][PASSED] - Element 'Object Repository/Main/mainEnterPINMessage' is visible

2022-06-24 17:45:35 - [TEST_STEP][PASSED] - tap(findTestObject("Login Onboarding/PIN1"), 0): Tapped on element 'Object Repository/Login Onboarding/PIN1'

2022-06-24 17:45:35 - [MESSAGE][WARNING] - Timeout '0' is invalid. Using default page load timeout: '40'

2022-06-24 17:45:35 - [MESSAGE][PASSED] - Tapped on element 'Object Repository/Login Onboarding/PIN1'

2022-06-24 17:45:35 - [TEST_STEP][PASSED] - tap(findTestObject("Login Onboarding/PIN1"), 0): Tapped on element 'Object Repository/Login Onboarding/PIN1'

2022-06-24 17:45:35 - [MESSAGE][WARNING] - Timeout '0' is invalid. Using default page load timeout: '40'

2022-06-24 17:45:37 - [MESSAGE][PASSED] - Tapped on element 'Object Repository/Login Onboarding/PIN1'

2022-06-24 17:45:37 - [TEST_STEP][PASSED] - tap(findTestObject("Login Onboarding/PIN1"), 0): Tapped on element 'Object Repository/Login Onboarding/PIN1'

2022-06-24 17:45:37 - [MESSAGE][WARNING] - Timeout '0' is invalid. Using default page load timeout: '40'

2022-06-24 17:45:38 - [MESSAGE][PASSED] - Tapped on element 'Object Repository/Login Onboarding/PIN1'

2022-06-24 17:45:38 - [TEST_STEP][PASSED] - tap(findTestObject("Login Onboarding/PIN1"), 0): Tapped on element 'Object Repository/Login Onboarding/PIN1'

2022-06-24 17:45:38 - [MESSAGE][WARNING] - Timeout '0' is invalid. Using default page load timeout: '40'

2022-06-24 17:45:40 - [MESSAGE][PASSED] - Tapped on element 'Object Repository/Login Onboarding/PIN1'

2022-06-24 17:45:40 - [TEST_STEP][PASSED] - tap(findTestObject("Login Onboarding/PIN1"), 0): Tapped on element 'Object Repository/Login Onboarding/PIN1'

2022-06-24 17:45:40 - [MESSAGE][WARNING] - Timeout '0' is invalid. Using default page load timeout: '40'

2022-06-24 17:45:42 - [MESSAGE][PASSED] - Tapped on element 'Object Repository/Login Onboarding/PIN1'

2022-06-24 17:45:42 - [TEST_STEP][PASSED] - tap(findTestObject("Login Onboarding/PIN2"), 0): Tapped on element 'Object Repository/Login Onboarding/PIN2'

2022-06-24 17:45:42 - [MESSAGE][WARNING] - Timeout '0' is invalid. Using default page load timeout: '40'

2022-06-24 17:45:45 - [MESSAGE][PASSED] - Tapped on element 'Object Repository/Login Onboarding/PIN2'

2022-06-24 17:45:45 - [TEST_STEP][PASSED] - delay(2): Delayed 2 second(s)

2022-06-24 17:45:47 - [MESSAGE][PASSED] - Delayed 2 second(s)

2022-06-24 17:45:47 - [TEST_STEP][PASSED] - verifyElementVisible(findTestObject("Banking/m2uAccountTypeSelection", ["text":"MAE"]), 10): Element 'Object Repository/Banking/m2uAccountTypeSelection' is visible

2022-06-24 17:45:55 - [MESSAGE][PASSED] - Element 'Object Repository/Banking/m2uAccountTypeSelection' is visible

2022-06-24 17:45:55 - [TEST_STEP][PASSED] - tap(findTestObject("Banking/m2uAccountTypeSelection", ["text":"MAE"]), 10): Tapped on element 'Object Repository/Banking/m2uAccountTypeSelection'

2022-06-24 17:45:55 - [MESSAGE][PASSED] - Tapped on element 'Object Repository/Banking/m2uAccountTypeSelection'

2022-06-24 17:45:55 - [TEST_STEP][PASSED] - delay(3): Delayed 3 second(s)

2022-06-24 17:45:58 - [MESSAGE][PASSED] - Delayed 3 second(s)

2022-06-24 17:45:58 - [TEST_STEP][PASSED] - verifyElementVisible(findTestObject("Banking/m2uAccountSendReqIconSelect"), 0): Element 'Object Repository/Banking/m2uAccountSendReqIconSelect' is visible

2022-06-24 17:45:58 - [MESSAGE][WARNING] - Timeout '0' is invalid. Using default page load timeout: '40'

2022-06-24 17:45:59 - [MESSAGE][PASSED] - Element 'Object Repository/Banking/m2uAccountSendReqIconSelect' is visible

2022-06-24 17:45:59 - [TEST_STEP][PASSED] - tap(findTestObject("Banking/m2uAccountSendReqIconSelect"), 0): Tapped on element 'Object Repository/Banking/m2uAccountSendReqIconSelect'

2022-06-24 17:45:59 - [MESSAGE][WARNING] - Timeout '0' is invalid. Using default page load timeout: '40'

2022-06-24 17:45:59 - [MESSAGE][PASSED] - Tapped on element 'Object Repository/Banking/m2uAccountSendReqIconSelect'

2022-06-24 17:45:59 - [TEST_STEP][PASSED] - delay(3): Delayed 3 second(s)

2022-06-24 17:46:02 - [MESSAGE][PASSED] - Delayed 3 second(s)

2022-06-24 17:46:02 - [TEST_STEP][PASSED] - verifyElementVisible(findTestObject("Send Request Money/sendMoneyIconSelect"), 0): Element 'Object Repository/Send Request Money/sendMoneyIconSelect' is visible

2022-06-24 17:46:02 - [MESSAGE][WARNING] - Timeout '0' is invalid. Using default page load timeout: '40'

2022-06-24 17:46:53 - [MESSAGE][PASSED] - Element 'Object Repository/Send Request Money/sendMoneyIconSelect' is visible

2022-06-24 17:46:53 - [TEST_STEP][PASSED] - tap(findTestObject("Send Request Money/sendMoneyIconSelect"), 0): Tapped on element 'Object Repository/Send Request Money/sendMoneyIconSelect'

2022-06-24 17:46:53 - [MESSAGE][WARNING] - Timeout '0' is invalid. Using default page load timeout: '40'

2022-06-24 17:47:53 - [MESSAGE][PASSED] - Tapped on element 'Object Repository/Send Request Money/sendMoneyIconSelect'

2022-06-24 17:47:53 - [TEST_STEP][PASSED] - delay(3): Delayed 3 second(s)

2022-06-24 17:47:56 - [MESSAGE][PASSED] - Delayed 3 second(s)

2022-06-24 17:47:56 - [TEST_STEP][PASSED] - if (verifyElementVisible(findTestObject("Tabung/tabungEnterPasswordTxt"), 0, OPTIONAL)): null

2022-06-24 17:47:56 - [MESSAGE][WARNING] - Timeout '0' is invalid. Using default page load timeout: '40'

2022-06-24 17:48:47 - [MESSAGE][PASSED] - Element 'Object Repository/Tabung/tabungEnterPasswordTxt' is visible

2022-06-24 17:48:47 - [TEST_STEP][PASSED] - setText(findTestObject("Tabung/tabungSignInInputPasswordField"), Password, 0): Text 'pass1234' has been set to element 'Object Repository/Tabung/tabungSignInInputPasswordField'

2022-06-24 17:48:47 - [MESSAGE][WARNING] - Timeout '0' is invalid. Using default page load timeout: '40'

2022-06-24 17:50:38 - [MESSAGE][PASSED] - Text 'pass1234' has been set to element 'Object Repository/Tabung/tabungSignInInputPasswordField'

2022-06-24 17:50:38 - [TEST_STEP][PASSED] - hideKeyboard(): Keyboard is hidden

2022-06-24 17:50:42 - [MESSAGE][PASSED] - Keyboard is hidden

2022-06-24 17:50:42 - [TEST_STEP][PASSED] - tap(findTestObject("Tabung/tabungSignInContinueBtn"), 0): Tapped on element 'Object Repository/Tabung/tabungSignInContinueBtn'

2022-06-24 17:50:42 - [MESSAGE][WARNING] - Timeout '0' is invalid. Using default page load timeout: '40'

2022-06-24 17:51:43 - [MESSAGE][PASSED] - Tapped on element 'Object Repository/Tabung/tabungSignInContinueBtn'

2022-06-24 17:51:43 - [TEST_STEP][PASSED] - delay(5): Delayed 5 second(s)

2022-06-24 17:51:48 - [MESSAGE][PASSED] - Delayed 5 second(s)

2022-06-24 17:51:48 - [TEST_STEP][PASSED] - waitForElementPresent(findTestObject("Send Request Money/sendMoneyContactIconSelect"), 0): Element 'Object Repository/Send Request Money/sendMoneyContactIconSelect' is present

2022-06-24 17:51:48 - [MESSAGE][WARNING] - Timeout '0' is invalid. Using default page load timeout: '40'

2022-06-24 17:52:28 - [MESSAGE][PASSED] - Element 'Object Repository/Send Request Money/sendMoneyContactIconSelect' is present

2022-06-24 17:52:28 - [TEST_STEP][PASSED] - tap(findTestObject("Send Request Money/sendMoneyContactIconSelect"), 0): Tapped on element 'Object Repository/Send Request Money/sendMoneyContactIconSelect'

2022-06-24 17:52:28 - [MESSAGE][WARNING] - Timeout '0' is invalid. Using default page load timeout: '40'

2022-06-24 17:53:29 - [MESSAGE][PASSED] - Tapped on element 'Object Repository/Send Request Money/sendMoneyContactIconSelect'

2022-06-24 17:53:29 - [TEST_STEP][PASSED] - delay(5): Delayed 5 second(s)

2022-06-24 17:53:34 - [MESSAGE][PASSED] - Delayed 5 second(s)

2022-06-24 17:53:34 - [TEST_STEP][PASSED] - setText(findTestObject("Send Request Money/sendMoneyContactSearchInputField"), contactName, 0): Text 'Fazatul PNS' has been set to element 'Object Repository/Send Request Money/sendMoneyContactSearchInputField'

2022-06-24 17:53:34 - [MESSAGE][WARNING] - Timeout '0' is invalid. Using default page load timeout: '40'

2022-06-24 17:55:04 - [MESSAGE][PASSED] - Text 'Fazatul PNS' has been set to element 'Object Repository/Send Request Money/sendMoneyContactSearchInputField'

2022-06-24 17:55:04 - [TEST_STEP][PASSED] - delay(3): Delayed 3 second(s)

2022-06-24 17:55:07 - [MESSAGE][PASSED] - Delayed 3 second(s)

2022-06-24 17:55:07 - [TEST_STEP][PASSED] - hideKeyboard(): Keyboard is hidden

2022-06-24 17:55:09 - [MESSAGE][PASSED] - Keyboard is hidden

2022-06-24 17:55:09 - [TEST_STEP][PASSED] - tap(findTestObject("Send Request Money/requestMoneyContactSelect", ["contactName":contactName]), 0): Tapped on element 'Object Repository/Send Request Money/requestMoneyContactSelect'

2022-06-24 17:55:09 - [MESSAGE][WARNING] - Timeout '0' is invalid. Using default page load timeout: '40'

2022-06-24 17:56:10 - [MESSAGE][PASSED] - Tapped on element 'Object Repository/Send Request Money/requestMoneyContactSelect'

2022-06-24 17:56:10 - [TEST_STEP][PASSED] - tap(findTestObject("Send Request Money/requestMoneyContactSelect", ["contactName":contactName]), 0): Tapped on element 'Object Repository/Send Request Money/requestMoneyContactSelect'

2022-06-24 17:56:10 - [MESSAGE][WARNING] - Timeout '0' is invalid. Using default page load timeout: '40'

2022-06-24 17:57:04 - [MESSAGE][PASSED] - Tapped on element 'Object Repository/Send Request Money/requestMoneyContactSelect'

2022-06-24 17:57:04 - [TEST_STEP][PASSED] - delay(3): Delayed 3 second(s)

2022-06-24 17:57:07 - [MESSAGE][PASSED] - Delayed 3 second(s)

2022-06-24 17:57:07 - [TEST_STEP][PASSED] - tap(findTestObject("Login Onboarding/PIN4"), 0): Tapped on element 'Object Repository/Login Onboarding/PIN4'

2022-06-24 17:57:07 - [MESSAGE][WARNING] - Timeout '0' is invalid. Using default page load timeout: '40'

2022-06-24 17:57:07 - [MESSAGE][PASSED] - Tapped on element 'Object Repository/Login Onboarding/PIN4'

2022-06-24 17:57:07 - [TEST_STEP][PASSED] - delay(3): Delayed 3 second(s)

2022-06-24 17:57:10 - [MESSAGE][PASSED] - Delayed 3 second(s)

2022-06-24 17:57:10 - [TEST_STEP][PASSED] - tap(findTestObject("Main/mainAmountTickBtn"), 0): Tapped on element 'Object Repository/Main/mainAmountTickBtn'

2022-06-24 17:57:10 - [MESSAGE][WARNING] - Timeout '0' is invalid. Using default page load timeout: '40'

2022-06-24 17:57:10 - [MESSAGE][PASSED] - Tapped on element 'Object Repository/Main/mainAmountTickBtn'

2022-06-24 17:57:10 - [TEST_STEP][PASSED] - delay(3): Delayed 3 second(s)

2022-06-24 17:57:13 - [MESSAGE][PASSED] - Delayed 3 second(s)

2022-06-24 17:57:13 - [TEST_STEP][PASSED] - tap(findTestObject("Send Request Money/payMoneyConfirmationRequestSendNowBtn"), 0): Tapped on element 'Object Repository/Send Request Money/payMoneyConfirmationRequestSendNowBtn'

2022-06-24 17:57:14 - [MESSAGE][WARNING] - Timeout '0' is invalid. Using default page load timeout: '40'

2022-06-24 17:57:14 - [MESSAGE][PASSED] - Tapped on element 'Object Repository/Send Request Money/payMoneyConfirmationRequestSendNowBtn'

2022-06-24 17:57:14 - [TEST_STEP][PASSED] - if (verifyElementVisible(findTestObject("Festive Season/festiveReturnAngpaoTACNoTxt"), 10, OPTIONAL)): Element 'Object Repository/Festive Season/festiveReturnAngpaoTACNoTxt' not found

2022-06-24 17:57:24 - [MESSAGE][WARNING] - Element 'Object Repository/Festive Season/festiveReturnAngpaoTACNoTxt' not found

2022-06-24 17:57:24 - [TEST_STEP][PASSED] - else: Tapped on element 'Object Repository/Main/mainS2UApproveBtn'

2022-06-24 17:57:24 - [TEST_STEP][PASSED] - delay(5): Delayed 5 second(s)

2022-06-24 17:57:29 - [MESSAGE][PASSED] - Delayed 5 second(s)

2022-06-24 17:57:29 - [TEST_STEP][PASSED] - verifyElementVisible(findTestObject("Main/mainS2UApproveBtn"), 10): Element 'Object Repository/Main/mainS2UApproveBtn' is visible

2022-06-24 17:57:29 - [MESSAGE][PASSED] - Element 'Object Repository/Main/mainS2UApproveBtn' is visible

2022-06-24 17:57:29 - [TEST_STEP][PASSED] - tap(findTestObject("Main/mainS2UApproveBtn"), 0): Tapped on element 'Object Repository/Main/mainS2UApproveBtn'

2022-06-24 17:57:29 - [MESSAGE][WARNING] - Timeout '0' is invalid. Using default page load timeout: '40'

2022-06-24 17:57:29 - [MESSAGE][PASSED] - Tapped on element 'Object Repository/Main/mainS2UApproveBtn'

2022-06-24 17:57:29 - [TEST_STEP][PASSED] - delay(5): Delayed 5 second(s)

2022-06-24 17:57:34 - [MESSAGE][PASSED] - Delayed 5 second(s)

2022-06-24 17:57:34 - [TEST_STEP][PASSED] - referenceID = getText(findTestObject("Send Request Money/requestMoneyPaySummaryRefIDTxt"), 0): Text of element 'Object Repository/Send Request Money/requestMoneyPaySummaryRefIDTxt' is: 'SM181594161M'

2022-06-24 17:57:34 - [MESSAGE][WARNING] - Timeout '0' is invalid. Using default page load timeout: '40'

2022-06-24 17:57:35 - [MESSAGE][PASSED] - Text of element 'Object Repository/Send Request Money/requestMoneyPaySummaryRefIDTxt' is: 'SM181594161M'

2022-06-24 17:57:35 - [TEST_STEP][PASSED] - println(referenceID): null

2022-06-24 17:57:35 - [TEST_STEP][PASSED] - test = dataFolder: null

2022-06-24 17:57:35 - [TEST_STEP][PASSED] - sheetName = "Sheet1": null

2022-06-24 17:57:35 - [TEST_STEP][PASSED] - file1 = new java.io.File(test): null

2022-06-24 17:57:35 - [TEST_STEP][PASSED] - assert file1.exists() == true: null

2022-06-24 17:57:35 - [TEST_STEP][PASSED] - woorkbook1 = getWorkbook(test): null

2022-06-24 17:57:36 - [TEST_STEP][PASSED] - sheet1 = getExcelSheet(woorkbook1, sheetName): null

2022-06-24 17:57:36 - [TEST_STEP][PASSED] - setValueToCellByIndex(sheet1, 0, 1, referenceID): null

2022-06-24 17:57:36 - [TEST_STEP][PASSED] - saveWorkbook(test, woorkbook1): null

2022-06-24 17:57:36 - [TEST_STEP][PASSED] - message = getText(findTestObject("Main/mainTransactionStatusMessageTxt"), 10): Text of element 'Object Repository/Main/mainTransactionStatusMessageTxt' is: 'Transfer successful'

2022-06-24 17:57:36 - [MESSAGE][PASSED] - Text of element 'Object Repository/Main/mainTransactionStatusMessageTxt' is: 'Transfer successful'

2022-06-24 17:57:36 - [TEST_STEP][PASSED] - println(message): null

2022-06-24 17:57:36 - [TEST_STEP][PASSED] - verifyElementExist(findTestObject("Main/mainDoneBtn"), 10): Element 'Object Repository/Main/mainDoneBtn' is exist

2022-06-24 17:57:36 - [MESSAGE][PASSED] - Element 'Object Repository/Main/mainDoneBtn' is exist

2022-06-24 17:57:36 - [TEST_STEP][PASSED] - takeScreenshot("/Users/a00139272/Desktop/Screenshot/sendMoney.png"): Screenshot is taken

2022-06-24 17:57:37 - [MESSAGE][PASSED] - Screenshot is taken
[[ATTACHMENT|/Users/a00139272/Desktop/Screenshot/sendMoney.png]]

2022-06-24 17:57:37 - [TEST_STEP][PASSED] - tap(findTestObject("Main/mainDoneBtn"), 0): Tapped on element 'Object Repository/Main/mainDoneBtn'

2022-06-24 17:57:37 - [MESSAGE][WARNING] - Timeout '0' is invalid. Using default page load timeout: '40'

2022-06-24 17:57:37 - [MESSAGE][PASSED] - Tapped on element 'Object Repository/Main/mainDoneBtn'

2022-06-24 17:57:37 - [TEST_STEP][PASSED] - delay(3): Delayed 3 second(s)

2022-06-24 17:57:40 - [MESSAGE][PASSED] - Delayed 3 second(s)]]></system-out>
         <system-err><![CDATA[]]></system-err>
      </testcase>
      <testcase name="Test Cases/Send Request Money/requestMoney" time="519.832" classname="Test Cases/Send Request Money/requestMoney" status="PASSED">
         <system-out><![CDATA[2022-06-24 17:57:40 - [TEST_CASE][PASSED] - Test Cases/Send Request Money/requestMoney: Test Cases/Send Request Money/requestMoney

2022-06-24 17:57:40 - [TEST_STEP][PASSED] - device_Height = getDeviceHeight(): Current device physical height is 2167

2022-06-24 17:57:41 - [MESSAGE][PASSED] - Current device physical height is 2167

2022-06-24 17:57:41 - [TEST_STEP][PASSED] - device_Width = getDeviceWidth(): Current device physical width is 1080

2022-06-24 17:57:41 - [MESSAGE][PASSED] - Current device physical width is 1080

2022-06-24 17:57:41 - [TEST_STEP][PASSED] - startX = device_Width / 3: null

2022-06-24 17:57:41 - [TEST_STEP][PASSED] - startY = device_Height * 0.97: null

2022-06-24 17:57:41 - [TEST_STEP][PASSED] - verifyElementVisible(findTestObject("Send Request Money/requestMoneyIconSelect"), 10): Element 'Object Repository/Send Request Money/requestMoneyIconSelect' is visible

2022-06-24 17:58:31 - [MESSAGE][PASSED] - Element 'Object Repository/Send Request Money/requestMoneyIconSelect' is visible

2022-06-24 17:58:31 - [TEST_STEP][PASSED] - tap(findTestObject("Send Request Money/requestMoneyIconSelect"), 0): Tapped on element 'Object Repository/Send Request Money/requestMoneyIconSelect'

2022-06-24 17:58:31 - [MESSAGE][WARNING] - Timeout '0' is invalid. Using default page load timeout: '40'

2022-06-24 17:59:32 - [MESSAGE][PASSED] - Tapped on element 'Object Repository/Send Request Money/requestMoneyIconSelect'

2022-06-24 17:59:32 - [TEST_STEP][PASSED] - delay(5): Delayed 5 second(s)

2022-06-24 17:59:37 - [MESSAGE][PASSED] - Delayed 5 second(s)

2022-06-24 17:59:37 - [TEST_STEP][PASSED] - verifyElementVisible(findTestObject("Send Request Money/sendRequestContactSearchIconSelect"), 10): Element 'Object Repository/Send Request Money/sendRequestContactSearchIconSelect' is visible

2022-06-24 18:00:27 - [MESSAGE][PASSED] - Element 'Object Repository/Send Request Money/sendRequestContactSearchIconSelect' is visible

2022-06-24 18:00:27 - [TEST_STEP][PASSED] - tap(findTestObject("Send Request Money/sendRequestContactSearchIconSelect"), 0): Tapped on element 'Object Repository/Send Request Money/sendRequestContactSearchIconSelect'

2022-06-24 18:00:27 - [MESSAGE][WARNING] - Timeout '0' is invalid. Using default page load timeout: '40'

2022-06-24 18:01:28 - [MESSAGE][PASSED] - Tapped on element 'Object Repository/Send Request Money/sendRequestContactSearchIconSelect'

2022-06-24 18:01:28 - [TEST_STEP][PASSED] - delay(3): Delayed 3 second(s)

2022-06-24 18:01:31 - [MESSAGE][PASSED] - Delayed 3 second(s)

2022-06-24 18:01:31 - [TEST_STEP][PASSED] - setText(findTestObject("Send Request Money/requestMoneyContactInputField"), contactName, 0): Text 'Fazatul PNS' has been set to element 'Object Repository/Send Request Money/requestMoneyContactInputField'

2022-06-24 18:01:31 - [MESSAGE][WARNING] - Timeout '0' is invalid. Using default page load timeout: '40'

2022-06-24 18:03:02 - [MESSAGE][PASSED] - Text 'Fazatul PNS' has been set to element 'Object Repository/Send Request Money/requestMoneyContactInputField'

2022-06-24 18:03:02 - [TEST_STEP][PASSED] - delay(3): Delayed 3 second(s)

2022-06-24 18:03:05 - [MESSAGE][PASSED] - Delayed 3 second(s)

2022-06-24 18:03:05 - [TEST_STEP][PASSED] - hideKeyboard(): Keyboard is hidden

2022-06-24 18:03:07 - [MESSAGE][PASSED] - Keyboard is hidden

2022-06-24 18:03:07 - [TEST_STEP][PASSED] - delay(3): Delayed 3 second(s)

2022-06-24 18:03:10 - [MESSAGE][PASSED] - Delayed 3 second(s)

2022-06-24 18:03:10 - [TEST_STEP][PASSED] - verifyElementVisible(findTestObject("Send Request Money/requestMoneyContactSelect", ["contactName":contactName]), 0): Element 'Object Repository/Send Request Money/requestMoneyContactSelect' is visible

2022-06-24 18:03:10 - [MESSAGE][WARNING] - Timeout '0' is invalid. Using default page load timeout: '40'

2022-06-24 18:04:00 - [MESSAGE][PASSED] - Element 'Object Repository/Send Request Money/requestMoneyContactSelect' is visible

2022-06-24 18:04:00 - [TEST_STEP][PASSED] - tap(findTestObject("Send Request Money/requestMoneyContactSelect", ["contactName":contactName]), 0): Tapped on element 'Object Repository/Send Request Money/requestMoneyContactSelect'

2022-06-24 18:04:00 - [MESSAGE][WARNING] - Timeout '0' is invalid. Using default page load timeout: '40'

2022-06-24 18:05:01 - [MESSAGE][PASSED] - Tapped on element 'Object Repository/Send Request Money/requestMoneyContactSelect'

2022-06-24 18:05:01 - [TEST_STEP][PASSED] - tap(findTestObject("Send Request Money/requestMoneyContactSelect", ["contactName":contactName]), 0): Tapped on element 'Object Repository/Send Request Money/requestMoneyContactSelect'

2022-06-24 18:05:01 - [MESSAGE][WARNING] - Timeout '0' is invalid. Using default page load timeout: '40'

2022-06-24 18:05:53 - [MESSAGE][PASSED] - Tapped on element 'Object Repository/Send Request Money/requestMoneyContactSelect'

2022-06-24 18:05:53 - [TEST_STEP][PASSED] - delay(5): Delayed 5 second(s)

2022-06-24 18:05:58 - [MESSAGE][PASSED] - Delayed 5 second(s)

2022-06-24 18:05:58 - [TEST_STEP][PASSED] - tap(findTestObject("Login Onboarding/PIN4"), 0): Tapped on element 'Object Repository/Login Onboarding/PIN4'

2022-06-24 18:05:58 - [MESSAGE][WARNING] - Timeout '0' is invalid. Using default page load timeout: '40'

2022-06-24 18:05:58 - [MESSAGE][PASSED] - Tapped on element 'Object Repository/Login Onboarding/PIN4'

2022-06-24 18:05:58 - [TEST_STEP][PASSED] - delay(3): Delayed 3 second(s)

2022-06-24 18:06:01 - [MESSAGE][PASSED] - Delayed 3 second(s)

2022-06-24 18:06:01 - [TEST_STEP][PASSED] - tap(findTestObject("Main/mainAmountTickBtn"), 0): Tapped on element 'Object Repository/Main/mainAmountTickBtn'

2022-06-24 18:06:01 - [MESSAGE][WARNING] - Timeout '0' is invalid. Using default page load timeout: '40'

2022-06-24 18:06:02 - [MESSAGE][PASSED] - Tapped on element 'Object Repository/Main/mainAmountTickBtn'

2022-06-24 18:06:02 - [TEST_STEP][PASSED] - delay(3): Delayed 3 second(s)

2022-06-24 18:06:05 - [MESSAGE][PASSED] - Delayed 3 second(s)

2022-06-24 18:06:05 - [TEST_STEP][PASSED] - verifyElementText(findTestObject("Send Request Money/requestMoneyConfirmationContactNameTxt", ["contactName":contactName]), contactName): Actual text and expected text of test object 'Object Repository/Send Request Money/requestMoneyConfirmationContactNameTxt' are matched.

2022-06-24 18:06:05 - [MESSAGE][PASSED] - Actual text and expected text of test object 'Object Repository/Send Request Money/requestMoneyConfirmationContactNameTxt' are matched.

2022-06-24 18:06:05 - [TEST_STEP][PASSED] - verifyElementText(findTestObject("Send Request Money/requestMoneyConfirmationAmountBtn"), "RM 0.04"): Actual text and expected text of test object 'Object Repository/Send Request Money/requestMoneyConfirmationAmountBtn' are matched.

2022-06-24 18:06:05 - [MESSAGE][PASSED] - Actual text and expected text of test object 'Object Repository/Send Request Money/requestMoneyConfirmationAmountBtn' are matched.

2022-06-24 18:06:05 - [TEST_STEP][PASSED] - tap(findTestObject("Send Request Money/requestMoneyNotesSelect"), 0): Tapped on element 'Object Repository/Send Request Money/requestMoneyNotesSelect'

2022-06-24 18:06:05 - [MESSAGE][WARNING] - Timeout '0' is invalid. Using default page load timeout: '40'

2022-06-24 18:06:05 - [MESSAGE][PASSED] - Tapped on element 'Object Repository/Send Request Money/requestMoneyNotesSelect'

2022-06-24 18:06:05 - [TEST_STEP][PASSED] - setText(findTestObject("Send Request Money/requestMoneyNotesSelect"), "Send Request Test", 0): Text 'Send Request Test' has been set to element 'Object Repository/Send Request Money/requestMoneyNotesSelect'

2022-06-24 18:06:05 - [MESSAGE][WARNING] - Timeout '0' is invalid. Using default page load timeout: '40'

2022-06-24 18:06:08 - [MESSAGE][PASSED] - Text 'Send Request Test' has been set to element 'Object Repository/Send Request Money/requestMoneyNotesSelect'

2022-06-24 18:06:08 - [TEST_STEP][PASSED] - delay(3): Delayed 3 second(s)

2022-06-24 18:06:11 - [MESSAGE][PASSED] - Delayed 3 second(s)

2022-06-24 18:06:11 - [TEST_STEP][PASSED] - hideKeyboard(): Keyboard is hidden

2022-06-24 18:06:13 - [MESSAGE][PASSED] - Keyboard is hidden

2022-06-24 18:06:13 - [TEST_STEP][PASSED] - tap(findTestObject("Send Request Money/requestMoneyConfirmationSendRequestBtn"), 0): Tapped on element 'Object Repository/Send Request Money/requestMoneyConfirmationSendRequestBtn'

2022-06-24 18:06:13 - [MESSAGE][WARNING] - Timeout '0' is invalid. Using default page load timeout: '40'

2022-06-24 18:06:13 - [MESSAGE][PASSED] - Tapped on element 'Object Repository/Send Request Money/requestMoneyConfirmationSendRequestBtn'

2022-06-24 18:06:13 - [TEST_STEP][PASSED] - delay(5): Delayed 5 second(s)

2022-06-24 18:06:18 - [MESSAGE][PASSED] - Delayed 5 second(s)

2022-06-24 18:06:18 - [TEST_STEP][PASSED] - verifyElementText(findTestObject("Send Request Money/requestMoneySummaryNameTxt", ["contactName":contactName]), contactName): Actual text and expected text of test object 'Object Repository/Send Request Money/requestMoneySummaryNameTxt' are matched.

2022-06-24 18:06:19 - [MESSAGE][PASSED] - Actual text and expected text of test object 'Object Repository/Send Request Money/requestMoneySummaryNameTxt' are matched.

2022-06-24 18:06:19 - [TEST_STEP][PASSED] - verifyElementVisible(findTestObject("Send Request Money/requestMoneySummaryDoneBtn"), 0): Element 'Object Repository/Send Request Money/requestMoneySummaryDoneBtn' is visible

2022-06-24 18:06:19 - [MESSAGE][WARNING] - Timeout '0' is invalid. Using default page load timeout: '40'

2022-06-24 18:06:19 - [MESSAGE][PASSED] - Element 'Object Repository/Send Request Money/requestMoneySummaryDoneBtn' is visible

2022-06-24 18:06:19 - [TEST_STEP][PASSED] - verifyElementText(findTestObject("Send Request Money/requestMoneySummarySuccessMessageTxt"), "Request successful"): Actual text and expected text of test object 'Object Repository/Send Request Money/requestMoneySummarySuccessMessageTxt' are matched.

2022-06-24 18:06:19 - [MESSAGE][PASSED] - Actual text and expected text of test object 'Object Repository/Send Request Money/requestMoneySummarySuccessMessageTxt' are matched.

2022-06-24 18:06:19 - [TEST_STEP][PASSED] - verifyElementText(findTestObject("Send Request Money/requestMoneySummaryAmountTxt"), "RM 0.04"): Actual text and expected text of test object 'Object Repository/Send Request Money/requestMoneySummaryAmountTxt' are matched.

2022-06-24 18:06:19 - [MESSAGE][PASSED] - Actual text and expected text of test object 'Object Repository/Send Request Money/requestMoneySummaryAmountTxt' are matched.

2022-06-24 18:06:19 - [TEST_STEP][PASSED] - verifyElementVisible(findTestObject("Send Request Money/requestMoneySummaryDoneBtn"), 10): Element 'Object Repository/Send Request Money/requestMoneySummaryDoneBtn' is visible

2022-06-24 18:06:19 - [MESSAGE][PASSED] - Element 'Object Repository/Send Request Money/requestMoneySummaryDoneBtn' is visible

2022-06-24 18:06:19 - [TEST_STEP][PASSED] - takeScreenshot("/Users/a00139272/Desktop/Screenshot/requestMoney.png"): Screenshot is taken

2022-06-24 18:06:20 - [MESSAGE][PASSED] - Screenshot is taken
[[ATTACHMENT|/Users/a00139272/Desktop/Screenshot/requestMoney.png]]

2022-06-24 18:06:20 - [TEST_STEP][PASSED] - tap(findTestObject("Send Request Money/requestMoneySummaryDoneBtn"), 0): Tapped on element 'Object Repository/Send Request Money/requestMoneySummaryDoneBtn'

2022-06-24 18:06:20 - [MESSAGE][WARNING] - Timeout '0' is invalid. Using default page load timeout: '40'

2022-06-24 18:06:20 - [MESSAGE][PASSED] - Tapped on element 'Object Repository/Send Request Money/requestMoneySummaryDoneBtn']]></system-out>
         <system-err><![CDATA[]]></system-err>
      </testcase>
      <testcase name="Test Cases/Send Request Money/requestMoney_cancelRequest" time="107.673" classname="Test Cases/Send Request Money/requestMoney_cancelRequest" status="PASSED">
         <system-out><![CDATA[2022-06-24 18:06:20 - [TEST_CASE][PASSED] - Test Cases/Send Request Money/requestMoney_cancelRequest: Test Cases/Send Request Money/requestMoney_cancelRequest

2022-06-24 18:06:20 - [TEST_STEP][PASSED] - delay(3): Delayed 3 second(s)

2022-06-24 18:06:23 - [MESSAGE][PASSED] - Delayed 3 second(s)

2022-06-24 18:06:23 - [TEST_STEP][PASSED] - delay(3): Delayed 3 second(s)

2022-06-24 18:06:26 - [MESSAGE][PASSED] - Delayed 3 second(s)

2022-06-24 18:06:26 - [TEST_STEP][PASSED] - tap(findTestObject("Send Request Money/requestMoneyListStatusTxt"), 0): Tapped on element 'Object Repository/Send Request Money/requestMoneyListStatusTxt'

2022-06-24 18:06:26 - [MESSAGE][WARNING] - Timeout '0' is invalid. Using default page load timeout: '40'

2022-06-24 18:07:18 - [MESSAGE][PASSED] - Tapped on element 'Object Repository/Send Request Money/requestMoneyListStatusTxt'

2022-06-24 18:07:18 - [TEST_STEP][PASSED] - delay(3): Delayed 3 second(s)

2022-06-24 18:07:21 - [MESSAGE][PASSED] - Delayed 3 second(s)

2022-06-24 18:07:21 - [TEST_STEP][PASSED] - verifyElementText(findTestObject("Send Request Money/requestMoneyDetailsNameTxt"), "Icrpp"): Actual text and expected text of test object 'Object Repository/Send Request Money/requestMoneyDetailsNameTxt' are matched.

2022-06-24 18:07:21 - [MESSAGE][PASSED] - Actual text and expected text of test object 'Object Repository/Send Request Money/requestMoneyDetailsNameTxt' are matched.

2022-06-24 18:07:21 - [TEST_STEP][PASSED] - verifyElementText(findTestObject("Send Request Money/requestMoneyDetailsAmountTxt"), "RM 0.04"): Actual text and expected text of test object 'Object Repository/Send Request Money/requestMoneyDetailsAmountTxt' are matched.

2022-06-24 18:07:21 - [MESSAGE][PASSED] - Actual text and expected text of test object 'Object Repository/Send Request Money/requestMoneyDetailsAmountTxt' are matched.

2022-06-24 18:07:21 - [TEST_STEP][PASSED] - verifyElementText(findTestObject("Send Request Money/requestMoneyDetailsNotesTxt"), "Send Request Test"): Actual text and expected text of test object 'Object Repository/Send Request Money/requestMoneyDetailsNotesTxt' are matched.

2022-06-24 18:07:22 - [MESSAGE][PASSED] - Actual text and expected text of test object 'Object Repository/Send Request Money/requestMoneyDetailsNotesTxt' are matched.

2022-06-24 18:07:22 - [TEST_STEP][PASSED] - tap(findTestObject("Send Request Money/requestMoneyDetailsThreeDotsBtn"), 0): Tapped on element 'Object Repository/Send Request Money/requestMoneyDetailsThreeDotsBtn'

2022-06-24 18:07:22 - [MESSAGE][WARNING] - Timeout '0' is invalid. Using default page load timeout: '40'

2022-06-24 18:07:22 - [MESSAGE][PASSED] - Tapped on element 'Object Repository/Send Request Money/requestMoneyDetailsThreeDotsBtn'

2022-06-24 18:07:22 - [TEST_STEP][PASSED] - tap(findTestObject("Send Request Money/requestMoneyThreeDotsCancelRequestBtn"), 0): Tapped on element 'Object Repository/Send Request Money/requestMoneyThreeDotsCancelRequestBtn'

2022-06-24 18:07:22 - [MESSAGE][WARNING] - Timeout '0' is invalid. Using default page load timeout: '40'

2022-06-24 18:07:23 - [MESSAGE][PASSED] - Tapped on element 'Object Repository/Send Request Money/requestMoneyThreeDotsCancelRequestBtn'

2022-06-24 18:07:23 - [TEST_STEP][PASSED] - delay(3): Delayed 3 second(s)

2022-06-24 18:07:26 - [MESSAGE][PASSED] - Delayed 3 second(s)

2022-06-24 18:07:26 - [TEST_STEP][PASSED] - verifyElementNotVisible(findTestObject("Send Request Money/requestMoneyListStatusTxt"), 0): Element 'Object Repository/Send Request Money/requestMoneyListStatusTxt' not found

2022-06-24 18:07:26 - [MESSAGE][WARNING] - Timeout '0' is invalid. Using default page load timeout: '40'

2022-06-24 18:08:07 - [MESSAGE][PASSED] - Element 'Object Repository/Send Request Money/requestMoneyListStatusTxt' not found

2022-06-24 18:08:07 - [TEST_STEP][PASSED] - takeScreenshot("/Users/a00139272/Desktop/Screenshot/cancelRequest.png"): Screenshot is taken

2022-06-24 18:08:08 - [MESSAGE][PASSED] - Screenshot is taken
[[ATTACHMENT|/Users/a00139272/Desktop/Screenshot/cancelRequest.png]]]]></system-out>
         <system-err><![CDATA[]]></system-err>
      </testcase>
      <testcase name="Test Cases/Send Request Money/requestMoney" time="442.773" classname="Test Cases/Send Request Money/requestMoney" status="FAILED">
         <failure type="FAILED" message="Test Cases/Send Request Money/requestMoney FAILED.
Reason:
com.kms.katalon.core.exception.StepFailedException: Failed to set text into element (Root cause: org.openqa.selenium.StaleElementReferenceException: androidx.test.uiautomator.StaleObjectException
For documentation on this error, please visit: https://www.seleniumhq.org/exceptions/stale_element_reference.html
Build info: version: '3.141.59', revision: 'e82be7d358', time: '2018-11-14T08:25:53'
System info: host: '00139272s-MacBook-Pro.local', ip: '2001:d08:e4:5180:2d27:7468:8fce:7b01%en0', os.name: 'Mac OS X', os.arch: 'x86_64', os.version: '10.16', java.version: '1.8.0_275'
Driver info: com.kms.katalon.core.appium.driver.SwipeableAndroidDriver
Capabilities {app: /Users/a00139272/Katalon St..., appActivity: com.maybank2u.life.MainActi..., appPackage: com.maybank2u.life.sit, appWaitActivity: *, autoGrantPermissions: true, automationName: uiautomator2, chromedriverPort: 55937, databaseEnabled: false, desired: {app: /Users/a00139272/Katalon St..., appActivity: com.maybank2u.life.MainActi..., appPackage: com.maybank2u.life.sit, appWaitActivity: *, autoGrantPermissions: true, automationName: uiautomator2, chromedriverPort: 55937, deviceId: 002b9cc60508, deviceName: Xiaomi 21061119AG (Android 11), fullReset: false, newCommandTimeout: 1800, noReset: true, platform: ANDROID, platformName: android, platformVersion: 11, systemPort: 55935, udid: 002b9cc60508}, deviceApiLevel: 30, deviceId: 002b9cc60508, deviceManufacturer: Xiaomi, deviceModel: 21061119AG, deviceName: 002b9cc60508, deviceScreenDensity: 440, deviceScreenSize: 1080x2400, deviceUDID: 002b9cc60508, fullReset: false, javascriptEnabled: true, locationContextEnabled: false, networkConnectionEnabled: true, newCommandTimeout: 1800, noReset: true, pixelRatio: 2.75, platform: ANDROID, platformName: Android, platformVersion: 11, statBarHeight: 103, systemPort: 55935, takesScreenshot: true, udid: 002b9cc60508, viewportRect: {height: 2064, left: 0, top: 103, width: 1080}, warnings: {}, webStorageEnabled: false}
Session ID: 1924a9e8-83fd-4c0e-931e-437a742f1899
	at org.openqa.selenium.remote.http.W3CHttpResponseCodec.createException(W3CHttpResponseCodec.java:187)
	at org.openqa.selenium.remote.http.W3CHttpResponseCodec.decode(W3CHttpResponseCodec.java:122)
	at org.openqa.selenium.remote.http.W3CHttpResponseCodec.decode(W3CHttpResponseCodec.java:49)
	at org.openqa.selenium.remote.HttpCommandExecutor.execute(HttpCommandExecutor.java:158)
	at io.appium.java_client.remote.AppiumCommandExecutor.execute(AppiumCommandExecutor.java:239)
	at org.openqa.selenium.remote.RemoteWebDriver.execute(RemoteWebDriver.java:552)
	at io.appium.java_client.DefaultGenericMobileDriver.execute(DefaultGenericMobileDriver.java:42)
	at io.appium.java_client.AppiumDriver.execute(AppiumDriver.java:1)
	at io.appium.java_client.android.AndroidDriver.execute(AndroidDriver.java:1)
	at com.kms.katalon.core.appium.driver.SwipeableAndroidDriver.execute(SwipeableAndroidDriver.java:1)
	at org.openqa.selenium.remote.RemoteWebElement.execute(RemoteWebElement.java:285)
	at io.appium.java_client.DefaultGenericMobileElement.execute(DefaultGenericMobileElement.java:45)
	at io.appium.java_client.MobileElement.execute(MobileElement.java:1)
	at io.appium.java_client.android.AndroidElement.execute(AndroidElement.java:1)
	at org.openqa.selenium.remote.RemoteWebElement.getLocation(RemoteWebElement.java:337)
	at org.openqa.selenium.WebElement$getLocation.call(Unknown Source)
	at com.kms.katalon.core.mobile.keyword.internal.MobileAbstractKeyword.findElement(MobileAbstractKeyword.groovy:86)
	at com.kms.katalon.core.mobile.keyword.builtin.SetTextKeyword.access$1(SetTextKeyword.groovy)
	at com.kms.katalon.core.mobile.keyword.builtin.SetTextKeyword$_setText_closure1.doCall(SetTextKeyword.groovy:74)
	at com.kms.katalon.core.mobile.keyword.builtin.SetTextKeyword$_setText_closure1.call(SetTextKeyword.groovy)
	at com.kms.katalon.core.mobile.keyword.internal.MobileKeywordMain.runKeyword(MobileKeywordMain.groovy:21)
	at com.kms.katalon.core.mobile.keyword.builtin.SetTextKeyword.setText(SetTextKeyword.groovy:83)
	at com.kms.katalon.core.mobile.keyword.builtin.SetTextKeyword.execute(SetTextKeyword.groovy:66)
	at com.kms.katalon.core.keyword.internal.KeywordExecutor.executeKeywordForPlatform(KeywordExecutor.groovy:74)
	at com.kms.katalon.core.mobile.keyword.MobileBuiltInKeywords.setText(MobileBuiltInKeywords.groovy:1307)
	at com.kms.katalon.core.mobile.keyword.MobileBuiltInKeywords$setText$7.call(Unknown Source)
	at requestMoney.run(requestMoney:86)
	at com.kms.katalon.core.main.ScriptEngine.run(ScriptEngine.java:194)
	at com.kms.katalon.core.main.ScriptEngine.runScriptAsRawText(ScriptEngine.java:119)
	at com.kms.katalon.core.main.TestCaseExecutor.runScript(TestCaseExecutor.java:445)
	at com.kms.katalon.core.main.TestCaseExecutor.doExecute(TestCaseExecutor.java:436)
	at com.kms.katalon.core.main.TestCaseExecutor.processExecutionPhase(TestCaseExecutor.java:415)
	at com.kms.katalon.core.main.TestCaseExecutor.accessMainPhase(TestCaseExecutor.java:407)
	at com.kms.katalon.core.main.TestCaseExecutor.execute(TestCaseExecutor.java:284)
	at com.kms.katalon.core.common.CommonExecutor.accessTestCaseMainPhase(CommonExecutor.java:65)
	at com.kms.katalon.core.main.TestSuiteExecutor.accessTestSuiteMainPhase(TestSuiteExecutor.java:144)
	at com.kms.katalon.core.main.TestSuiteExecutor.execute(TestSuiteExecutor.java:106)
	at com.kms.katalon.core.main.TestCaseMain.startTestSuite(TestCaseMain.java:185)
	at com.kms.katalon.core.main.TestCaseMain$startTestSuite$0.call(Unknown Source)
	at TempTestSuite1656063863418.run(TempTestSuite1656063863418.groovy:36)
)
	at com.kms.katalon.core.keyword.internal.KeywordMain.stepFailed(KeywordMain.groovy:39)
	at com.kms.katalon.core.mobile.keyword.internal.MobileKeywordMain.stepFailed(MobileKeywordMain.groovy:40)
	at com.kms.katalon.core.mobile.keyword.internal.MobileKeywordMain.runKeyword(MobileKeywordMain.groovy:23)
	at com.kms.katalon.core.mobile.keyword.builtin.SetTextKeyword.setText(SetTextKeyword.groovy:83)
	at com.kms.katalon.core.mobile.keyword.builtin.SetTextKeyword.execute(SetTextKeyword.groovy:66)
	at com.kms.katalon.core.keyword.internal.KeywordExecutor.executeKeywordForPlatform(KeywordExecutor.groovy:74)
	at com.kms.katalon.core.mobile.keyword.MobileBuiltInKeywords.setText(MobileBuiltInKeywords.groovy:1307)
	at com.kms.katalon.core.mobile.keyword.MobileBuiltInKeywords$setText$7.call(Unknown Source)
	at requestMoney.run(requestMoney:86)
	at com.kms.katalon.core.main.ScriptEngine.run(ScriptEngine.java:194)
	at com.kms.katalon.core.main.ScriptEngine.runScriptAsRawText(ScriptEngine.java:119)
	at com.kms.katalon.core.main.TestCaseExecutor.runScript(TestCaseExecutor.java:445)
	at com.kms.katalon.core.main.TestCaseExecutor.doExecute(TestCaseExecutor.java:436)
	at com.kms.katalon.core.main.TestCaseExecutor.processExecutionPhase(TestCaseExecutor.java:415)
	at com.kms.katalon.core.main.TestCaseExecutor.accessMainPhase(TestCaseExecutor.java:407)
	at com.kms.katalon.core.main.TestCaseExecutor.execute(TestCaseExecutor.java:284)
	at com.kms.katalon.core.common.CommonExecutor.accessTestCaseMainPhase(CommonExecutor.java:65)
	at com.kms.katalon.core.main.TestSuiteExecutor.accessTestSuiteMainPhase(TestSuiteExecutor.java:144)
	at com.kms.katalon.core.main.TestSuiteExecutor.execute(TestSuiteExecutor.java:106)
	at com.kms.katalon.core.main.TestCaseMain.startTestSuite(TestCaseMain.java:185)
	at com.kms.katalon.core.main.TestCaseMain$startTestSuite$0.call(Unknown Source)
	at TempTestSuite1656063863418.run(TempTestSuite1656063863418.groovy:36)
Caused by: org.openqa.selenium.StaleElementReferenceException: androidx.test.uiautomator.StaleObjectException
For documentation on this error, please visit: https://www.seleniumhq.org/exceptions/stale_element_reference.html
Build info: version: '3.141.59', revision: 'e82be7d358', time: '2018-11-14T08:25:53'
System info: host: '00139272s-MacBook-Pro.local', ip: '2001:d08:e4:5180:2d27:7468:8fce:7b01%en0', os.name: 'Mac OS X', os.arch: 'x86_64', os.version: '10.16', java.version: '1.8.0_275'
Driver info: com.kms.katalon.core.appium.driver.SwipeableAndroidDriver
Capabilities {app: /Users/a00139272/Katalon St..., appActivity: com.maybank2u.life.MainActi..., appPackage: com.maybank2u.life.sit, appWaitActivity: *, autoGrantPermissions: true, automationName: uiautomator2, chromedriverPort: 55937, databaseEnabled: false, desired: {app: /Users/a00139272/Katalon St..., appActivity: com.maybank2u.life.MainActi..., appPackage: com.maybank2u.life.sit, appWaitActivity: *, autoGrantPermissions: true, automationName: uiautomator2, chromedriverPort: 55937, deviceId: 002b9cc60508, deviceName: Xiaomi 21061119AG (Android 11), fullReset: false, newCommandTimeout: 1800, noReset: true, platform: ANDROID, platformName: android, platformVersion: 11, systemPort: 55935, udid: 002b9cc60508}, deviceApiLevel: 30, deviceId: 002b9cc60508, deviceManufacturer: Xiaomi, deviceModel: 21061119AG, deviceName: 002b9cc60508, deviceScreenDensity: 440, deviceScreenSize: 1080x2400, deviceUDID: 002b9cc60508, fullReset: false, javascriptEnabled: true, locationContextEnabled: false, networkConnectionEnabled: true, newCommandTimeout: 1800, noReset: true, pixelRatio: 2.75, platform: ANDROID, platformName: Android, platformVersion: 11, statBarHeight: 103, systemPort: 55935, takesScreenshot: true, udid: 002b9cc60508, viewportRect: {height: 2064, left: 0, top: 103, width: 1080}, warnings: {}, webStorageEnabled: false}
Session ID: 1924a9e8-83fd-4c0e-931e-437a742f1899
	at org.openqa.selenium.remote.http.W3CHttpResponseCodec.createException(W3CHttpResponseCodec.java:187)
	at org.openqa.selenium.remote.http.W3CHttpResponseCodec.decode(W3CHttpResponseCodec.java:122)
	at org.openqa.selenium.remote.http.W3CHttpResponseCodec.decode(W3CHttpResponseCodec.java:49)
	at org.openqa.selenium.remote.HttpCommandExecutor.execute(HttpCommandExecutor.java:158)
	at io.appium.java_client.remote.AppiumCommandExecutor.execute(AppiumCommandExecutor.java:239)
	at org.openqa.selenium.remote.RemoteWebDriver.execute(RemoteWebDriver.java:552)
	at io.appium.java_client.DefaultGenericMobileDriver.execute(DefaultGenericMobileDriver.java:42)
	at io.appium.java_client.AppiumDriver.execute(AppiumDriver.java:1)
	at io.appium.java_client.android.AndroidDriver.execute(AndroidDriver.java:1)
	at com.kms.katalon.core.appium.driver.SwipeableAndroidDriver.execute(SwipeableAndroidDriver.java:1)
	at org.openqa.selenium.remote.RemoteWebElement.execute(RemoteWebElement.java:285)
	at io.appium.java_client.DefaultGenericMobileElement.execute(DefaultGenericMobileElement.java:45)
	at io.appium.java_client.MobileElement.execute(MobileElement.java:1)
	at io.appium.java_client.android.AndroidElement.execute(AndroidElement.java:1)
	at org.openqa.selenium.remote.RemoteWebElement.getLocation(RemoteWebElement.java:337)
	at org.openqa.selenium.WebElement$getLocation.call(Unknown Source)
	at com.kms.katalon.core.mobile.keyword.internal.MobileAbstractKeyword.findElement(MobileAbstractKeyword.groovy:86)
	at com.kms.katalon.core.mobile.keyword.builtin.SetTextKeyword.access$1(SetTextKeyword.groovy)
	at com.kms.katalon.core.mobile.keyword.builtin.SetTextKeyword$_setText_closure1.doCall(SetTextKeyword.groovy:74)
	at com.kms.katalon.core.mobile.keyword.builtin.SetTextKeyword$_setText_closure1.call(SetTextKeyword.groovy)
	at com.kms.katalon.core.mobile.keyword.internal.MobileKeywordMain.runKeyword(MobileKeywordMain.groovy:21)
	... 19 more
"/>
         <system-out><![CDATA[2022-06-24 18:08:08 - [TEST_CASE][FAILED] - Test Cases/Send Request Money/requestMoney: Test Cases/Send Request Money/requestMoney FAILED.
Reason:
com.kms.katalon.core.exception.StepFailedException: Failed to set text into element (Root cause: org.openqa.selenium.StaleElementReferenceException: androidx.test.uiautomator.StaleObjectException
For documentation on this error, please visit: https://www.seleniumhq.org/exceptions/stale_element_reference.html
Build info: version: '3.141.59', revision: 'e82be7d358', time: '2018-11-14T08:25:53'
System info: host: '00139272s-MacBook-Pro.local', ip: '2001:d08:e4:5180:2d27:7468:8fce:7b01%en0', os.name: 'Mac OS X', os.arch: 'x86_64', os.version: '10.16', java.version: '1.8.0_275'
Driver info: com.kms.katalon.core.appium.driver.SwipeableAndroidDriver
Capabilities {app: /Users/a00139272/Katalon St..., appActivity: com.maybank2u.life.MainActi..., appPackage: com.maybank2u.life.sit, appWaitActivity: *, autoGrantPermissions: true, automationName: uiautomator2, chromedriverPort: 55937, databaseEnabled: false, desired: {app: /Users/a00139272/Katalon St..., appActivity: com.maybank2u.life.MainActi..., appPackage: com.maybank2u.life.sit, appWaitActivity: *, autoGrantPermissions: true, automationName: uiautomator2, chromedriverPort: 55937, deviceId: 002b9cc60508, deviceName: Xiaomi 21061119AG (Android 11), fullReset: false, newCommandTimeout: 1800, noReset: true, platform: ANDROID, platformName: android, platformVersion: 11, systemPort: 55935, udid: 002b9cc60508}, deviceApiLevel: 30, deviceId: 002b9cc60508, deviceManufacturer: Xiaomi, deviceModel: 21061119AG, deviceName: 002b9cc60508, deviceScreenDensity: 440, deviceScreenSize: 1080x2400, deviceUDID: 002b9cc60508, fullReset: false, javascriptEnabled: true, locationContextEnabled: false, networkConnectionEnabled: true, newCommandTimeout: 1800, noReset: true, pixelRatio: 2.75, platform: ANDROID, platformName: Android, platformVersion: 11, statBarHeight: 103, systemPort: 55935, takesScreenshot: true, udid: 002b9cc60508, viewportRect: {height: 2064, left: 0, top: 103, width: 1080}, warnings: {}, webStorageEnabled: false}
Session ID: 1924a9e8-83fd-4c0e-931e-437a742f1899
	at org.openqa.selenium.remote.http.W3CHttpResponseCodec.createException(W3CHttpResponseCodec.java:187)
	at org.openqa.selenium.remote.http.W3CHttpResponseCodec.decode(W3CHttpResponseCodec.java:122)
	at org.openqa.selenium.remote.http.W3CHttpResponseCodec.decode(W3CHttpResponseCodec.java:49)
	at org.openqa.selenium.remote.HttpCommandExecutor.execute(HttpCommandExecutor.java:158)
	at io.appium.java_client.remote.AppiumCommandExecutor.execute(AppiumCommandExecutor.java:239)
	at org.openqa.selenium.remote.RemoteWebDriver.execute(RemoteWebDriver.java:552)
	at io.appium.java_client.DefaultGenericMobileDriver.execute(DefaultGenericMobileDriver.java:42)
	at io.appium.java_client.AppiumDriver.execute(AppiumDriver.java:1)
	at io.appium.java_client.android.AndroidDriver.execute(AndroidDriver.java:1)
	at com.kms.katalon.core.appium.driver.SwipeableAndroidDriver.execute(SwipeableAndroidDriver.java:1)
	at org.openqa.selenium.remote.RemoteWebElement.execute(RemoteWebElement.java:285)
	at io.appium.java_client.DefaultGenericMobileElement.execute(DefaultGenericMobileElement.java:45)
	at io.appium.java_client.MobileElement.execute(MobileElement.java:1)
	at io.appium.java_client.android.AndroidElement.execute(AndroidElement.java:1)
	at org.openqa.selenium.remote.RemoteWebElement.getLocation(RemoteWebElement.java:337)
	at org.openqa.selenium.WebElement$getLocation.call(Unknown Source)
	at com.kms.katalon.core.mobile.keyword.internal.MobileAbstractKeyword.findElement(MobileAbstractKeyword.groovy:86)
	at com.kms.katalon.core.mobile.keyword.builtin.SetTextKeyword.access$1(SetTextKeyword.groovy)
	at com.kms.katalon.core.mobile.keyword.builtin.SetTextKeyword$_setText_closure1.doCall(SetTextKeyword.groovy:74)
	at com.kms.katalon.core.mobile.keyword.builtin.SetTextKeyword$_setText_closure1.call(SetTextKeyword.groovy)
	at com.kms.katalon.core.mobile.keyword.internal.MobileKeywordMain.runKeyword(MobileKeywordMain.groovy:21)
	at com.kms.katalon.core.mobile.keyword.builtin.SetTextKeyword.setText(SetTextKeyword.groovy:83)
	at com.kms.katalon.core.mobile.keyword.builtin.SetTextKeyword.execute(SetTextKeyword.groovy:66)
	at com.kms.katalon.core.keyword.internal.KeywordExecutor.executeKeywordForPlatform(KeywordExecutor.groovy:74)
	at com.kms.katalon.core.mobile.keyword.MobileBuiltInKeywords.setText(MobileBuiltInKeywords.groovy:1307)
	at com.kms.katalon.core.mobile.keyword.MobileBuiltInKeywords$setText$7.call(Unknown Source)
	at requestMoney.run(requestMoney:86)
	at com.kms.katalon.core.main.ScriptEngine.run(ScriptEngine.java:194)
	at com.kms.katalon.core.main.ScriptEngine.runScriptAsRawText(ScriptEngine.java:119)
	at com.kms.katalon.core.main.TestCaseExecutor.runScript(TestCaseExecutor.java:445)
	at com.kms.katalon.core.main.TestCaseExecutor.doExecute(TestCaseExecutor.java:436)
	at com.kms.katalon.core.main.TestCaseExecutor.processExecutionPhase(TestCaseExecutor.java:415)
	at com.kms.katalon.core.main.TestCaseExecutor.accessMainPhase(TestCaseExecutor.java:407)
	at com.kms.katalon.core.main.TestCaseExecutor.execute(TestCaseExecutor.java:284)
	at com.kms.katalon.core.common.CommonExecutor.accessTestCaseMainPhase(CommonExecutor.java:65)
	at com.kms.katalon.core.main.TestSuiteExecutor.accessTestSuiteMainPhase(TestSuiteExecutor.java:144)
	at com.kms.katalon.core.main.TestSuiteExecutor.execute(TestSuiteExecutor.java:106)
	at com.kms.katalon.core.main.TestCaseMain.startTestSuite(TestCaseMain.java:185)
	at com.kms.katalon.core.main.TestCaseMain$startTestSuite$0.call(Unknown Source)
	at TempTestSuite1656063863418.run(TempTestSuite1656063863418.groovy:36)
)
	at com.kms.katalon.core.keyword.internal.KeywordMain.stepFailed(KeywordMain.groovy:39)
	at com.kms.katalon.core.mobile.keyword.internal.MobileKeywordMain.stepFailed(MobileKeywordMain.groovy:40)
	at com.kms.katalon.core.mobile.keyword.internal.MobileKeywordMain.runKeyword(MobileKeywordMain.groovy:23)
	at com.kms.katalon.core.mobile.keyword.builtin.SetTextKeyword.setText(SetTextKeyword.groovy:83)
	at com.kms.katalon.core.mobile.keyword.builtin.SetTextKeyword.execute(SetTextKeyword.groovy:66)
	at com.kms.katalon.core.keyword.internal.KeywordExecutor.executeKeywordForPlatform(KeywordExecutor.groovy:74)
	at com.kms.katalon.core.mobile.keyword.MobileBuiltInKeywords.setText(MobileBuiltInKeywords.groovy:1307)
	at com.kms.katalon.core.mobile.keyword.MobileBuiltInKeywords$setText$7.call(Unknown Source)
	at requestMoney.run(requestMoney:86)
	at com.kms.katalon.core.main.ScriptEngine.run(ScriptEngine.java:194)
	at com.kms.katalon.core.main.ScriptEngine.runScriptAsRawText(ScriptEngine.java:119)
	at com.kms.katalon.core.main.TestCaseExecutor.runScript(TestCaseExecutor.java:445)
	at com.kms.katalon.core.main.TestCaseExecutor.doExecute(TestCaseExecutor.java:436)
	at com.kms.katalon.core.main.TestCaseExecutor.processExecutionPhase(TestCaseExecutor.java:415)
	at com.kms.katalon.core.main.TestCaseExecutor.accessMainPhase(TestCaseExecutor.java:407)
	at com.kms.katalon.core.main.TestCaseExecutor.execute(TestCaseExecutor.java:284)
	at com.kms.katalon.core.common.CommonExecutor.accessTestCaseMainPhase(CommonExecutor.java:65)
	at com.kms.katalon.core.main.TestSuiteExecutor.accessTestSuiteMainPhase(TestSuiteExecutor.java:144)
	at com.kms.katalon.core.main.TestSuiteExecutor.execute(TestSuiteExecutor.java:106)
	at com.kms.katalon.core.main.TestCaseMain.startTestSuite(TestCaseMain.java:185)
	at com.kms.katalon.core.main.TestCaseMain$startTestSuite$0.call(Unknown Source)
	at TempTestSuite1656063863418.run(TempTestSuite1656063863418.groovy:36)
Caused by: org.openqa.selenium.StaleElementReferenceException: androidx.test.uiautomator.StaleObjectException
For documentation on this error, please visit: https://www.seleniumhq.org/exceptions/stale_element_reference.html
Build info: version: '3.141.59', revision: 'e82be7d358', time: '2018-11-14T08:25:53'
System info: host: '00139272s-MacBook-Pro.local', ip: '2001:d08:e4:5180:2d27:7468:8fce:7b01%en0', os.name: 'Mac OS X', os.arch: 'x86_64', os.version: '10.16', java.version: '1.8.0_275'
Driver info: com.kms.katalon.core.appium.driver.SwipeableAndroidDriver
Capabilities {app: /Users/a00139272/Katalon St..., appActivity: com.maybank2u.life.MainActi..., appPackage: com.maybank2u.life.sit, appWaitActivity: *, autoGrantPermissions: true, automationName: uiautomator2, chromedriverPort: 55937, databaseEnabled: false, desired: {app: /Users/a00139272/Katalon St..., appActivity: com.maybank2u.life.MainActi..., appPackage: com.maybank2u.life.sit, appWaitActivity: *, autoGrantPermissions: true, automationName: uiautomator2, chromedriverPort: 55937, deviceId: 002b9cc60508, deviceName: Xiaomi 21061119AG (Android 11), fullReset: false, newCommandTimeout: 1800, noReset: true, platform: ANDROID, platformName: android, platformVersion: 11, systemPort: 55935, udid: 002b9cc60508}, deviceApiLevel: 30, deviceId: 002b9cc60508, deviceManufacturer: Xiaomi, deviceModel: 21061119AG, deviceName: 002b9cc60508, deviceScreenDensity: 440, deviceScreenSize: 1080x2400, deviceUDID: 002b9cc60508, fullReset: false, javascriptEnabled: true, locationContextEnabled: false, networkConnectionEnabled: true, newCommandTimeout: 1800, noReset: true, pixelRatio: 2.75, platform: ANDROID, platformName: Android, platformVersion: 11, statBarHeight: 103, systemPort: 55935, takesScreenshot: true, udid: 002b9cc60508, viewportRect: {height: 2064, left: 0, top: 103, width: 1080}, warnings: {}, webStorageEnabled: false}
Session ID: 1924a9e8-83fd-4c0e-931e-437a742f1899
	at org.openqa.selenium.remote.http.W3CHttpResponseCodec.createException(W3CHttpResponseCodec.java:187)
	at org.openqa.selenium.remote.http.W3CHttpResponseCodec.decode(W3CHttpResponseCodec.java:122)
	at org.openqa.selenium.remote.http.W3CHttpResponseCodec.decode(W3CHttpResponseCodec.java:49)
	at org.openqa.selenium.remote.HttpCommandExecutor.execute(HttpCommandExecutor.java:158)
	at io.appium.java_client.remote.AppiumCommandExecutor.execute(AppiumCommandExecutor.java:239)
	at org.openqa.selenium.remote.RemoteWebDriver.execute(RemoteWebDriver.java:552)
	at io.appium.java_client.DefaultGenericMobileDriver.execute(DefaultGenericMobileDriver.java:42)
	at io.appium.java_client.AppiumDriver.execute(AppiumDriver.java:1)
	at io.appium.java_client.android.AndroidDriver.execute(AndroidDriver.java:1)
	at com.kms.katalon.core.appium.driver.SwipeableAndroidDriver.execute(SwipeableAndroidDriver.java:1)
	at org.openqa.selenium.remote.RemoteWebElement.execute(RemoteWebElement.java:285)
	at io.appium.java_client.DefaultGenericMobileElement.execute(DefaultGenericMobileElement.java:45)
	at io.appium.java_client.MobileElement.execute(MobileElement.java:1)
	at io.appium.java_client.android.AndroidElement.execute(AndroidElement.java:1)
	at org.openqa.selenium.remote.RemoteWebElement.getLocation(RemoteWebElement.java:337)
	at org.openqa.selenium.WebElement$getLocation.call(Unknown Source)
	at com.kms.katalon.core.mobile.keyword.internal.MobileAbstractKeyword.findElement(MobileAbstractKeyword.groovy:86)
	at com.kms.katalon.core.mobile.keyword.builtin.SetTextKeyword.access$1(SetTextKeyword.groovy)
	at com.kms.katalon.core.mobile.keyword.builtin.SetTextKeyword$_setText_closure1.doCall(SetTextKeyword.groovy:74)
	at com.kms.katalon.core.mobile.keyword.builtin.SetTextKeyword$_setText_closure1.call(SetTextKeyword.groovy)
	at com.kms.katalon.core.mobile.keyword.internal.MobileKeywordMain.runKeyword(MobileKeywordMain.groovy:21)
	... 19 more


2022-06-24 18:08:08 - [TEST_STEP][PASSED] - device_Height = getDeviceHeight(): Current device physical height is 2167

2022-06-24 18:08:08 - [MESSAGE][PASSED] - Current device physical height is 2167

2022-06-24 18:08:08 - [TEST_STEP][PASSED] - device_Width = getDeviceWidth(): Current device physical width is 1080

2022-06-24 18:08:08 - [MESSAGE][PASSED] - Current device physical width is 1080

2022-06-24 18:08:08 - [TEST_STEP][PASSED] - startX = device_Width / 3: null

2022-06-24 18:08:08 - [TEST_STEP][PASSED] - startY = device_Height * 0.97: null

2022-06-24 18:08:08 - [TEST_STEP][PASSED] - verifyElementVisible(findTestObject("Send Request Money/requestMoneyIconSelect"), 10): Element 'Object Repository/Send Request Money/requestMoneyIconSelect' is visible

2022-06-24 18:08:58 - [MESSAGE][PASSED] - Element 'Object Repository/Send Request Money/requestMoneyIconSelect' is visible

2022-06-24 18:08:58 - [TEST_STEP][PASSED] - tap(findTestObject("Send Request Money/requestMoneyIconSelect"), 0): Tapped on element 'Object Repository/Send Request Money/requestMoneyIconSelect'

2022-06-24 18:08:59 - [MESSAGE][WARNING] - Timeout '0' is invalid. Using default page load timeout: '40'

2022-06-24 18:09:59 - [MESSAGE][PASSED] - Tapped on element 'Object Repository/Send Request Money/requestMoneyIconSelect'

2022-06-24 18:09:59 - [TEST_STEP][PASSED] - delay(5): Delayed 5 second(s)

2022-06-24 18:10:04 - [MESSAGE][PASSED] - Delayed 5 second(s)

2022-06-24 18:10:04 - [TEST_STEP][PASSED] - verifyElementVisible(findTestObject("Send Request Money/sendRequestContactSearchIconSelect"), 10): Element 'Object Repository/Send Request Money/sendRequestContactSearchIconSelect' is visible

2022-06-24 18:10:54 - [MESSAGE][PASSED] - Element 'Object Repository/Send Request Money/sendRequestContactSearchIconSelect' is visible

2022-06-24 18:10:54 - [TEST_STEP][PASSED] - tap(findTestObject("Send Request Money/sendRequestContactSearchIconSelect"), 0): Tapped on element 'Object Repository/Send Request Money/sendRequestContactSearchIconSelect'

2022-06-24 18:10:55 - [MESSAGE][WARNING] - Timeout '0' is invalid. Using default page load timeout: '40'

2022-06-24 18:11:55 - [MESSAGE][PASSED] - Tapped on element 'Object Repository/Send Request Money/sendRequestContactSearchIconSelect'

2022-06-24 18:11:55 - [TEST_STEP][PASSED] - delay(3): Delayed 3 second(s)

2022-06-24 18:11:58 - [MESSAGE][PASSED] - Delayed 3 second(s)

2022-06-24 18:11:58 - [TEST_STEP][FAILED] - setText(findTestObject("Send Request Money/requestMoneyContactInputField"), contactName, 0): Failed to set text into element (Root cause: org.openqa.selenium.StaleElementReferenceException: androidx.test.uiautomator.StaleObjectException
For documentation on this error, please visit: https://www.seleniumhq.org/exceptions/stale_element_reference.html
Build info: version: '3.141.59', revision: 'e82be7d358', time: '2018-11-14T08:25:53'
System info: host: '00139272s-MacBook-Pro.local', ip: '2001:d08:e4:5180:2d27:7468:8fce:7b01%en0', os.name: 'Mac OS X', os.arch: 'x86_64', os.version: '10.16', java.version: '1.8.0_275'
Driver info: com.kms.katalon.core.appium.driver.SwipeableAndroidDriver
Capabilities {app: /Users/a00139272/Katalon St..., appActivity: com.maybank2u.life.MainActi..., appPackage: com.maybank2u.life.sit, appWaitActivity: *, autoGrantPermissions: true, automationName: uiautomator2, chromedriverPort: 55937, databaseEnabled: false, desired: {app: /Users/a00139272/Katalon St..., appActivity: com.maybank2u.life.MainActi..., appPackage: com.maybank2u.life.sit, appWaitActivity: *, autoGrantPermissions: true, automationName: uiautomator2, chromedriverPort: 55937, deviceId: 002b9cc60508, deviceName: Xiaomi 21061119AG (Android 11), fullReset: false, newCommandTimeout: 1800, noReset: true, platform: ANDROID, platformName: android, platformVersion: 11, systemPort: 55935, udid: 002b9cc60508}, deviceApiLevel: 30, deviceId: 002b9cc60508, deviceManufacturer: Xiaomi, deviceModel: 21061119AG, deviceName: 002b9cc60508, deviceScreenDensity: 440, deviceScreenSize: 1080x2400, deviceUDID: 002b9cc60508, fullReset: false, javascriptEnabled: true, locationContextEnabled: false, networkConnectionEnabled: true, newCommandTimeout: 1800, noReset: true, pixelRatio: 2.75, platform: ANDROID, platformName: Android, platformVersion: 11, statBarHeight: 103, systemPort: 55935, takesScreenshot: true, udid: 002b9cc60508, viewportRect: {height: 2064, left: 0, top: 103, width: 1080}, warnings: {}, webStorageEnabled: false}
Session ID: 1924a9e8-83fd-4c0e-931e-437a742f1899
	at org.openqa.selenium.remote.http.W3CHttpResponseCodec.createException(W3CHttpResponseCodec.java:187)
	at org.openqa.selenium.remote.http.W3CHttpResponseCodec.decode(W3CHttpResponseCodec.java:122)
	at org.openqa.selenium.remote.http.W3CHttpResponseCodec.decode(W3CHttpResponseCodec.java:49)
	at org.openqa.selenium.remote.HttpCommandExecutor.execute(HttpCommandExecutor.java:158)
	at io.appium.java_client.remote.AppiumCommandExecutor.execute(AppiumCommandExecutor.java:239)
	at org.openqa.selenium.remote.RemoteWebDriver.execute(RemoteWebDriver.java:552)
	at io.appium.java_client.DefaultGenericMobileDriver.execute(DefaultGenericMobileDriver.java:42)
	at io.appium.java_client.AppiumDriver.execute(AppiumDriver.java:1)
	at io.appium.java_client.android.AndroidDriver.execute(AndroidDriver.java:1)
	at com.kms.katalon.core.appium.driver.SwipeableAndroidDriver.execute(SwipeableAndroidDriver.java:1)
	at org.openqa.selenium.remote.RemoteWebElement.execute(RemoteWebElement.java:285)
	at io.appium.java_client.DefaultGenericMobileElement.execute(DefaultGenericMobileElement.java:45)
	at io.appium.java_client.MobileElement.execute(MobileElement.java:1)
	at io.appium.java_client.android.AndroidElement.execute(AndroidElement.java:1)
	at org.openqa.selenium.remote.RemoteWebElement.getLocation(RemoteWebElement.java:337)
	at org.openqa.selenium.WebElement$getLocation.call(Unknown Source)
	at com.kms.katalon.core.mobile.keyword.internal.MobileAbstractKeyword.findElement(MobileAbstractKeyword.groovy:86)
	at com.kms.katalon.core.mobile.keyword.builtin.SetTextKeyword.access$1(SetTextKeyword.groovy)
	at com.kms.katalon.core.mobile.keyword.builtin.SetTextKeyword$_setText_closure1.doCall(SetTextKeyword.groovy:74)
	at com.kms.katalon.core.mobile.keyword.builtin.SetTextKeyword$_setText_closure1.call(SetTextKeyword.groovy)
	at com.kms.katalon.core.mobile.keyword.internal.MobileKeywordMain.runKeyword(MobileKeywordMain.groovy:21)
	at com.kms.katalon.core.mobile.keyword.builtin.SetTextKeyword.setText(SetTextKeyword.groovy:83)
	at com.kms.katalon.core.mobile.keyword.builtin.SetTextKeyword.execute(SetTextKeyword.groovy:66)
	at com.kms.katalon.core.keyword.internal.KeywordExecutor.executeKeywordForPlatform(KeywordExecutor.groovy:74)
	at com.kms.katalon.core.mobile.keyword.MobileBuiltInKeywords.setText(MobileBuiltInKeywords.groovy:1307)
	at com.kms.katalon.core.mobile.keyword.MobileBuiltInKeywords$setText$7.call(Unknown Source)
	at requestMoney.run(requestMoney:86)
	at com.kms.katalon.core.main.ScriptEngine.run(ScriptEngine.java:194)
	at com.kms.katalon.core.main.ScriptEngine.runScriptAsRawText(ScriptEngine.java:119)
	at com.kms.katalon.core.main.TestCaseExecutor.runScript(TestCaseExecutor.java:445)
	at com.kms.katalon.core.main.TestCaseExecutor.doExecute(TestCaseExecutor.java:436)
	at com.kms.katalon.core.main.TestCaseExecutor.processExecutionPhase(TestCaseExecutor.java:415)
	at com.kms.katalon.core.main.TestCaseExecutor.accessMainPhase(TestCaseExecutor.java:407)
	at com.kms.katalon.core.main.TestCaseExecutor.execute(TestCaseExecutor.java:284)
	at com.kms.katalon.core.common.CommonExecutor.accessTestCaseMainPhase(CommonExecutor.java:65)
	at com.kms.katalon.core.main.TestSuiteExecutor.accessTestSuiteMainPhase(TestSuiteExecutor.java:144)
	at com.kms.katalon.core.main.TestSuiteExecutor.execute(TestSuiteExecutor.java:106)
	at com.kms.katalon.core.main.TestCaseMain.startTestSuite(TestCaseMain.java:185)
	at com.kms.katalon.core.main.TestCaseMain$startTestSuite$0.call(Unknown Source)
	at TempTestSuite1656063863418.run(TempTestSuite1656063863418.groovy:36)
)

2022-06-24 18:11:58 - [MESSAGE][WARNING] - Timeout '0' is invalid. Using default page load timeout: '40'

2022-06-24 18:12:21 - [MESSAGE][FAILED] - Failed to set text into element (Root cause: org.openqa.selenium.StaleElementReferenceException: androidx.test.uiautomator.StaleObjectException
For documentation on this error, please visit: https://www.seleniumhq.org/exceptions/stale_element_reference.html
Build info: version: '3.141.59', revision: 'e82be7d358', time: '2018-11-14T08:25:53'
System info: host: '00139272s-MacBook-Pro.local', ip: '2001:d08:e4:5180:2d27:7468:8fce:7b01%en0', os.name: 'Mac OS X', os.arch: 'x86_64', os.version: '10.16', java.version: '1.8.0_275'
Driver info: com.kms.katalon.core.appium.driver.SwipeableAndroidDriver
Capabilities {app: /Users/a00139272/Katalon St..., appActivity: com.maybank2u.life.MainActi..., appPackage: com.maybank2u.life.sit, appWaitActivity: *, autoGrantPermissions: true, automationName: uiautomator2, chromedriverPort: 55937, databaseEnabled: false, desired: {app: /Users/a00139272/Katalon St..., appActivity: com.maybank2u.life.MainActi..., appPackage: com.maybank2u.life.sit, appWaitActivity: *, autoGrantPermissions: true, automationName: uiautomator2, chromedriverPort: 55937, deviceId: 002b9cc60508, deviceName: Xiaomi 21061119AG (Android 11), fullReset: false, newCommandTimeout: 1800, noReset: true, platform: ANDROID, platformName: android, platformVersion: 11, systemPort: 55935, udid: 002b9cc60508}, deviceApiLevel: 30, deviceId: 002b9cc60508, deviceManufacturer: Xiaomi, deviceModel: 21061119AG, deviceName: 002b9cc60508, deviceScreenDensity: 440, deviceScreenSize: 1080x2400, deviceUDID: 002b9cc60508, fullReset: false, javascriptEnabled: true, locationContextEnabled: false, networkConnectionEnabled: true, newCommandTimeout: 1800, noReset: true, pixelRatio: 2.75, platform: ANDROID, platformName: Android, platformVersion: 11, statBarHeight: 103, systemPort: 55935, takesScreenshot: true, udid: 002b9cc60508, viewportRect: {height: 2064, left: 0, top: 103, width: 1080}, warnings: {}, webStorageEnabled: false}
Session ID: 1924a9e8-83fd-4c0e-931e-437a742f1899
	at org.openqa.selenium.remote.http.W3CHttpResponseCodec.createException(W3CHttpResponseCodec.java:187)
	at org.openqa.selenium.remote.http.W3CHttpResponseCodec.decode(W3CHttpResponseCodec.java:122)
	at org.openqa.selenium.remote.http.W3CHttpResponseCodec.decode(W3CHttpResponseCodec.java:49)
	at org.openqa.selenium.remote.HttpCommandExecutor.execute(HttpCommandExecutor.java:158)
	at io.appium.java_client.remote.AppiumCommandExecutor.execute(AppiumCommandExecutor.java:239)
	at org.openqa.selenium.remote.RemoteWebDriver.execute(RemoteWebDriver.java:552)
	at io.appium.java_client.DefaultGenericMobileDriver.execute(DefaultGenericMobileDriver.java:42)
	at io.appium.java_client.AppiumDriver.execute(AppiumDriver.java:1)
	at io.appium.java_client.android.AndroidDriver.execute(AndroidDriver.java:1)
	at com.kms.katalon.core.appium.driver.SwipeableAndroidDriver.execute(SwipeableAndroidDriver.java:1)
	at org.openqa.selenium.remote.RemoteWebElement.execute(RemoteWebElement.java:285)
	at io.appium.java_client.DefaultGenericMobileElement.execute(DefaultGenericMobileElement.java:45)
	at io.appium.java_client.MobileElement.execute(MobileElement.java:1)
	at io.appium.java_client.android.AndroidElement.execute(AndroidElement.java:1)
	at org.openqa.selenium.remote.RemoteWebElement.getLocation(RemoteWebElement.java:337)
	at org.openqa.selenium.WebElement$getLocation.call(Unknown Source)
	at com.kms.katalon.core.mobile.keyword.internal.MobileAbstractKeyword.findElement(MobileAbstractKeyword.groovy:86)
	at com.kms.katalon.core.mobile.keyword.builtin.SetTextKeyword.access$1(SetTextKeyword.groovy)
	at com.kms.katalon.core.mobile.keyword.builtin.SetTextKeyword$_setText_closure1.doCall(SetTextKeyword.groovy:74)
	at com.kms.katalon.core.mobile.keyword.builtin.SetTextKeyword$_setText_closure1.call(SetTextKeyword.groovy)
	at com.kms.katalon.core.mobile.keyword.internal.MobileKeywordMain.runKeyword(MobileKeywordMain.groovy:21)
	at com.kms.katalon.core.mobile.keyword.builtin.SetTextKeyword.setText(SetTextKeyword.groovy:83)
	at com.kms.katalon.core.mobile.keyword.builtin.SetTextKeyword.execute(SetTextKeyword.groovy:66)
	at com.kms.katalon.core.keyword.internal.KeywordExecutor.executeKeywordForPlatform(KeywordExecutor.groovy:74)
	at com.kms.katalon.core.mobile.keyword.MobileBuiltInKeywords.setText(MobileBuiltInKeywords.groovy:1307)
	at com.kms.katalon.core.mobile.keyword.MobileBuiltInKeywords$setText$7.call(Unknown Source)
	at requestMoney.run(requestMoney:86)
	at com.kms.katalon.core.main.ScriptEngine.run(ScriptEngine.java:194)
	at com.kms.katalon.core.main.ScriptEngine.runScriptAsRawText(ScriptEngine.java:119)
	at com.kms.katalon.core.main.TestCaseExecutor.runScript(TestCaseExecutor.java:445)
	at com.kms.katalon.core.main.TestCaseExecutor.doExecute(TestCaseExecutor.java:436)
	at com.kms.katalon.core.main.TestCaseExecutor.processExecutionPhase(TestCaseExecutor.java:415)
	at com.kms.katalon.core.main.TestCaseExecutor.accessMainPhase(TestCaseExecutor.java:407)
	at com.kms.katalon.core.main.TestCaseExecutor.execute(TestCaseExecutor.java:284)
	at com.kms.katalon.core.common.CommonExecutor.accessTestCaseMainPhase(CommonExecutor.java:65)
	at com.kms.katalon.core.main.TestSuiteExecutor.accessTestSuiteMainPhase(TestSuiteExecutor.java:144)
	at com.kms.katalon.core.main.TestSuiteExecutor.execute(TestSuiteExecutor.java:106)
	at com.kms.katalon.core.main.TestCaseMain.startTestSuite(TestCaseMain.java:185)
	at com.kms.katalon.core.main.TestCaseMain$startTestSuite$0.call(Unknown Source)
	at TempTestSuite1656063863418.run(TempTestSuite1656063863418.groovy:36)
)

2022-06-24 18:12:21 - [TEST_STEP][PASSED] - delay(3): Delayed 3 second(s)

2022-06-24 18:12:24 - [MESSAGE][PASSED] - Delayed 3 second(s)

2022-06-24 18:12:24 - [TEST_STEP][PASSED] - hideKeyboard(): Keyboard is hidden

2022-06-24 18:12:25 - [MESSAGE][PASSED] - Keyboard is hidden

2022-06-24 18:12:25 - [TEST_STEP][PASSED] - delay(3): Delayed 3 second(s)

2022-06-24 18:12:28 - [MESSAGE][PASSED] - Delayed 3 second(s)

2022-06-24 18:12:28 - [TEST_STEP][FAILED] - verifyElementVisible(findTestObject("Send Request Money/requestMoneyContactSelect", ["contactName":contactName]), 0): Element 'Object Repository/Send Request Money/requestMoneyContactSelect' not found

2022-06-24 18:12:28 - [MESSAGE][WARNING] - Timeout '0' is invalid. Using default page load timeout: '40'

2022-06-24 18:13:08 - [MESSAGE][FAILED] - Element 'Object Repository/Send Request Money/requestMoneyContactSelect' not found

2022-06-24 18:13:08 - [TEST_STEP][PASSED] - tap(findTestObject("Send Request Money/requestMoneyContactSelect", ["contactName":contactName]), 0): Tapped on element 'Object Repository/Send Request Money/requestMoneyContactSelect'

2022-06-24 18:13:08 - [MESSAGE][WARNING] - Timeout '0' is invalid. Using default page load timeout: '40'

2022-06-24 18:14:01 - [MESSAGE][PASSED] - Tapped on element 'Object Repository/Send Request Money/requestMoneyContactSelect'

2022-06-24 18:14:01 - [TEST_STEP][PASSED] - tap(findTestObject("Send Request Money/requestMoneyContactSelect", ["contactName":contactName]), 0): Tapped on element 'Object Repository/Send Request Money/requestMoneyContactSelect'

2022-06-24 18:14:01 - [MESSAGE][WARNING] - Timeout '0' is invalid. Using default page load timeout: '40'

2022-06-24 18:15:04 - [MESSAGE][PASSED] - Tapped on element 'Object Repository/Send Request Money/requestMoneyContactSelect'

2022-06-24 18:15:04 - [TEST_STEP][PASSED] - delay(5): Delayed 5 second(s)

2022-06-24 18:15:09 - [MESSAGE][PASSED] - Delayed 5 second(s)

2022-06-24 18:15:09 - [TEST_STEP][PASSED] - tap(findTestObject("Login Onboarding/PIN4"), 0): Tapped on element 'Object Repository/Login Onboarding/PIN4'

2022-06-24 18:15:09 - [MESSAGE][WARNING] - Timeout '0' is invalid. Using default page load timeout: '40'

2022-06-24 18:15:09 - [MESSAGE][PASSED] - Tapped on element 'Object Repository/Login Onboarding/PIN4'

2022-06-24 18:15:09 - [TEST_STEP][PASSED] - delay(3): Delayed 3 second(s)

2022-06-24 18:15:12 - [MESSAGE][PASSED] - Delayed 3 second(s)

2022-06-24 18:15:12 - [TEST_STEP][PASSED] - tap(findTestObject("Main/mainAmountTickBtn"), 0): Tapped on element 'Object Repository/Main/mainAmountTickBtn'

2022-06-24 18:15:12 - [MESSAGE][WARNING] - Timeout '0' is invalid. Using default page load timeout: '40'

2022-06-24 18:15:12 - [MESSAGE][PASSED] - Tapped on element 'Object Repository/Main/mainAmountTickBtn'

2022-06-24 18:15:12 - [TEST_STEP][PASSED] - delay(3): Delayed 3 second(s)

2022-06-24 18:15:15 - [MESSAGE][PASSED] - Delayed 3 second(s)

2022-06-24 18:15:15 - [TEST_STEP][PASSED] - verifyElementText(findTestObject("Send Request Money/requestMoneyConfirmationContactNameTxt", ["contactName":contactName]), contactName): Actual text and expected text of test object 'Object Repository/Send Request Money/requestMoneyConfirmationContactNameTxt' are matched.

2022-06-24 18:15:16 - [MESSAGE][PASSED] - Actual text and expected text of test object 'Object Repository/Send Request Money/requestMoneyConfirmationContactNameTxt' are matched.

2022-06-24 18:15:16 - [TEST_STEP][PASSED] - verifyElementText(findTestObject("Send Request Money/requestMoneyConfirmationAmountBtn"), "RM 0.04"): Actual text and expected text of test object 'Object Repository/Send Request Money/requestMoneyConfirmationAmountBtn' are matched.

2022-06-24 18:15:16 - [MESSAGE][PASSED] - Actual text and expected text of test object 'Object Repository/Send Request Money/requestMoneyConfirmationAmountBtn' are matched.

2022-06-24 18:15:16 - [TEST_STEP][PASSED] - tap(findTestObject("Send Request Money/requestMoneyNotesSelect"), 0): Tapped on element 'Object Repository/Send Request Money/requestMoneyNotesSelect'

2022-06-24 18:15:16 - [MESSAGE][WARNING] - Timeout '0' is invalid. Using default page load timeout: '40'

2022-06-24 18:15:16 - [MESSAGE][PASSED] - Tapped on element 'Object Repository/Send Request Money/requestMoneyNotesSelect'

2022-06-24 18:15:16 - [TEST_STEP][PASSED] - setText(findTestObject("Send Request Money/requestMoneyNotesSelect"), "Send Request Test", 0): Text 'Send Request Test' has been set to element 'Object Repository/Send Request Money/requestMoneyNotesSelect'

2022-06-24 18:15:16 - [MESSAGE][WARNING] - Timeout '0' is invalid. Using default page load timeout: '40'

2022-06-24 18:15:18 - [MESSAGE][PASSED] - Text 'Send Request Test' has been set to element 'Object Repository/Send Request Money/requestMoneyNotesSelect'

2022-06-24 18:15:18 - [TEST_STEP][PASSED] - delay(3): Delayed 3 second(s)

2022-06-24 18:15:21 - [MESSAGE][PASSED] - Delayed 3 second(s)

2022-06-24 18:15:21 - [TEST_STEP][PASSED] - hideKeyboard(): Keyboard is hidden

2022-06-24 18:15:24 - [MESSAGE][PASSED] - Keyboard is hidden

2022-06-24 18:15:24 - [TEST_STEP][PASSED] - tap(findTestObject("Send Request Money/requestMoneyConfirmationSendRequestBtn"), 0): Tapped on element 'Object Repository/Send Request Money/requestMoneyConfirmationSendRequestBtn'

2022-06-24 18:15:24 - [MESSAGE][WARNING] - Timeout '0' is invalid. Using default page load timeout: '40'

2022-06-24 18:15:24 - [MESSAGE][PASSED] - Tapped on element 'Object Repository/Send Request Money/requestMoneyConfirmationSendRequestBtn'

2022-06-24 18:15:24 - [TEST_STEP][PASSED] - delay(5): Delayed 5 second(s)

2022-06-24 18:15:29 - [MESSAGE][PASSED] - Delayed 5 second(s)

2022-06-24 18:15:29 - [TEST_STEP][PASSED] - verifyElementText(findTestObject("Send Request Money/requestMoneySummaryNameTxt", ["contactName":contactName]), contactName): Actual text and expected text of test object 'Object Repository/Send Request Money/requestMoneySummaryNameTxt' are matched.

2022-06-24 18:15:29 - [MESSAGE][PASSED] - Actual text and expected text of test object 'Object Repository/Send Request Money/requestMoneySummaryNameTxt' are matched.

2022-06-24 18:15:29 - [TEST_STEP][PASSED] - verifyElementVisible(findTestObject("Send Request Money/requestMoneySummaryDoneBtn"), 0): Element 'Object Repository/Send Request Money/requestMoneySummaryDoneBtn' is visible

2022-06-24 18:15:29 - [MESSAGE][WARNING] - Timeout '0' is invalid. Using default page load timeout: '40'

2022-06-24 18:15:29 - [MESSAGE][PASSED] - Element 'Object Repository/Send Request Money/requestMoneySummaryDoneBtn' is visible

2022-06-24 18:15:29 - [TEST_STEP][PASSED] - verifyElementText(findTestObject("Send Request Money/requestMoneySummarySuccessMessageTxt"), "Request successful"): Actual text and expected text of test object 'Object Repository/Send Request Money/requestMoneySummarySuccessMessageTxt' are matched.

2022-06-24 18:15:29 - [MESSAGE][PASSED] - Actual text and expected text of test object 'Object Repository/Send Request Money/requestMoneySummarySuccessMessageTxt' are matched.

2022-06-24 18:15:29 - [TEST_STEP][PASSED] - verifyElementText(findTestObject("Send Request Money/requestMoneySummaryAmountTxt"), "RM 0.04"): Actual text and expected text of test object 'Object Repository/Send Request Money/requestMoneySummaryAmountTxt' are matched.

2022-06-24 18:15:30 - [MESSAGE][PASSED] - Actual text and expected text of test object 'Object Repository/Send Request Money/requestMoneySummaryAmountTxt' are matched.

2022-06-24 18:15:30 - [TEST_STEP][PASSED] - verifyElementVisible(findTestObject("Send Request Money/requestMoneySummaryDoneBtn"), 10): Element 'Object Repository/Send Request Money/requestMoneySummaryDoneBtn' is visible

2022-06-24 18:15:30 - [MESSAGE][PASSED] - Element 'Object Repository/Send Request Money/requestMoneySummaryDoneBtn' is visible

2022-06-24 18:15:30 - [TEST_STEP][PASSED] - takeScreenshot("/Users/a00139272/Desktop/Screenshot/requestMoney.png"): Screenshot is taken

2022-06-24 18:15:30 - [MESSAGE][PASSED] - Screenshot is taken
[[ATTACHMENT|/Users/a00139272/Desktop/Screenshot/requestMoney.png]]

2022-06-24 18:15:30 - [TEST_STEP][PASSED] - tap(findTestObject("Send Request Money/requestMoneySummaryDoneBtn"), 0): Tapped on element 'Object Repository/Send Request Money/requestMoneySummaryDoneBtn'

2022-06-24 18:15:30 - [MESSAGE][WARNING] - Timeout '0' is invalid. Using default page load timeout: '40'

2022-06-24 18:15:31 - [MESSAGE][PASSED] - Tapped on element 'Object Repository/Send Request Money/requestMoneySummaryDoneBtn']]></system-out>
         <system-err><![CDATA[2022-06-24 18:08:08 - [TEST_CASE][FAILED] - Test Cases/Send Request Money/requestMoney: Test Cases/Send Request Money/requestMoney FAILED.
Reason:
com.kms.katalon.core.exception.StepFailedException: Failed to set text into element (Root cause: org.openqa.selenium.StaleElementReferenceException: androidx.test.uiautomator.StaleObjectException
For documentation on this error, please visit: https://www.seleniumhq.org/exceptions/stale_element_reference.html
Build info: version: '3.141.59', revision: 'e82be7d358', time: '2018-11-14T08:25:53'
System info: host: '00139272s-MacBook-Pro.local', ip: '2001:d08:e4:5180:2d27:7468:8fce:7b01%en0', os.name: 'Mac OS X', os.arch: 'x86_64', os.version: '10.16', java.version: '1.8.0_275'
Driver info: com.kms.katalon.core.appium.driver.SwipeableAndroidDriver
Capabilities {app: /Users/a00139272/Katalon St..., appActivity: com.maybank2u.life.MainActi..., appPackage: com.maybank2u.life.sit, appWaitActivity: *, autoGrantPermissions: true, automationName: uiautomator2, chromedriverPort: 55937, databaseEnabled: false, desired: {app: /Users/a00139272/Katalon St..., appActivity: com.maybank2u.life.MainActi..., appPackage: com.maybank2u.life.sit, appWaitActivity: *, autoGrantPermissions: true, automationName: uiautomator2, chromedriverPort: 55937, deviceId: 002b9cc60508, deviceName: Xiaomi 21061119AG (Android 11), fullReset: false, newCommandTimeout: 1800, noReset: true, platform: ANDROID, platformName: android, platformVersion: 11, systemPort: 55935, udid: 002b9cc60508}, deviceApiLevel: 30, deviceId: 002b9cc60508, deviceManufacturer: Xiaomi, deviceModel: 21061119AG, deviceName: 002b9cc60508, deviceScreenDensity: 440, deviceScreenSize: 1080x2400, deviceUDID: 002b9cc60508, fullReset: false, javascriptEnabled: true, locationContextEnabled: false, networkConnectionEnabled: true, newCommandTimeout: 1800, noReset: true, pixelRatio: 2.75, platform: ANDROID, platformName: Android, platformVersion: 11, statBarHeight: 103, systemPort: 55935, takesScreenshot: true, udid: 002b9cc60508, viewportRect: {height: 2064, left: 0, top: 103, width: 1080}, warnings: {}, webStorageEnabled: false}
Session ID: 1924a9e8-83fd-4c0e-931e-437a742f1899
	at org.openqa.selenium.remote.http.W3CHttpResponseCodec.createException(W3CHttpResponseCodec.java:187)
	at org.openqa.selenium.remote.http.W3CHttpResponseCodec.decode(W3CHttpResponseCodec.java:122)
	at org.openqa.selenium.remote.http.W3CHttpResponseCodec.decode(W3CHttpResponseCodec.java:49)
	at org.openqa.selenium.remote.HttpCommandExecutor.execute(HttpCommandExecutor.java:158)
	at io.appium.java_client.remote.AppiumCommandExecutor.execute(AppiumCommandExecutor.java:239)
	at org.openqa.selenium.remote.RemoteWebDriver.execute(RemoteWebDriver.java:552)
	at io.appium.java_client.DefaultGenericMobileDriver.execute(DefaultGenericMobileDriver.java:42)
	at io.appium.java_client.AppiumDriver.execute(AppiumDriver.java:1)
	at io.appium.java_client.android.AndroidDriver.execute(AndroidDriver.java:1)
	at com.kms.katalon.core.appium.driver.SwipeableAndroidDriver.execute(SwipeableAndroidDriver.java:1)
	at org.openqa.selenium.remote.RemoteWebElement.execute(RemoteWebElement.java:285)
	at io.appium.java_client.DefaultGenericMobileElement.execute(DefaultGenericMobileElement.java:45)
	at io.appium.java_client.MobileElement.execute(MobileElement.java:1)
	at io.appium.java_client.android.AndroidElement.execute(AndroidElement.java:1)
	at org.openqa.selenium.remote.RemoteWebElement.getLocation(RemoteWebElement.java:337)
	at org.openqa.selenium.WebElement$getLocation.call(Unknown Source)
	at com.kms.katalon.core.mobile.keyword.internal.MobileAbstractKeyword.findElement(MobileAbstractKeyword.groovy:86)
	at com.kms.katalon.core.mobile.keyword.builtin.SetTextKeyword.access$1(SetTextKeyword.groovy)
	at com.kms.katalon.core.mobile.keyword.builtin.SetTextKeyword$_setText_closure1.doCall(SetTextKeyword.groovy:74)
	at com.kms.katalon.core.mobile.keyword.builtin.SetTextKeyword$_setText_closure1.call(SetTextKeyword.groovy)
	at com.kms.katalon.core.mobile.keyword.internal.MobileKeywordMain.runKeyword(MobileKeywordMain.groovy:21)
	at com.kms.katalon.core.mobile.keyword.builtin.SetTextKeyword.setText(SetTextKeyword.groovy:83)
	at com.kms.katalon.core.mobile.keyword.builtin.SetTextKeyword.execute(SetTextKeyword.groovy:66)
	at com.kms.katalon.core.keyword.internal.KeywordExecutor.executeKeywordForPlatform(KeywordExecutor.groovy:74)
	at com.kms.katalon.core.mobile.keyword.MobileBuiltInKeywords.setText(MobileBuiltInKeywords.groovy:1307)
	at com.kms.katalon.core.mobile.keyword.MobileBuiltInKeywords$setText$7.call(Unknown Source)
	at requestMoney.run(requestMoney:86)
	at com.kms.katalon.core.main.ScriptEngine.run(ScriptEngine.java:194)
	at com.kms.katalon.core.main.ScriptEngine.runScriptAsRawText(ScriptEngine.java:119)
	at com.kms.katalon.core.main.TestCaseExecutor.runScript(TestCaseExecutor.java:445)
	at com.kms.katalon.core.main.TestCaseExecutor.doExecute(TestCaseExecutor.java:436)
	at com.kms.katalon.core.main.TestCaseExecutor.processExecutionPhase(TestCaseExecutor.java:415)
	at com.kms.katalon.core.main.TestCaseExecutor.accessMainPhase(TestCaseExecutor.java:407)
	at com.kms.katalon.core.main.TestCaseExecutor.execute(TestCaseExecutor.java:284)
	at com.kms.katalon.core.common.CommonExecutor.accessTestCaseMainPhase(CommonExecutor.java:65)
	at com.kms.katalon.core.main.TestSuiteExecutor.accessTestSuiteMainPhase(TestSuiteExecutor.java:144)
	at com.kms.katalon.core.main.TestSuiteExecutor.execute(TestSuiteExecutor.java:106)
	at com.kms.katalon.core.main.TestCaseMain.startTestSuite(TestCaseMain.java:185)
	at com.kms.katalon.core.main.TestCaseMain$startTestSuite$0.call(Unknown Source)
	at TempTestSuite1656063863418.run(TempTestSuite1656063863418.groovy:36)
)
	at com.kms.katalon.core.keyword.internal.KeywordMain.stepFailed(KeywordMain.groovy:39)
	at com.kms.katalon.core.mobile.keyword.internal.MobileKeywordMain.stepFailed(MobileKeywordMain.groovy:40)
	at com.kms.katalon.core.mobile.keyword.internal.MobileKeywordMain.runKeyword(MobileKeywordMain.groovy:23)
	at com.kms.katalon.core.mobile.keyword.builtin.SetTextKeyword.setText(SetTextKeyword.groovy:83)
	at com.kms.katalon.core.mobile.keyword.builtin.SetTextKeyword.execute(SetTextKeyword.groovy:66)
	at com.kms.katalon.core.keyword.internal.KeywordExecutor.executeKeywordForPlatform(KeywordExecutor.groovy:74)
	at com.kms.katalon.core.mobile.keyword.MobileBuiltInKeywords.setText(MobileBuiltInKeywords.groovy:1307)
	at com.kms.katalon.core.mobile.keyword.MobileBuiltInKeywords$setText$7.call(Unknown Source)
	at requestMoney.run(requestMoney:86)
	at com.kms.katalon.core.main.ScriptEngine.run(ScriptEngine.java:194)
	at com.kms.katalon.core.main.ScriptEngine.runScriptAsRawText(ScriptEngine.java:119)
	at com.kms.katalon.core.main.TestCaseExecutor.runScript(TestCaseExecutor.java:445)
	at com.kms.katalon.core.main.TestCaseExecutor.doExecute(TestCaseExecutor.java:436)
	at com.kms.katalon.core.main.TestCaseExecutor.processExecutionPhase(TestCaseExecutor.java:415)
	at com.kms.katalon.core.main.TestCaseExecutor.accessMainPhase(TestCaseExecutor.java:407)
	at com.kms.katalon.core.main.TestCaseExecutor.execute(TestCaseExecutor.java:284)
	at com.kms.katalon.core.common.CommonExecutor.accessTestCaseMainPhase(CommonExecutor.java:65)
	at com.kms.katalon.core.main.TestSuiteExecutor.accessTestSuiteMainPhase(TestSuiteExecutor.java:144)
	at com.kms.katalon.core.main.TestSuiteExecutor.execute(TestSuiteExecutor.java:106)
	at com.kms.katalon.core.main.TestCaseMain.startTestSuite(TestCaseMain.java:185)
	at com.kms.katalon.core.main.TestCaseMain$startTestSuite$0.call(Unknown Source)
	at TempTestSuite1656063863418.run(TempTestSuite1656063863418.groovy:36)
Caused by: org.openqa.selenium.StaleElementReferenceException: androidx.test.uiautomator.StaleObjectException
For documentation on this error, please visit: https://www.seleniumhq.org/exceptions/stale_element_reference.html
Build info: version: '3.141.59', revision: 'e82be7d358', time: '2018-11-14T08:25:53'
System info: host: '00139272s-MacBook-Pro.local', ip: '2001:d08:e4:5180:2d27:7468:8fce:7b01%en0', os.name: 'Mac OS X', os.arch: 'x86_64', os.version: '10.16', java.version: '1.8.0_275'
Driver info: com.kms.katalon.core.appium.driver.SwipeableAndroidDriver
Capabilities {app: /Users/a00139272/Katalon St..., appActivity: com.maybank2u.life.MainActi..., appPackage: com.maybank2u.life.sit, appWaitActivity: *, autoGrantPermissions: true, automationName: uiautomator2, chromedriverPort: 55937, databaseEnabled: false, desired: {app: /Users/a00139272/Katalon St..., appActivity: com.maybank2u.life.MainActi..., appPackage: com.maybank2u.life.sit, appWaitActivity: *, autoGrantPermissions: true, automationName: uiautomator2, chromedriverPort: 55937, deviceId: 002b9cc60508, deviceName: Xiaomi 21061119AG (Android 11), fullReset: false, newCommandTimeout: 1800, noReset: true, platform: ANDROID, platformName: android, platformVersion: 11, systemPort: 55935, udid: 002b9cc60508}, deviceApiLevel: 30, deviceId: 002b9cc60508, deviceManufacturer: Xiaomi, deviceModel: 21061119AG, deviceName: 002b9cc60508, deviceScreenDensity: 440, deviceScreenSize: 1080x2400, deviceUDID: 002b9cc60508, fullReset: false, javascriptEnabled: true, locationContextEnabled: false, networkConnectionEnabled: true, newCommandTimeout: 1800, noReset: true, pixelRatio: 2.75, platform: ANDROID, platformName: Android, platformVersion: 11, statBarHeight: 103, systemPort: 55935, takesScreenshot: true, udid: 002b9cc60508, viewportRect: {height: 2064, left: 0, top: 103, width: 1080}, warnings: {}, webStorageEnabled: false}
Session ID: 1924a9e8-83fd-4c0e-931e-437a742f1899
	at org.openqa.selenium.remote.http.W3CHttpResponseCodec.createException(W3CHttpResponseCodec.java:187)
	at org.openqa.selenium.remote.http.W3CHttpResponseCodec.decode(W3CHttpResponseCodec.java:122)
	at org.openqa.selenium.remote.http.W3CHttpResponseCodec.decode(W3CHttpResponseCodec.java:49)
	at org.openqa.selenium.remote.HttpCommandExecutor.execute(HttpCommandExecutor.java:158)
	at io.appium.java_client.remote.AppiumCommandExecutor.execute(AppiumCommandExecutor.java:239)
	at org.openqa.selenium.remote.RemoteWebDriver.execute(RemoteWebDriver.java:552)
	at io.appium.java_client.DefaultGenericMobileDriver.execute(DefaultGenericMobileDriver.java:42)
	at io.appium.java_client.AppiumDriver.execute(AppiumDriver.java:1)
	at io.appium.java_client.android.AndroidDriver.execute(AndroidDriver.java:1)
	at com.kms.katalon.core.appium.driver.SwipeableAndroidDriver.execute(SwipeableAndroidDriver.java:1)
	at org.openqa.selenium.remote.RemoteWebElement.execute(RemoteWebElement.java:285)
	at io.appium.java_client.DefaultGenericMobileElement.execute(DefaultGenericMobileElement.java:45)
	at io.appium.java_client.MobileElement.execute(MobileElement.java:1)
	at io.appium.java_client.android.AndroidElement.execute(AndroidElement.java:1)
	at org.openqa.selenium.remote.RemoteWebElement.getLocation(RemoteWebElement.java:337)
	at org.openqa.selenium.WebElement$getLocation.call(Unknown Source)
	at com.kms.katalon.core.mobile.keyword.internal.MobileAbstractKeyword.findElement(MobileAbstractKeyword.groovy:86)
	at com.kms.katalon.core.mobile.keyword.builtin.SetTextKeyword.access$1(SetTextKeyword.groovy)
	at com.kms.katalon.core.mobile.keyword.builtin.SetTextKeyword$_setText_closure1.doCall(SetTextKeyword.groovy:74)
	at com.kms.katalon.core.mobile.keyword.builtin.SetTextKeyword$_setText_closure1.call(SetTextKeyword.groovy)
	at com.kms.katalon.core.mobile.keyword.internal.MobileKeywordMain.runKeyword(MobileKeywordMain.groovy:21)
	... 19 more]]></system-err>
      </testcase>
      <testcase name="Test Cases/Send Request Money/requestMoney_markAsPaid" time="178.526" classname="Test Cases/Send Request Money/requestMoney_markAsPaid" status="PASSED">
         <system-out><![CDATA[2022-06-24 18:15:31 - [TEST_CASE][PASSED] - Test Cases/Send Request Money/requestMoney_markAsPaid: Test Cases/Send Request Money/requestMoney_markAsPaid

2022-06-24 18:15:31 - [TEST_STEP][PASSED] - delay(5): Delayed 5 second(s)

2022-06-24 18:15:36 - [MESSAGE][PASSED] - Delayed 5 second(s)

2022-06-24 18:15:36 - [TEST_STEP][PASSED] - tap(findTestObject("Send Request Money/requestMoneyListStatusTxt"), 0): Tapped on element 'Object Repository/Send Request Money/requestMoneyListStatusTxt'

2022-06-24 18:15:36 - [MESSAGE][WARNING] - Timeout '0' is invalid. Using default page load timeout: '40'

2022-06-24 18:16:27 - [MESSAGE][PASSED] - Tapped on element 'Object Repository/Send Request Money/requestMoneyListStatusTxt'

2022-06-24 18:16:27 - [TEST_STEP][PASSED] - delay(3): Delayed 3 second(s)

2022-06-24 18:16:30 - [MESSAGE][PASSED] - Delayed 3 second(s)

2022-06-24 18:16:30 - [TEST_STEP][PASSED] - verifyElementText(findTestObject("Send Request Money/requestMoneyDetailsNameTxt"), "Icrpp"): Actual text and expected text of test object 'Object Repository/Send Request Money/requestMoneyDetailsNameTxt' are matched.

2022-06-24 18:16:31 - [MESSAGE][PASSED] - Actual text and expected text of test object 'Object Repository/Send Request Money/requestMoneyDetailsNameTxt' are matched.

2022-06-24 18:16:31 - [TEST_STEP][PASSED] - verifyElementText(findTestObject("Send Request Money/requestMoneyDetailsAmountTxt"), "RM 0.04"): Actual text and expected text of test object 'Object Repository/Send Request Money/requestMoneyDetailsAmountTxt' are matched.

2022-06-24 18:16:31 - [MESSAGE][PASSED] - Actual text and expected text of test object 'Object Repository/Send Request Money/requestMoneyDetailsAmountTxt' are matched.

2022-06-24 18:16:31 - [TEST_STEP][PASSED] - verifyElementText(findTestObject("Send Request Money/requestMoneyDetailsNotesTxt"), "Send Request Test"): Actual text and expected text of test object 'Object Repository/Send Request Money/requestMoneyDetailsNotesTxt' are matched.

2022-06-24 18:16:31 - [MESSAGE][PASSED] - Actual text and expected text of test object 'Object Repository/Send Request Money/requestMoneyDetailsNotesTxt' are matched.

2022-06-24 18:16:31 - [TEST_STEP][PASSED] - tap(findTestObject("Send Request Money/requestMoneyDetailsThreeDotsBtn"), 0): Tapped on element 'Object Repository/Send Request Money/requestMoneyDetailsThreeDotsBtn'

2022-06-24 18:16:31 - [MESSAGE][WARNING] - Timeout '0' is invalid. Using default page load timeout: '40'

2022-06-24 18:16:31 - [MESSAGE][PASSED] - Tapped on element 'Object Repository/Send Request Money/requestMoneyDetailsThreeDotsBtn'

2022-06-24 18:16:31 - [TEST_STEP][PASSED] - tap(findTestObject("Send Request Money/requestMoneyThreeDotsMarksPaidBtn"), 0): Tapped on element 'Object Repository/Send Request Money/requestMoneyThreeDotsMarksPaidBtn'

2022-06-24 18:16:31 - [MESSAGE][WARNING] - Timeout '0' is invalid. Using default page load timeout: '40'

2022-06-24 18:16:33 - [MESSAGE][PASSED] - Tapped on element 'Object Repository/Send Request Money/requestMoneyThreeDotsMarksPaidBtn'

2022-06-24 18:16:33 - [TEST_STEP][PASSED] - delay(3): Delayed 3 second(s)

2022-06-24 18:16:36 - [MESSAGE][PASSED] - Delayed 3 second(s)

2022-06-24 18:16:36 - [TEST_STEP][PASSED] - takeScreenshot("/Users/a00139272/Desktop/Screenshot/markAsPaidRequestMoney.png"): Screenshot is taken

2022-06-24 18:16:36 - [MESSAGE][PASSED] - Screenshot is taken
[[ATTACHMENT|/Users/a00139272/Desktop/Screenshot/markAsPaidRequestMoney.png]]

2022-06-24 18:16:36 - [TEST_STEP][PASSED] - verifyElementNotVisible(findTestObject("Send Request Money/requestMoneyListStatusTxt"), 0): Element 'Object Repository/Send Request Money/requestMoneyListStatusTxt' not found

2022-06-24 18:16:36 - [MESSAGE][WARNING] - Timeout '0' is invalid. Using default page load timeout: '40'

2022-06-24 18:17:17 - [MESSAGE][PASSED] - Element 'Object Repository/Send Request Money/requestMoneyListStatusTxt' not found

2022-06-24 18:17:17 - [TEST_STEP][PASSED] - delay(10): Delayed 10 second(s)

2022-06-24 18:17:27 - [MESSAGE][PASSED] - Delayed 10 second(s)

2022-06-24 18:17:27 - [TEST_STEP][PASSED] - tap(findTestObject("Main/mainTopLeftBackButton"), 0): Tapped on element 'Object Repository/Main/mainTopLeftBackButton'

2022-06-24 18:17:27 - [MESSAGE][WARNING] - Timeout '0' is invalid. Using default page load timeout: '40'

2022-06-24 18:18:19 - [MESSAGE][PASSED] - Tapped on element 'Object Repository/Main/mainTopLeftBackButton'

2022-06-24 18:18:19 - [TEST_STEP][PASSED] - tap(findTestObject("Main/mainTopLeftBackButton"), 0): Tapped on element 'Object Repository/Main/mainTopLeftBackButton'

2022-06-24 18:18:19 - [MESSAGE][WARNING] - Timeout '0' is invalid. Using default page load timeout: '40'

2022-06-24 18:18:19 - [MESSAGE][PASSED] - Tapped on element 'Object Repository/Main/mainTopLeftBackButton'

2022-06-24 18:18:19 - [TEST_STEP][PASSED] - delay(5): Delayed 5 second(s)

2022-06-24 18:18:24 - [MESSAGE][PASSED] - Delayed 5 second(s)

2022-06-24 18:18:24 - [TEST_STEP][PASSED] - tap(findTestObject("Main/mainTopLeftBackButton"), 0): Tapped on element 'Object Repository/Main/mainTopLeftBackButton'

2022-06-24 18:18:24 - [MESSAGE][WARNING] - Timeout '0' is invalid. Using default page load timeout: '40'

2022-06-24 18:18:24 - [MESSAGE][PASSED] - Tapped on element 'Object Repository/Main/mainTopLeftBackButton'

2022-06-24 18:18:24 - [TEST_STEP][PASSED] - delay(5): Delayed 5 second(s)

2022-06-24 18:18:29 - [MESSAGE][PASSED] - Delayed 5 second(s)]]></system-out>
         <system-err><![CDATA[]]></system-err>
      </testcase>
      <testcase name="Test Cases/Split Bill/splitBill_createSplitBillComplete" time="112.841" classname="Test Cases/Split Bill/splitBill_createSplitBillComplete" status="PASSED">
         <system-out><![CDATA[2022-06-24 18:18:29 - [TEST_CASE][PASSED] - Test Cases/Split Bill/splitBill_createSplitBillComplete: Test Cases/Split Bill/splitBill_createSplitBillComplete

2022-06-24 18:18:29 - [TEST_STEP][PASSED] - try: Delayed 5 second(s)

2022-06-24 18:18:29 - [TEST_STEP][PASSED] - delay(5): Delayed 5 second(s)

2022-06-24 18:18:34 - [MESSAGE][PASSED] - Delayed 5 second(s)

2022-06-24 18:18:34 - [TEST_STEP][PASSED] - tap(findTestObject("Banking/m2uAccountSplitBillIconSelect"), 0): Tapped on element 'Object Repository/Banking/m2uAccountSplitBillIconSelect'

2022-06-24 18:18:34 - [MESSAGE][WARNING] - Timeout '0' is invalid. Using default page load timeout: '40'

2022-06-24 18:18:48 - [MESSAGE][PASSED] - Tapped on element 'Object Repository/Banking/m2uAccountSplitBillIconSelect'

2022-06-24 18:18:48 - [TEST_STEP][PASSED] - tap(findTestObject("SplitBill/splitBillListSplitaBillBtn"), 0): Tapped on element 'Object Repository/SplitBill/splitBillListSplitaBillBtn'

2022-06-24 18:18:48 - [MESSAGE][WARNING] - Timeout '0' is invalid. Using default page load timeout: '40'

2022-06-24 18:18:50 - [MESSAGE][PASSED] - Tapped on element 'Object Repository/SplitBill/splitBillListSplitaBillBtn'

2022-06-24 18:18:50 - [TEST_STEP][PASSED] - setText(findTestObject("SplitBill/splitBillCreateBillNameInputField"), billName, 0): Text 'Lunch' has been set to element 'Object Repository/SplitBill/splitBillCreateBillNameInputField'

2022-06-24 18:18:50 - [MESSAGE][WARNING] - Timeout '0' is invalid. Using default page load timeout: '40'

2022-06-24 18:18:53 - [MESSAGE][PASSED] - Text 'Lunch' has been set to element 'Object Repository/SplitBill/splitBillCreateBillNameInputField'

2022-06-24 18:18:53 - [TEST_STEP][PASSED] - setText(findTestObject("SplitBill/splitBillCreateNotesInputField"), "bill", 0): Text 'bill' has been set to element 'Object Repository/SplitBill/splitBillCreateNotesInputField'

2022-06-24 18:18:53 - [MESSAGE][WARNING] - Timeout '0' is invalid. Using default page load timeout: '40'

2022-06-24 18:18:55 - [MESSAGE][PASSED] - Text 'bill' has been set to element 'Object Repository/SplitBill/splitBillCreateNotesInputField'

2022-06-24 18:18:55 - [TEST_STEP][PASSED] - hideKeyboard(): Keyboard is hidden

2022-06-24 18:18:57 - [MESSAGE][PASSED] - Keyboard is hidden

2022-06-24 18:18:57 - [TEST_STEP][PASSED] - delay(2): Delayed 2 second(s)

2022-06-24 18:18:59 - [MESSAGE][PASSED] - Delayed 2 second(s)

2022-06-24 18:18:59 - [TEST_STEP][PASSED] - tap(findTestObject("SplitBill/splitBillCreateEvenlyRadioBtn"), 10): Tapped on element 'Object Repository/SplitBill/splitBillCreateEvenlyRadioBtn'

2022-06-24 18:19:00 - [MESSAGE][PASSED] - Tapped on element 'Object Repository/SplitBill/splitBillCreateEvenlyRadioBtn'

2022-06-24 18:19:00 - [TEST_STEP][PASSED] - tap(findTestObject("SplitBill/splitBillCreateEvenlyRadioBtn"), 10): Tapped on element 'Object Repository/SplitBill/splitBillCreateEvenlyRadioBtn'

2022-06-24 18:19:00 - [MESSAGE][PASSED] - Tapped on element 'Object Repository/SplitBill/splitBillCreateEvenlyRadioBtn'

2022-06-24 18:19:00 - [TEST_STEP][PASSED] - delay(2): Delayed 2 second(s)

2022-06-24 18:19:02 - [MESSAGE][PASSED] - Delayed 2 second(s)

2022-06-24 18:19:02 - [TEST_STEP][PASSED] - tap(findTestObject("SplitBill/splitBillCreateContinueBtn"), 0): Tapped on element 'Object Repository/SplitBill/splitBillCreateContinueBtn'

2022-06-24 18:19:02 - [MESSAGE][WARNING] - Timeout '0' is invalid. Using default page load timeout: '40'

2022-06-24 18:19:03 - [MESSAGE][PASSED] - Tapped on element 'Object Repository/SplitBill/splitBillCreateContinueBtn'

2022-06-24 18:19:03 - [TEST_STEP][PASSED] - tap(findTestObject("Login Onboarding/PIN1"), 0): Tapped on element 'Object Repository/Login Onboarding/PIN1'

2022-06-24 18:19:03 - [MESSAGE][WARNING] - Timeout '0' is invalid. Using default page load timeout: '40'

2022-06-24 18:19:04 - [MESSAGE][PASSED] - Tapped on element 'Object Repository/Login Onboarding/PIN1'

2022-06-24 18:19:04 - [TEST_STEP][PASSED] - delay(3): Delayed 3 second(s)

2022-06-24 18:19:07 - [MESSAGE][PASSED] - Delayed 3 second(s)

2022-06-24 18:19:07 - [TEST_STEP][PASSED] - tap(findTestObject("Login Onboarding/PIN0"), 0): Tapped on element 'Object Repository/Login Onboarding/PIN0'

2022-06-24 18:19:07 - [MESSAGE][WARNING] - Timeout '0' is invalid. Using default page load timeout: '40'

2022-06-24 18:19:07 - [MESSAGE][PASSED] - Tapped on element 'Object Repository/Login Onboarding/PIN0'

2022-06-24 18:19:07 - [TEST_STEP][PASSED] - delay(3): Delayed 3 second(s)

2022-06-24 18:19:10 - [MESSAGE][PASSED] - Delayed 3 second(s)

2022-06-24 18:19:10 - [TEST_STEP][PASSED] - tap(findTestObject("Login Onboarding/PIN0"), 0): Tapped on element 'Object Repository/Login Onboarding/PIN0'

2022-06-24 18:19:11 - [MESSAGE][WARNING] - Timeout '0' is invalid. Using default page load timeout: '40'

2022-06-24 18:19:11 - [MESSAGE][PASSED] - Tapped on element 'Object Repository/Login Onboarding/PIN0'

2022-06-24 18:19:11 - [TEST_STEP][PASSED] - delay(3): Delayed 3 second(s)

2022-06-24 18:19:14 - [MESSAGE][PASSED] - Delayed 3 second(s)

2022-06-24 18:19:14 - [TEST_STEP][PASSED] - tap(findTestObject("SplitBill/splitBillAmountTickBtn"), 0): Tapped on element 'Object Repository/SplitBill/splitBillAmountTickBtn'

2022-06-24 18:19:14 - [MESSAGE][WARNING] - Timeout '0' is invalid. Using default page load timeout: '40'

2022-06-24 18:19:15 - [MESSAGE][PASSED] - Tapped on element 'Object Repository/SplitBill/splitBillAmountTickBtn'

2022-06-24 18:19:15 - [TEST_STEP][PASSED] - delay(3): Delayed 3 second(s)

2022-06-24 18:19:18 - [MESSAGE][PASSED] - Delayed 3 second(s)

2022-06-24 18:19:18 - [TEST_STEP][PASSED] - delay(5): Delayed 5 second(s)

2022-06-24 18:19:23 - [MESSAGE][PASSED] - Delayed 5 second(s)

2022-06-24 18:19:23 - [TEST_STEP][PASSED] - waitForElementPresent(findTestObject("SplitBill/splitBillCreateSearchIconBtn"), 10): Element 'Object Repository/SplitBill/splitBillCreateSearchIconBtn' is present

2022-06-24 18:19:23 - [MESSAGE][PASSED] - Element 'Object Repository/SplitBill/splitBillCreateSearchIconBtn' is present

2022-06-24 18:19:23 - [TEST_STEP][PASSED] - tap(findTestObject("SplitBill/splitBillCreateSearchIconBtn"), 0): Tapped on element 'Object Repository/SplitBill/splitBillCreateSearchIconBtn'

2022-06-24 18:19:23 - [MESSAGE][WARNING] - Timeout '0' is invalid. Using default page load timeout: '40'

2022-06-24 18:19:23 - [MESSAGE][PASSED] - Tapped on element 'Object Repository/SplitBill/splitBillCreateSearchIconBtn'

2022-06-24 18:19:23 - [TEST_STEP][PASSED] - delay(5): Delayed 5 second(s)

2022-06-24 18:19:28 - [MESSAGE][PASSED] - Delayed 5 second(s)

2022-06-24 18:19:28 - [TEST_STEP][PASSED] - setText(findTestObject("SplitBill/splitBillCreateContactSearchtInputField"), contactName, 0): Text 'Fazatul PNS' has been set to element 'Object Repository/SplitBill/splitBillCreateContactSearchtInputField'

2022-06-24 18:19:28 - [MESSAGE][WARNING] - Timeout '0' is invalid. Using default page load timeout: '40'

2022-06-24 18:19:31 - [MESSAGE][PASSED] - Text 'Fazatul PNS' has been set to element 'Object Repository/SplitBill/splitBillCreateContactSearchtInputField'

2022-06-24 18:19:31 - [TEST_STEP][PASSED] - delay(3): Delayed 3 second(s)

2022-06-24 18:19:34 - [MESSAGE][PASSED] - Delayed 3 second(s)

2022-06-24 18:19:34 - [TEST_STEP][PASSED] - hideKeyboard(): Keyboard is hidden

2022-06-24 18:19:36 - [MESSAGE][PASSED] - Keyboard is hidden

2022-06-24 18:19:36 - [TEST_STEP][PASSED] - tap(findTestObject("SplitBill/splitBillCreateContactSelect"), 0): Tapped on element 'Object Repository/SplitBill/splitBillCreateContactSelect'

2022-06-24 18:19:36 - [MESSAGE][WARNING] - Timeout '0' is invalid. Using default page load timeout: '40'

2022-06-24 18:19:36 - [MESSAGE][PASSED] - Tapped on element 'Object Repository/SplitBill/splitBillCreateContactSelect'

2022-06-24 18:19:36 - [TEST_STEP][PASSED] - tap(findTestObject("SplitBill/splitBillCreateContactSelect"), 0): Tapped on element 'Object Repository/SplitBill/splitBillCreateContactSelect'

2022-06-24 18:19:36 - [MESSAGE][WARNING] - Timeout '0' is invalid. Using default page load timeout: '40'

2022-06-24 18:19:37 - [MESSAGE][PASSED] - Tapped on element 'Object Repository/SplitBill/splitBillCreateContactSelect'

2022-06-24 18:19:37 - [TEST_STEP][PASSED] - delay(3): Delayed 3 second(s)

2022-06-24 18:19:40 - [MESSAGE][PASSED] - Delayed 3 second(s)

2022-06-24 18:19:40 - [TEST_STEP][PASSED] - tap(findTestObject("SplitBill/splitBillCreateDoneBtn"), 0): Tapped on element 'Object Repository/SplitBill/splitBillCreateDoneBtn'

2022-06-24 18:19:40 - [MESSAGE][WARNING] - Timeout '0' is invalid. Using default page load timeout: '40'

2022-06-24 18:19:40 - [MESSAGE][PASSED] - Tapped on element 'Object Repository/SplitBill/splitBillCreateDoneBtn'

2022-06-24 18:19:40 - [TEST_STEP][PASSED] - delay(3): Delayed 3 second(s)

2022-06-24 18:19:43 - [MESSAGE][PASSED] - Delayed 3 second(s)

2022-06-24 18:19:43 - [TEST_STEP][PASSED] - driver = getDriver(): null

2022-06-24 18:19:43 - [TEST_STEP][PASSED] - elements = driver.findElementsByClassName("android.widget.ImageView"): null

2022-06-24 18:19:43 - [TEST_STEP][PASSED] - println("The size of elements is ::" + elements.size()): null

2022-06-24 18:19:43 - [TEST_STEP][PASSED] - tap(findTestObject("SplitBill/splitBillCreateContinueBtn"), 0): Tapped on element 'Object Repository/SplitBill/splitBillCreateContinueBtn'

2022-06-24 18:19:43 - [MESSAGE][WARNING] - Timeout '0' is invalid. Using default page load timeout: '40'

2022-06-24 18:19:43 - [MESSAGE][PASSED] - Tapped on element 'Object Repository/SplitBill/splitBillCreateContinueBtn'

2022-06-24 18:19:43 - [TEST_STEP][PASSED] - tap(findTestObject("SplitBill/splitBillConfirmCameraIcon1"), 0): Tapped on element 'Object Repository/SplitBill/splitBillConfirmCameraIcon1'

2022-06-24 18:19:43 - [MESSAGE][WARNING] - Timeout '0' is invalid. Using default page load timeout: '40'

2022-06-24 18:19:45 - [MESSAGE][PASSED] - Tapped on element 'Object Repository/SplitBill/splitBillConfirmCameraIcon1'

2022-06-24 18:19:45 - [TEST_STEP][PASSED] - tap(findTestObject("SplitBill/splitBillCameraTakePhotoBtn"), 0): Tapped on element 'Object Repository/SplitBill/splitBillCameraTakePhotoBtn'

2022-06-24 18:19:45 - [MESSAGE][WARNING] - Timeout '0' is invalid. Using default page load timeout: '40'

2022-06-24 18:19:46 - [MESSAGE][PASSED] - Tapped on element 'Object Repository/SplitBill/splitBillCameraTakePhotoBtn'

2022-06-24 18:19:46 - [TEST_STEP][PASSED] - waitForElementPresent(findTestObject("SplitBill/splitBillCameraCaptureBtn"), 10): Element 'Object Repository/SplitBill/splitBillCameraCaptureBtn' is present

2022-06-24 18:19:47 - [MESSAGE][PASSED] - Element 'Object Repository/SplitBill/splitBillCameraCaptureBtn' is present

2022-06-24 18:19:47 - [TEST_STEP][PASSED] - tap(findTestObject("SplitBill/splitBillCameraCaptureBtn"), 0): Tapped on element 'Object Repository/SplitBill/splitBillCameraCaptureBtn'

2022-06-24 18:19:47 - [MESSAGE][WARNING] - Timeout '0' is invalid. Using default page load timeout: '40'

2022-06-24 18:19:47 - [MESSAGE][PASSED] - Tapped on element 'Object Repository/SplitBill/splitBillCameraCaptureBtn'

2022-06-24 18:19:47 - [TEST_STEP][PASSED] - delay(10): Delayed 10 second(s)

2022-06-24 18:19:57 - [MESSAGE][PASSED] - Delayed 10 second(s)

2022-06-24 18:19:57 - [TEST_STEP][PASSED] - tap(findTestObject("SplitBill/splitBillCreateCameraConfirmTickBtn"), 0): Tapped on element 'Object Repository/SplitBill/splitBillCreateCameraConfirmTickBtn'

2022-06-24 18:19:57 - [MESSAGE][WARNING] - Timeout '0' is invalid. Using default page load timeout: '40'

2022-06-24 18:19:58 - [MESSAGE][PASSED] - Tapped on element 'Object Repository/SplitBill/splitBillCreateCameraConfirmTickBtn'

2022-06-24 18:19:58 - [TEST_STEP][PASSED] - delay(10): Delayed 10 second(s)

2022-06-24 18:20:08 - [MESSAGE][PASSED] - Delayed 10 second(s)

2022-06-24 18:20:08 - [TEST_STEP][PASSED] - tap(findTestObject("SplitBill/splitBillSummarySplitNowBtn"), 0): Tapped on element 'Object Repository/SplitBill/splitBillSummarySplitNowBtn'

2022-06-24 18:20:08 - [MESSAGE][WARNING] - Timeout '0' is invalid. Using default page load timeout: '40'

2022-06-24 18:20:08 - [MESSAGE][PASSED] - Tapped on element 'Object Repository/SplitBill/splitBillSummarySplitNowBtn'

2022-06-24 18:20:08 - [TEST_STEP][PASSED] - delay(5): Delayed 5 second(s)

2022-06-24 18:20:13 - [MESSAGE][PASSED] - Delayed 5 second(s)

2022-06-24 18:20:13 - [TEST_STEP][PASSED] - waitForElementPresent(findTestObject("Main/mainDoneBtn"), 30): Element 'Object Repository/Main/mainDoneBtn' is present

2022-06-24 18:20:15 - [MESSAGE][PASSED] - Element 'Object Repository/Main/mainDoneBtn' is present

2022-06-24 18:20:15 - [TEST_STEP][PASSED] - verifyElementText(findTestObject("Main/mainTransactionStatusMessageTxt"), "Split bill created"): Actual text and expected text of test object 'Object Repository/Main/mainTransactionStatusMessageTxt' are matched.

2022-06-24 18:20:15 - [MESSAGE][PASSED] - Actual text and expected text of test object 'Object Repository/Main/mainTransactionStatusMessageTxt' are matched.

2022-06-24 18:20:15 - [TEST_STEP][PASSED] - waitForElementPresent(findTestObject("Main/mainDoneBtn"), 10): Element 'Object Repository/Main/mainDoneBtn' is present

2022-06-24 18:20:15 - [MESSAGE][PASSED] - Element 'Object Repository/Main/mainDoneBtn' is present

2022-06-24 18:20:15 - [TEST_STEP][PASSED] - takeScreenshot("/Users/a00139272/Desktop/Screenshot/createSplitBill.png"): Screenshot is taken

2022-06-24 18:20:16 - [MESSAGE][PASSED] - Screenshot is taken
[[ATTACHMENT|/Users/a00139272/Desktop/Screenshot/createSplitBill.png]]

2022-06-24 18:20:16 - [TEST_STEP][PASSED] - tap(findTestObject("Main/mainDoneBtn"), 0): Tapped on element 'Object Repository/Main/mainDoneBtn'

2022-06-24 18:20:16 - [MESSAGE][WARNING] - Timeout '0' is invalid. Using default page load timeout: '40'

2022-06-24 18:20:17 - [MESSAGE][PASSED] - Tapped on element 'Object Repository/Main/mainDoneBtn'

2022-06-24 18:20:17 - [TEST_STEP][PASSED] - delay(5): Delayed 5 second(s)

2022-06-24 18:20:22 - [MESSAGE][PASSED] - Delayed 5 second(s)]]></system-out>
         <system-err><![CDATA[]]></system-err>
      </testcase>
      <testcase name="Test Cases/Split Bill/splitBill_createSplitBillThreeFriends_Paid" time="123.422" classname="Test Cases/Split Bill/splitBill_createSplitBillThreeFriends_Paid" status="PASSED">
         <system-out><![CDATA[2022-06-24 18:20:22 - [TEST_CASE][PASSED] - Test Cases/Split Bill/splitBill_createSplitBillThreeFriends_Paid: Test Cases/Split Bill/splitBill_createSplitBillThreeFriends_Paid

2022-06-24 18:20:22 - [TEST_STEP][PASSED] - try: Delayed 5 second(s)

2022-06-24 18:20:22 - [TEST_STEP][PASSED] - tap(findTestObject("SplitBill/splitBillListSplitaBillBtn"), 0): Tapped on element 'Object Repository/SplitBill/splitBillListSplitaBillBtn'

2022-06-24 18:20:22 - [MESSAGE][WARNING] - Timeout '0' is invalid. Using default page load timeout: '40'

2022-06-24 18:20:40 - [MESSAGE][PASSED] - Tapped on element 'Object Repository/SplitBill/splitBillListSplitaBillBtn'

2022-06-24 18:20:40 - [TEST_STEP][PASSED] - setText(findTestObject("SplitBill/splitBillCreateBillNameInputField"), billName, 0): Text 'Dinner' has been set to element 'Object Repository/SplitBill/splitBillCreateBillNameInputField'

2022-06-24 18:20:40 - [MESSAGE][WARNING] - Timeout '0' is invalid. Using default page load timeout: '40'

2022-06-24 18:20:43 - [MESSAGE][PASSED] - Text 'Dinner' has been set to element 'Object Repository/SplitBill/splitBillCreateBillNameInputField'

2022-06-24 18:20:43 - [TEST_STEP][PASSED] - setText(findTestObject("SplitBill/splitBillCreateNotesInputField"), "bill", 0): Text 'bill' has been set to element 'Object Repository/SplitBill/splitBillCreateNotesInputField'

2022-06-24 18:20:43 - [MESSAGE][WARNING] - Timeout '0' is invalid. Using default page load timeout: '40'

2022-06-24 18:20:45 - [MESSAGE][PASSED] - Text 'bill' has been set to element 'Object Repository/SplitBill/splitBillCreateNotesInputField'

2022-06-24 18:20:45 - [TEST_STEP][PASSED] - hideKeyboard(): Keyboard is hidden

2022-06-24 18:20:47 - [MESSAGE][PASSED] - Keyboard is hidden

2022-06-24 18:20:47 - [TEST_STEP][PASSED] - delay(2): Delayed 2 second(s)

2022-06-24 18:20:49 - [MESSAGE][PASSED] - Delayed 2 second(s)

2022-06-24 18:20:49 - [TEST_STEP][PASSED] - tap(findTestObject("SplitBill/splitBillCreateEvenlyRadioBtn"), 10): Tapped on element 'Object Repository/SplitBill/splitBillCreateEvenlyRadioBtn'

2022-06-24 18:20:49 - [MESSAGE][PASSED] - Tapped on element 'Object Repository/SplitBill/splitBillCreateEvenlyRadioBtn'

2022-06-24 18:20:49 - [TEST_STEP][PASSED] - tap(findTestObject("SplitBill/splitBillCreateEvenlyRadioBtn"), 10): Tapped on element 'Object Repository/SplitBill/splitBillCreateEvenlyRadioBtn'

2022-06-24 18:20:50 - [MESSAGE][PASSED] - Tapped on element 'Object Repository/SplitBill/splitBillCreateEvenlyRadioBtn'

2022-06-24 18:20:50 - [TEST_STEP][PASSED] - delay(2): Delayed 2 second(s)

2022-06-24 18:20:52 - [MESSAGE][PASSED] - Delayed 2 second(s)

2022-06-24 18:20:52 - [TEST_STEP][PASSED] - tap(findTestObject("SplitBill/splitBillCreateContinueBtn"), 0): Tapped on element 'Object Repository/SplitBill/splitBillCreateContinueBtn'

2022-06-24 18:20:52 - [MESSAGE][WARNING] - Timeout '0' is invalid. Using default page load timeout: '40'

2022-06-24 18:20:52 - [MESSAGE][PASSED] - Tapped on element 'Object Repository/SplitBill/splitBillCreateContinueBtn'

2022-06-24 18:20:52 - [TEST_STEP][PASSED] - tap(findTestObject("Login Onboarding/PIN1"), 0): Tapped on element 'Object Repository/Login Onboarding/PIN1'

2022-06-24 18:20:52 - [MESSAGE][WARNING] - Timeout '0' is invalid. Using default page load timeout: '40'

2022-06-24 18:20:54 - [MESSAGE][PASSED] - Tapped on element 'Object Repository/Login Onboarding/PIN1'

2022-06-24 18:20:54 - [TEST_STEP][PASSED] - delay(3): Delayed 3 second(s)

2022-06-24 18:20:57 - [MESSAGE][PASSED] - Delayed 3 second(s)

2022-06-24 18:20:57 - [TEST_STEP][PASSED] - tap(findTestObject("Login Onboarding/PIN0"), 0): Tapped on element 'Object Repository/Login Onboarding/PIN0'

2022-06-24 18:20:57 - [MESSAGE][WARNING] - Timeout '0' is invalid. Using default page load timeout: '40'

2022-06-24 18:20:57 - [MESSAGE][PASSED] - Tapped on element 'Object Repository/Login Onboarding/PIN0'

2022-06-24 18:20:57 - [TEST_STEP][PASSED] - delay(3): Delayed 3 second(s)

2022-06-24 18:21:00 - [MESSAGE][PASSED] - Delayed 3 second(s)

2022-06-24 18:21:00 - [TEST_STEP][PASSED] - tap(findTestObject("Login Onboarding/PIN0"), 0): Tapped on element 'Object Repository/Login Onboarding/PIN0'

2022-06-24 18:21:00 - [MESSAGE][WARNING] - Timeout '0' is invalid. Using default page load timeout: '40'

2022-06-24 18:21:01 - [MESSAGE][PASSED] - Tapped on element 'Object Repository/Login Onboarding/PIN0'

2022-06-24 18:21:01 - [TEST_STEP][PASSED] - delay(3): Delayed 3 second(s)

2022-06-24 18:21:04 - [MESSAGE][PASSED] - Delayed 3 second(s)

2022-06-24 18:21:04 - [TEST_STEP][PASSED] - tap(findTestObject("SplitBill/splitBillAmountTickBtn"), 0): Tapped on element 'Object Repository/SplitBill/splitBillAmountTickBtn'

2022-06-24 18:21:04 - [MESSAGE][WARNING] - Timeout '0' is invalid. Using default page load timeout: '40'

2022-06-24 18:21:04 - [MESSAGE][PASSED] - Tapped on element 'Object Repository/SplitBill/splitBillAmountTickBtn'

2022-06-24 18:21:04 - [TEST_STEP][PASSED] - delay(15): Delayed 15 second(s)

2022-06-24 18:21:19 - [MESSAGE][PASSED] - Delayed 15 second(s)

2022-06-24 18:21:19 - [TEST_STEP][PASSED] - waitForElementPresent(findTestObject("SplitBill/splitBillCreateSearchIconBtn"), 10): Element 'Object Repository/SplitBill/splitBillCreateSearchIconBtn' is present

2022-06-24 18:21:21 - [MESSAGE][PASSED] - Element 'Object Repository/SplitBill/splitBillCreateSearchIconBtn' is present

2022-06-24 18:21:21 - [TEST_STEP][PASSED] - tap(findTestObject("SplitBill/splitBillCreateSearchIconBtn"), 0): Tapped on element 'Object Repository/SplitBill/splitBillCreateSearchIconBtn'

2022-06-24 18:21:21 - [MESSAGE][WARNING] - Timeout '0' is invalid. Using default page load timeout: '40'

2022-06-24 18:21:21 - [MESSAGE][PASSED] - Tapped on element 'Object Repository/SplitBill/splitBillCreateSearchIconBtn'

2022-06-24 18:21:21 - [TEST_STEP][PASSED] - delay(5): Delayed 5 second(s)

2022-06-24 18:21:26 - [MESSAGE][PASSED] - Delayed 5 second(s)

2022-06-24 18:21:26 - [TEST_STEP][PASSED] - setText(findTestObject("SplitBill/splitBillCreateContactSearchtInputField"), contactName, 0): Text 'Trinity' has been set to element 'Object Repository/SplitBill/splitBillCreateContactSearchtInputField'

2022-06-24 18:21:26 - [MESSAGE][WARNING] - Timeout '0' is invalid. Using default page load timeout: '40'

2022-06-24 18:21:27 - [MESSAGE][PASSED] - Text 'Trinity' has been set to element 'Object Repository/SplitBill/splitBillCreateContactSearchtInputField'

2022-06-24 18:21:27 - [TEST_STEP][PASSED] - delay(3): Delayed 3 second(s)

2022-06-24 18:21:30 - [MESSAGE][PASSED] - Delayed 3 second(s)

2022-06-24 18:21:30 - [TEST_STEP][PASSED] - hideKeyboard(): Keyboard is hidden

2022-06-24 18:21:32 - [MESSAGE][PASSED] - Keyboard is hidden

2022-06-24 18:21:32 - [TEST_STEP][PASSED] - tap(findTestObject("SplitBill/splitBillCreateContactSelect"), 0): Tapped on element 'Object Repository/SplitBill/splitBillCreateContactSelect'

2022-06-24 18:21:32 - [MESSAGE][WARNING] - Timeout '0' is invalid. Using default page load timeout: '40'

2022-06-24 18:21:33 - [MESSAGE][PASSED] - Tapped on element 'Object Repository/SplitBill/splitBillCreateContactSelect'

2022-06-24 18:21:33 - [TEST_STEP][PASSED] - tap(findTestObject("SplitBill/splitBillCreateContactSelect"), 0): Tapped on element 'Object Repository/SplitBill/splitBillCreateContactSelect'

2022-06-24 18:21:33 - [MESSAGE][WARNING] - Timeout '0' is invalid. Using default page load timeout: '40'

2022-06-24 18:21:34 - [MESSAGE][PASSED] - Tapped on element 'Object Repository/SplitBill/splitBillCreateContactSelect'

2022-06-24 18:21:34 - [TEST_STEP][PASSED] - delay(3): Delayed 3 second(s)

2022-06-24 18:21:37 - [MESSAGE][PASSED] - Delayed 3 second(s)

2022-06-24 18:21:37 - [TEST_STEP][PASSED] - clearText(findTestObject("SplitBill/splitBillCreateContactSearchtInputField"), 0): Element 'Object Repository/SplitBill/splitBillCreateContactSearchtInputField' text is cleared

2022-06-24 18:21:37 - [MESSAGE][WARNING] - Timeout '0' is invalid. Using default page load timeout: '40'

2022-06-24 18:21:37 - [MESSAGE][PASSED] - Element 'Object Repository/SplitBill/splitBillCreateContactSearchtInputField' text is cleared

2022-06-24 18:21:37 - [TEST_STEP][PASSED] - delay(3): Delayed 3 second(s)

2022-06-24 18:21:40 - [MESSAGE][PASSED] - Delayed 3 second(s)

2022-06-24 18:21:40 - [TEST_STEP][PASSED] - setText(findTestObject("SplitBill/splitBillCreateContactSearchtInputField"), contactName2, 0): Text 'Fazatul PNS' has been set to element 'Object Repository/SplitBill/splitBillCreateContactSearchtInputField'

2022-06-24 18:21:40 - [MESSAGE][WARNING] - Timeout '0' is invalid. Using default page load timeout: '40'

2022-06-24 18:21:41 - [MESSAGE][PASSED] - Text 'Fazatul PNS' has been set to element 'Object Repository/SplitBill/splitBillCreateContactSearchtInputField'

2022-06-24 18:21:41 - [TEST_STEP][PASSED] - delay(3): Delayed 3 second(s)

2022-06-24 18:21:44 - [MESSAGE][PASSED] - Delayed 3 second(s)

2022-06-24 18:21:44 - [TEST_STEP][PASSED] - hideKeyboard(): Keyboard is hidden

2022-06-24 18:21:45 - [MESSAGE][PASSED] - Keyboard is hidden

2022-06-24 18:21:45 - [TEST_STEP][PASSED] - tap(findTestObject("SplitBill/splitBillCreateContactSelect"), 0): Tapped on element 'Object Repository/SplitBill/splitBillCreateContactSelect'

2022-06-24 18:21:45 - [MESSAGE][WARNING] - Timeout '0' is invalid. Using default page load timeout: '40'

2022-06-24 18:21:45 - [MESSAGE][PASSED] - Tapped on element 'Object Repository/SplitBill/splitBillCreateContactSelect'

2022-06-24 18:21:45 - [TEST_STEP][PASSED] - tap(findTestObject("SplitBill/splitBillCreateDoneBtn"), 0): Tapped on element 'Object Repository/SplitBill/splitBillCreateDoneBtn'

2022-06-24 18:21:45 - [MESSAGE][WARNING] - Timeout '0' is invalid. Using default page load timeout: '40'

2022-06-24 18:21:45 - [MESSAGE][PASSED] - Tapped on element 'Object Repository/SplitBill/splitBillCreateDoneBtn'

2022-06-24 18:21:45 - [TEST_STEP][PASSED] - delay(3): Delayed 3 second(s)

2022-06-24 18:21:48 - [MESSAGE][PASSED] - Delayed 3 second(s)

2022-06-24 18:21:48 - [TEST_STEP][PASSED] - driver = getDriver(): null

2022-06-24 18:21:48 - [TEST_STEP][PASSED] - elements = driver.findElementsByClassName("android.widget.ImageView"): null

2022-06-24 18:21:48 - [TEST_STEP][PASSED] - println("The size of elements is ::" + elements.size()): null

2022-06-24 18:21:48 - [TEST_STEP][PASSED] - tap(findTestObject("SplitBill/splitBillCreateContinueBtn"), 0): Tapped on element 'Object Repository/SplitBill/splitBillCreateContinueBtn'

2022-06-24 18:21:48 - [MESSAGE][WARNING] - Timeout '0' is invalid. Using default page load timeout: '40'

2022-06-24 18:21:48 - [MESSAGE][PASSED] - Tapped on element 'Object Repository/SplitBill/splitBillCreateContinueBtn'

2022-06-24 18:21:48 - [TEST_STEP][PASSED] - tap(findTestObject("SplitBill/splitBillConfirmCameraIcon1"), 0): Tapped on element 'Object Repository/SplitBill/splitBillConfirmCameraIcon1'

2022-06-24 18:21:48 - [MESSAGE][WARNING] - Timeout '0' is invalid. Using default page load timeout: '40'

2022-06-24 18:21:50 - [MESSAGE][PASSED] - Tapped on element 'Object Repository/SplitBill/splitBillConfirmCameraIcon1'

2022-06-24 18:21:50 - [TEST_STEP][PASSED] - tap(findTestObject("SplitBill/splitBillCameraTakePhotoBtn"), 0): Tapped on element 'Object Repository/SplitBill/splitBillCameraTakePhotoBtn'

2022-06-24 18:21:50 - [MESSAGE][WARNING] - Timeout '0' is invalid. Using default page load timeout: '40'

2022-06-24 18:21:50 - [MESSAGE][PASSED] - Tapped on element 'Object Repository/SplitBill/splitBillCameraTakePhotoBtn'

2022-06-24 18:21:50 - [TEST_STEP][PASSED] - waitForElementPresent(findTestObject("SplitBill/splitBillCameraCaptureBtn"), 30): Element 'Object Repository/SplitBill/splitBillCameraCaptureBtn' is present

2022-06-24 18:21:52 - [MESSAGE][PASSED] - Element 'Object Repository/SplitBill/splitBillCameraCaptureBtn' is present

2022-06-24 18:21:52 - [TEST_STEP][PASSED] - tap(findTestObject("SplitBill/splitBillCameraCaptureBtn"), 0): Tapped on element 'Object Repository/SplitBill/splitBillCameraCaptureBtn'

2022-06-24 18:21:52 - [MESSAGE][WARNING] - Timeout '0' is invalid. Using default page load timeout: '40'

2022-06-24 18:21:52 - [MESSAGE][PASSED] - Tapped on element 'Object Repository/SplitBill/splitBillCameraCaptureBtn'

2022-06-24 18:21:52 - [TEST_STEP][PASSED] - delay(10): Delayed 10 second(s)

2022-06-24 18:22:02 - [MESSAGE][PASSED] - Delayed 10 second(s)

2022-06-24 18:22:02 - [TEST_STEP][PASSED] - tap(findTestObject("SplitBill/splitBillCreateCameraConfirmTickBtn"), 0): Tapped on element 'Object Repository/SplitBill/splitBillCreateCameraConfirmTickBtn'

2022-06-24 18:22:02 - [MESSAGE][WARNING] - Timeout '0' is invalid. Using default page load timeout: '40'

2022-06-24 18:22:02 - [MESSAGE][PASSED] - Tapped on element 'Object Repository/SplitBill/splitBillCreateCameraConfirmTickBtn'

2022-06-24 18:22:02 - [TEST_STEP][PASSED] - delay(10): Delayed 10 second(s)

2022-06-24 18:22:12 - [MESSAGE][PASSED] - Delayed 10 second(s)

2022-06-24 18:22:12 - [TEST_STEP][PASSED] - tap(findTestObject("SplitBill/splitBillSummarySplitNowBtn"), 0): Tapped on element 'Object Repository/SplitBill/splitBillSummarySplitNowBtn'

2022-06-24 18:22:12 - [MESSAGE][WARNING] - Timeout '0' is invalid. Using default page load timeout: '40'

2022-06-24 18:22:12 - [MESSAGE][PASSED] - Tapped on element 'Object Repository/SplitBill/splitBillSummarySplitNowBtn'

2022-06-24 18:22:12 - [TEST_STEP][PASSED] - delay(5): Delayed 5 second(s)

2022-06-24 18:22:17 - [MESSAGE][PASSED] - Delayed 5 second(s)

2022-06-24 18:22:17 - [TEST_STEP][PASSED] - waitForElementPresent(findTestObject("Main/mainDoneBtn"), 30): Element 'Object Repository/Main/mainDoneBtn' is present

2022-06-24 18:22:19 - [MESSAGE][PASSED] - Element 'Object Repository/Main/mainDoneBtn' is present

2022-06-24 18:22:19 - [TEST_STEP][PASSED] - verifyElementText(findTestObject("Main/mainTransactionStatusMessageTxt"), "Split bill created"): Actual text and expected text of test object 'Object Repository/Main/mainTransactionStatusMessageTxt' are matched.

2022-06-24 18:22:19 - [MESSAGE][PASSED] - Actual text and expected text of test object 'Object Repository/Main/mainTransactionStatusMessageTxt' are matched.

2022-06-24 18:22:19 - [TEST_STEP][PASSED] - waitForElementPresent(findTestObject("Main/mainDoneBtn"), 10): Element 'Object Repository/Main/mainDoneBtn' is present

2022-06-24 18:22:19 - [MESSAGE][PASSED] - Element 'Object Repository/Main/mainDoneBtn' is present

2022-06-24 18:22:19 - [TEST_STEP][PASSED] - takeScreenshot("/Users/a00139272/Desktop/Screenshot/createThreeSplitBill.png"): Screenshot is taken

2022-06-24 18:22:20 - [MESSAGE][PASSED] - Screenshot is taken
[[ATTACHMENT|/Users/a00139272/Desktop/Screenshot/createThreeSplitBill.png]]

2022-06-24 18:22:20 - [TEST_STEP][PASSED] - tap(findTestObject("Main/mainDoneBtn"), 0): Tapped on element 'Object Repository/Main/mainDoneBtn'

2022-06-24 18:22:20 - [MESSAGE][WARNING] - Timeout '0' is invalid. Using default page load timeout: '40'

2022-06-24 18:22:20 - [MESSAGE][PASSED] - Tapped on element 'Object Repository/Main/mainDoneBtn'

2022-06-24 18:22:20 - [TEST_STEP][PASSED] - delay(5): Delayed 5 second(s)

2022-06-24 18:22:25 - [MESSAGE][PASSED] - Delayed 5 second(s)]]></system-out>
         <system-err><![CDATA[]]></system-err>
      </testcase>
      <testcase name="Test Cases/Split Bill/splitBill_markAsPaid" time="23.449" classname="Test Cases/Split Bill/splitBill_markAsPaid" status="PASSED">
         <system-out><![CDATA[2022-06-24 18:22:25 - [TEST_CASE][PASSED] - Test Cases/Split Bill/splitBill_markAsPaid: Test Cases/Split Bill/splitBill_markAsPaid

2022-06-24 18:22:26 - [TEST_STEP][PASSED] - delay(3): Delayed 3 second(s)

2022-06-24 18:22:29 - [MESSAGE][PASSED] - Delayed 3 second(s)

2022-06-24 18:22:29 - [TEST_STEP][PASSED] - waitForElementPresent(findTestObject("SplitBill/splitBillToCollectListBillNameTxt", ["name":"Lunch"]), 0): Element 'Object Repository/SplitBill/splitBillToCollectListBillNameTxt' is present

2022-06-24 18:22:29 - [MESSAGE][WARNING] - Timeout '0' is invalid. Using default page load timeout: '40'

2022-06-24 18:22:29 - [MESSAGE][PASSED] - Element 'Object Repository/SplitBill/splitBillToCollectListBillNameTxt' is present

2022-06-24 18:22:29 - [TEST_STEP][PASSED] - tap(findTestObject("SplitBill/splitBillToCollectListBillNameTxt", ["name":"Lunch"]), 0): Tapped on element 'Object Repository/SplitBill/splitBillToCollectListBillNameTxt'

2022-06-24 18:22:29 - [MESSAGE][WARNING] - Timeout '0' is invalid. Using default page load timeout: '40'

2022-06-24 18:22:29 - [MESSAGE][PASSED] - Tapped on element 'Object Repository/SplitBill/splitBillToCollectListBillNameTxt'

2022-06-24 18:22:29 - [TEST_STEP][PASSED] - delay(3): Delayed 3 second(s)

2022-06-24 18:22:32 - [MESSAGE][PASSED] - Delayed 3 second(s)

2022-06-24 18:22:32 - [TEST_STEP][PASSED] - waitForElementPresent(findTestObject("SplitBill/splitBillDetailsParticipantMoreBtn"), 0): Element 'Object Repository/SplitBill/splitBillDetailsParticipantMoreBtn' is present

2022-06-24 18:22:32 - [MESSAGE][WARNING] - Timeout '0' is invalid. Using default page load timeout: '40'

2022-06-24 18:22:32 - [MESSAGE][PASSED] - Element 'Object Repository/SplitBill/splitBillDetailsParticipantMoreBtn' is present

2022-06-24 18:22:32 - [TEST_STEP][PASSED] - tap(findTestObject("SplitBill/splitBillDetailsParticipantMoreBtn"), 0): Tapped on element 'Object Repository/SplitBill/splitBillDetailsParticipantMoreBtn'

2022-06-24 18:22:32 - [MESSAGE][WARNING] - Timeout '0' is invalid. Using default page load timeout: '40'

2022-06-24 18:22:32 - [MESSAGE][PASSED] - Tapped on element 'Object Repository/SplitBill/splitBillDetailsParticipantMoreBtn'

2022-06-24 18:22:32 - [TEST_STEP][PASSED] - waitForElementPresent(findTestObject("SplitBill/splitBillDetailsParticipantMarkCollectedDropdownSelect"), 0): Element 'Object Repository/SplitBill/splitBillDetailsParticipantMarkCollectedDropdownSelect' is present

2022-06-24 18:22:32 - [MESSAGE][WARNING] - Timeout '0' is invalid. Using default page load timeout: '40'

2022-06-24 18:22:34 - [MESSAGE][PASSED] - Element 'Object Repository/SplitBill/splitBillDetailsParticipantMarkCollectedDropdownSelect' is present

2022-06-24 18:22:34 - [TEST_STEP][PASSED] - tap(findTestObject("SplitBill/splitBillDetailsParticipantMarkCollectedDropdownSelect"), 0): Tapped on element 'Object Repository/SplitBill/splitBillDetailsParticipantMarkCollectedDropdownSelect'

2022-06-24 18:22:34 - [MESSAGE][WARNING] - Timeout '0' is invalid. Using default page load timeout: '40'

2022-06-24 18:22:34 - [MESSAGE][PASSED] - Tapped on element 'Object Repository/SplitBill/splitBillDetailsParticipantMarkCollectedDropdownSelect'

2022-06-24 18:22:34 - [TEST_STEP][PASSED] - waitForElementPresent(findTestObject("SplitBill/splitBillDetailsParticipantDoneBtn"), 0): Element 'Object Repository/SplitBill/splitBillDetailsParticipantDoneBtn' is present

2022-06-24 18:22:34 - [MESSAGE][WARNING] - Timeout '0' is invalid. Using default page load timeout: '40'

2022-06-24 18:22:34 - [MESSAGE][PASSED] - Element 'Object Repository/SplitBill/splitBillDetailsParticipantDoneBtn' is present

2022-06-24 18:22:34 - [TEST_STEP][PASSED] - tap(findTestObject("SplitBill/splitBillDetailsParticipantDoneBtn"), 0): Tapped on element 'Object Repository/SplitBill/splitBillDetailsParticipantDoneBtn'

2022-06-24 18:22:34 - [MESSAGE][WARNING] - Timeout '0' is invalid. Using default page load timeout: '40'

2022-06-24 18:22:34 - [MESSAGE][PASSED] - Tapped on element 'Object Repository/SplitBill/splitBillDetailsParticipantDoneBtn'

2022-06-24 18:22:34 - [TEST_STEP][PASSED] - delay(3): Delayed 3 second(s)

2022-06-24 18:22:37 - [MESSAGE][PASSED] - Delayed 3 second(s)

2022-06-24 18:22:37 - [TEST_STEP][PASSED] - takeScreenshot("/Users/a00139272/Desktop/Screenshot/markPaidSplitBill.png"): Screenshot is taken

2022-06-24 18:22:38 - [MESSAGE][PASSED] - Screenshot is taken
[[ATTACHMENT|/Users/a00139272/Desktop/Screenshot/markPaidSplitBill.png]]

2022-06-24 18:22:38 - [TEST_STEP][PASSED] - verifyElementExist(findTestObject("SplitBill/splitBillDetailsParticipantPaidStatusTxt"), 0): Element 'Object Repository/SplitBill/splitBillDetailsParticipantPaidStatusTxt' is exist

2022-06-24 18:22:38 - [MESSAGE][WARNING] - Timeout '0' is invalid. Using default page load timeout: '40'

2022-06-24 18:22:38 - [MESSAGE][PASSED] - Element 'Object Repository/SplitBill/splitBillDetailsParticipantPaidStatusTxt' is exist

2022-06-24 18:22:38 - [TEST_STEP][PASSED] - delay(5): Delayed 5 second(s)

2022-06-24 18:22:43 - [MESSAGE][PASSED] - Delayed 5 second(s)

2022-06-24 18:22:43 - [TEST_STEP][PASSED] - waitForElementPresent(findTestObject("Main/mainTopLeftBackButton"), 0): Element 'Object Repository/Main/mainTopLeftBackButton' is present

2022-06-24 18:22:43 - [MESSAGE][WARNING] - Timeout '0' is invalid. Using default page load timeout: '40'

2022-06-24 18:22:44 - [MESSAGE][PASSED] - Element 'Object Repository/Main/mainTopLeftBackButton' is present

2022-06-24 18:22:44 - [TEST_STEP][PASSED] - tap(findTestObject("Main/mainTopLeftBackButton"), 0): Tapped on element 'Object Repository/Main/mainTopLeftBackButton'

2022-06-24 18:22:44 - [MESSAGE][WARNING] - Timeout '0' is invalid. Using default page load timeout: '40'

2022-06-24 18:22:44 - [MESSAGE][PASSED] - Tapped on element 'Object Repository/Main/mainTopLeftBackButton'

2022-06-24 18:22:44 - [TEST_STEP][PASSED] - delay(5): Delayed 5 second(s)

2022-06-24 18:22:49 - [MESSAGE][PASSED] - Delayed 5 second(s)]]></system-out>
         <system-err><![CDATA[]]></system-err>
      </testcase>
      <testcase name="Test Cases/Split Bill/splitBill_removePastSplitBill" time="74.654" classname="Test Cases/Split Bill/splitBill_removePastSplitBill" status="PASSED">
         <system-out><![CDATA[2022-06-24 18:22:49 - [TEST_CASE][PASSED] - Test Cases/Split Bill/splitBill_removePastSplitBill: Test Cases/Split Bill/splitBill_removePastSplitBill

2022-06-24 18:22:49 - [TEST_STEP][PASSED] - delay(3): Delayed 3 second(s)

2022-06-24 18:22:52 - [MESSAGE][PASSED] - Delayed 3 second(s)

2022-06-24 18:22:52 - [TEST_STEP][PASSED] - swipe(900, 1245, 300, 1245): Swiped from 900,1,245 to 300,1,245

2022-06-24 18:22:53 - [MESSAGE][PASSED] - Swiped from 900,1,245 to 300,1,245

2022-06-24 18:22:53 - [TEST_STEP][PASSED] - delay(3): Delayed 3 second(s)

2022-06-24 18:22:56 - [MESSAGE][PASSED] - Delayed 3 second(s)

2022-06-24 18:22:56 - [TEST_STEP][PASSED] - swipe(900, 1245, 300, 1245): Swiped from 900,1,245 to 300,1,245

2022-06-24 18:22:57 - [MESSAGE][PASSED] - Swiped from 900,1,245 to 300,1,245

2022-06-24 18:22:57 - [TEST_STEP][PASSED] - delay(3): Delayed 3 second(s)

2022-06-24 18:23:00 - [MESSAGE][PASSED] - Delayed 3 second(s)

2022-06-24 18:23:00 - [TEST_STEP][PASSED] - waitForElementPresent(findTestObject("SplitBill/splitBillToCollectListBillNameTxt", ["name":"Lunch"]), 0): Element 'Object Repository/SplitBill/splitBillToCollectListBillNameTxt' is present

2022-06-24 18:23:00 - [MESSAGE][WARNING] - Timeout '0' is invalid. Using default page load timeout: '40'

2022-06-24 18:23:01 - [MESSAGE][PASSED] - Element 'Object Repository/SplitBill/splitBillToCollectListBillNameTxt' is present

2022-06-24 18:23:01 - [TEST_STEP][PASSED] - tap(findTestObject("SplitBill/splitBillToCollectListBillNameTxt", ["name":"Lunch"]), 0): Tapped on element 'Object Repository/SplitBill/splitBillToCollectListBillNameTxt'

2022-06-24 18:23:01 - [MESSAGE][WARNING] - Timeout '0' is invalid. Using default page load timeout: '40'

2022-06-24 18:23:02 - [MESSAGE][PASSED] - Tapped on element 'Object Repository/SplitBill/splitBillToCollectListBillNameTxt'

2022-06-24 18:23:02 - [TEST_STEP][PASSED] - delay(3): Delayed 3 second(s)

2022-06-24 18:23:05 - [MESSAGE][PASSED] - Delayed 3 second(s)

2022-06-24 18:23:05 - [TEST_STEP][PASSED] - waitForElementPresent(findTestObject("SplitBill/splitBillDetailsThreeDotsBtn"), 0): Element 'Object Repository/SplitBill/splitBillDetailsThreeDotsBtn' is present

2022-06-24 18:23:05 - [MESSAGE][WARNING] - Timeout '0' is invalid. Using default page load timeout: '40'

2022-06-24 18:23:05 - [MESSAGE][PASSED] - Element 'Object Repository/SplitBill/splitBillDetailsThreeDotsBtn' is present

2022-06-24 18:23:05 - [TEST_STEP][PASSED] - tap(findTestObject("SplitBill/splitBillDetailsThreeDotsBtn"), 0): Tapped on element 'Object Repository/SplitBill/splitBillDetailsThreeDotsBtn'

2022-06-24 18:23:05 - [MESSAGE][WARNING] - Timeout '0' is invalid. Using default page load timeout: '40'

2022-06-24 18:23:05 - [MESSAGE][PASSED] - Tapped on element 'Object Repository/SplitBill/splitBillDetailsThreeDotsBtn'

2022-06-24 18:23:05 - [TEST_STEP][PASSED] - waitForElementPresent(findTestObject("SplitBill/splitBillDetailsThreeDotsRemoveBillBtn"), 0): Element 'Object Repository/SplitBill/splitBillDetailsThreeDotsRemoveBillBtn' is present

2022-06-24 18:23:05 - [MESSAGE][WARNING] - Timeout '0' is invalid. Using default page load timeout: '40'

2022-06-24 18:23:06 - [MESSAGE][PASSED] - Element 'Object Repository/SplitBill/splitBillDetailsThreeDotsRemoveBillBtn' is present

2022-06-24 18:23:06 - [TEST_STEP][PASSED] - tap(findTestObject("SplitBill/splitBillDetailsThreeDotsRemoveBillBtn"), 0): Tapped on element 'Object Repository/SplitBill/splitBillDetailsThreeDotsRemoveBillBtn'

2022-06-24 18:23:06 - [MESSAGE][WARNING] - Timeout '0' is invalid. Using default page load timeout: '40'

2022-06-24 18:23:06 - [MESSAGE][PASSED] - Tapped on element 'Object Repository/SplitBill/splitBillDetailsThreeDotsRemoveBillBtn'

2022-06-24 18:23:06 - [TEST_STEP][PASSED] - waitForElementPresent(findTestObject("SplitBill/splitBillRemoveConfirmBtn"), 0): Element 'Object Repository/SplitBill/splitBillRemoveConfirmBtn' is present

2022-06-24 18:23:07 - [MESSAGE][WARNING] - Timeout '0' is invalid. Using default page load timeout: '40'

2022-06-24 18:23:08 - [MESSAGE][PASSED] - Element 'Object Repository/SplitBill/splitBillRemoveConfirmBtn' is present

2022-06-24 18:23:08 - [TEST_STEP][PASSED] - tap(findTestObject("SplitBill/splitBillRemoveConfirmBtn"), 0): Tapped on element 'Object Repository/SplitBill/splitBillRemoveConfirmBtn'

2022-06-24 18:23:08 - [MESSAGE][WARNING] - Timeout '0' is invalid. Using default page load timeout: '40'

2022-06-24 18:23:08 - [MESSAGE][PASSED] - Tapped on element 'Object Repository/SplitBill/splitBillRemoveConfirmBtn'

2022-06-24 18:23:08 - [TEST_STEP][PASSED] - delay(10): Delayed 10 second(s)

2022-06-24 18:23:18 - [MESSAGE][PASSED] - Delayed 10 second(s)

2022-06-24 18:23:18 - [TEST_STEP][PASSED] - takeScreenshot("/Users/a00139272/Desktop/Screenshot/removePastSplit.png"): Screenshot is taken

2022-06-24 18:23:18 - [MESSAGE][PASSED] - Screenshot is taken
[[ATTACHMENT|/Users/a00139272/Desktop/Screenshot/removePastSplit.png]]

2022-06-24 18:23:18 - [TEST_STEP][PASSED] - verifyElementNotExist(findTestObject("SplitBill/splitBillToCollectListBillNameTxt", ["name":"Lunch"]), 0): Element 'Object Repository/SplitBill/splitBillToCollectListBillNameTxt' not found

2022-06-24 18:23:18 - [MESSAGE][WARNING] - Timeout '0' is invalid. Using default page load timeout: '40'

2022-06-24 18:23:58 - [MESSAGE][PASSED] - Element 'Object Repository/SplitBill/splitBillToCollectListBillNameTxt' not found

2022-06-24 18:23:58 - [TEST_STEP][PASSED] - delay(5): Delayed 5 second(s)

2022-06-24 18:24:03 - [MESSAGE][PASSED] - Delayed 5 second(s)]]></system-out>
         <system-err><![CDATA[]]></system-err>
      </testcase>
      <system-out><![CDATA[2022-06-24 17:44:31 - [TEST_SUITE][FAILED] - Regress 4: Test Cases/Send Request Money/requestMoney FAILED.
Reason:
com.kms.katalon.core.exception.StepFailedException: Failed to set text into element (Root cause: org.openqa.selenium.StaleElementReferenceException: androidx.test.uiautomator.StaleObjectException
For documentation on this error, please visit: https://www.seleniumhq.org/exceptions/stale_element_reference.html
Build info: version: '3.141.59', revision: 'e82be7d358', time: '2018-11-14T08:25:53'
System info: host: '00139272s-MacBook-Pro.local', ip: '2001:d08:e4:5180:2d27:7468:8fce:7b01%en0', os.name: 'Mac OS X', os.arch: 'x86_64', os.version: '10.16', java.version: '1.8.0_275'
Driver info: com.kms.katalon.core.appium.driver.SwipeableAndroidDriver
Capabilities {app: /Users/a00139272/Katalon St..., appActivity: com.maybank2u.life.MainActi..., appPackage: com.maybank2u.life.sit, appWaitActivity: *, autoGrantPermissions: true, automationName: uiautomator2, chromedriverPort: 55937, databaseEnabled: false, desired: {app: /Users/a00139272/Katalon St..., appActivity: com.maybank2u.life.MainActi..., appPackage: com.maybank2u.life.sit, appWaitActivity: *, autoGrantPermissions: true, automationName: uiautomator2, chromedriverPort: 55937, deviceId: 002b9cc60508, deviceName: Xiaomi 21061119AG (Android 11), fullReset: false, newCommandTimeout: 1800, noReset: true, platform: ANDROID, platformName: android, platformVersion: 11, systemPort: 55935, udid: 002b9cc60508}, deviceApiLevel: 30, deviceId: 002b9cc60508, deviceManufacturer: Xiaomi, deviceModel: 21061119AG, deviceName: 002b9cc60508, deviceScreenDensity: 440, deviceScreenSize: 1080x2400, deviceUDID: 002b9cc60508, fullReset: false, javascriptEnabled: true, locationContextEnabled: false, networkConnectionEnabled: true, newCommandTimeout: 1800, noReset: true, pixelRatio: 2.75, platform: ANDROID, platformName: Android, platformVersion: 11, statBarHeight: 103, systemPort: 55935, takesScreenshot: true, udid: 002b9cc60508, viewportRect: {height: 2064, left: 0, top: 103, width: 1080}, warnings: {}, webStorageEnabled: false}
Session ID: 1924a9e8-83fd-4c0e-931e-437a742f1899
	at org.openqa.selenium.remote.http.W3CHttpResponseCodec.createException(W3CHttpResponseCodec.java:187)
	at org.openqa.selenium.remote.http.W3CHttpResponseCodec.decode(W3CHttpResponseCodec.java:122)
	at org.openqa.selenium.remote.http.W3CHttpResponseCodec.decode(W3CHttpResponseCodec.java:49)
	at org.openqa.selenium.remote.HttpCommandExecutor.execute(HttpCommandExecutor.java:158)
	at io.appium.java_client.remote.AppiumCommandExecutor.execute(AppiumCommandExecutor.java:239)
	at org.openqa.selenium.remote.RemoteWebDriver.execute(RemoteWebDriver.java:552)
	at io.appium.java_client.DefaultGenericMobileDriver.execute(DefaultGenericMobileDriver.java:42)
	at io.appium.java_client.AppiumDriver.execute(AppiumDriver.java:1)
	at io.appium.java_client.android.AndroidDriver.execute(AndroidDriver.java:1)
	at com.kms.katalon.core.appium.driver.SwipeableAndroidDriver.execute(SwipeableAndroidDriver.java:1)
	at org.openqa.selenium.remote.RemoteWebElement.execute(RemoteWebElement.java:285)
	at io.appium.java_client.DefaultGenericMobileElement.execute(DefaultGenericMobileElement.java:45)
	at io.appium.java_client.MobileElement.execute(MobileElement.java:1)
	at io.appium.java_client.android.AndroidElement.execute(AndroidElement.java:1)
	at org.openqa.selenium.remote.RemoteWebElement.getLocation(RemoteWebElement.java:337)
	at org.openqa.selenium.WebElement$getLocation.call(Unknown Source)
	at com.kms.katalon.core.mobile.keyword.internal.MobileAbstractKeyword.findElement(MobileAbstractKeyword.groovy:86)
	at com.kms.katalon.core.mobile.keyword.builtin.SetTextKeyword.access$1(SetTextKeyword.groovy)
	at com.kms.katalon.core.mobile.keyword.builtin.SetTextKeyword$_setText_closure1.doCall(SetTextKeyword.groovy:74)
	at com.kms.katalon.core.mobile.keyword.builtin.SetTextKeyword$_setText_closure1.call(SetTextKeyword.groovy)
	at com.kms.katalon.core.mobile.keyword.internal.MobileKeywordMain.runKeyword(MobileKeywordMain.groovy:21)
	at com.kms.katalon.core.mobile.keyword.builtin.SetTextKeyword.setText(SetTextKeyword.groovy:83)
	at com.kms.katalon.core.mobile.keyword.builtin.SetTextKeyword.execute(SetTextKeyword.groovy:66)
	at com.kms.katalon.core.keyword.internal.KeywordExecutor.executeKeywordForPlatform(KeywordExecutor.groovy:74)
	at com.kms.katalon.core.mobile.keyword.MobileBuiltInKeywords.setText(MobileBuiltInKeywords.groovy:1307)
	at com.kms.katalon.core.mobile.keyword.MobileBuiltInKeywords$setText$7.call(Unknown Source)
	at requestMoney.run(requestMoney:86)
	at com.kms.katalon.core.main.ScriptEngine.run(ScriptEngine.java:194)
	at com.kms.katalon.core.main.ScriptEngine.runScriptAsRawText(ScriptEngine.java:119)
	at com.kms.katalon.core.main.TestCaseExecutor.runScript(TestCaseExecutor.java:445)
	at com.kms.katalon.core.main.TestCaseExecutor.doExecute(TestCaseExecutor.java:436)
	at com.kms.katalon.core.main.TestCaseExecutor.processExecutionPhase(TestCaseExecutor.java:415)
	at com.kms.katalon.core.main.TestCaseExecutor.accessMainPhase(TestCaseExecutor.java:407)
	at com.kms.katalon.core.main.TestCaseExecutor.execute(TestCaseExecutor.java:284)
	at com.kms.katalon.core.common.CommonExecutor.accessTestCaseMainPhase(CommonExecutor.java:65)
	at com.kms.katalon.core.main.TestSuiteExecutor.accessTestSuiteMainPhase(TestSuiteExecutor.java:144)
	at com.kms.katalon.core.main.TestSuiteExecutor.execute(TestSuiteExecutor.java:106)
	at com.kms.katalon.core.main.TestCaseMain.startTestSuite(TestCaseMain.java:185)
	at com.kms.katalon.core.main.TestCaseMain$startTestSuite$0.call(Unknown Source)
	at TempTestSuite1656063863418.run(TempTestSuite1656063863418.groovy:36)
)
	at com.kms.katalon.core.keyword.internal.KeywordMain.stepFailed(KeywordMain.groovy:39)
	at com.kms.katalon.core.mobile.keyword.internal.MobileKeywordMain.stepFailed(MobileKeywordMain.groovy:40)
	at com.kms.katalon.core.mobile.keyword.internal.MobileKeywordMain.runKeyword(MobileKeywordMain.groovy:23)
	at com.kms.katalon.core.mobile.keyword.builtin.SetTextKeyword.setText(SetTextKeyword.groovy:83)
	at com.kms.katalon.core.mobile.keyword.builtin.SetTextKeyword.execute(SetTextKeyword.groovy:66)
	at com.kms.katalon.core.keyword.internal.KeywordExecutor.executeKeywordForPlatform(KeywordExecutor.groovy:74)
	at com.kms.katalon.core.mobile.keyword.MobileBuiltInKeywords.setText(MobileBuiltInKeywords.groovy:1307)
	at com.kms.katalon.core.mobile.keyword.MobileBuiltInKeywords$setText$7.call(Unknown Source)
	at requestMoney.run(requestMoney:86)
	at com.kms.katalon.core.main.ScriptEngine.run(ScriptEngine.java:194)
	at com.kms.katalon.core.main.ScriptEngine.runScriptAsRawText(ScriptEngine.java:119)
	at com.kms.katalon.core.main.TestCaseExecutor.runScript(TestCaseExecutor.java:445)
	at com.kms.katalon.core.main.TestCaseExecutor.doExecute(TestCaseExecutor.java:436)
	at com.kms.katalon.core.main.TestCaseExecutor.processExecutionPhase(TestCaseExecutor.java:415)
	at com.kms.katalon.core.main.TestCaseExecutor.accessMainPhase(TestCaseExecutor.java:407)
	at com.kms.katalon.core.main.TestCaseExecutor.execute(TestCaseExecutor.java:284)
	at com.kms.katalon.core.common.CommonExecutor.accessTestCaseMainPhase(CommonExecutor.java:65)
	at com.kms.katalon.core.main.TestSuiteExecutor.accessTestSuiteMainPhase(TestSuiteExecutor.java:144)
	at com.kms.katalon.core.main.TestSuiteExecutor.execute(TestSuiteExecutor.java:106)
	at com.kms.katalon.core.main.TestCaseMain.startTestSuite(TestCaseMain.java:185)
	at com.kms.katalon.core.main.TestCaseMain$startTestSuite$0.call(Unknown Source)
	at TempTestSuite1656063863418.run(TempTestSuite1656063863418.groovy:36)
Caused by: org.openqa.selenium.StaleElementReferenceException: androidx.test.uiautomator.StaleObjectException
For documentation on this error, please visit: https://www.seleniumhq.org/exceptions/stale_element_reference.html
Build info: version: '3.141.59', revision: 'e82be7d358', time: '2018-11-14T08:25:53'
System info: host: '00139272s-MacBook-Pro.local', ip: '2001:d08:e4:5180:2d27:7468:8fce:7b01%en0', os.name: 'Mac OS X', os.arch: 'x86_64', os.version: '10.16', java.version: '1.8.0_275'
Driver info: com.kms.katalon.core.appium.driver.SwipeableAndroidDriver
Capabilities {app: /Users/a00139272/Katalon St..., appActivity: com.maybank2u.life.MainActi..., appPackage: com.maybank2u.life.sit, appWaitActivity: *, autoGrantPermissions: true, automationName: uiautomator2, chromedriverPort: 55937, databaseEnabled: false, desired: {app: /Users/a00139272/Katalon St..., appActivity: com.maybank2u.life.MainActi..., appPackage: com.maybank2u.life.sit, appWaitActivity: *, autoGrantPermissions: true, automationName: uiautomator2, chromedriverPort: 55937, deviceId: 002b9cc60508, deviceName: Xiaomi 21061119AG (Android 11), fullReset: false, newCommandTimeout: 1800, noReset: true, platform: ANDROID, platformName: android, platformVersion: 11, systemPort: 55935, udid: 002b9cc60508}, deviceApiLevel: 30, deviceId: 002b9cc60508, deviceManufacturer: Xiaomi, deviceModel: 21061119AG, deviceName: 002b9cc60508, deviceScreenDensity: 440, deviceScreenSize: 1080x2400, deviceUDID: 002b9cc60508, fullReset: false, javascriptEnabled: true, locationContextEnabled: false, networkConnectionEnabled: true, newCommandTimeout: 1800, noReset: true, pixelRatio: 2.75, platform: ANDROID, platformName: Android, platformVersion: 11, statBarHeight: 103, systemPort: 55935, takesScreenshot: true, udid: 002b9cc60508, viewportRect: {height: 2064, left: 0, top: 103, width: 1080}, warnings: {}, webStorageEnabled: false}
Session ID: 1924a9e8-83fd-4c0e-931e-437a742f1899
	at org.openqa.selenium.remote.http.W3CHttpResponseCodec.createException(W3CHttpResponseCodec.java:187)
	at org.openqa.selenium.remote.http.W3CHttpResponseCodec.decode(W3CHttpResponseCodec.java:122)
	at org.openqa.selenium.remote.http.W3CHttpResponseCodec.decode(W3CHttpResponseCodec.java:49)
	at org.openqa.selenium.remote.HttpCommandExecutor.execute(HttpCommandExecutor.java:158)
	at io.appium.java_client.remote.AppiumCommandExecutor.execute(AppiumCommandExecutor.java:239)
	at org.openqa.selenium.remote.RemoteWebDriver.execute(RemoteWebDriver.java:552)
	at io.appium.java_client.DefaultGenericMobileDriver.execute(DefaultGenericMobileDriver.java:42)
	at io.appium.java_client.AppiumDriver.execute(AppiumDriver.java:1)
	at io.appium.java_client.android.AndroidDriver.execute(AndroidDriver.java:1)
	at com.kms.katalon.core.appium.driver.SwipeableAndroidDriver.execute(SwipeableAndroidDriver.java:1)
	at org.openqa.selenium.remote.RemoteWebElement.execute(RemoteWebElement.java:285)
	at io.appium.java_client.DefaultGenericMobileElement.execute(DefaultGenericMobileElement.java:45)
	at io.appium.java_client.MobileElement.execute(MobileElement.java:1)
	at io.appium.java_client.android.AndroidElement.execute(AndroidElement.java:1)
	at org.openqa.selenium.remote.RemoteWebElement.getLocation(RemoteWebElement.java:337)
	at org.openqa.selenium.WebElement$getLocation.call(Unknown Source)
	at com.kms.katalon.core.mobile.keyword.internal.MobileAbstractKeyword.findElement(MobileAbstractKeyword.groovy:86)
	at com.kms.katalon.core.mobile.keyword.builtin.SetTextKeyword.access$1(SetTextKeyword.groovy)
	at com.kms.katalon.core.mobile.keyword.builtin.SetTextKeyword$_setText_closure1.doCall(SetTextKeyword.groovy:74)
	at com.kms.katalon.core.mobile.keyword.builtin.SetTextKeyword$_setText_closure1.call(SetTextKeyword.groovy)
	at com.kms.katalon.core.mobile.keyword.internal.MobileKeywordMain.runKeyword(MobileKeywordMain.groovy:21)
	... 19 more]]></system-out>
      <system-err><![CDATA[2022-06-24 17:44:31 - [TEST_SUITE][FAILED] - Regress 4: Test Cases/Send Request Money/requestMoney FAILED.
Reason:
com.kms.katalon.core.exception.StepFailedException: Failed to set text into element (Root cause: org.openqa.selenium.StaleElementReferenceException: androidx.test.uiautomator.StaleObjectException
For documentation on this error, please visit: https://www.seleniumhq.org/exceptions/stale_element_reference.html
Build info: version: '3.141.59', revision: 'e82be7d358', time: '2018-11-14T08:25:53'
System info: host: '00139272s-MacBook-Pro.local', ip: '2001:d08:e4:5180:2d27:7468:8fce:7b01%en0', os.name: 'Mac OS X', os.arch: 'x86_64', os.version: '10.16', java.version: '1.8.0_275'
Driver info: com.kms.katalon.core.appium.driver.SwipeableAndroidDriver
Capabilities {app: /Users/a00139272/Katalon St..., appActivity: com.maybank2u.life.MainActi..., appPackage: com.maybank2u.life.sit, appWaitActivity: *, autoGrantPermissions: true, automationName: uiautomator2, chromedriverPort: 55937, databaseEnabled: false, desired: {app: /Users/a00139272/Katalon St..., appActivity: com.maybank2u.life.MainActi..., appPackage: com.maybank2u.life.sit, appWaitActivity: *, autoGrantPermissions: true, automationName: uiautomator2, chromedriverPort: 55937, deviceId: 002b9cc60508, deviceName: Xiaomi 21061119AG (Android 11), fullReset: false, newCommandTimeout: 1800, noReset: true, platform: ANDROID, platformName: android, platformVersion: 11, systemPort: 55935, udid: 002b9cc60508}, deviceApiLevel: 30, deviceId: 002b9cc60508, deviceManufacturer: Xiaomi, deviceModel: 21061119AG, deviceName: 002b9cc60508, deviceScreenDensity: 440, deviceScreenSize: 1080x2400, deviceUDID: 002b9cc60508, fullReset: false, javascriptEnabled: true, locationContextEnabled: false, networkConnectionEnabled: true, newCommandTimeout: 1800, noReset: true, pixelRatio: 2.75, platform: ANDROID, platformName: Android, platformVersion: 11, statBarHeight: 103, systemPort: 55935, takesScreenshot: true, udid: 002b9cc60508, viewportRect: {height: 2064, left: 0, top: 103, width: 1080}, warnings: {}, webStorageEnabled: false}
Session ID: 1924a9e8-83fd-4c0e-931e-437a742f1899
	at org.openqa.selenium.remote.http.W3CHttpResponseCodec.createException(W3CHttpResponseCodec.java:187)
	at org.openqa.selenium.remote.http.W3CHttpResponseCodec.decode(W3CHttpResponseCodec.java:122)
	at org.openqa.selenium.remote.http.W3CHttpResponseCodec.decode(W3CHttpResponseCodec.java:49)
	at org.openqa.selenium.remote.HttpCommandExecutor.execute(HttpCommandExecutor.java:158)
	at io.appium.java_client.remote.AppiumCommandExecutor.execute(AppiumCommandExecutor.java:239)
	at org.openqa.selenium.remote.RemoteWebDriver.execute(RemoteWebDriver.java:552)
	at io.appium.java_client.DefaultGenericMobileDriver.execute(DefaultGenericMobileDriver.java:42)
	at io.appium.java_client.AppiumDriver.execute(AppiumDriver.java:1)
	at io.appium.java_client.android.AndroidDriver.execute(AndroidDriver.java:1)
	at com.kms.katalon.core.appium.driver.SwipeableAndroidDriver.execute(SwipeableAndroidDriver.java:1)
	at org.openqa.selenium.remote.RemoteWebElement.execute(RemoteWebElement.java:285)
	at io.appium.java_client.DefaultGenericMobileElement.execute(DefaultGenericMobileElement.java:45)
	at io.appium.java_client.MobileElement.execute(MobileElement.java:1)
	at io.appium.java_client.android.AndroidElement.execute(AndroidElement.java:1)
	at org.openqa.selenium.remote.RemoteWebElement.getLocation(RemoteWebElement.java:337)
	at org.openqa.selenium.WebElement$getLocation.call(Unknown Source)
	at com.kms.katalon.core.mobile.keyword.internal.MobileAbstractKeyword.findElement(MobileAbstractKeyword.groovy:86)
	at com.kms.katalon.core.mobile.keyword.builtin.SetTextKeyword.access$1(SetTextKeyword.groovy)
	at com.kms.katalon.core.mobile.keyword.builtin.SetTextKeyword$_setText_closure1.doCall(SetTextKeyword.groovy:74)
	at com.kms.katalon.core.mobile.keyword.builtin.SetTextKeyword$_setText_closure1.call(SetTextKeyword.groovy)
	at com.kms.katalon.core.mobile.keyword.internal.MobileKeywordMain.runKeyword(MobileKeywordMain.groovy:21)
	at com.kms.katalon.core.mobile.keyword.builtin.SetTextKeyword.setText(SetTextKeyword.groovy:83)
	at com.kms.katalon.core.mobile.keyword.builtin.SetTextKeyword.execute(SetTextKeyword.groovy:66)
	at com.kms.katalon.core.keyword.internal.KeywordExecutor.executeKeywordForPlatform(KeywordExecutor.groovy:74)
	at com.kms.katalon.core.mobile.keyword.MobileBuiltInKeywords.setText(MobileBuiltInKeywords.groovy:1307)
	at com.kms.katalon.core.mobile.keyword.MobileBuiltInKeywords$setText$7.call(Unknown Source)
	at requestMoney.run(requestMoney:86)
	at com.kms.katalon.core.main.ScriptEngine.run(ScriptEngine.java:194)
	at com.kms.katalon.core.main.ScriptEngine.runScriptAsRawText(ScriptEngine.java:119)
	at com.kms.katalon.core.main.TestCaseExecutor.runScript(TestCaseExecutor.java:445)
	at com.kms.katalon.core.main.TestCaseExecutor.doExecute(TestCaseExecutor.java:436)
	at com.kms.katalon.core.main.TestCaseExecutor.processExecutionPhase(TestCaseExecutor.java:415)
	at com.kms.katalon.core.main.TestCaseExecutor.accessMainPhase(TestCaseExecutor.java:407)
	at com.kms.katalon.core.main.TestCaseExecutor.execute(TestCaseExecutor.java:284)
	at com.kms.katalon.core.common.CommonExecutor.accessTestCaseMainPhase(CommonExecutor.java:65)
	at com.kms.katalon.core.main.TestSuiteExecutor.accessTestSuiteMainPhase(TestSuiteExecutor.java:144)
	at com.kms.katalon.core.main.TestSuiteExecutor.execute(TestSuiteExecutor.java:106)
	at com.kms.katalon.core.main.TestCaseMain.startTestSuite(TestCaseMain.java:185)
	at com.kms.katalon.core.main.TestCaseMain$startTestSuite$0.call(Unknown Source)
	at TempTestSuite1656063863418.run(TempTestSuite1656063863418.groovy:36)
)
	at com.kms.katalon.core.keyword.internal.KeywordMain.stepFailed(KeywordMain.groovy:39)
	at com.kms.katalon.core.mobile.keyword.internal.MobileKeywordMain.stepFailed(MobileKeywordMain.groovy:40)
	at com.kms.katalon.core.mobile.keyword.internal.MobileKeywordMain.runKeyword(MobileKeywordMain.groovy:23)
	at com.kms.katalon.core.mobile.keyword.builtin.SetTextKeyword.setText(SetTextKeyword.groovy:83)
	at com.kms.katalon.core.mobile.keyword.builtin.SetTextKeyword.execute(SetTextKeyword.groovy:66)
	at com.kms.katalon.core.keyword.internal.KeywordExecutor.executeKeywordForPlatform(KeywordExecutor.groovy:74)
	at com.kms.katalon.core.mobile.keyword.MobileBuiltInKeywords.setText(MobileBuiltInKeywords.groovy:1307)
	at com.kms.katalon.core.mobile.keyword.MobileBuiltInKeywords$setText$7.call(Unknown Source)
	at requestMoney.run(requestMoney:86)
	at com.kms.katalon.core.main.ScriptEngine.run(ScriptEngine.java:194)
	at com.kms.katalon.core.main.ScriptEngine.runScriptAsRawText(ScriptEngine.java:119)
	at com.kms.katalon.core.main.TestCaseExecutor.runScript(TestCaseExecutor.java:445)
	at com.kms.katalon.core.main.TestCaseExecutor.doExecute(TestCaseExecutor.java:436)
	at com.kms.katalon.core.main.TestCaseExecutor.processExecutionPhase(TestCaseExecutor.java:415)
	at com.kms.katalon.core.main.TestCaseExecutor.accessMainPhase(TestCaseExecutor.java:407)
	at com.kms.katalon.core.main.TestCaseExecutor.execute(TestCaseExecutor.java:284)
	at com.kms.katalon.core.common.CommonExecutor.accessTestCaseMainPhase(CommonExecutor.java:65)
	at com.kms.katalon.core.main.TestSuiteExecutor.accessTestSuiteMainPhase(TestSuiteExecutor.java:144)
	at com.kms.katalon.core.main.TestSuiteExecutor.execute(TestSuiteExecutor.java:106)
	at com.kms.katalon.core.main.TestCaseMain.startTestSuite(TestCaseMain.java:185)
	at com.kms.katalon.core.main.TestCaseMain$startTestSuite$0.call(Unknown Source)
	at TempTestSuite1656063863418.run(TempTestSuite1656063863418.groovy:36)
Caused by: org.openqa.selenium.StaleElementReferenceException: androidx.test.uiautomator.StaleObjectException
For documentation on this error, please visit: https://www.seleniumhq.org/exceptions/stale_element_reference.html
Build info: version: '3.141.59', revision: 'e82be7d358', time: '2018-11-14T08:25:53'
System info: host: '00139272s-MacBook-Pro.local', ip: '2001:d08:e4:5180:2d27:7468:8fce:7b01%en0', os.name: 'Mac OS X', os.arch: 'x86_64', os.version: '10.16', java.version: '1.8.0_275'
Driver info: com.kms.katalon.core.appium.driver.SwipeableAndroidDriver
Capabilities {app: /Users/a00139272/Katalon St..., appActivity: com.maybank2u.life.MainActi..., appPackage: com.maybank2u.life.sit, appWaitActivity: *, autoGrantPermissions: true, automationName: uiautomator2, chromedriverPort: 55937, databaseEnabled: false, desired: {app: /Users/a00139272/Katalon St..., appActivity: com.maybank2u.life.MainActi..., appPackage: com.maybank2u.life.sit, appWaitActivity: *, autoGrantPermissions: true, automationName: uiautomator2, chromedriverPort: 55937, deviceId: 002b9cc60508, deviceName: Xiaomi 21061119AG (Android 11), fullReset: false, newCommandTimeout: 1800, noReset: true, platform: ANDROID, platformName: android, platformVersion: 11, systemPort: 55935, udid: 002b9cc60508}, deviceApiLevel: 30, deviceId: 002b9cc60508, deviceManufacturer: Xiaomi, deviceModel: 21061119AG, deviceName: 002b9cc60508, deviceScreenDensity: 440, deviceScreenSize: 1080x2400, deviceUDID: 002b9cc60508, fullReset: false, javascriptEnabled: true, locationContextEnabled: false, networkConnectionEnabled: true, newCommandTimeout: 1800, noReset: true, pixelRatio: 2.75, platform: ANDROID, platformName: Android, platformVersion: 11, statBarHeight: 103, systemPort: 55935, takesScreenshot: true, udid: 002b9cc60508, viewportRect: {height: 2064, left: 0, top: 103, width: 1080}, warnings: {}, webStorageEnabled: false}
Session ID: 1924a9e8-83fd-4c0e-931e-437a742f1899
	at org.openqa.selenium.remote.http.W3CHttpResponseCodec.createException(W3CHttpResponseCodec.java:187)
	at org.openqa.selenium.remote.http.W3CHttpResponseCodec.decode(W3CHttpResponseCodec.java:122)
	at org.openqa.selenium.remote.http.W3CHttpResponseCodec.decode(W3CHttpResponseCodec.java:49)
	at org.openqa.selenium.remote.HttpCommandExecutor.execute(HttpCommandExecutor.java:158)
	at io.appium.java_client.remote.AppiumCommandExecutor.execute(AppiumCommandExecutor.java:239)
	at org.openqa.selenium.remote.RemoteWebDriver.execute(RemoteWebDriver.java:552)
	at io.appium.java_client.DefaultGenericMobileDriver.execute(DefaultGenericMobileDriver.java:42)
	at io.appium.java_client.AppiumDriver.execute(AppiumDriver.java:1)
	at io.appium.java_client.android.AndroidDriver.execute(AndroidDriver.java:1)
	at com.kms.katalon.core.appium.driver.SwipeableAndroidDriver.execute(SwipeableAndroidDriver.java:1)
	at org.openqa.selenium.remote.RemoteWebElement.execute(RemoteWebElement.java:285)
	at io.appium.java_client.DefaultGenericMobileElement.execute(DefaultGenericMobileElement.java:45)
	at io.appium.java_client.MobileElement.execute(MobileElement.java:1)
	at io.appium.java_client.android.AndroidElement.execute(AndroidElement.java:1)
	at org.openqa.selenium.remote.RemoteWebElement.getLocation(RemoteWebElement.java:337)
	at org.openqa.selenium.WebElement$getLocation.call(Unknown Source)
	at com.kms.katalon.core.mobile.keyword.internal.MobileAbstractKeyword.findElement(MobileAbstractKeyword.groovy:86)
	at com.kms.katalon.core.mobile.keyword.builtin.SetTextKeyword.access$1(SetTextKeyword.groovy)
	at com.kms.katalon.core.mobile.keyword.builtin.SetTextKeyword$_setText_closure1.doCall(SetTextKeyword.groovy:74)
	at com.kms.katalon.core.mobile.keyword.builtin.SetTextKeyword$_setText_closure1.call(SetTextKeyword.groovy)
	at com.kms.katalon.core.mobile.keyword.internal.MobileKeywordMain.runKeyword(MobileKeywordMain.groovy:21)
	... 19 more]]></system-err>
   </testsuite>
</testsuites>
