<?xml version="1.0" encoding="UTF-8"?>
<testsuites name="Regress 4" time="3085.014" tests="9" failures="7" errors="0">
   <testsuite name="Regress 4" tests="9" failures="7" errors="0" time="3085.014" skipped="0" timestamp="2022-06-21 13:55:16" hostname="a00139272 - 192.168.0.176" id="Test Suites/Regress 4">
      <properties>
         <property name="deviceName" value="Xiaomi 21061119AG (Android 11)"/>
         <property name="devicePlatform" value=""/>
         <property name="logFolder" value="/Users/a00139272/git/MAE-BAU-MY/Reports/20220621_135504/Regress 4/20220621_135504"/>
         <property name="logFiles" value="/Users/a00139272/git/MAE-BAU-MY/Reports/20220621_135504/Regress 4/20220621_135504/execution0.log, /Users/a00139272/git/MAE-BAU-MY/Reports/20220621_135504/Regress 4/20220621_135504/appium.log"/>
         <property name="attachments" value="/Users/a00139272/Desktop/Screenshot/sendMoney.png, /Users/a00139272/Desktop/Screenshot/requestMoney.png, /Users/a00139272/Desktop/Screenshot/cancelRequest.png, /Users/a00139272/Desktop/Screenshot/requestMoney.png, /Users/a00139272/Desktop/Screenshot/markAsPaidRequestMoney.png, /Users/a00139272/Desktop/Screenshot/createSplitBill.png, /Users/a00139272/Desktop/Screenshot/createThreeSplitBill.png, /Users/a00139272/Desktop/Screenshot/markPaidSplitBill.png, /Users/a00139272/Desktop/Screenshot/removePastSplit.png"/>
         <property name="hostName" value="a00139272 - 192.168.0.176"/>
         <property name="os" value="Mac OS X 64bit"/>
         <property name="appiumServerStatus" value="{&quot;value&quot;:{&quot;build&quot;:{&quot;version&quot;:&quot;1.22.1&quot;}},&quot;sessionId&quot;:null,&quot;status&quot;:0}"/>
         <property name="katalonVersion" value="8.3.5.208"/>
         <property name="deviceOS" value="Android"/>
         <property name="appiumVersion" value="1.22.1"/>
         <property name="deviceModel" value="21061119AG"/>
         <property name="hostAddress" value="192.168.0.176"/>
         <property name="deviceManufacturer" value="Xiaomi"/>
         <property name="deviceId" value="002b9cc60508"/>
         <property name="deviceName" value="Xiaomi 21061119AG (Android 11)"/>
         <property name="deviceOSVersion" value="11"/>
      </properties>
      <testcase name="Test Cases/Send Request Money/sendMoney" time="807.607" classname="Test Cases/Send Request Money/sendMoney" status="PASSED">
         <system-out><![CDATA[2022-06-21 13:55:17 - [TEST_CASE][PASSED] - Test Cases/Send Request Money/sendMoney: Test Cases/Send Request Money/sendMoney

2022-06-21 13:55:17 - [TEST_STEP][PASSED] - setMobileDriverPreferencesProperty("appPackage", "com.maybank2u.life.sit"): null

2022-06-21 13:55:17 - [TEST_STEP][PASSED] - setMobileDriverPreferencesProperty("appActivity", "com.maybank2u.life.MainActivity"): null

2022-06-21 13:55:17 - [TEST_STEP][PASSED] - if (isApplicationOpened == false): Started app at: '/Users/a00139272/Katalon Studio/MAE/androidapp/app-dev-universal-release (1).apk'

2022-06-21 13:55:17 - [TEST_STEP][PASSED] - startApplication(appPath, false): Started app at: '/Users/a00139272/Katalon Studio/MAE/androidapp/app-dev-universal-release (1).apk'

2022-06-21 13:55:17 - [MESSAGE][INFO] - User set preference: ['appWaitActivity', '*']

2022-06-21 13:55:17 - [MESSAGE][INFO] - User set preference: ['deviceId', '002b9cc60508']

2022-06-21 13:55:17 - [MESSAGE][INFO] - User set preference: ['appPackage', 'com.maybank2u.life.sit']

2022-06-21 13:55:17 - [MESSAGE][INFO] - User set preference: ['appActivity', 'com.maybank2u.life.MainActivity']

2022-06-21 13:55:17 - [MESSAGE][INFO] - Detected NodeJS location: "/usr/local/Cellar/node/17.0.1/bin/node"

2022-06-21 13:55:19 - [MESSAGE][INFO] - Appium server started on port 58,405

2022-06-21 13:55:32 - [MESSAGE][PASSED] - Started app at: '/Users/a00139272/Katalon Studio/MAE/androidapp/app-dev-universal-release (1).apk'

2022-06-21 13:55:32 - [TEST_STEP][PASSED] - verifyElementExist(findTestObject("Object Repository/Dashboard/dashboardWalletTopSelect"), 0): Element 'Object Repository/Dashboard/dashboardWalletTopSelect' is exist

2022-06-21 13:55:32 - [MESSAGE][WARNING] - Timeout '0' is invalid. Using default page load timeout: '40'

2022-06-21 13:55:36 - [MESSAGE][PASSED] - Element 'Object Repository/Dashboard/dashboardWalletTopSelect' is exist

2022-06-21 13:55:36 - [TEST_STEP][PASSED] - verifyElementExist(findTestObject("Object Repository/Dashboard/dashboardQuickActionsTitleTxt"), 0): Element 'Object Repository/Dashboard/dashboardQuickActionsTitleTxt' is exist

2022-06-21 13:55:36 - [MESSAGE][WARNING] - Timeout '0' is invalid. Using default page load timeout: '40'

2022-06-21 13:55:37 - [MESSAGE][PASSED] - Element 'Object Repository/Dashboard/dashboardQuickActionsTitleTxt' is exist

2022-06-21 13:55:37 - [TEST_STEP][PASSED] - verifyElementExist(findTestObject("Object Repository/Dashboard/dashboardSSLTitleTxt"), 0): Element 'Object Repository/Dashboard/dashboardSSLTitleTxt' is exist

2022-06-21 13:55:37 - [MESSAGE][WARNING] - Timeout '0' is invalid. Using default page load timeout: '40'

2022-06-21 13:55:37 - [MESSAGE][PASSED] - Element 'Object Repository/Dashboard/dashboardSSLTitleTxt' is exist

2022-06-21 13:55:37 - [TEST_STEP][PASSED] - verifyElementExist(findTestObject("Object Repository/Dashboard/mainBottomMenuMaybank2uBtn"), 0): Element 'Object Repository/Dashboard/mainBottomMenuMaybank2uBtn' is exist

2022-06-21 13:55:37 - [MESSAGE][WARNING] - Timeout '0' is invalid. Using default page load timeout: '40'

2022-06-21 13:56:18 - [MESSAGE][PASSED] - Element 'Object Repository/Dashboard/mainBottomMenuMaybank2uBtn' is exist

2022-06-21 13:56:18 - [TEST_STEP][PASSED] - device_Height = getDeviceHeight(): Current device physical height is 2167

2022-06-21 13:56:18 - [MESSAGE][PASSED] - Current device physical height is 2167

2022-06-21 13:56:18 - [TEST_STEP][PASSED] - device_Width = getDeviceWidth(): Current device physical width is 1080

2022-06-21 13:56:18 - [MESSAGE][PASSED] - Current device physical width is 1080

2022-06-21 13:56:18 - [TEST_STEP][PASSED] - startX = device_Width / 3: null

2022-06-21 13:56:18 - [TEST_STEP][PASSED] - startY = device_Height * 0.97: null

2022-06-21 13:56:18 - [TEST_STEP][PASSED] - tapAtPosition(startX, startY): Tapped at [360, 2,101]

2022-06-21 13:56:18 - [MESSAGE][PASSED] - Tapped at [360, 2,101]

2022-06-21 13:56:18 - [TEST_STEP][PASSED] - if (verifyElementVisible(findTestObject("Main/mainEnterPINMessage"), 0, OPTIONAL)): null

2022-06-21 13:56:18 - [MESSAGE][WARNING] - Timeout '0' is invalid. Using default page load timeout: '40'

2022-06-21 13:56:20 - [MESSAGE][PASSED] - Element 'Object Repository/Main/mainEnterPINMessage' is visible

2022-06-21 13:56:20 - [TEST_STEP][PASSED] - tap(findTestObject("Login Onboarding/PIN1"), 0): Tapped on element 'Object Repository/Login Onboarding/PIN1'

2022-06-21 13:56:20 - [MESSAGE][WARNING] - Timeout '0' is invalid. Using default page load timeout: '40'

2022-06-21 13:56:20 - [MESSAGE][PASSED] - Tapped on element 'Object Repository/Login Onboarding/PIN1'

2022-06-21 13:56:20 - [TEST_STEP][PASSED] - tap(findTestObject("Login Onboarding/PIN1"), 0): Tapped on element 'Object Repository/Login Onboarding/PIN1'

2022-06-21 13:56:20 - [MESSAGE][WARNING] - Timeout '0' is invalid. Using default page load timeout: '40'

2022-06-21 13:56:22 - [MESSAGE][PASSED] - Tapped on element 'Object Repository/Login Onboarding/PIN1'

2022-06-21 13:56:22 - [TEST_STEP][PASSED] - tap(findTestObject("Login Onboarding/PIN1"), 0): Tapped on element 'Object Repository/Login Onboarding/PIN1'

2022-06-21 13:56:22 - [MESSAGE][WARNING] - Timeout '0' is invalid. Using default page load timeout: '40'

2022-06-21 13:56:23 - [MESSAGE][PASSED] - Tapped on element 'Object Repository/Login Onboarding/PIN1'

2022-06-21 13:56:23 - [TEST_STEP][PASSED] - tap(findTestObject("Login Onboarding/PIN1"), 0): Tapped on element 'Object Repository/Login Onboarding/PIN1'

2022-06-21 13:56:23 - [MESSAGE][WARNING] - Timeout '0' is invalid. Using default page load timeout: '40'

2022-06-21 13:56:25 - [MESSAGE][PASSED] - Tapped on element 'Object Repository/Login Onboarding/PIN1'

2022-06-21 13:56:25 - [TEST_STEP][PASSED] - tap(findTestObject("Login Onboarding/PIN1"), 0): Tapped on element 'Object Repository/Login Onboarding/PIN1'

2022-06-21 13:56:25 - [MESSAGE][WARNING] - Timeout '0' is invalid. Using default page load timeout: '40'

2022-06-21 13:56:27 - [MESSAGE][PASSED] - Tapped on element 'Object Repository/Login Onboarding/PIN1'

2022-06-21 13:56:27 - [TEST_STEP][PASSED] - tap(findTestObject("Login Onboarding/PIN2"), 0): Tapped on element 'Object Repository/Login Onboarding/PIN2'

2022-06-21 13:56:27 - [MESSAGE][WARNING] - Timeout '0' is invalid. Using default page load timeout: '40'

2022-06-21 13:56:29 - [MESSAGE][PASSED] - Tapped on element 'Object Repository/Login Onboarding/PIN2'

2022-06-21 13:56:29 - [TEST_STEP][PASSED] - delay(2): Delayed 2 second(s)

2022-06-21 13:56:31 - [MESSAGE][PASSED] - Delayed 2 second(s)

2022-06-21 13:56:31 - [TEST_STEP][PASSED] - verifyElementVisible(findTestObject("Banking/m2uAccountTypeSelection", ["text":"MAE"]), 10): Element 'Object Repository/Banking/m2uAccountTypeSelection' is visible

2022-06-21 13:56:40 - [MESSAGE][PASSED] - Element 'Object Repository/Banking/m2uAccountTypeSelection' is visible

2022-06-21 13:56:40 - [TEST_STEP][PASSED] - tap(findTestObject("Banking/m2uAccountTypeSelection", ["text":"MAE"]), 10): Tapped on element 'Object Repository/Banking/m2uAccountTypeSelection'

2022-06-21 13:56:40 - [MESSAGE][PASSED] - Tapped on element 'Object Repository/Banking/m2uAccountTypeSelection'

2022-06-21 13:56:40 - [TEST_STEP][PASSED] - delay(3): Delayed 3 second(s)

2022-06-21 13:56:44 - [MESSAGE][PASSED] - Delayed 3 second(s)

2022-06-21 13:56:44 - [TEST_STEP][PASSED] - verifyElementVisible(findTestObject("Banking/m2uAccountSendReqIconSelect"), 0): Element 'Object Repository/Banking/m2uAccountSendReqIconSelect' is visible

2022-06-21 13:56:44 - [MESSAGE][WARNING] - Timeout '0' is invalid. Using default page load timeout: '40'

2022-06-21 13:56:44 - [MESSAGE][PASSED] - Element 'Object Repository/Banking/m2uAccountSendReqIconSelect' is visible

2022-06-21 13:56:44 - [TEST_STEP][PASSED] - tap(findTestObject("Banking/m2uAccountSendReqIconSelect"), 0): Tapped on element 'Object Repository/Banking/m2uAccountSendReqIconSelect'

2022-06-21 13:56:44 - [MESSAGE][WARNING] - Timeout '0' is invalid. Using default page load timeout: '40'

2022-06-21 13:56:45 - [MESSAGE][PASSED] - Tapped on element 'Object Repository/Banking/m2uAccountSendReqIconSelect'

2022-06-21 13:56:45 - [TEST_STEP][PASSED] - delay(3): Delayed 3 second(s)

2022-06-21 13:56:48 - [MESSAGE][PASSED] - Delayed 3 second(s)

2022-06-21 13:56:48 - [TEST_STEP][PASSED] - verifyElementVisible(findTestObject("Send Request Money/sendMoneyIconSelect"), 0): Element 'Object Repository/Send Request Money/sendMoneyIconSelect' is visible

2022-06-21 13:56:48 - [MESSAGE][WARNING] - Timeout '0' is invalid. Using default page load timeout: '40'

2022-06-21 13:57:38 - [MESSAGE][PASSED] - Element 'Object Repository/Send Request Money/sendMoneyIconSelect' is visible

2022-06-21 13:57:38 - [TEST_STEP][PASSED] - tap(findTestObject("Send Request Money/sendMoneyIconSelect"), 0): Tapped on element 'Object Repository/Send Request Money/sendMoneyIconSelect'

2022-06-21 13:57:38 - [MESSAGE][WARNING] - Timeout '0' is invalid. Using default page load timeout: '40'

2022-06-21 13:58:39 - [MESSAGE][PASSED] - Tapped on element 'Object Repository/Send Request Money/sendMoneyIconSelect'

2022-06-21 13:58:39 - [TEST_STEP][PASSED] - delay(3): Delayed 3 second(s)

2022-06-21 13:58:42 - [MESSAGE][PASSED] - Delayed 3 second(s)

2022-06-21 13:58:42 - [TEST_STEP][PASSED] - if (verifyElementVisible(findTestObject("Tabung/tabungEnterPasswordTxt"), 0, OPTIONAL)): null

2022-06-21 13:58:42 - [MESSAGE][WARNING] - Timeout '0' is invalid. Using default page load timeout: '40'

2022-06-21 13:59:33 - [MESSAGE][PASSED] - Element 'Object Repository/Tabung/tabungEnterPasswordTxt' is visible

2022-06-21 13:59:33 - [TEST_STEP][PASSED] - setText(findTestObject("Tabung/tabungSignInInputPasswordField"), Password, 0): Text 'pass1234' has been set to element 'Object Repository/Tabung/tabungSignInInputPasswordField'

2022-06-21 13:59:33 - [MESSAGE][WARNING] - Timeout '0' is invalid. Using default page load timeout: '40'

2022-06-21 14:01:23 - [MESSAGE][PASSED] - Text 'pass1234' has been set to element 'Object Repository/Tabung/tabungSignInInputPasswordField'

2022-06-21 14:01:23 - [TEST_STEP][PASSED] - hideKeyboard(): Keyboard is hidden

2022-06-21 14:01:28 - [MESSAGE][PASSED] - Keyboard is hidden

2022-06-21 14:01:28 - [TEST_STEP][PASSED] - tap(findTestObject("Tabung/tabungSignInContinueBtn"), 0): Tapped on element 'Object Repository/Tabung/tabungSignInContinueBtn'

2022-06-21 14:01:28 - [MESSAGE][WARNING] - Timeout '0' is invalid. Using default page load timeout: '40'

2022-06-21 14:02:28 - [MESSAGE][PASSED] - Tapped on element 'Object Repository/Tabung/tabungSignInContinueBtn'

2022-06-21 14:02:28 - [TEST_STEP][PASSED] - delay(5): Delayed 5 second(s)

2022-06-21 14:02:33 - [MESSAGE][PASSED] - Delayed 5 second(s)

2022-06-21 14:02:33 - [TEST_STEP][PASSED] - waitForElementPresent(findTestObject("Send Request Money/sendMoneyContactIconSelect"), 0): Element 'Object Repository/Send Request Money/sendMoneyContactIconSelect' is present

2022-06-21 14:02:33 - [MESSAGE][WARNING] - Timeout '0' is invalid. Using default page load timeout: '40'

2022-06-21 14:03:04 - [MESSAGE][PASSED] - Element 'Object Repository/Send Request Money/sendMoneyContactIconSelect' is present

2022-06-21 14:03:04 - [TEST_STEP][PASSED] - tap(findTestObject("Send Request Money/sendMoneyContactIconSelect"), 0): Tapped on element 'Object Repository/Send Request Money/sendMoneyContactIconSelect'

2022-06-21 14:03:04 - [MESSAGE][WARNING] - Timeout '0' is invalid. Using default page load timeout: '40'

2022-06-21 14:04:04 - [MESSAGE][PASSED] - Tapped on element 'Object Repository/Send Request Money/sendMoneyContactIconSelect'

2022-06-21 14:04:04 - [TEST_STEP][PASSED] - delay(5): Delayed 5 second(s)

2022-06-21 14:04:09 - [MESSAGE][PASSED] - Delayed 5 second(s)

2022-06-21 14:04:09 - [TEST_STEP][PASSED] - setText(findTestObject("Send Request Money/sendMoneyContactSearchInputField"), contactName, 0): Text 'Fazatul PNS' has been set to element 'Object Repository/Send Request Money/sendMoneyContactSearchInputField'

2022-06-21 14:04:09 - [MESSAGE][WARNING] - Timeout '0' is invalid. Using default page load timeout: '40'

2022-06-21 14:05:40 - [MESSAGE][PASSED] - Text 'Fazatul PNS' has been set to element 'Object Repository/Send Request Money/sendMoneyContactSearchInputField'

2022-06-21 14:05:40 - [TEST_STEP][PASSED] - delay(3): Delayed 3 second(s)

2022-06-21 14:05:43 - [MESSAGE][PASSED] - Delayed 3 second(s)

2022-06-21 14:05:43 - [TEST_STEP][PASSED] - hideKeyboard(): Keyboard is hidden

2022-06-21 14:05:45 - [MESSAGE][PASSED] - Keyboard is hidden

2022-06-21 14:05:45 - [TEST_STEP][PASSED] - tap(findTestObject("Send Request Money/requestMoneyContactSelect", ["contactName":contactName]), 0): Tapped on element 'Object Repository/Send Request Money/requestMoneyContactSelect'

2022-06-21 14:05:45 - [MESSAGE][WARNING] - Timeout '0' is invalid. Using default page load timeout: '40'

2022-06-21 14:06:45 - [MESSAGE][PASSED] - Tapped on element 'Object Repository/Send Request Money/requestMoneyContactSelect'

2022-06-21 14:06:45 - [TEST_STEP][PASSED] - tap(findTestObject("Send Request Money/requestMoneyContactSelect", ["contactName":contactName]), 0): Tapped on element 'Object Repository/Send Request Money/requestMoneyContactSelect'

2022-06-21 14:06:45 - [MESSAGE][WARNING] - Timeout '0' is invalid. Using default page load timeout: '40'

2022-06-21 14:07:39 - [MESSAGE][PASSED] - Tapped on element 'Object Repository/Send Request Money/requestMoneyContactSelect'

2022-06-21 14:07:39 - [TEST_STEP][PASSED] - delay(3): Delayed 3 second(s)

2022-06-21 14:07:42 - [MESSAGE][PASSED] - Delayed 3 second(s)

2022-06-21 14:07:42 - [TEST_STEP][PASSED] - tap(findTestObject("Login Onboarding/PIN4"), 0): Tapped on element 'Object Repository/Login Onboarding/PIN4'

2022-06-21 14:07:42 - [MESSAGE][WARNING] - Timeout '0' is invalid. Using default page load timeout: '40'

2022-06-21 14:07:42 - [MESSAGE][PASSED] - Tapped on element 'Object Repository/Login Onboarding/PIN4'

2022-06-21 14:07:42 - [TEST_STEP][PASSED] - delay(3): Delayed 3 second(s)

2022-06-21 14:07:45 - [MESSAGE][PASSED] - Delayed 3 second(s)

2022-06-21 14:07:45 - [TEST_STEP][PASSED] - tap(findTestObject("Main/mainAmountTickBtn"), 0): Tapped on element 'Object Repository/Main/mainAmountTickBtn'

2022-06-21 14:07:45 - [MESSAGE][WARNING] - Timeout '0' is invalid. Using default page load timeout: '40'

2022-06-21 14:07:46 - [MESSAGE][PASSED] - Tapped on element 'Object Repository/Main/mainAmountTickBtn'

2022-06-21 14:07:46 - [TEST_STEP][PASSED] - delay(3): Delayed 3 second(s)

2022-06-21 14:07:49 - [MESSAGE][PASSED] - Delayed 3 second(s)

2022-06-21 14:07:49 - [TEST_STEP][PASSED] - tap(findTestObject("Send Request Money/payMoneyConfirmationRequestSendNowBtn"), 0): Tapped on element 'Object Repository/Send Request Money/payMoneyConfirmationRequestSendNowBtn'

2022-06-21 14:07:49 - [MESSAGE][WARNING] - Timeout '0' is invalid. Using default page load timeout: '40'

2022-06-21 14:07:49 - [MESSAGE][PASSED] - Tapped on element 'Object Repository/Send Request Money/payMoneyConfirmationRequestSendNowBtn'

2022-06-21 14:07:49 - [TEST_STEP][PASSED] - if (verifyElementVisible(findTestObject("Festive Season/festiveReturnAngpaoTACNoTxt"), 0, OPTIONAL)): Element 'Object Repository/Festive Season/festiveReturnAngpaoTACNoTxt' not found

2022-06-21 14:07:49 - [MESSAGE][WARNING] - Timeout '0' is invalid. Using default page load timeout: '40'

2022-06-21 14:08:29 - [MESSAGE][WARNING] - Element 'Object Repository/Festive Season/festiveReturnAngpaoTACNoTxt' not found

2022-06-21 14:08:29 - [TEST_STEP][PASSED] - else: Tapped on element 'Object Repository/Main/mainS2UApproveBtn'

2022-06-21 14:08:29 - [TEST_STEP][PASSED] - delay(5): Delayed 5 second(s)

2022-06-21 14:08:34 - [MESSAGE][PASSED] - Delayed 5 second(s)

2022-06-21 14:08:34 - [TEST_STEP][PASSED] - verifyElementVisible(findTestObject("Main/mainS2UApproveBtn"), 10): Element 'Object Repository/Main/mainS2UApproveBtn' is visible

2022-06-21 14:08:34 - [MESSAGE][PASSED] - Element 'Object Repository/Main/mainS2UApproveBtn' is visible

2022-06-21 14:08:34 - [TEST_STEP][PASSED] - tap(findTestObject("Main/mainS2UApproveBtn"), 0): Tapped on element 'Object Repository/Main/mainS2UApproveBtn'

2022-06-21 14:08:34 - [MESSAGE][WARNING] - Timeout '0' is invalid. Using default page load timeout: '40'

2022-06-21 14:08:34 - [MESSAGE][PASSED] - Tapped on element 'Object Repository/Main/mainS2UApproveBtn'

2022-06-21 14:08:34 - [TEST_STEP][PASSED] - delay(5): Delayed 5 second(s)

2022-06-21 14:08:39 - [MESSAGE][PASSED] - Delayed 5 second(s)

2022-06-21 14:08:39 - [TEST_STEP][PASSED] - referenceID = getText(findTestObject("Send Request Money/requestMoneyPaySummaryRefIDTxt"), 0): Text of element 'Object Repository/Send Request Money/requestMoneyPaySummaryRefIDTxt' is: 'SM181566977M'

2022-06-21 14:08:39 - [MESSAGE][WARNING] - Timeout '0' is invalid. Using default page load timeout: '40'

2022-06-21 14:08:39 - [MESSAGE][PASSED] - Text of element 'Object Repository/Send Request Money/requestMoneyPaySummaryRefIDTxt' is: 'SM181566977M'

2022-06-21 14:08:39 - [TEST_STEP][PASSED] - println(referenceID): null

2022-06-21 14:08:39 - [TEST_STEP][PASSED] - test = dataFolder: null

2022-06-21 14:08:39 - [TEST_STEP][PASSED] - sheetName = "Sheet1": null

2022-06-21 14:08:39 - [TEST_STEP][PASSED] - file1 = new java.io.File(test): null

2022-06-21 14:08:39 - [TEST_STEP][PASSED] - assert file1.exists() == true: null

2022-06-21 14:08:39 - [TEST_STEP][PASSED] - woorkbook1 = getWorkbook(test): null

2022-06-21 14:08:40 - [TEST_STEP][PASSED] - sheet1 = getExcelSheet(woorkbook1, sheetName): null

2022-06-21 14:08:40 - [TEST_STEP][PASSED] - setValueToCellByIndex(sheet1, 0, 1, referenceID): null

2022-06-21 14:08:40 - [TEST_STEP][PASSED] - saveWorkbook(test, woorkbook1): null

2022-06-21 14:08:40 - [TEST_STEP][PASSED] - message = getText(findTestObject("Main/mainTransactionStatusMessageTxt"), 10): Text of element 'Object Repository/Main/mainTransactionStatusMessageTxt' is: 'Transfer successful'

2022-06-21 14:08:40 - [MESSAGE][PASSED] - Text of element 'Object Repository/Main/mainTransactionStatusMessageTxt' is: 'Transfer successful'

2022-06-21 14:08:40 - [TEST_STEP][PASSED] - println(message): null

2022-06-21 14:08:40 - [TEST_STEP][PASSED] - verifyElementExist(findTestObject("Main/mainDoneBtn"), 10): Element 'Object Repository/Main/mainDoneBtn' is exist

2022-06-21 14:08:40 - [MESSAGE][PASSED] - Element 'Object Repository/Main/mainDoneBtn' is exist

2022-06-21 14:08:40 - [TEST_STEP][PASSED] - takeScreenshot("/Users/a00139272/Desktop/Screenshot/sendMoney.png"): Screenshot is taken

2022-06-21 14:08:41 - [MESSAGE][PASSED] - Screenshot is taken
[[ATTACHMENT|/Users/a00139272/Desktop/Screenshot/sendMoney.png]]

2022-06-21 14:08:41 - [TEST_STEP][PASSED] - tap(findTestObject("Main/mainDoneBtn"), 0): Tapped on element 'Object Repository/Main/mainDoneBtn'

2022-06-21 14:08:41 - [MESSAGE][WARNING] - Timeout '0' is invalid. Using default page load timeout: '40'

2022-06-21 14:08:41 - [MESSAGE][PASSED] - Tapped on element 'Object Repository/Main/mainDoneBtn'

2022-06-21 14:08:41 - [TEST_STEP][PASSED] - delay(3): Delayed 3 second(s)

2022-06-21 14:08:44 - [MESSAGE][PASSED] - Delayed 3 second(s)]]></system-out>
         <system-err><![CDATA[]]></system-err>
      </testcase>
      <testcase name="Test Cases/Send Request Money/requestMoney" time="517.36" classname="Test Cases/Send Request Money/requestMoney" status="PASSED">
         <system-out><![CDATA[2022-06-21 14:08:44 - [TEST_CASE][PASSED] - Test Cases/Send Request Money/requestMoney: Test Cases/Send Request Money/requestMoney

2022-06-21 14:08:44 - [TEST_STEP][PASSED] - device_Height = getDeviceHeight(): Current device physical height is 2167

2022-06-21 14:08:44 - [MESSAGE][PASSED] - Current device physical height is 2167

2022-06-21 14:08:44 - [TEST_STEP][PASSED] - device_Width = getDeviceWidth(): Current device physical width is 1080

2022-06-21 14:08:45 - [MESSAGE][PASSED] - Current device physical width is 1080

2022-06-21 14:08:45 - [TEST_STEP][PASSED] - startX = device_Width / 3: null

2022-06-21 14:08:45 - [TEST_STEP][PASSED] - startY = device_Height * 0.97: null

2022-06-21 14:08:45 - [TEST_STEP][PASSED] - verifyElementVisible(findTestObject("Send Request Money/requestMoneyIconSelect"), 10): Element 'Object Repository/Send Request Money/requestMoneyIconSelect' is visible

2022-06-21 14:09:35 - [MESSAGE][PASSED] - Element 'Object Repository/Send Request Money/requestMoneyIconSelect' is visible

2022-06-21 14:09:35 - [TEST_STEP][PASSED] - tap(findTestObject("Send Request Money/requestMoneyIconSelect"), 0): Tapped on element 'Object Repository/Send Request Money/requestMoneyIconSelect'

2022-06-21 14:09:35 - [MESSAGE][WARNING] - Timeout '0' is invalid. Using default page load timeout: '40'

2022-06-21 14:10:36 - [MESSAGE][PASSED] - Tapped on element 'Object Repository/Send Request Money/requestMoneyIconSelect'

2022-06-21 14:10:36 - [TEST_STEP][PASSED] - delay(5): Delayed 5 second(s)

2022-06-21 14:10:41 - [MESSAGE][PASSED] - Delayed 5 second(s)

2022-06-21 14:10:41 - [TEST_STEP][PASSED] - verifyElementVisible(findTestObject("Send Request Money/sendRequestContactSearchIconSelect"), 10): Element 'Object Repository/Send Request Money/sendRequestContactSearchIconSelect' is visible

2022-06-21 14:11:31 - [MESSAGE][PASSED] - Element 'Object Repository/Send Request Money/sendRequestContactSearchIconSelect' is visible

2022-06-21 14:11:31 - [TEST_STEP][PASSED] - tap(findTestObject("Send Request Money/sendRequestContactSearchIconSelect"), 0): Tapped on element 'Object Repository/Send Request Money/sendRequestContactSearchIconSelect'

2022-06-21 14:11:31 - [MESSAGE][WARNING] - Timeout '0' is invalid. Using default page load timeout: '40'

2022-06-21 14:12:32 - [MESSAGE][PASSED] - Tapped on element 'Object Repository/Send Request Money/sendRequestContactSearchIconSelect'

2022-06-21 14:12:32 - [TEST_STEP][PASSED] - delay(3): Delayed 3 second(s)

2022-06-21 14:12:35 - [MESSAGE][PASSED] - Delayed 3 second(s)

2022-06-21 14:12:35 - [TEST_STEP][PASSED] - setText(findTestObject("Send Request Money/requestMoneyContactInputField"), contactName, 0): Text 'Fazatul PNS' has been set to element 'Object Repository/Send Request Money/requestMoneyContactInputField'

2022-06-21 14:12:35 - [MESSAGE][WARNING] - Timeout '0' is invalid. Using default page load timeout: '40'

2022-06-21 14:14:05 - [MESSAGE][PASSED] - Text 'Fazatul PNS' has been set to element 'Object Repository/Send Request Money/requestMoneyContactInputField'

2022-06-21 14:14:05 - [TEST_STEP][PASSED] - delay(3): Delayed 3 second(s)

2022-06-21 14:14:08 - [MESSAGE][PASSED] - Delayed 3 second(s)

2022-06-21 14:14:08 - [TEST_STEP][PASSED] - hideKeyboard(): Keyboard is hidden

2022-06-21 14:14:10 - [MESSAGE][PASSED] - Keyboard is hidden

2022-06-21 14:14:10 - [TEST_STEP][PASSED] - delay(3): Delayed 3 second(s)

2022-06-21 14:14:13 - [MESSAGE][PASSED] - Delayed 3 second(s)

2022-06-21 14:14:13 - [TEST_STEP][PASSED] - verifyElementVisible(findTestObject("Send Request Money/requestMoneyContactSelect", ["contactName":contactName]), 0): Element 'Object Repository/Send Request Money/requestMoneyContactSelect' is visible

2022-06-21 14:14:13 - [MESSAGE][WARNING] - Timeout '0' is invalid. Using default page load timeout: '40'

2022-06-21 14:15:03 - [MESSAGE][PASSED] - Element 'Object Repository/Send Request Money/requestMoneyContactSelect' is visible

2022-06-21 14:15:03 - [TEST_STEP][PASSED] - tap(findTestObject("Send Request Money/requestMoneyContactSelect", ["contactName":contactName]), 0): Tapped on element 'Object Repository/Send Request Money/requestMoneyContactSelect'

2022-06-21 14:15:03 - [MESSAGE][WARNING] - Timeout '0' is invalid. Using default page load timeout: '40'

2022-06-21 14:16:04 - [MESSAGE][PASSED] - Tapped on element 'Object Repository/Send Request Money/requestMoneyContactSelect'

2022-06-21 14:16:04 - [TEST_STEP][PASSED] - tap(findTestObject("Send Request Money/requestMoneyContactSelect", ["contactName":contactName]), 0): Tapped on element 'Object Repository/Send Request Money/requestMoneyContactSelect'

2022-06-21 14:16:04 - [MESSAGE][WARNING] - Timeout '0' is invalid. Using default page load timeout: '40'

2022-06-21 14:16:55 - [MESSAGE][PASSED] - Tapped on element 'Object Repository/Send Request Money/requestMoneyContactSelect'

2022-06-21 14:16:55 - [TEST_STEP][PASSED] - delay(5): Delayed 5 second(s)

2022-06-21 14:17:00 - [MESSAGE][PASSED] - Delayed 5 second(s)

2022-06-21 14:17:00 - [TEST_STEP][PASSED] - tap(findTestObject("Login Onboarding/PIN4"), 0): Tapped on element 'Object Repository/Login Onboarding/PIN4'

2022-06-21 14:17:00 - [MESSAGE][WARNING] - Timeout '0' is invalid. Using default page load timeout: '40'

2022-06-21 14:17:01 - [MESSAGE][PASSED] - Tapped on element 'Object Repository/Login Onboarding/PIN4'

2022-06-21 14:17:01 - [TEST_STEP][PASSED] - delay(3): Delayed 3 second(s)

2022-06-21 14:17:04 - [MESSAGE][PASSED] - Delayed 3 second(s)

2022-06-21 14:17:04 - [TEST_STEP][PASSED] - tap(findTestObject("Main/mainAmountTickBtn"), 0): Tapped on element 'Object Repository/Main/mainAmountTickBtn'

2022-06-21 14:17:04 - [MESSAGE][WARNING] - Timeout '0' is invalid. Using default page load timeout: '40'

2022-06-21 14:17:04 - [MESSAGE][PASSED] - Tapped on element 'Object Repository/Main/mainAmountTickBtn'

2022-06-21 14:17:04 - [TEST_STEP][PASSED] - delay(3): Delayed 3 second(s)

2022-06-21 14:17:07 - [MESSAGE][PASSED] - Delayed 3 second(s)

2022-06-21 14:17:07 - [TEST_STEP][PASSED] - verifyElementText(findTestObject("Send Request Money/requestMoneyConfirmationContactNameTxt", ["contactName":contactName]), contactName): Actual text and expected text of test object 'Object Repository/Send Request Money/requestMoneyConfirmationContactNameTxt' are matched.

2022-06-21 14:17:07 - [MESSAGE][PASSED] - Actual text and expected text of test object 'Object Repository/Send Request Money/requestMoneyConfirmationContactNameTxt' are matched.

2022-06-21 14:17:07 - [TEST_STEP][PASSED] - verifyElementText(findTestObject("Send Request Money/requestMoneyConfirmationAmountBtn"), "RM 0.04"): Actual text and expected text of test object 'Object Repository/Send Request Money/requestMoneyConfirmationAmountBtn' are matched.

2022-06-21 14:17:07 - [MESSAGE][PASSED] - Actual text and expected text of test object 'Object Repository/Send Request Money/requestMoneyConfirmationAmountBtn' are matched.

2022-06-21 14:17:07 - [TEST_STEP][PASSED] - tap(findTestObject("Send Request Money/requestMoneyNotesSelect"), 0): Tapped on element 'Object Repository/Send Request Money/requestMoneyNotesSelect'

2022-06-21 14:17:07 - [MESSAGE][WARNING] - Timeout '0' is invalid. Using default page load timeout: '40'

2022-06-21 14:17:08 - [MESSAGE][PASSED] - Tapped on element 'Object Repository/Send Request Money/requestMoneyNotesSelect'

2022-06-21 14:17:08 - [TEST_STEP][PASSED] - setText(findTestObject("Send Request Money/requestMoneyNotesSelect"), "Send Request Test", 0): Text 'Send Request Test' has been set to element 'Object Repository/Send Request Money/requestMoneyNotesSelect'

2022-06-21 14:17:08 - [MESSAGE][WARNING] - Timeout '0' is invalid. Using default page load timeout: '40'

2022-06-21 14:17:10 - [MESSAGE][PASSED] - Text 'Send Request Test' has been set to element 'Object Repository/Send Request Money/requestMoneyNotesSelect'

2022-06-21 14:17:10 - [TEST_STEP][PASSED] - delay(3): Delayed 3 second(s)

2022-06-21 14:17:13 - [MESSAGE][PASSED] - Delayed 3 second(s)

2022-06-21 14:17:13 - [TEST_STEP][PASSED] - hideKeyboard(): Keyboard is hidden

2022-06-21 14:17:15 - [MESSAGE][PASSED] - Keyboard is hidden

2022-06-21 14:17:15 - [TEST_STEP][PASSED] - tap(findTestObject("Send Request Money/requestMoneyConfirmationSendRequestBtn"), 0): Tapped on element 'Object Repository/Send Request Money/requestMoneyConfirmationSendRequestBtn'

2022-06-21 14:17:15 - [MESSAGE][WARNING] - Timeout '0' is invalid. Using default page load timeout: '40'

2022-06-21 14:17:15 - [MESSAGE][PASSED] - Tapped on element 'Object Repository/Send Request Money/requestMoneyConfirmationSendRequestBtn'

2022-06-21 14:17:15 - [TEST_STEP][PASSED] - delay(5): Delayed 5 second(s)

2022-06-21 14:17:20 - [MESSAGE][PASSED] - Delayed 5 second(s)

2022-06-21 14:17:20 - [TEST_STEP][PASSED] - verifyElementText(findTestObject("Send Request Money/requestMoneySummaryNameTxt", ["contactName":contactName]), contactName): Actual text and expected text of test object 'Object Repository/Send Request Money/requestMoneySummaryNameTxt' are matched.

2022-06-21 14:17:20 - [MESSAGE][PASSED] - Actual text and expected text of test object 'Object Repository/Send Request Money/requestMoneySummaryNameTxt' are matched.

2022-06-21 14:17:20 - [TEST_STEP][PASSED] - verifyElementText(findTestObject("Send Request Money/requestMoneySummarySuccessMessageTxt"), "Request successful"): Actual text and expected text of test object 'Object Repository/Send Request Money/requestMoneySummarySuccessMessageTxt' are matched.

2022-06-21 14:17:20 - [MESSAGE][PASSED] - Actual text and expected text of test object 'Object Repository/Send Request Money/requestMoneySummarySuccessMessageTxt' are matched.

2022-06-21 14:17:20 - [TEST_STEP][PASSED] - verifyElementText(findTestObject("Send Request Money/requestMoneySummaryAmountTxt"), "RM 0.04"): Actual text and expected text of test object 'Object Repository/Send Request Money/requestMoneySummaryAmountTxt' are matched.

2022-06-21 14:17:21 - [MESSAGE][PASSED] - Actual text and expected text of test object 'Object Repository/Send Request Money/requestMoneySummaryAmountTxt' are matched.

2022-06-21 14:17:21 - [TEST_STEP][PASSED] - verifyElementVisible(findTestObject("Send Request Money/requestMoneySummaryDoneBtn"), 10): Element 'Object Repository/Send Request Money/requestMoneySummaryDoneBtn' is visible

2022-06-21 14:17:21 - [MESSAGE][PASSED] - Element 'Object Repository/Send Request Money/requestMoneySummaryDoneBtn' is visible

2022-06-21 14:17:21 - [TEST_STEP][PASSED] - takeScreenshot("/Users/a00139272/Desktop/Screenshot/requestMoney.png"): Screenshot is taken

2022-06-21 14:17:21 - [MESSAGE][PASSED] - Screenshot is taken
[[ATTACHMENT|/Users/a00139272/Desktop/Screenshot/requestMoney.png]]

2022-06-21 14:17:21 - [TEST_STEP][PASSED] - tap(findTestObject("Send Request Money/requestMoneySummaryDoneBtn"), 0): Tapped on element 'Object Repository/Send Request Money/requestMoneySummaryDoneBtn'

2022-06-21 14:17:21 - [MESSAGE][WARNING] - Timeout '0' is invalid. Using default page load timeout: '40'

2022-06-21 14:17:21 - [MESSAGE][PASSED] - Tapped on element 'Object Repository/Send Request Money/requestMoneySummaryDoneBtn']]></system-out>
         <system-err><![CDATA[]]></system-err>
      </testcase>
      <testcase name="Test Cases/Send Request Money/requestMoney_cancelRequest" time="112.365" classname="Test Cases/Send Request Money/requestMoney_cancelRequest" status="FAILED">
         <failure type="FAILED" message="Test Cases/Send Request Money/requestMoney_cancelRequest FAILED.
Reason:
com.kms.katalon.core.exception.StepFailedException: Actual text 'Icrpptwo' and expected text 'icrpp' of test object 'Object Repository/Send Request Money/requestMoneyDetailsNameTxt' are NOT matched.
	at com.kms.katalon.core.keyword.internal.KeywordMain.stepFailed(KeywordMain.groovy:39)
	at com.kms.katalon.core.mobile.keyword.internal.MobileKeywordMain.stepFailed(MobileKeywordMain.groovy:40)
	at com.kms.katalon.core.mobile.keyword.builtin.VerifyElementTextKeyword$_verifyElementText_closure1.doCall(VerifyElementTextKeyword.groovy:56)
	at com.kms.katalon.core.mobile.keyword.builtin.VerifyElementTextKeyword$_verifyElementText_closure1.call(VerifyElementTextKeyword.groovy)
	at com.kms.katalon.core.mobile.keyword.internal.MobileKeywordMain.runKeyword(MobileKeywordMain.groovy:21)
	at com.kms.katalon.core.mobile.keyword.builtin.VerifyElementTextKeyword.verifyElementText(VerifyElementTextKeyword.groovy:62)
	at com.kms.katalon.core.mobile.keyword.builtin.VerifyElementTextKeyword.execute(VerifyElementTextKeyword.groovy:39)
	at com.kms.katalon.core.keyword.internal.KeywordExecutor.executeKeywordForPlatform(KeywordExecutor.groovy:74)
	at com.kms.katalon.core.mobile.keyword.MobileBuiltInKeywords.verifyElementText(MobileBuiltInKeywords.groovy:2901)
	at com.kms.katalon.core.mobile.keyword.MobileBuiltInKeywords$verifyElementText$12.call(Unknown Source)
	at requestMoney_cancelRequest.run(requestMoney_cancelRequest:67)
	at com.kms.katalon.core.main.ScriptEngine.run(ScriptEngine.java:194)
	at com.kms.katalon.core.main.ScriptEngine.runScriptAsRawText(ScriptEngine.java:119)
	at com.kms.katalon.core.main.TestCaseExecutor.runScript(TestCaseExecutor.java:445)
	at com.kms.katalon.core.main.TestCaseExecutor.doExecute(TestCaseExecutor.java:436)
	at com.kms.katalon.core.main.TestCaseExecutor.processExecutionPhase(TestCaseExecutor.java:415)
	at com.kms.katalon.core.main.TestCaseExecutor.accessMainPhase(TestCaseExecutor.java:407)
	at com.kms.katalon.core.main.TestCaseExecutor.execute(TestCaseExecutor.java:284)
	at com.kms.katalon.core.common.CommonExecutor.accessTestCaseMainPhase(CommonExecutor.java:65)
	at com.kms.katalon.core.main.TestSuiteExecutor.accessTestSuiteMainPhase(TestSuiteExecutor.java:144)
	at com.kms.katalon.core.main.TestSuiteExecutor.execute(TestSuiteExecutor.java:106)
	at com.kms.katalon.core.main.TestCaseMain.startTestSuite(TestCaseMain.java:185)
	at com.kms.katalon.core.main.TestCaseMain$startTestSuite$0.call(Unknown Source)
	at TempTestSuite1655790904660.run(TempTestSuite1655790904660.groovy:36)
"/>
         <system-out><![CDATA[2022-06-21 14:17:21 - [TEST_CASE][FAILED] - Test Cases/Send Request Money/requestMoney_cancelRequest: Test Cases/Send Request Money/requestMoney_cancelRequest FAILED.
Reason:
com.kms.katalon.core.exception.StepFailedException: Actual text 'Icrpptwo' and expected text 'icrpp' of test object 'Object Repository/Send Request Money/requestMoneyDetailsNameTxt' are NOT matched.
	at com.kms.katalon.core.keyword.internal.KeywordMain.stepFailed(KeywordMain.groovy:39)
	at com.kms.katalon.core.mobile.keyword.internal.MobileKeywordMain.stepFailed(MobileKeywordMain.groovy:40)
	at com.kms.katalon.core.mobile.keyword.builtin.VerifyElementTextKeyword$_verifyElementText_closure1.doCall(VerifyElementTextKeyword.groovy:56)
	at com.kms.katalon.core.mobile.keyword.builtin.VerifyElementTextKeyword$_verifyElementText_closure1.call(VerifyElementTextKeyword.groovy)
	at com.kms.katalon.core.mobile.keyword.internal.MobileKeywordMain.runKeyword(MobileKeywordMain.groovy:21)
	at com.kms.katalon.core.mobile.keyword.builtin.VerifyElementTextKeyword.verifyElementText(VerifyElementTextKeyword.groovy:62)
	at com.kms.katalon.core.mobile.keyword.builtin.VerifyElementTextKeyword.execute(VerifyElementTextKeyword.groovy:39)
	at com.kms.katalon.core.keyword.internal.KeywordExecutor.executeKeywordForPlatform(KeywordExecutor.groovy:74)
	at com.kms.katalon.core.mobile.keyword.MobileBuiltInKeywords.verifyElementText(MobileBuiltInKeywords.groovy:2901)
	at com.kms.katalon.core.mobile.keyword.MobileBuiltInKeywords$verifyElementText$12.call(Unknown Source)
	at requestMoney_cancelRequest.run(requestMoney_cancelRequest:67)
	at com.kms.katalon.core.main.ScriptEngine.run(ScriptEngine.java:194)
	at com.kms.katalon.core.main.ScriptEngine.runScriptAsRawText(ScriptEngine.java:119)
	at com.kms.katalon.core.main.TestCaseExecutor.runScript(TestCaseExecutor.java:445)
	at com.kms.katalon.core.main.TestCaseExecutor.doExecute(TestCaseExecutor.java:436)
	at com.kms.katalon.core.main.TestCaseExecutor.processExecutionPhase(TestCaseExecutor.java:415)
	at com.kms.katalon.core.main.TestCaseExecutor.accessMainPhase(TestCaseExecutor.java:407)
	at com.kms.katalon.core.main.TestCaseExecutor.execute(TestCaseExecutor.java:284)
	at com.kms.katalon.core.common.CommonExecutor.accessTestCaseMainPhase(CommonExecutor.java:65)
	at com.kms.katalon.core.main.TestSuiteExecutor.accessTestSuiteMainPhase(TestSuiteExecutor.java:144)
	at com.kms.katalon.core.main.TestSuiteExecutor.execute(TestSuiteExecutor.java:106)
	at com.kms.katalon.core.main.TestCaseMain.startTestSuite(TestCaseMain.java:185)
	at com.kms.katalon.core.main.TestCaseMain$startTestSuite$0.call(Unknown Source)
	at TempTestSuite1655790904660.run(TempTestSuite1655790904660.groovy:36)


2022-06-21 14:17:22 - [TEST_STEP][PASSED] - delay(3): Delayed 3 second(s)

2022-06-21 14:17:25 - [MESSAGE][PASSED] - Delayed 3 second(s)

2022-06-21 14:17:25 - [TEST_STEP][PASSED] - delay(3): Delayed 3 second(s)

2022-06-21 14:17:28 - [MESSAGE][PASSED] - Delayed 3 second(s)

2022-06-21 14:17:28 - [TEST_STEP][PASSED] - tap(findTestObject("Send Request Money/requestMoneyListStatusTxt"), 0): Tapped on element 'Object Repository/Send Request Money/requestMoneyListStatusTxt'

2022-06-21 14:17:28 - [MESSAGE][WARNING] - Timeout '0' is invalid. Using default page load timeout: '40'

2022-06-21 14:18:19 - [MESSAGE][PASSED] - Tapped on element 'Object Repository/Send Request Money/requestMoneyListStatusTxt'

2022-06-21 14:18:19 - [TEST_STEP][PASSED] - delay(3): Delayed 3 second(s)

2022-06-21 14:18:22 - [MESSAGE][PASSED] - Delayed 3 second(s)

2022-06-21 14:18:22 - [TEST_STEP][FAILED] - verifyElementText(findTestObject("Send Request Money/requestMoneyDetailsNameTxt"), "icrpp"): Actual text 'Icrpptwo' and expected text 'icrpp' of test object 'Object Repository/Send Request Money/requestMoneyDetailsNameTxt' are NOT matched.

2022-06-21 14:18:22 - [MESSAGE][FAILED] - Actual text 'Icrpptwo' and expected text 'icrpp' of test object 'Object Repository/Send Request Money/requestMoneyDetailsNameTxt' are NOT matched.

2022-06-21 14:18:22 - [TEST_STEP][PASSED] - verifyElementText(findTestObject("Send Request Money/requestMoneyDetailsAmountTxt"), "RM 0.04"): Actual text and expected text of test object 'Object Repository/Send Request Money/requestMoneyDetailsAmountTxt' are matched.

2022-06-21 14:18:23 - [MESSAGE][PASSED] - Actual text and expected text of test object 'Object Repository/Send Request Money/requestMoneyDetailsAmountTxt' are matched.

2022-06-21 14:18:23 - [TEST_STEP][PASSED] - verifyElementText(findTestObject("Send Request Money/requestMoneyDetailsNotesTxt"), "Send Request Test"): Actual text and expected text of test object 'Object Repository/Send Request Money/requestMoneyDetailsNotesTxt' are matched.

2022-06-21 14:18:23 - [MESSAGE][PASSED] - Actual text and expected text of test object 'Object Repository/Send Request Money/requestMoneyDetailsNotesTxt' are matched.

2022-06-21 14:18:23 - [TEST_STEP][PASSED] - tap(findTestObject("Send Request Money/requestMoneyDetailsThreeDotsBtn"), 0): Tapped on element 'Object Repository/Send Request Money/requestMoneyDetailsThreeDotsBtn'

2022-06-21 14:18:23 - [MESSAGE][WARNING] - Timeout '0' is invalid. Using default page load timeout: '40'

2022-06-21 14:18:23 - [MESSAGE][PASSED] - Tapped on element 'Object Repository/Send Request Money/requestMoneyDetailsThreeDotsBtn'

2022-06-21 14:18:23 - [TEST_STEP][PASSED] - tap(findTestObject("Send Request Money/requestMoneyThreeDotsCancelRequestBtn"), 0): Tapped on element 'Object Repository/Send Request Money/requestMoneyThreeDotsCancelRequestBtn'

2022-06-21 14:18:23 - [MESSAGE][WARNING] - Timeout '0' is invalid. Using default page load timeout: '40'

2022-06-21 14:18:24 - [MESSAGE][PASSED] - Tapped on element 'Object Repository/Send Request Money/requestMoneyThreeDotsCancelRequestBtn'

2022-06-21 14:18:24 - [TEST_STEP][PASSED] - delay(3): Delayed 3 second(s)

2022-06-21 14:18:27 - [MESSAGE][PASSED] - Delayed 3 second(s)

2022-06-21 14:18:27 - [TEST_STEP][PASSED] - verifyElementNotVisible(findTestObject("Send Request Money/requestMoneyListStatusTxt"), 0): Element 'Object Repository/Send Request Money/requestMoneyListStatusTxt' not found

2022-06-21 14:18:27 - [MESSAGE][WARNING] - Timeout '0' is invalid. Using default page load timeout: '40'

2022-06-21 14:19:13 - [MESSAGE][PASSED] - Element 'Object Repository/Send Request Money/requestMoneyListStatusTxt' not found

2022-06-21 14:19:13 - [TEST_STEP][PASSED] - takeScreenshot("/Users/a00139272/Desktop/Screenshot/cancelRequest.png"): Screenshot is taken

2022-06-21 14:19:14 - [MESSAGE][PASSED] - Screenshot is taken
[[ATTACHMENT|/Users/a00139272/Desktop/Screenshot/cancelRequest.png]]]]></system-out>
         <system-err><![CDATA[2022-06-21 14:17:21 - [TEST_CASE][FAILED] - Test Cases/Send Request Money/requestMoney_cancelRequest: Test Cases/Send Request Money/requestMoney_cancelRequest FAILED.
Reason:
com.kms.katalon.core.exception.StepFailedException: Actual text 'Icrpptwo' and expected text 'icrpp' of test object 'Object Repository/Send Request Money/requestMoneyDetailsNameTxt' are NOT matched.
	at com.kms.katalon.core.keyword.internal.KeywordMain.stepFailed(KeywordMain.groovy:39)
	at com.kms.katalon.core.mobile.keyword.internal.MobileKeywordMain.stepFailed(MobileKeywordMain.groovy:40)
	at com.kms.katalon.core.mobile.keyword.builtin.VerifyElementTextKeyword$_verifyElementText_closure1.doCall(VerifyElementTextKeyword.groovy:56)
	at com.kms.katalon.core.mobile.keyword.builtin.VerifyElementTextKeyword$_verifyElementText_closure1.call(VerifyElementTextKeyword.groovy)
	at com.kms.katalon.core.mobile.keyword.internal.MobileKeywordMain.runKeyword(MobileKeywordMain.groovy:21)
	at com.kms.katalon.core.mobile.keyword.builtin.VerifyElementTextKeyword.verifyElementText(VerifyElementTextKeyword.groovy:62)
	at com.kms.katalon.core.mobile.keyword.builtin.VerifyElementTextKeyword.execute(VerifyElementTextKeyword.groovy:39)
	at com.kms.katalon.core.keyword.internal.KeywordExecutor.executeKeywordForPlatform(KeywordExecutor.groovy:74)
	at com.kms.katalon.core.mobile.keyword.MobileBuiltInKeywords.verifyElementText(MobileBuiltInKeywords.groovy:2901)
	at com.kms.katalon.core.mobile.keyword.MobileBuiltInKeywords$verifyElementText$12.call(Unknown Source)
	at requestMoney_cancelRequest.run(requestMoney_cancelRequest:67)
	at com.kms.katalon.core.main.ScriptEngine.run(ScriptEngine.java:194)
	at com.kms.katalon.core.main.ScriptEngine.runScriptAsRawText(ScriptEngine.java:119)
	at com.kms.katalon.core.main.TestCaseExecutor.runScript(TestCaseExecutor.java:445)
	at com.kms.katalon.core.main.TestCaseExecutor.doExecute(TestCaseExecutor.java:436)
	at com.kms.katalon.core.main.TestCaseExecutor.processExecutionPhase(TestCaseExecutor.java:415)
	at com.kms.katalon.core.main.TestCaseExecutor.accessMainPhase(TestCaseExecutor.java:407)
	at com.kms.katalon.core.main.TestCaseExecutor.execute(TestCaseExecutor.java:284)
	at com.kms.katalon.core.common.CommonExecutor.accessTestCaseMainPhase(CommonExecutor.java:65)
	at com.kms.katalon.core.main.TestSuiteExecutor.accessTestSuiteMainPhase(TestSuiteExecutor.java:144)
	at com.kms.katalon.core.main.TestSuiteExecutor.execute(TestSuiteExecutor.java:106)
	at com.kms.katalon.core.main.TestCaseMain.startTestSuite(TestCaseMain.java:185)
	at com.kms.katalon.core.main.TestCaseMain$startTestSuite$0.call(Unknown Source)
	at TempTestSuite1655790904660.run(TempTestSuite1655790904660.groovy:36)]]></system-err>
      </testcase>
      <testcase name="Test Cases/Send Request Money/requestMoney" time="521.838" classname="Test Cases/Send Request Money/requestMoney" status="FAILED">
         <failure type="FAILED" message="Test Cases/Send Request Money/requestMoney FAILED.
Reason:
com.kms.katalon.core.exception.StepFailedException: Actual text 'You're requesting
money from' and expected text 'Request successful' of test object 'Object Repository/Send Request Money/requestMoneySummarySuccessMessageTxt' are NOT matched.
	at com.kms.katalon.core.keyword.internal.KeywordMain.stepFailed(KeywordMain.groovy:39)
	at com.kms.katalon.core.mobile.keyword.internal.MobileKeywordMain.stepFailed(MobileKeywordMain.groovy:40)
	at com.kms.katalon.core.mobile.keyword.builtin.VerifyElementTextKeyword$_verifyElementText_closure1.doCall(VerifyElementTextKeyword.groovy:56)
	at com.kms.katalon.core.mobile.keyword.builtin.VerifyElementTextKeyword$_verifyElementText_closure1.call(VerifyElementTextKeyword.groovy)
	at com.kms.katalon.core.mobile.keyword.internal.MobileKeywordMain.runKeyword(MobileKeywordMain.groovy:21)
	at com.kms.katalon.core.mobile.keyword.builtin.VerifyElementTextKeyword.verifyElementText(VerifyElementTextKeyword.groovy:62)
	at com.kms.katalon.core.mobile.keyword.builtin.VerifyElementTextKeyword.execute(VerifyElementTextKeyword.groovy:39)
	at com.kms.katalon.core.keyword.internal.KeywordExecutor.executeKeywordForPlatform(KeywordExecutor.groovy:74)
	at com.kms.katalon.core.mobile.keyword.MobileBuiltInKeywords.verifyElementText(MobileBuiltInKeywords.groovy:2901)
	at com.kms.katalon.core.mobile.keyword.MobileBuiltInKeywords$verifyElementText$12.call(Unknown Source)
	at requestMoney.run(requestMoney:131)
	at com.kms.katalon.core.main.ScriptEngine.run(ScriptEngine.java:194)
	at com.kms.katalon.core.main.ScriptEngine.runScriptAsRawText(ScriptEngine.java:119)
	at com.kms.katalon.core.main.TestCaseExecutor.runScript(TestCaseExecutor.java:445)
	at com.kms.katalon.core.main.TestCaseExecutor.doExecute(TestCaseExecutor.java:436)
	at com.kms.katalon.core.main.TestCaseExecutor.processExecutionPhase(TestCaseExecutor.java:415)
	at com.kms.katalon.core.main.TestCaseExecutor.accessMainPhase(TestCaseExecutor.java:407)
	at com.kms.katalon.core.main.TestCaseExecutor.execute(TestCaseExecutor.java:284)
	at com.kms.katalon.core.common.CommonExecutor.accessTestCaseMainPhase(CommonExecutor.java:65)
	at com.kms.katalon.core.main.TestSuiteExecutor.accessTestSuiteMainPhase(TestSuiteExecutor.java:144)
	at com.kms.katalon.core.main.TestSuiteExecutor.execute(TestSuiteExecutor.java:106)
	at com.kms.katalon.core.main.TestCaseMain.startTestSuite(TestCaseMain.java:185)
	at com.kms.katalon.core.main.TestCaseMain$startTestSuite$0.call(Unknown Source)
	at TempTestSuite1655790904660.run(TempTestSuite1655790904660.groovy:36)
"/>
         <system-out><![CDATA[2022-06-21 14:19:14 - [TEST_CASE][FAILED] - Test Cases/Send Request Money/requestMoney: Test Cases/Send Request Money/requestMoney FAILED.
Reason:
com.kms.katalon.core.exception.StepFailedException: Actual text 'You're requesting
money from' and expected text 'Request successful' of test object 'Object Repository/Send Request Money/requestMoneySummarySuccessMessageTxt' are NOT matched.
	at com.kms.katalon.core.keyword.internal.KeywordMain.stepFailed(KeywordMain.groovy:39)
	at com.kms.katalon.core.mobile.keyword.internal.MobileKeywordMain.stepFailed(MobileKeywordMain.groovy:40)
	at com.kms.katalon.core.mobile.keyword.builtin.VerifyElementTextKeyword$_verifyElementText_closure1.doCall(VerifyElementTextKeyword.groovy:56)
	at com.kms.katalon.core.mobile.keyword.builtin.VerifyElementTextKeyword$_verifyElementText_closure1.call(VerifyElementTextKeyword.groovy)
	at com.kms.katalon.core.mobile.keyword.internal.MobileKeywordMain.runKeyword(MobileKeywordMain.groovy:21)
	at com.kms.katalon.core.mobile.keyword.builtin.VerifyElementTextKeyword.verifyElementText(VerifyElementTextKeyword.groovy:62)
	at com.kms.katalon.core.mobile.keyword.builtin.VerifyElementTextKeyword.execute(VerifyElementTextKeyword.groovy:39)
	at com.kms.katalon.core.keyword.internal.KeywordExecutor.executeKeywordForPlatform(KeywordExecutor.groovy:74)
	at com.kms.katalon.core.mobile.keyword.MobileBuiltInKeywords.verifyElementText(MobileBuiltInKeywords.groovy:2901)
	at com.kms.katalon.core.mobile.keyword.MobileBuiltInKeywords$verifyElementText$12.call(Unknown Source)
	at requestMoney.run(requestMoney:131)
	at com.kms.katalon.core.main.ScriptEngine.run(ScriptEngine.java:194)
	at com.kms.katalon.core.main.ScriptEngine.runScriptAsRawText(ScriptEngine.java:119)
	at com.kms.katalon.core.main.TestCaseExecutor.runScript(TestCaseExecutor.java:445)
	at com.kms.katalon.core.main.TestCaseExecutor.doExecute(TestCaseExecutor.java:436)
	at com.kms.katalon.core.main.TestCaseExecutor.processExecutionPhase(TestCaseExecutor.java:415)
	at com.kms.katalon.core.main.TestCaseExecutor.accessMainPhase(TestCaseExecutor.java:407)
	at com.kms.katalon.core.main.TestCaseExecutor.execute(TestCaseExecutor.java:284)
	at com.kms.katalon.core.common.CommonExecutor.accessTestCaseMainPhase(CommonExecutor.java:65)
	at com.kms.katalon.core.main.TestSuiteExecutor.accessTestSuiteMainPhase(TestSuiteExecutor.java:144)
	at com.kms.katalon.core.main.TestSuiteExecutor.execute(TestSuiteExecutor.java:106)
	at com.kms.katalon.core.main.TestCaseMain.startTestSuite(TestCaseMain.java:185)
	at com.kms.katalon.core.main.TestCaseMain$startTestSuite$0.call(Unknown Source)
	at TempTestSuite1655790904660.run(TempTestSuite1655790904660.groovy:36)


2022-06-21 14:19:14 - [TEST_STEP][PASSED] - device_Height = getDeviceHeight(): Current device physical height is 2167

2022-06-21 14:19:14 - [MESSAGE][PASSED] - Current device physical height is 2167

2022-06-21 14:19:14 - [TEST_STEP][PASSED] - device_Width = getDeviceWidth(): Current device physical width is 1080

2022-06-21 14:19:14 - [MESSAGE][PASSED] - Current device physical width is 1080

2022-06-21 14:19:14 - [TEST_STEP][PASSED] - startX = device_Width / 3: null

2022-06-21 14:19:14 - [TEST_STEP][PASSED] - startY = device_Height * 0.97: null

2022-06-21 14:19:14 - [TEST_STEP][PASSED] - verifyElementVisible(findTestObject("Send Request Money/requestMoneyIconSelect"), 10): Element 'Object Repository/Send Request Money/requestMoneyIconSelect' is visible

2022-06-21 14:20:05 - [MESSAGE][PASSED] - Element 'Object Repository/Send Request Money/requestMoneyIconSelect' is visible

2022-06-21 14:20:05 - [TEST_STEP][PASSED] - tap(findTestObject("Send Request Money/requestMoneyIconSelect"), 0): Tapped on element 'Object Repository/Send Request Money/requestMoneyIconSelect'

2022-06-21 14:20:05 - [MESSAGE][WARNING] - Timeout '0' is invalid. Using default page load timeout: '40'

2022-06-21 14:21:05 - [MESSAGE][PASSED] - Tapped on element 'Object Repository/Send Request Money/requestMoneyIconSelect'

2022-06-21 14:21:05 - [TEST_STEP][PASSED] - delay(5): Delayed 5 second(s)

2022-06-21 14:21:10 - [MESSAGE][PASSED] - Delayed 5 second(s)

2022-06-21 14:21:10 - [TEST_STEP][PASSED] - verifyElementVisible(findTestObject("Send Request Money/sendRequestContactSearchIconSelect"), 10): Element 'Object Repository/Send Request Money/sendRequestContactSearchIconSelect' is visible

2022-06-21 14:22:01 - [MESSAGE][PASSED] - Element 'Object Repository/Send Request Money/sendRequestContactSearchIconSelect' is visible

2022-06-21 14:22:01 - [TEST_STEP][PASSED] - tap(findTestObject("Send Request Money/sendRequestContactSearchIconSelect"), 0): Tapped on element 'Object Repository/Send Request Money/sendRequestContactSearchIconSelect'

2022-06-21 14:22:01 - [MESSAGE][WARNING] - Timeout '0' is invalid. Using default page load timeout: '40'

2022-06-21 14:23:01 - [MESSAGE][PASSED] - Tapped on element 'Object Repository/Send Request Money/sendRequestContactSearchIconSelect'

2022-06-21 14:23:01 - [TEST_STEP][PASSED] - delay(3): Delayed 3 second(s)

2022-06-21 14:23:04 - [MESSAGE][PASSED] - Delayed 3 second(s)

2022-06-21 14:23:04 - [TEST_STEP][PASSED] - setText(findTestObject("Send Request Money/requestMoneyContactInputField"), contactName, 0): Text 'Fazatul PNS' has been set to element 'Object Repository/Send Request Money/requestMoneyContactInputField'

2022-06-21 14:23:04 - [MESSAGE][WARNING] - Timeout '0' is invalid. Using default page load timeout: '40'

2022-06-21 14:24:35 - [MESSAGE][PASSED] - Text 'Fazatul PNS' has been set to element 'Object Repository/Send Request Money/requestMoneyContactInputField'

2022-06-21 14:24:35 - [TEST_STEP][PASSED] - delay(3): Delayed 3 second(s)

2022-06-21 14:24:38 - [MESSAGE][PASSED] - Delayed 3 second(s)

2022-06-21 14:24:38 - [TEST_STEP][PASSED] - hideKeyboard(): Keyboard is hidden

2022-06-21 14:24:39 - [MESSAGE][PASSED] - Keyboard is hidden

2022-06-21 14:24:39 - [TEST_STEP][PASSED] - delay(3): Delayed 3 second(s)

2022-06-21 14:24:42 - [MESSAGE][PASSED] - Delayed 3 second(s)

2022-06-21 14:24:42 - [TEST_STEP][PASSED] - verifyElementVisible(findTestObject("Send Request Money/requestMoneyContactSelect", ["contactName":contactName]), 0): Element 'Object Repository/Send Request Money/requestMoneyContactSelect' is visible

2022-06-21 14:24:42 - [MESSAGE][WARNING] - Timeout '0' is invalid. Using default page load timeout: '40'

2022-06-21 14:25:33 - [MESSAGE][PASSED] - Element 'Object Repository/Send Request Money/requestMoneyContactSelect' is visible

2022-06-21 14:25:33 - [TEST_STEP][PASSED] - tap(findTestObject("Send Request Money/requestMoneyContactSelect", ["contactName":contactName]), 0): Tapped on element 'Object Repository/Send Request Money/requestMoneyContactSelect'

2022-06-21 14:25:33 - [MESSAGE][WARNING] - Timeout '0' is invalid. Using default page load timeout: '40'

2022-06-21 14:26:33 - [MESSAGE][PASSED] - Tapped on element 'Object Repository/Send Request Money/requestMoneyContactSelect'

2022-06-21 14:26:33 - [TEST_STEP][PASSED] - tap(findTestObject("Send Request Money/requestMoneyContactSelect", ["contactName":contactName]), 0): Tapped on element 'Object Repository/Send Request Money/requestMoneyContactSelect'

2022-06-21 14:26:34 - [MESSAGE][WARNING] - Timeout '0' is invalid. Using default page load timeout: '40'

2022-06-21 14:27:25 - [MESSAGE][PASSED] - Tapped on element 'Object Repository/Send Request Money/requestMoneyContactSelect'

2022-06-21 14:27:25 - [TEST_STEP][PASSED] - delay(5): Delayed 5 second(s)

2022-06-21 14:27:30 - [MESSAGE][PASSED] - Delayed 5 second(s)

2022-06-21 14:27:30 - [TEST_STEP][PASSED] - tap(findTestObject("Login Onboarding/PIN4"), 0): Tapped on element 'Object Repository/Login Onboarding/PIN4'

2022-06-21 14:27:30 - [MESSAGE][WARNING] - Timeout '0' is invalid. Using default page load timeout: '40'

2022-06-21 14:27:30 - [MESSAGE][PASSED] - Tapped on element 'Object Repository/Login Onboarding/PIN4'

2022-06-21 14:27:30 - [TEST_STEP][PASSED] - delay(3): Delayed 3 second(s)

2022-06-21 14:27:33 - [MESSAGE][PASSED] - Delayed 3 second(s)

2022-06-21 14:27:33 - [TEST_STEP][PASSED] - tap(findTestObject("Main/mainAmountTickBtn"), 0): Tapped on element 'Object Repository/Main/mainAmountTickBtn'

2022-06-21 14:27:33 - [MESSAGE][WARNING] - Timeout '0' is invalid. Using default page load timeout: '40'

2022-06-21 14:27:34 - [MESSAGE][PASSED] - Tapped on element 'Object Repository/Main/mainAmountTickBtn'

2022-06-21 14:27:34 - [TEST_STEP][PASSED] - delay(3): Delayed 3 second(s)

2022-06-21 14:27:37 - [MESSAGE][PASSED] - Delayed 3 second(s)

2022-06-21 14:27:37 - [TEST_STEP][PASSED] - verifyElementText(findTestObject("Send Request Money/requestMoneyConfirmationContactNameTxt", ["contactName":contactName]), contactName): Actual text and expected text of test object 'Object Repository/Send Request Money/requestMoneyConfirmationContactNameTxt' are matched.

2022-06-21 14:27:37 - [MESSAGE][PASSED] - Actual text and expected text of test object 'Object Repository/Send Request Money/requestMoneyConfirmationContactNameTxt' are matched.

2022-06-21 14:27:37 - [TEST_STEP][PASSED] - verifyElementText(findTestObject("Send Request Money/requestMoneyConfirmationAmountBtn"), "RM 0.04"): Actual text and expected text of test object 'Object Repository/Send Request Money/requestMoneyConfirmationAmountBtn' are matched.

2022-06-21 14:27:37 - [MESSAGE][PASSED] - Actual text and expected text of test object 'Object Repository/Send Request Money/requestMoneyConfirmationAmountBtn' are matched.

2022-06-21 14:27:37 - [TEST_STEP][PASSED] - tap(findTestObject("Send Request Money/requestMoneyNotesSelect"), 0): Tapped on element 'Object Repository/Send Request Money/requestMoneyNotesSelect'

2022-06-21 14:27:37 - [MESSAGE][WARNING] - Timeout '0' is invalid. Using default page load timeout: '40'

2022-06-21 14:27:37 - [MESSAGE][PASSED] - Tapped on element 'Object Repository/Send Request Money/requestMoneyNotesSelect'

2022-06-21 14:27:37 - [TEST_STEP][PASSED] - setText(findTestObject("Send Request Money/requestMoneyNotesSelect"), "Send Request Test", 0): Text 'Send Request Test' has been set to element 'Object Repository/Send Request Money/requestMoneyNotesSelect'

2022-06-21 14:27:37 - [MESSAGE][WARNING] - Timeout '0' is invalid. Using default page load timeout: '40'

2022-06-21 14:27:40 - [MESSAGE][PASSED] - Text 'Send Request Test' has been set to element 'Object Repository/Send Request Money/requestMoneyNotesSelect'

2022-06-21 14:27:40 - [TEST_STEP][PASSED] - delay(3): Delayed 3 second(s)

2022-06-21 14:27:43 - [MESSAGE][PASSED] - Delayed 3 second(s)

2022-06-21 14:27:43 - [TEST_STEP][PASSED] - hideKeyboard(): Keyboard is hidden

2022-06-21 14:27:45 - [MESSAGE][PASSED] - Keyboard is hidden

2022-06-21 14:27:45 - [TEST_STEP][PASSED] - tap(findTestObject("Send Request Money/requestMoneyConfirmationSendRequestBtn"), 0): Tapped on element 'Object Repository/Send Request Money/requestMoneyConfirmationSendRequestBtn'

2022-06-21 14:27:45 - [MESSAGE][WARNING] - Timeout '0' is invalid. Using default page load timeout: '40'

2022-06-21 14:27:45 - [MESSAGE][PASSED] - Tapped on element 'Object Repository/Send Request Money/requestMoneyConfirmationSendRequestBtn'

2022-06-21 14:27:45 - [TEST_STEP][PASSED] - delay(5): Delayed 5 second(s)

2022-06-21 14:27:50 - [MESSAGE][PASSED] - Delayed 5 second(s)

2022-06-21 14:27:50 - [TEST_STEP][PASSED] - verifyElementText(findTestObject("Send Request Money/requestMoneySummaryNameTxt", ["contactName":contactName]), contactName): Actual text and expected text of test object 'Object Repository/Send Request Money/requestMoneySummaryNameTxt' are matched.

2022-06-21 14:27:51 - [MESSAGE][PASSED] - Actual text and expected text of test object 'Object Repository/Send Request Money/requestMoneySummaryNameTxt' are matched.

2022-06-21 14:27:51 - [TEST_STEP][FAILED] - verifyElementText(findTestObject("Send Request Money/requestMoneySummarySuccessMessageTxt"), "Request successful"): Actual text 'You're requesting
money from' and expected text 'Request successful' of test object 'Object Repository/Send Request Money/requestMoneySummarySuccessMessageTxt' are NOT matched.

2022-06-21 14:27:51 - [MESSAGE][FAILED] - Actual text 'You're requesting
money from' and expected text 'Request successful' of test object 'Object Repository/Send Request Money/requestMoneySummarySuccessMessageTxt' are NOT matched.

2022-06-21 14:27:51 - [TEST_STEP][PASSED] - verifyElementText(findTestObject("Send Request Money/requestMoneySummaryAmountTxt"), "RM 0.04"): Actual text and expected text of test object 'Object Repository/Send Request Money/requestMoneySummaryAmountTxt' are matched.

2022-06-21 14:27:54 - [MESSAGE][PASSED] - Actual text and expected text of test object 'Object Repository/Send Request Money/requestMoneySummaryAmountTxt' are matched.

2022-06-21 14:27:54 - [TEST_STEP][PASSED] - verifyElementVisible(findTestObject("Send Request Money/requestMoneySummaryDoneBtn"), 10): Element 'Object Repository/Send Request Money/requestMoneySummaryDoneBtn' is visible

2022-06-21 14:27:55 - [MESSAGE][PASSED] - Element 'Object Repository/Send Request Money/requestMoneySummaryDoneBtn' is visible

2022-06-21 14:27:55 - [TEST_STEP][PASSED] - takeScreenshot("/Users/a00139272/Desktop/Screenshot/requestMoney.png"): Screenshot is taken

2022-06-21 14:27:56 - [MESSAGE][PASSED] - Screenshot is taken
[[ATTACHMENT|/Users/a00139272/Desktop/Screenshot/requestMoney.png]]

2022-06-21 14:27:56 - [TEST_STEP][PASSED] - tap(findTestObject("Send Request Money/requestMoneySummaryDoneBtn"), 0): Tapped on element 'Object Repository/Send Request Money/requestMoneySummaryDoneBtn'

2022-06-21 14:27:56 - [MESSAGE][WARNING] - Timeout '0' is invalid. Using default page load timeout: '40'

2022-06-21 14:27:56 - [MESSAGE][PASSED] - Tapped on element 'Object Repository/Send Request Money/requestMoneySummaryDoneBtn']]></system-out>
         <system-err><![CDATA[2022-06-21 14:19:14 - [TEST_CASE][FAILED] - Test Cases/Send Request Money/requestMoney: Test Cases/Send Request Money/requestMoney FAILED.
Reason:
com.kms.katalon.core.exception.StepFailedException: Actual text 'You're requesting
money from' and expected text 'Request successful' of test object 'Object Repository/Send Request Money/requestMoneySummarySuccessMessageTxt' are NOT matched.
	at com.kms.katalon.core.keyword.internal.KeywordMain.stepFailed(KeywordMain.groovy:39)
	at com.kms.katalon.core.mobile.keyword.internal.MobileKeywordMain.stepFailed(MobileKeywordMain.groovy:40)
	at com.kms.katalon.core.mobile.keyword.builtin.VerifyElementTextKeyword$_verifyElementText_closure1.doCall(VerifyElementTextKeyword.groovy:56)
	at com.kms.katalon.core.mobile.keyword.builtin.VerifyElementTextKeyword$_verifyElementText_closure1.call(VerifyElementTextKeyword.groovy)
	at com.kms.katalon.core.mobile.keyword.internal.MobileKeywordMain.runKeyword(MobileKeywordMain.groovy:21)
	at com.kms.katalon.core.mobile.keyword.builtin.VerifyElementTextKeyword.verifyElementText(VerifyElementTextKeyword.groovy:62)
	at com.kms.katalon.core.mobile.keyword.builtin.VerifyElementTextKeyword.execute(VerifyElementTextKeyword.groovy:39)
	at com.kms.katalon.core.keyword.internal.KeywordExecutor.executeKeywordForPlatform(KeywordExecutor.groovy:74)
	at com.kms.katalon.core.mobile.keyword.MobileBuiltInKeywords.verifyElementText(MobileBuiltInKeywords.groovy:2901)
	at com.kms.katalon.core.mobile.keyword.MobileBuiltInKeywords$verifyElementText$12.call(Unknown Source)
	at requestMoney.run(requestMoney:131)
	at com.kms.katalon.core.main.ScriptEngine.run(ScriptEngine.java:194)
	at com.kms.katalon.core.main.ScriptEngine.runScriptAsRawText(ScriptEngine.java:119)
	at com.kms.katalon.core.main.TestCaseExecutor.runScript(TestCaseExecutor.java:445)
	at com.kms.katalon.core.main.TestCaseExecutor.doExecute(TestCaseExecutor.java:436)
	at com.kms.katalon.core.main.TestCaseExecutor.processExecutionPhase(TestCaseExecutor.java:415)
	at com.kms.katalon.core.main.TestCaseExecutor.accessMainPhase(TestCaseExecutor.java:407)
	at com.kms.katalon.core.main.TestCaseExecutor.execute(TestCaseExecutor.java:284)
	at com.kms.katalon.core.common.CommonExecutor.accessTestCaseMainPhase(CommonExecutor.java:65)
	at com.kms.katalon.core.main.TestSuiteExecutor.accessTestSuiteMainPhase(TestSuiteExecutor.java:144)
	at com.kms.katalon.core.main.TestSuiteExecutor.execute(TestSuiteExecutor.java:106)
	at com.kms.katalon.core.main.TestCaseMain.startTestSuite(TestCaseMain.java:185)
	at com.kms.katalon.core.main.TestCaseMain$startTestSuite$0.call(Unknown Source)
	at TempTestSuite1655790904660.run(TempTestSuite1655790904660.groovy:36)]]></system-err>
      </testcase>
      <testcase name="Test Cases/Send Request Money/requestMoney_markAsPaid" time="178.673" classname="Test Cases/Send Request Money/requestMoney_markAsPaid" status="FAILED">
         <failure type="FAILED" message="Test Cases/Send Request Money/requestMoney_markAsPaid FAILED.
Reason:
com.kms.katalon.core.exception.StepFailedException: Actual text 'Icrpptwo' and expected text 'icrpptwo' of test object 'Object Repository/Send Request Money/requestMoneyDetailsNameTxt' are NOT matched.
	at com.kms.katalon.core.keyword.internal.KeywordMain.stepFailed(KeywordMain.groovy:39)
	at com.kms.katalon.core.mobile.keyword.internal.MobileKeywordMain.stepFailed(MobileKeywordMain.groovy:40)
	at com.kms.katalon.core.mobile.keyword.builtin.VerifyElementTextKeyword$_verifyElementText_closure1.doCall(VerifyElementTextKeyword.groovy:56)
	at com.kms.katalon.core.mobile.keyword.builtin.VerifyElementTextKeyword$_verifyElementText_closure1.call(VerifyElementTextKeyword.groovy)
	at com.kms.katalon.core.mobile.keyword.internal.MobileKeywordMain.runKeyword(MobileKeywordMain.groovy:21)
	at com.kms.katalon.core.mobile.keyword.builtin.VerifyElementTextKeyword.verifyElementText(VerifyElementTextKeyword.groovy:62)
	at com.kms.katalon.core.mobile.keyword.builtin.VerifyElementTextKeyword.execute(VerifyElementTextKeyword.groovy:39)
	at com.kms.katalon.core.keyword.internal.KeywordExecutor.executeKeywordForPlatform(KeywordExecutor.groovy:74)
	at com.kms.katalon.core.mobile.keyword.MobileBuiltInKeywords.verifyElementText(MobileBuiltInKeywords.groovy:2901)
	at com.kms.katalon.core.mobile.keyword.MobileBuiltInKeywords$verifyElementText$12.call(Unknown Source)
	at requestMoney_markAsPaid.run(requestMoney_markAsPaid:67)
	at com.kms.katalon.core.main.ScriptEngine.run(ScriptEngine.java:194)
	at com.kms.katalon.core.main.ScriptEngine.runScriptAsRawText(ScriptEngine.java:119)
	at com.kms.katalon.core.main.TestCaseExecutor.runScript(TestCaseExecutor.java:445)
	at com.kms.katalon.core.main.TestCaseExecutor.doExecute(TestCaseExecutor.java:436)
	at com.kms.katalon.core.main.TestCaseExecutor.processExecutionPhase(TestCaseExecutor.java:415)
	at com.kms.katalon.core.main.TestCaseExecutor.accessMainPhase(TestCaseExecutor.java:407)
	at com.kms.katalon.core.main.TestCaseExecutor.execute(TestCaseExecutor.java:284)
	at com.kms.katalon.core.common.CommonExecutor.accessTestCaseMainPhase(CommonExecutor.java:65)
	at com.kms.katalon.core.main.TestSuiteExecutor.accessTestSuiteMainPhase(TestSuiteExecutor.java:144)
	at com.kms.katalon.core.main.TestSuiteExecutor.execute(TestSuiteExecutor.java:106)
	at com.kms.katalon.core.main.TestCaseMain.startTestSuite(TestCaseMain.java:185)
	at com.kms.katalon.core.main.TestCaseMain$startTestSuite$0.call(Unknown Source)
	at TempTestSuite1655790904660.run(TempTestSuite1655790904660.groovy:36)
"/>
         <system-out><![CDATA[2022-06-21 14:27:56 - [TEST_CASE][FAILED] - Test Cases/Send Request Money/requestMoney_markAsPaid: Test Cases/Send Request Money/requestMoney_markAsPaid FAILED.
Reason:
com.kms.katalon.core.exception.StepFailedException: Actual text 'Icrpptwo' and expected text 'icrpptwo' of test object 'Object Repository/Send Request Money/requestMoneyDetailsNameTxt' are NOT matched.
	at com.kms.katalon.core.keyword.internal.KeywordMain.stepFailed(KeywordMain.groovy:39)
	at com.kms.katalon.core.mobile.keyword.internal.MobileKeywordMain.stepFailed(MobileKeywordMain.groovy:40)
	at com.kms.katalon.core.mobile.keyword.builtin.VerifyElementTextKeyword$_verifyElementText_closure1.doCall(VerifyElementTextKeyword.groovy:56)
	at com.kms.katalon.core.mobile.keyword.builtin.VerifyElementTextKeyword$_verifyElementText_closure1.call(VerifyElementTextKeyword.groovy)
	at com.kms.katalon.core.mobile.keyword.internal.MobileKeywordMain.runKeyword(MobileKeywordMain.groovy:21)
	at com.kms.katalon.core.mobile.keyword.builtin.VerifyElementTextKeyword.verifyElementText(VerifyElementTextKeyword.groovy:62)
	at com.kms.katalon.core.mobile.keyword.builtin.VerifyElementTextKeyword.execute(VerifyElementTextKeyword.groovy:39)
	at com.kms.katalon.core.keyword.internal.KeywordExecutor.executeKeywordForPlatform(KeywordExecutor.groovy:74)
	at com.kms.katalon.core.mobile.keyword.MobileBuiltInKeywords.verifyElementText(MobileBuiltInKeywords.groovy:2901)
	at com.kms.katalon.core.mobile.keyword.MobileBuiltInKeywords$verifyElementText$12.call(Unknown Source)
	at requestMoney_markAsPaid.run(requestMoney_markAsPaid:67)
	at com.kms.katalon.core.main.ScriptEngine.run(ScriptEngine.java:194)
	at com.kms.katalon.core.main.ScriptEngine.runScriptAsRawText(ScriptEngine.java:119)
	at com.kms.katalon.core.main.TestCaseExecutor.runScript(TestCaseExecutor.java:445)
	at com.kms.katalon.core.main.TestCaseExecutor.doExecute(TestCaseExecutor.java:436)
	at com.kms.katalon.core.main.TestCaseExecutor.processExecutionPhase(TestCaseExecutor.java:415)
	at com.kms.katalon.core.main.TestCaseExecutor.accessMainPhase(TestCaseExecutor.java:407)
	at com.kms.katalon.core.main.TestCaseExecutor.execute(TestCaseExecutor.java:284)
	at com.kms.katalon.core.common.CommonExecutor.accessTestCaseMainPhase(CommonExecutor.java:65)
	at com.kms.katalon.core.main.TestSuiteExecutor.accessTestSuiteMainPhase(TestSuiteExecutor.java:144)
	at com.kms.katalon.core.main.TestSuiteExecutor.execute(TestSuiteExecutor.java:106)
	at com.kms.katalon.core.main.TestCaseMain.startTestSuite(TestCaseMain.java:185)
	at com.kms.katalon.core.main.TestCaseMain$startTestSuite$0.call(Unknown Source)
	at TempTestSuite1655790904660.run(TempTestSuite1655790904660.groovy:36)


2022-06-21 14:27:56 - [TEST_STEP][PASSED] - delay(5): Delayed 5 second(s)

2022-06-21 14:28:01 - [MESSAGE][PASSED] - Delayed 5 second(s)

2022-06-21 14:28:01 - [TEST_STEP][PASSED] - tap(findTestObject("Send Request Money/requestMoneyListStatusTxt"), 0): Tapped on element 'Object Repository/Send Request Money/requestMoneyListStatusTxt'

2022-06-21 14:28:01 - [MESSAGE][WARNING] - Timeout '0' is invalid. Using default page load timeout: '40'

2022-06-21 14:28:52 - [MESSAGE][PASSED] - Tapped on element 'Object Repository/Send Request Money/requestMoneyListStatusTxt'

2022-06-21 14:28:52 - [TEST_STEP][PASSED] - delay(3): Delayed 3 second(s)

2022-06-21 14:28:55 - [MESSAGE][PASSED] - Delayed 3 second(s)

2022-06-21 14:28:55 - [TEST_STEP][FAILED] - verifyElementText(findTestObject("Send Request Money/requestMoneyDetailsNameTxt"), "icrpptwo"): Actual text 'Icrpptwo' and expected text 'icrpptwo' of test object 'Object Repository/Send Request Money/requestMoneyDetailsNameTxt' are NOT matched.

2022-06-21 14:28:56 - [MESSAGE][FAILED] - Actual text 'Icrpptwo' and expected text 'icrpptwo' of test object 'Object Repository/Send Request Money/requestMoneyDetailsNameTxt' are NOT matched.

2022-06-21 14:28:56 - [TEST_STEP][PASSED] - verifyElementText(findTestObject("Send Request Money/requestMoneyDetailsAmountTxt"), "RM 0.04"): Actual text and expected text of test object 'Object Repository/Send Request Money/requestMoneyDetailsAmountTxt' are matched.

2022-06-21 14:28:56 - [MESSAGE][PASSED] - Actual text and expected text of test object 'Object Repository/Send Request Money/requestMoneyDetailsAmountTxt' are matched.

2022-06-21 14:28:56 - [TEST_STEP][PASSED] - verifyElementText(findTestObject("Send Request Money/requestMoneyDetailsNotesTxt"), "Send Request Test"): Actual text and expected text of test object 'Object Repository/Send Request Money/requestMoneyDetailsNotesTxt' are matched.

2022-06-21 14:28:56 - [MESSAGE][PASSED] - Actual text and expected text of test object 'Object Repository/Send Request Money/requestMoneyDetailsNotesTxt' are matched.

2022-06-21 14:28:56 - [TEST_STEP][PASSED] - tap(findTestObject("Send Request Money/requestMoneyDetailsThreeDotsBtn"), 0): Tapped on element 'Object Repository/Send Request Money/requestMoneyDetailsThreeDotsBtn'

2022-06-21 14:28:56 - [MESSAGE][WARNING] - Timeout '0' is invalid. Using default page load timeout: '40'

2022-06-21 14:28:56 - [MESSAGE][PASSED] - Tapped on element 'Object Repository/Send Request Money/requestMoneyDetailsThreeDotsBtn'

2022-06-21 14:28:56 - [TEST_STEP][PASSED] - tap(findTestObject("Send Request Money/requestMoneyThreeDotsMarksPaidBtn"), 0): Tapped on element 'Object Repository/Send Request Money/requestMoneyThreeDotsMarksPaidBtn'

2022-06-21 14:28:56 - [MESSAGE][WARNING] - Timeout '0' is invalid. Using default page load timeout: '40'

2022-06-21 14:28:57 - [MESSAGE][PASSED] - Tapped on element 'Object Repository/Send Request Money/requestMoneyThreeDotsMarksPaidBtn'

2022-06-21 14:28:57 - [TEST_STEP][PASSED] - delay(3): Delayed 3 second(s)

2022-06-21 14:29:00 - [MESSAGE][PASSED] - Delayed 3 second(s)

2022-06-21 14:29:00 - [TEST_STEP][PASSED] - takeScreenshot("/Users/a00139272/Desktop/Screenshot/markAsPaidRequestMoney.png"): Screenshot is taken

2022-06-21 14:29:01 - [MESSAGE][PASSED] - Screenshot is taken
[[ATTACHMENT|/Users/a00139272/Desktop/Screenshot/markAsPaidRequestMoney.png]]

2022-06-21 14:29:01 - [TEST_STEP][PASSED] - verifyElementNotVisible(findTestObject("Send Request Money/requestMoneyListStatusTxt"), 0): Element 'Object Repository/Send Request Money/requestMoneyListStatusTxt' not found

2022-06-21 14:29:01 - [MESSAGE][WARNING] - Timeout '0' is invalid. Using default page load timeout: '40'

2022-06-21 14:29:42 - [MESSAGE][PASSED] - Element 'Object Repository/Send Request Money/requestMoneyListStatusTxt' not found

2022-06-21 14:29:42 - [TEST_STEP][PASSED] - delay(10): Delayed 10 second(s)

2022-06-21 14:29:52 - [MESSAGE][PASSED] - Delayed 10 second(s)

2022-06-21 14:29:52 - [TEST_STEP][PASSED] - tap(findTestObject("Main/mainTopLeftBackButton"), 0): Tapped on element 'Object Repository/Main/mainTopLeftBackButton'

2022-06-21 14:29:52 - [MESSAGE][WARNING] - Timeout '0' is invalid. Using default page load timeout: '40'

2022-06-21 14:30:43 - [MESSAGE][PASSED] - Tapped on element 'Object Repository/Main/mainTopLeftBackButton'

2022-06-21 14:30:43 - [TEST_STEP][PASSED] - tap(findTestObject("Main/mainTopLeftBackButton"), 0): Tapped on element 'Object Repository/Main/mainTopLeftBackButton'

2022-06-21 14:30:43 - [MESSAGE][WARNING] - Timeout '0' is invalid. Using default page load timeout: '40'

2022-06-21 14:30:43 - [MESSAGE][PASSED] - Tapped on element 'Object Repository/Main/mainTopLeftBackButton'

2022-06-21 14:30:43 - [TEST_STEP][PASSED] - delay(5): Delayed 5 second(s)

2022-06-21 14:30:48 - [MESSAGE][PASSED] - Delayed 5 second(s)

2022-06-21 14:30:48 - [TEST_STEP][PASSED] - tap(findTestObject("Main/mainTopLeftBackButton"), 0): Tapped on element 'Object Repository/Main/mainTopLeftBackButton'

2022-06-21 14:30:48 - [MESSAGE][WARNING] - Timeout '0' is invalid. Using default page load timeout: '40'

2022-06-21 14:30:49 - [MESSAGE][PASSED] - Tapped on element 'Object Repository/Main/mainTopLeftBackButton'

2022-06-21 14:30:49 - [TEST_STEP][PASSED] - delay(5): Delayed 5 second(s)

2022-06-21 14:30:54 - [MESSAGE][PASSED] - Delayed 5 second(s)]]></system-out>
         <system-err><![CDATA[2022-06-21 14:27:56 - [TEST_CASE][FAILED] - Test Cases/Send Request Money/requestMoney_markAsPaid: Test Cases/Send Request Money/requestMoney_markAsPaid FAILED.
Reason:
com.kms.katalon.core.exception.StepFailedException: Actual text 'Icrpptwo' and expected text 'icrpptwo' of test object 'Object Repository/Send Request Money/requestMoneyDetailsNameTxt' are NOT matched.
	at com.kms.katalon.core.keyword.internal.KeywordMain.stepFailed(KeywordMain.groovy:39)
	at com.kms.katalon.core.mobile.keyword.internal.MobileKeywordMain.stepFailed(MobileKeywordMain.groovy:40)
	at com.kms.katalon.core.mobile.keyword.builtin.VerifyElementTextKeyword$_verifyElementText_closure1.doCall(VerifyElementTextKeyword.groovy:56)
	at com.kms.katalon.core.mobile.keyword.builtin.VerifyElementTextKeyword$_verifyElementText_closure1.call(VerifyElementTextKeyword.groovy)
	at com.kms.katalon.core.mobile.keyword.internal.MobileKeywordMain.runKeyword(MobileKeywordMain.groovy:21)
	at com.kms.katalon.core.mobile.keyword.builtin.VerifyElementTextKeyword.verifyElementText(VerifyElementTextKeyword.groovy:62)
	at com.kms.katalon.core.mobile.keyword.builtin.VerifyElementTextKeyword.execute(VerifyElementTextKeyword.groovy:39)
	at com.kms.katalon.core.keyword.internal.KeywordExecutor.executeKeywordForPlatform(KeywordExecutor.groovy:74)
	at com.kms.katalon.core.mobile.keyword.MobileBuiltInKeywords.verifyElementText(MobileBuiltInKeywords.groovy:2901)
	at com.kms.katalon.core.mobile.keyword.MobileBuiltInKeywords$verifyElementText$12.call(Unknown Source)
	at requestMoney_markAsPaid.run(requestMoney_markAsPaid:67)
	at com.kms.katalon.core.main.ScriptEngine.run(ScriptEngine.java:194)
	at com.kms.katalon.core.main.ScriptEngine.runScriptAsRawText(ScriptEngine.java:119)
	at com.kms.katalon.core.main.TestCaseExecutor.runScript(TestCaseExecutor.java:445)
	at com.kms.katalon.core.main.TestCaseExecutor.doExecute(TestCaseExecutor.java:436)
	at com.kms.katalon.core.main.TestCaseExecutor.processExecutionPhase(TestCaseExecutor.java:415)
	at com.kms.katalon.core.main.TestCaseExecutor.accessMainPhase(TestCaseExecutor.java:407)
	at com.kms.katalon.core.main.TestCaseExecutor.execute(TestCaseExecutor.java:284)
	at com.kms.katalon.core.common.CommonExecutor.accessTestCaseMainPhase(CommonExecutor.java:65)
	at com.kms.katalon.core.main.TestSuiteExecutor.accessTestSuiteMainPhase(TestSuiteExecutor.java:144)
	at com.kms.katalon.core.main.TestSuiteExecutor.execute(TestSuiteExecutor.java:106)
	at com.kms.katalon.core.main.TestCaseMain.startTestSuite(TestCaseMain.java:185)
	at com.kms.katalon.core.main.TestCaseMain$startTestSuite$0.call(Unknown Source)
	at TempTestSuite1655790904660.run(TempTestSuite1655790904660.groovy:36)]]></system-err>
      </testcase>
      <testcase name="Test Cases/Split Bill/splitBill_createSplitBillComplete" time="108.043" classname="Test Cases/Split Bill/splitBill_createSplitBillComplete" status="FAILED">
         <failure type="FAILED" message="Test Cases/Split Bill/splitBill_createSplitBillComplete FAILED.
Reason:
com.kms.katalon.core.exception.StepFailedException: Actual text 'Split bill failed' and expected text 'Split bill created' of test object 'Object Repository/Main/mainTransactionStatusMessageTxt' are NOT matched.
	at com.kms.katalon.core.keyword.internal.KeywordMain.stepFailed(KeywordMain.groovy:39)
	at com.kms.katalon.core.mobile.keyword.internal.MobileKeywordMain.stepFailed(MobileKeywordMain.groovy:40)
	at com.kms.katalon.core.mobile.keyword.builtin.VerifyElementTextKeyword$_verifyElementText_closure1.doCall(VerifyElementTextKeyword.groovy:56)
	at com.kms.katalon.core.mobile.keyword.builtin.VerifyElementTextKeyword$_verifyElementText_closure1.call(VerifyElementTextKeyword.groovy)
	at com.kms.katalon.core.mobile.keyword.internal.MobileKeywordMain.runKeyword(MobileKeywordMain.groovy:21)
	at com.kms.katalon.core.mobile.keyword.builtin.VerifyElementTextKeyword.verifyElementText(VerifyElementTextKeyword.groovy:62)
	at com.kms.katalon.core.mobile.keyword.builtin.VerifyElementTextKeyword.execute(VerifyElementTextKeyword.groovy:39)
	at com.kms.katalon.core.keyword.internal.KeywordExecutor.executeKeywordForPlatform(KeywordExecutor.groovy:74)
	at com.kms.katalon.core.mobile.keyword.MobileBuiltInKeywords.verifyElementText(MobileBuiltInKeywords.groovy:2901)
	at com.kms.katalon.core.mobile.keyword.MobileBuiltInKeywords$verifyElementText$12.call(Unknown Source)
	at splitBill_createSplitBillComplete.run(splitBill_createSplitBillComplete:158)
	at com.kms.katalon.core.main.ScriptEngine.run(ScriptEngine.java:194)
	at com.kms.katalon.core.main.ScriptEngine.runScriptAsRawText(ScriptEngine.java:119)
	at com.kms.katalon.core.main.TestCaseExecutor.runScript(TestCaseExecutor.java:445)
	at com.kms.katalon.core.main.TestCaseExecutor.doExecute(TestCaseExecutor.java:436)
	at com.kms.katalon.core.main.TestCaseExecutor.processExecutionPhase(TestCaseExecutor.java:415)
	at com.kms.katalon.core.main.TestCaseExecutor.accessMainPhase(TestCaseExecutor.java:407)
	at com.kms.katalon.core.main.TestCaseExecutor.execute(TestCaseExecutor.java:284)
	at com.kms.katalon.core.common.CommonExecutor.accessTestCaseMainPhase(CommonExecutor.java:65)
	at com.kms.katalon.core.main.TestSuiteExecutor.accessTestSuiteMainPhase(TestSuiteExecutor.java:144)
	at com.kms.katalon.core.main.TestSuiteExecutor.execute(TestSuiteExecutor.java:106)
	at com.kms.katalon.core.main.TestCaseMain.startTestSuite(TestCaseMain.java:185)
	at com.kms.katalon.core.main.TestCaseMain$startTestSuite$0.call(Unknown Source)
	at TempTestSuite1655790904660.run(TempTestSuite1655790904660.groovy:36)
"/>
         <system-out><![CDATA[2022-06-21 14:30:54 - [TEST_CASE][FAILED] - Test Cases/Split Bill/splitBill_createSplitBillComplete: Test Cases/Split Bill/splitBill_createSplitBillComplete FAILED.
Reason:
com.kms.katalon.core.exception.StepFailedException: Actual text 'Split bill failed' and expected text 'Split bill created' of test object 'Object Repository/Main/mainTransactionStatusMessageTxt' are NOT matched.
	at com.kms.katalon.core.keyword.internal.KeywordMain.stepFailed(KeywordMain.groovy:39)
	at com.kms.katalon.core.mobile.keyword.internal.MobileKeywordMain.stepFailed(MobileKeywordMain.groovy:40)
	at com.kms.katalon.core.mobile.keyword.builtin.VerifyElementTextKeyword$_verifyElementText_closure1.doCall(VerifyElementTextKeyword.groovy:56)
	at com.kms.katalon.core.mobile.keyword.builtin.VerifyElementTextKeyword$_verifyElementText_closure1.call(VerifyElementTextKeyword.groovy)
	at com.kms.katalon.core.mobile.keyword.internal.MobileKeywordMain.runKeyword(MobileKeywordMain.groovy:21)
	at com.kms.katalon.core.mobile.keyword.builtin.VerifyElementTextKeyword.verifyElementText(VerifyElementTextKeyword.groovy:62)
	at com.kms.katalon.core.mobile.keyword.builtin.VerifyElementTextKeyword.execute(VerifyElementTextKeyword.groovy:39)
	at com.kms.katalon.core.keyword.internal.KeywordExecutor.executeKeywordForPlatform(KeywordExecutor.groovy:74)
	at com.kms.katalon.core.mobile.keyword.MobileBuiltInKeywords.verifyElementText(MobileBuiltInKeywords.groovy:2901)
	at com.kms.katalon.core.mobile.keyword.MobileBuiltInKeywords$verifyElementText$12.call(Unknown Source)
	at splitBill_createSplitBillComplete.run(splitBill_createSplitBillComplete:158)
	at com.kms.katalon.core.main.ScriptEngine.run(ScriptEngine.java:194)
	at com.kms.katalon.core.main.ScriptEngine.runScriptAsRawText(ScriptEngine.java:119)
	at com.kms.katalon.core.main.TestCaseExecutor.runScript(TestCaseExecutor.java:445)
	at com.kms.katalon.core.main.TestCaseExecutor.doExecute(TestCaseExecutor.java:436)
	at com.kms.katalon.core.main.TestCaseExecutor.processExecutionPhase(TestCaseExecutor.java:415)
	at com.kms.katalon.core.main.TestCaseExecutor.accessMainPhase(TestCaseExecutor.java:407)
	at com.kms.katalon.core.main.TestCaseExecutor.execute(TestCaseExecutor.java:284)
	at com.kms.katalon.core.common.CommonExecutor.accessTestCaseMainPhase(CommonExecutor.java:65)
	at com.kms.katalon.core.main.TestSuiteExecutor.accessTestSuiteMainPhase(TestSuiteExecutor.java:144)
	at com.kms.katalon.core.main.TestSuiteExecutor.execute(TestSuiteExecutor.java:106)
	at com.kms.katalon.core.main.TestCaseMain.startTestSuite(TestCaseMain.java:185)
	at com.kms.katalon.core.main.TestCaseMain$startTestSuite$0.call(Unknown Source)
	at TempTestSuite1655790904660.run(TempTestSuite1655790904660.groovy:36)


2022-06-21 14:30:55 - [TEST_STEP][FAILED] - try: null

2022-06-21 14:30:55 - [TEST_STEP][PASSED] - delay(5): Delayed 5 second(s)

2022-06-21 14:31:00 - [MESSAGE][PASSED] - Delayed 5 second(s)

2022-06-21 14:31:00 - [TEST_STEP][PASSED] - tap(findTestObject("Banking/m2uAccountSplitBillIconSelect"), 0): Tapped on element 'Object Repository/Banking/m2uAccountSplitBillIconSelect'

2022-06-21 14:31:00 - [MESSAGE][WARNING] - Timeout '0' is invalid. Using default page load timeout: '40'

2022-06-21 14:31:00 - [MESSAGE][PASSED] - Tapped on element 'Object Repository/Banking/m2uAccountSplitBillIconSelect'

2022-06-21 14:31:00 - [TEST_STEP][PASSED] - tap(findTestObject("SplitBill/splitBillListSplitaBillBtn"), 0): Tapped on element 'Object Repository/SplitBill/splitBillListSplitaBillBtn'

2022-06-21 14:31:00 - [MESSAGE][WARNING] - Timeout '0' is invalid. Using default page load timeout: '40'

2022-06-21 14:31:02 - [MESSAGE][PASSED] - Tapped on element 'Object Repository/SplitBill/splitBillListSplitaBillBtn'

2022-06-21 14:31:02 - [TEST_STEP][PASSED] - setText(findTestObject("SplitBill/splitBillCreateBillNameInputField"), billName, 0): Text 'Lunch' has been set to element 'Object Repository/SplitBill/splitBillCreateBillNameInputField'

2022-06-21 14:31:02 - [MESSAGE][WARNING] - Timeout '0' is invalid. Using default page load timeout: '40'

2022-06-21 14:31:05 - [MESSAGE][PASSED] - Text 'Lunch' has been set to element 'Object Repository/SplitBill/splitBillCreateBillNameInputField'

2022-06-21 14:31:05 - [TEST_STEP][PASSED] - setText(findTestObject("SplitBill/splitBillCreateNotesInputField"), "bill", 0): Text 'bill' has been set to element 'Object Repository/SplitBill/splitBillCreateNotesInputField'

2022-06-21 14:31:05 - [MESSAGE][WARNING] - Timeout '0' is invalid. Using default page load timeout: '40'

2022-06-21 14:31:07 - [MESSAGE][PASSED] - Text 'bill' has been set to element 'Object Repository/SplitBill/splitBillCreateNotesInputField'

2022-06-21 14:31:07 - [TEST_STEP][PASSED] - hideKeyboard(): Keyboard is hidden

2022-06-21 14:31:09 - [MESSAGE][PASSED] - Keyboard is hidden

2022-06-21 14:31:09 - [TEST_STEP][PASSED] - delay(2): Delayed 2 second(s)

2022-06-21 14:31:11 - [MESSAGE][PASSED] - Delayed 2 second(s)

2022-06-21 14:31:11 - [TEST_STEP][PASSED] - tap(findTestObject("SplitBill/splitBillCreateEvenlyRadioBtn"), 10): Tapped on element 'Object Repository/SplitBill/splitBillCreateEvenlyRadioBtn'

2022-06-21 14:31:11 - [MESSAGE][PASSED] - Tapped on element 'Object Repository/SplitBill/splitBillCreateEvenlyRadioBtn'

2022-06-21 14:31:11 - [TEST_STEP][PASSED] - tap(findTestObject("SplitBill/splitBillCreateEvenlyRadioBtn"), 10): Tapped on element 'Object Repository/SplitBill/splitBillCreateEvenlyRadioBtn'

2022-06-21 14:31:12 - [MESSAGE][PASSED] - Tapped on element 'Object Repository/SplitBill/splitBillCreateEvenlyRadioBtn'

2022-06-21 14:31:12 - [TEST_STEP][PASSED] - delay(2): Delayed 2 second(s)

2022-06-21 14:31:14 - [MESSAGE][PASSED] - Delayed 2 second(s)

2022-06-21 14:31:14 - [TEST_STEP][PASSED] - tap(findTestObject("SplitBill/splitBillCreateContinueBtn"), 0): Tapped on element 'Object Repository/SplitBill/splitBillCreateContinueBtn'

2022-06-21 14:31:14 - [MESSAGE][WARNING] - Timeout '0' is invalid. Using default page load timeout: '40'

2022-06-21 14:31:14 - [MESSAGE][PASSED] - Tapped on element 'Object Repository/SplitBill/splitBillCreateContinueBtn'

2022-06-21 14:31:14 - [TEST_STEP][PASSED] - tap(findTestObject("Login Onboarding/PIN1"), 0): Tapped on element 'Object Repository/Login Onboarding/PIN1'

2022-06-21 14:31:14 - [MESSAGE][WARNING] - Timeout '0' is invalid. Using default page load timeout: '40'

2022-06-21 14:31:16 - [MESSAGE][PASSED] - Tapped on element 'Object Repository/Login Onboarding/PIN1'

2022-06-21 14:31:16 - [TEST_STEP][PASSED] - delay(3): Delayed 3 second(s)

2022-06-21 14:31:19 - [MESSAGE][PASSED] - Delayed 3 second(s)

2022-06-21 14:31:19 - [TEST_STEP][PASSED] - tap(findTestObject("Login Onboarding/PIN0"), 0): Tapped on element 'Object Repository/Login Onboarding/PIN0'

2022-06-21 14:31:19 - [MESSAGE][WARNING] - Timeout '0' is invalid. Using default page load timeout: '40'

2022-06-21 14:31:19 - [MESSAGE][PASSED] - Tapped on element 'Object Repository/Login Onboarding/PIN0'

2022-06-21 14:31:19 - [TEST_STEP][PASSED] - delay(3): Delayed 3 second(s)

2022-06-21 14:31:22 - [MESSAGE][PASSED] - Delayed 3 second(s)

2022-06-21 14:31:22 - [TEST_STEP][PASSED] - tap(findTestObject("Login Onboarding/PIN0"), 0): Tapped on element 'Object Repository/Login Onboarding/PIN0'

2022-06-21 14:31:22 - [MESSAGE][WARNING] - Timeout '0' is invalid. Using default page load timeout: '40'

2022-06-21 14:31:22 - [MESSAGE][PASSED] - Tapped on element 'Object Repository/Login Onboarding/PIN0'

2022-06-21 14:31:22 - [TEST_STEP][PASSED] - delay(3): Delayed 3 second(s)

2022-06-21 14:31:25 - [MESSAGE][PASSED] - Delayed 3 second(s)

2022-06-21 14:31:25 - [TEST_STEP][PASSED] - tap(findTestObject("SplitBill/splitBillAmountTickBtn"), 0): Tapped on element 'Object Repository/SplitBill/splitBillAmountTickBtn'

2022-06-21 14:31:25 - [MESSAGE][WARNING] - Timeout '0' is invalid. Using default page load timeout: '40'

2022-06-21 14:31:25 - [MESSAGE][PASSED] - Tapped on element 'Object Repository/SplitBill/splitBillAmountTickBtn'

2022-06-21 14:31:25 - [TEST_STEP][PASSED] - delay(3): Delayed 3 second(s)

2022-06-21 14:31:28 - [MESSAGE][PASSED] - Delayed 3 second(s)

2022-06-21 14:31:28 - [TEST_STEP][PASSED] - delay(5): Delayed 5 second(s)

2022-06-21 14:31:33 - [MESSAGE][PASSED] - Delayed 5 second(s)

2022-06-21 14:31:33 - [TEST_STEP][PASSED] - waitForElementPresent(findTestObject("SplitBill/splitBillCreateSearchIconBtn"), 10): Element 'Object Repository/SplitBill/splitBillCreateSearchIconBtn' is present

2022-06-21 14:31:33 - [MESSAGE][PASSED] - Element 'Object Repository/SplitBill/splitBillCreateSearchIconBtn' is present

2022-06-21 14:31:33 - [TEST_STEP][PASSED] - tap(findTestObject("SplitBill/splitBillCreateSearchIconBtn"), 0): Tapped on element 'Object Repository/SplitBill/splitBillCreateSearchIconBtn'

2022-06-21 14:31:34 - [MESSAGE][WARNING] - Timeout '0' is invalid. Using default page load timeout: '40'

2022-06-21 14:31:34 - [MESSAGE][PASSED] - Tapped on element 'Object Repository/SplitBill/splitBillCreateSearchIconBtn'

2022-06-21 14:31:34 - [TEST_STEP][PASSED] - delay(5): Delayed 5 second(s)

2022-06-21 14:31:39 - [MESSAGE][PASSED] - Delayed 5 second(s)

2022-06-21 14:31:39 - [TEST_STEP][PASSED] - setText(findTestObject("SplitBill/splitBillCreateContactSearchtInputField"), contactName, 0): Text 'Fazatul PNS' has been set to element 'Object Repository/SplitBill/splitBillCreateContactSearchtInputField'

2022-06-21 14:31:39 - [MESSAGE][WARNING] - Timeout '0' is invalid. Using default page load timeout: '40'

2022-06-21 14:31:45 - [MESSAGE][PASSED] - Text 'Fazatul PNS' has been set to element 'Object Repository/SplitBill/splitBillCreateContactSearchtInputField'

2022-06-21 14:31:45 - [TEST_STEP][PASSED] - delay(3): Delayed 3 second(s)

2022-06-21 14:31:48 - [MESSAGE][PASSED] - Delayed 3 second(s)

2022-06-21 14:31:48 - [TEST_STEP][PASSED] - hideKeyboard(): Keyboard is hidden

2022-06-21 14:31:50 - [MESSAGE][PASSED] - Keyboard is hidden

2022-06-21 14:31:50 - [TEST_STEP][PASSED] - tap(findTestObject("SplitBill/splitBillCreateContactSelect"), 0): Tapped on element 'Object Repository/SplitBill/splitBillCreateContactSelect'

2022-06-21 14:31:50 - [MESSAGE][WARNING] - Timeout '0' is invalid. Using default page load timeout: '40'

2022-06-21 14:31:50 - [MESSAGE][PASSED] - Tapped on element 'Object Repository/SplitBill/splitBillCreateContactSelect'

2022-06-21 14:31:50 - [TEST_STEP][PASSED] - tap(findTestObject("SplitBill/splitBillCreateContactSelect"), 0): Tapped on element 'Object Repository/SplitBill/splitBillCreateContactSelect'

2022-06-21 14:31:50 - [MESSAGE][WARNING] - Timeout '0' is invalid. Using default page load timeout: '40'

2022-06-21 14:31:50 - [MESSAGE][PASSED] - Tapped on element 'Object Repository/SplitBill/splitBillCreateContactSelect'

2022-06-21 14:31:50 - [TEST_STEP][PASSED] - delay(3): Delayed 3 second(s)

2022-06-21 14:31:53 - [MESSAGE][PASSED] - Delayed 3 second(s)

2022-06-21 14:31:53 - [TEST_STEP][PASSED] - tap(findTestObject("SplitBill/splitBillCreateDoneBtn"), 0): Tapped on element 'Object Repository/SplitBill/splitBillCreateDoneBtn'

2022-06-21 14:31:54 - [MESSAGE][WARNING] - Timeout '0' is invalid. Using default page load timeout: '40'

2022-06-21 14:31:54 - [MESSAGE][PASSED] - Tapped on element 'Object Repository/SplitBill/splitBillCreateDoneBtn'

2022-06-21 14:31:54 - [TEST_STEP][PASSED] - delay(3): Delayed 3 second(s)

2022-06-21 14:31:57 - [MESSAGE][PASSED] - Delayed 3 second(s)

2022-06-21 14:31:57 - [TEST_STEP][PASSED] - driver = getDriver(): null

2022-06-21 14:31:57 - [TEST_STEP][PASSED] - elements = driver.findElementsByClassName("android.widget.ImageView"): null

2022-06-21 14:31:57 - [TEST_STEP][PASSED] - println("The size of elements is ::" + elements.size()): null

2022-06-21 14:31:57 - [TEST_STEP][PASSED] - tap(findTestObject("SplitBill/splitBillCreateContinueBtn"), 0): Tapped on element 'Object Repository/SplitBill/splitBillCreateContinueBtn'

2022-06-21 14:31:57 - [MESSAGE][WARNING] - Timeout '0' is invalid. Using default page load timeout: '40'

2022-06-21 14:31:57 - [MESSAGE][PASSED] - Tapped on element 'Object Repository/SplitBill/splitBillCreateContinueBtn'

2022-06-21 14:31:57 - [TEST_STEP][PASSED] - tap(findTestObject("SplitBill/splitBillConfirmCameraIcon1"), 0): Tapped on element 'Object Repository/SplitBill/splitBillConfirmCameraIcon1'

2022-06-21 14:31:57 - [MESSAGE][WARNING] - Timeout '0' is invalid. Using default page load timeout: '40'

2022-06-21 14:31:58 - [MESSAGE][PASSED] - Tapped on element 'Object Repository/SplitBill/splitBillConfirmCameraIcon1'

2022-06-21 14:31:58 - [TEST_STEP][PASSED] - tap(findTestObject("SplitBill/splitBillCameraTakePhotoBtn"), 0): Tapped on element 'Object Repository/SplitBill/splitBillCameraTakePhotoBtn'

2022-06-21 14:31:58 - [MESSAGE][WARNING] - Timeout '0' is invalid. Using default page load timeout: '40'

2022-06-21 14:31:59 - [MESSAGE][PASSED] - Tapped on element 'Object Repository/SplitBill/splitBillCameraTakePhotoBtn'

2022-06-21 14:31:59 - [TEST_STEP][PASSED] - tap(findTestObject("SplitBill/splitBillCameraCaptureBtn"), 0): Tapped on element 'Object Repository/SplitBill/splitBillCameraCaptureBtn'

2022-06-21 14:31:59 - [MESSAGE][WARNING] - Timeout '0' is invalid. Using default page load timeout: '40'

2022-06-21 14:32:01 - [MESSAGE][PASSED] - Tapped on element 'Object Repository/SplitBill/splitBillCameraCaptureBtn'

2022-06-21 14:32:01 - [TEST_STEP][PASSED] - delay(10): Delayed 10 second(s)

2022-06-21 14:32:11 - [MESSAGE][PASSED] - Delayed 10 second(s)

2022-06-21 14:32:11 - [TEST_STEP][PASSED] - tap(findTestObject("SplitBill/splitBillCreateCameraConfirmTickBtn"), 0): Tapped on element 'Object Repository/SplitBill/splitBillCreateCameraConfirmTickBtn'

2022-06-21 14:32:11 - [MESSAGE][WARNING] - Timeout '0' is invalid. Using default page load timeout: '40'

2022-06-21 14:32:17 - [MESSAGE][PASSED] - Tapped on element 'Object Repository/SplitBill/splitBillCreateCameraConfirmTickBtn'

2022-06-21 14:32:17 - [TEST_STEP][PASSED] - delay(10): Delayed 10 second(s)

2022-06-21 14:32:27 - [MESSAGE][PASSED] - Delayed 10 second(s)

2022-06-21 14:32:27 - [TEST_STEP][PASSED] - tap(findTestObject("SplitBill/splitBillSummarySplitNowBtn"), 0): Tapped on element 'Object Repository/SplitBill/splitBillSummarySplitNowBtn'

2022-06-21 14:32:27 - [MESSAGE][WARNING] - Timeout '0' is invalid. Using default page load timeout: '40'

2022-06-21 14:32:27 - [MESSAGE][PASSED] - Tapped on element 'Object Repository/SplitBill/splitBillSummarySplitNowBtn'

2022-06-21 14:32:27 - [TEST_STEP][PASSED] - delay(5): Delayed 5 second(s)

2022-06-21 14:32:32 - [MESSAGE][PASSED] - Delayed 5 second(s)

2022-06-21 14:32:32 - [TEST_STEP][PASSED] - waitForElementPresent(findTestObject("Main/mainDoneBtn"), 30): Element 'Object Repository/Main/mainDoneBtn' is present

2022-06-21 14:32:36 - [MESSAGE][PASSED] - Element 'Object Repository/Main/mainDoneBtn' is present

2022-06-21 14:32:36 - [TEST_STEP][FAILED] - verifyElementText(findTestObject("Main/mainTransactionStatusMessageTxt"), "Split bill created"): Actual text 'Split bill failed' and expected text 'Split bill created' of test object 'Object Repository/Main/mainTransactionStatusMessageTxt' are NOT matched.

2022-06-21 14:32:37 - [MESSAGE][FAILED] - Actual text 'Split bill failed' and expected text 'Split bill created' of test object 'Object Repository/Main/mainTransactionStatusMessageTxt' are NOT matched.

2022-06-21 14:32:37 - [TEST_STEP][PASSED] - waitForElementPresent(findTestObject("Main/mainDoneBtn"), 10): Element 'Object Repository/Main/mainDoneBtn' is present

2022-06-21 14:32:37 - [MESSAGE][PASSED] - Element 'Object Repository/Main/mainDoneBtn' is present

2022-06-21 14:32:37 - [TEST_STEP][PASSED] - takeScreenshot("/Users/a00139272/Desktop/Screenshot/createSplitBill.png"): Screenshot is taken

2022-06-21 14:32:37 - [MESSAGE][PASSED] - Screenshot is taken
[[ATTACHMENT|/Users/a00139272/Desktop/Screenshot/createSplitBill.png]]

2022-06-21 14:32:37 - [TEST_STEP][PASSED] - tap(findTestObject("Main/mainDoneBtn"), 0): Tapped on element 'Object Repository/Main/mainDoneBtn'

2022-06-21 14:32:37 - [MESSAGE][WARNING] - Timeout '0' is invalid. Using default page load timeout: '40'

2022-06-21 14:32:37 - [MESSAGE][PASSED] - Tapped on element 'Object Repository/Main/mainDoneBtn'

2022-06-21 14:32:37 - [TEST_STEP][PASSED] - delay(5): Delayed 5 second(s)

2022-06-21 14:32:42 - [MESSAGE][PASSED] - Delayed 5 second(s)]]></system-out>
         <system-err><![CDATA[2022-06-21 14:30:54 - [TEST_CASE][FAILED] - Test Cases/Split Bill/splitBill_createSplitBillComplete: Test Cases/Split Bill/splitBill_createSplitBillComplete FAILED.
Reason:
com.kms.katalon.core.exception.StepFailedException: Actual text 'Split bill failed' and expected text 'Split bill created' of test object 'Object Repository/Main/mainTransactionStatusMessageTxt' are NOT matched.
	at com.kms.katalon.core.keyword.internal.KeywordMain.stepFailed(KeywordMain.groovy:39)
	at com.kms.katalon.core.mobile.keyword.internal.MobileKeywordMain.stepFailed(MobileKeywordMain.groovy:40)
	at com.kms.katalon.core.mobile.keyword.builtin.VerifyElementTextKeyword$_verifyElementText_closure1.doCall(VerifyElementTextKeyword.groovy:56)
	at com.kms.katalon.core.mobile.keyword.builtin.VerifyElementTextKeyword$_verifyElementText_closure1.call(VerifyElementTextKeyword.groovy)
	at com.kms.katalon.core.mobile.keyword.internal.MobileKeywordMain.runKeyword(MobileKeywordMain.groovy:21)
	at com.kms.katalon.core.mobile.keyword.builtin.VerifyElementTextKeyword.verifyElementText(VerifyElementTextKeyword.groovy:62)
	at com.kms.katalon.core.mobile.keyword.builtin.VerifyElementTextKeyword.execute(VerifyElementTextKeyword.groovy:39)
	at com.kms.katalon.core.keyword.internal.KeywordExecutor.executeKeywordForPlatform(KeywordExecutor.groovy:74)
	at com.kms.katalon.core.mobile.keyword.MobileBuiltInKeywords.verifyElementText(MobileBuiltInKeywords.groovy:2901)
	at com.kms.katalon.core.mobile.keyword.MobileBuiltInKeywords$verifyElementText$12.call(Unknown Source)
	at splitBill_createSplitBillComplete.run(splitBill_createSplitBillComplete:158)
	at com.kms.katalon.core.main.ScriptEngine.run(ScriptEngine.java:194)
	at com.kms.katalon.core.main.ScriptEngine.runScriptAsRawText(ScriptEngine.java:119)
	at com.kms.katalon.core.main.TestCaseExecutor.runScript(TestCaseExecutor.java:445)
	at com.kms.katalon.core.main.TestCaseExecutor.doExecute(TestCaseExecutor.java:436)
	at com.kms.katalon.core.main.TestCaseExecutor.processExecutionPhase(TestCaseExecutor.java:415)
	at com.kms.katalon.core.main.TestCaseExecutor.accessMainPhase(TestCaseExecutor.java:407)
	at com.kms.katalon.core.main.TestCaseExecutor.execute(TestCaseExecutor.java:284)
	at com.kms.katalon.core.common.CommonExecutor.accessTestCaseMainPhase(CommonExecutor.java:65)
	at com.kms.katalon.core.main.TestSuiteExecutor.accessTestSuiteMainPhase(TestSuiteExecutor.java:144)
	at com.kms.katalon.core.main.TestSuiteExecutor.execute(TestSuiteExecutor.java:106)
	at com.kms.katalon.core.main.TestCaseMain.startTestSuite(TestCaseMain.java:185)
	at com.kms.katalon.core.main.TestCaseMain$startTestSuite$0.call(Unknown Source)
	at TempTestSuite1655790904660.run(TempTestSuite1655790904660.groovy:36)]]></system-err>
      </testcase>
      <testcase name="Test Cases/Split Bill/splitBill_createSplitBillThreeFriends_Paid" time="153.437" classname="Test Cases/Split Bill/splitBill_createSplitBillThreeFriends_Paid" status="FAILED">
         <failure type="FAILED" message="Test Cases/Split Bill/splitBill_createSplitBillThreeFriends_Paid FAILED.
Reason:
com.kms.katalon.core.exception.StepFailedException: Actual text 'Split amount' and expected text 'Split bill created' of test object 'Object Repository/Main/mainTransactionStatusMessageTxt' are NOT matched.
	at com.kms.katalon.core.keyword.internal.KeywordMain.stepFailed(KeywordMain.groovy:39)
	at com.kms.katalon.core.mobile.keyword.internal.MobileKeywordMain.stepFailed(MobileKeywordMain.groovy:40)
	at com.kms.katalon.core.mobile.keyword.builtin.VerifyElementTextKeyword$_verifyElementText_closure1.doCall(VerifyElementTextKeyword.groovy:56)
	at com.kms.katalon.core.mobile.keyword.builtin.VerifyElementTextKeyword$_verifyElementText_closure1.call(VerifyElementTextKeyword.groovy)
	at com.kms.katalon.core.mobile.keyword.internal.MobileKeywordMain.runKeyword(MobileKeywordMain.groovy:21)
	at com.kms.katalon.core.mobile.keyword.builtin.VerifyElementTextKeyword.verifyElementText(VerifyElementTextKeyword.groovy:62)
	at com.kms.katalon.core.mobile.keyword.builtin.VerifyElementTextKeyword.execute(VerifyElementTextKeyword.groovy:39)
	at com.kms.katalon.core.keyword.internal.KeywordExecutor.executeKeywordForPlatform(KeywordExecutor.groovy:74)
	at com.kms.katalon.core.mobile.keyword.MobileBuiltInKeywords.verifyElementText(MobileBuiltInKeywords.groovy:2901)
	at com.kms.katalon.core.mobile.keyword.MobileBuiltInKeywords$verifyElementText$12.call(Unknown Source)
	at splitBill_createSplitBillThreeFriends_Paid.run(splitBill_createSplitBillThreeFriends_Paid:166)
	at com.kms.katalon.core.main.ScriptEngine.run(ScriptEngine.java:194)
	at com.kms.katalon.core.main.ScriptEngine.runScriptAsRawText(ScriptEngine.java:119)
	at com.kms.katalon.core.main.TestCaseExecutor.runScript(TestCaseExecutor.java:445)
	at com.kms.katalon.core.main.TestCaseExecutor.doExecute(TestCaseExecutor.java:436)
	at com.kms.katalon.core.main.TestCaseExecutor.processExecutionPhase(TestCaseExecutor.java:415)
	at com.kms.katalon.core.main.TestCaseExecutor.accessMainPhase(TestCaseExecutor.java:407)
	at com.kms.katalon.core.main.TestCaseExecutor.execute(TestCaseExecutor.java:284)
	at com.kms.katalon.core.common.CommonExecutor.accessTestCaseMainPhase(CommonExecutor.java:65)
	at com.kms.katalon.core.main.TestSuiteExecutor.accessTestSuiteMainPhase(TestSuiteExecutor.java:144)
	at com.kms.katalon.core.main.TestSuiteExecutor.execute(TestSuiteExecutor.java:106)
	at com.kms.katalon.core.main.TestCaseMain.startTestSuite(TestCaseMain.java:185)
	at com.kms.katalon.core.main.TestCaseMain$startTestSuite$0.call(Unknown Source)
	at TempTestSuite1655790904660.run(TempTestSuite1655790904660.groovy:36)
"/>
         <system-out><![CDATA[2022-06-21 14:32:42 - [TEST_CASE][FAILED] - Test Cases/Split Bill/splitBill_createSplitBillThreeFriends_Paid: Test Cases/Split Bill/splitBill_createSplitBillThreeFriends_Paid FAILED.
Reason:
com.kms.katalon.core.exception.StepFailedException: Actual text 'Split amount' and expected text 'Split bill created' of test object 'Object Repository/Main/mainTransactionStatusMessageTxt' are NOT matched.
	at com.kms.katalon.core.keyword.internal.KeywordMain.stepFailed(KeywordMain.groovy:39)
	at com.kms.katalon.core.mobile.keyword.internal.MobileKeywordMain.stepFailed(MobileKeywordMain.groovy:40)
	at com.kms.katalon.core.mobile.keyword.builtin.VerifyElementTextKeyword$_verifyElementText_closure1.doCall(VerifyElementTextKeyword.groovy:56)
	at com.kms.katalon.core.mobile.keyword.builtin.VerifyElementTextKeyword$_verifyElementText_closure1.call(VerifyElementTextKeyword.groovy)
	at com.kms.katalon.core.mobile.keyword.internal.MobileKeywordMain.runKeyword(MobileKeywordMain.groovy:21)
	at com.kms.katalon.core.mobile.keyword.builtin.VerifyElementTextKeyword.verifyElementText(VerifyElementTextKeyword.groovy:62)
	at com.kms.katalon.core.mobile.keyword.builtin.VerifyElementTextKeyword.execute(VerifyElementTextKeyword.groovy:39)
	at com.kms.katalon.core.keyword.internal.KeywordExecutor.executeKeywordForPlatform(KeywordExecutor.groovy:74)
	at com.kms.katalon.core.mobile.keyword.MobileBuiltInKeywords.verifyElementText(MobileBuiltInKeywords.groovy:2901)
	at com.kms.katalon.core.mobile.keyword.MobileBuiltInKeywords$verifyElementText$12.call(Unknown Source)
	at splitBill_createSplitBillThreeFriends_Paid.run(splitBill_createSplitBillThreeFriends_Paid:166)
	at com.kms.katalon.core.main.ScriptEngine.run(ScriptEngine.java:194)
	at com.kms.katalon.core.main.ScriptEngine.runScriptAsRawText(ScriptEngine.java:119)
	at com.kms.katalon.core.main.TestCaseExecutor.runScript(TestCaseExecutor.java:445)
	at com.kms.katalon.core.main.TestCaseExecutor.doExecute(TestCaseExecutor.java:436)
	at com.kms.katalon.core.main.TestCaseExecutor.processExecutionPhase(TestCaseExecutor.java:415)
	at com.kms.katalon.core.main.TestCaseExecutor.accessMainPhase(TestCaseExecutor.java:407)
	at com.kms.katalon.core.main.TestCaseExecutor.execute(TestCaseExecutor.java:284)
	at com.kms.katalon.core.common.CommonExecutor.accessTestCaseMainPhase(CommonExecutor.java:65)
	at com.kms.katalon.core.main.TestSuiteExecutor.accessTestSuiteMainPhase(TestSuiteExecutor.java:144)
	at com.kms.katalon.core.main.TestSuiteExecutor.execute(TestSuiteExecutor.java:106)
	at com.kms.katalon.core.main.TestCaseMain.startTestSuite(TestCaseMain.java:185)
	at com.kms.katalon.core.main.TestCaseMain$startTestSuite$0.call(Unknown Source)
	at TempTestSuite1655790904660.run(TempTestSuite1655790904660.groovy:36)


2022-06-21 14:32:43 - [TEST_STEP][FAILED] - try: null

2022-06-21 14:32:43 - [TEST_STEP][PASSED] - tap(findTestObject("SplitBill/splitBillListSplitaBillBtn"), 0): Tapped on element 'Object Repository/SplitBill/splitBillListSplitaBillBtn'

2022-06-21 14:32:43 - [MESSAGE][WARNING] - Timeout '0' is invalid. Using default page load timeout: '40'

2022-06-21 14:32:43 - [MESSAGE][PASSED] - Tapped on element 'Object Repository/SplitBill/splitBillListSplitaBillBtn'

2022-06-21 14:32:43 - [TEST_STEP][PASSED] - setText(findTestObject("SplitBill/splitBillCreateBillNameInputField"), billName, 0): Text 'Dinner' has been set to element 'Object Repository/SplitBill/splitBillCreateBillNameInputField'

2022-06-21 14:32:43 - [MESSAGE][WARNING] - Timeout '0' is invalid. Using default page load timeout: '40'

2022-06-21 14:32:46 - [MESSAGE][PASSED] - Text 'Dinner' has been set to element 'Object Repository/SplitBill/splitBillCreateBillNameInputField'

2022-06-21 14:32:46 - [TEST_STEP][PASSED] - setText(findTestObject("SplitBill/splitBillCreateNotesInputField"), "bill", 0): Text 'bill' has been set to element 'Object Repository/SplitBill/splitBillCreateNotesInputField'

2022-06-21 14:32:46 - [MESSAGE][WARNING] - Timeout '0' is invalid. Using default page load timeout: '40'

2022-06-21 14:32:48 - [MESSAGE][PASSED] - Text 'bill' has been set to element 'Object Repository/SplitBill/splitBillCreateNotesInputField'

2022-06-21 14:32:48 - [TEST_STEP][PASSED] - hideKeyboard(): Keyboard is hidden

2022-06-21 14:32:50 - [MESSAGE][PASSED] - Keyboard is hidden

2022-06-21 14:32:50 - [TEST_STEP][PASSED] - delay(2): Delayed 2 second(s)

2022-06-21 14:32:52 - [MESSAGE][PASSED] - Delayed 2 second(s)

2022-06-21 14:32:52 - [TEST_STEP][PASSED] - tap(findTestObject("SplitBill/splitBillCreateEvenlyRadioBtn"), 10): Tapped on element 'Object Repository/SplitBill/splitBillCreateEvenlyRadioBtn'

2022-06-21 14:32:52 - [MESSAGE][PASSED] - Tapped on element 'Object Repository/SplitBill/splitBillCreateEvenlyRadioBtn'

2022-06-21 14:32:52 - [TEST_STEP][PASSED] - tap(findTestObject("SplitBill/splitBillCreateEvenlyRadioBtn"), 10): Tapped on element 'Object Repository/SplitBill/splitBillCreateEvenlyRadioBtn'

2022-06-21 14:32:53 - [MESSAGE][PASSED] - Tapped on element 'Object Repository/SplitBill/splitBillCreateEvenlyRadioBtn'

2022-06-21 14:32:53 - [TEST_STEP][PASSED] - delay(2): Delayed 2 second(s)

2022-06-21 14:32:55 - [MESSAGE][PASSED] - Delayed 2 second(s)

2022-06-21 14:32:55 - [TEST_STEP][PASSED] - tap(findTestObject("SplitBill/splitBillCreateContinueBtn"), 0): Tapped on element 'Object Repository/SplitBill/splitBillCreateContinueBtn'

2022-06-21 14:32:55 - [MESSAGE][WARNING] - Timeout '0' is invalid. Using default page load timeout: '40'

2022-06-21 14:32:55 - [MESSAGE][PASSED] - Tapped on element 'Object Repository/SplitBill/splitBillCreateContinueBtn'

2022-06-21 14:32:55 - [TEST_STEP][PASSED] - tap(findTestObject("Login Onboarding/PIN1"), 0): Tapped on element 'Object Repository/Login Onboarding/PIN1'

2022-06-21 14:32:55 - [MESSAGE][WARNING] - Timeout '0' is invalid. Using default page load timeout: '40'

2022-06-21 14:32:57 - [MESSAGE][PASSED] - Tapped on element 'Object Repository/Login Onboarding/PIN1'

2022-06-21 14:32:57 - [TEST_STEP][PASSED] - delay(3): Delayed 3 second(s)

2022-06-21 14:33:00 - [MESSAGE][PASSED] - Delayed 3 second(s)

2022-06-21 14:33:00 - [TEST_STEP][PASSED] - tap(findTestObject("Login Onboarding/PIN0"), 0): Tapped on element 'Object Repository/Login Onboarding/PIN0'

2022-06-21 14:33:00 - [MESSAGE][WARNING] - Timeout '0' is invalid. Using default page load timeout: '40'

2022-06-21 14:33:00 - [MESSAGE][PASSED] - Tapped on element 'Object Repository/Login Onboarding/PIN0'

2022-06-21 14:33:00 - [TEST_STEP][PASSED] - delay(3): Delayed 3 second(s)

2022-06-21 14:33:03 - [MESSAGE][PASSED] - Delayed 3 second(s)

2022-06-21 14:33:03 - [TEST_STEP][PASSED] - tap(findTestObject("Login Onboarding/PIN0"), 0): Tapped on element 'Object Repository/Login Onboarding/PIN0'

2022-06-21 14:33:03 - [MESSAGE][WARNING] - Timeout '0' is invalid. Using default page load timeout: '40'

2022-06-21 14:33:03 - [MESSAGE][PASSED] - Tapped on element 'Object Repository/Login Onboarding/PIN0'

2022-06-21 14:33:03 - [TEST_STEP][PASSED] - delay(3): Delayed 3 second(s)

2022-06-21 14:33:06 - [MESSAGE][PASSED] - Delayed 3 second(s)

2022-06-21 14:33:06 - [TEST_STEP][PASSED] - tap(findTestObject("SplitBill/splitBillAmountTickBtn"), 0): Tapped on element 'Object Repository/SplitBill/splitBillAmountTickBtn'

2022-06-21 14:33:06 - [MESSAGE][WARNING] - Timeout '0' is invalid. Using default page load timeout: '40'

2022-06-21 14:33:06 - [MESSAGE][PASSED] - Tapped on element 'Object Repository/SplitBill/splitBillAmountTickBtn'

2022-06-21 14:33:06 - [TEST_STEP][PASSED] - delay(15): Delayed 15 second(s)

2022-06-21 14:33:21 - [MESSAGE][PASSED] - Delayed 15 second(s)

2022-06-21 14:33:21 - [TEST_STEP][PASSED] - waitForElementPresent(findTestObject("SplitBill/splitBillCreateSearchIconBtn"), 10): Element 'Object Repository/SplitBill/splitBillCreateSearchIconBtn' is present

2022-06-21 14:33:22 - [MESSAGE][PASSED] - Element 'Object Repository/SplitBill/splitBillCreateSearchIconBtn' is present

2022-06-21 14:33:22 - [TEST_STEP][PASSED] - tap(findTestObject("SplitBill/splitBillCreateSearchIconBtn"), 0): Tapped on element 'Object Repository/SplitBill/splitBillCreateSearchIconBtn'

2022-06-21 14:33:22 - [MESSAGE][WARNING] - Timeout '0' is invalid. Using default page load timeout: '40'

2022-06-21 14:33:22 - [MESSAGE][PASSED] - Tapped on element 'Object Repository/SplitBill/splitBillCreateSearchIconBtn'

2022-06-21 14:33:22 - [TEST_STEP][PASSED] - delay(5): Delayed 5 second(s)

2022-06-21 14:33:27 - [MESSAGE][PASSED] - Delayed 5 second(s)

2022-06-21 14:33:27 - [TEST_STEP][PASSED] - setText(findTestObject("SplitBill/splitBillCreateContactSearchtInputField"), contactName, 0): Text 'Trinity' has been set to element 'Object Repository/SplitBill/splitBillCreateContactSearchtInputField'

2022-06-21 14:33:27 - [MESSAGE][WARNING] - Timeout '0' is invalid. Using default page load timeout: '40'

2022-06-21 14:33:28 - [MESSAGE][PASSED] - Text 'Trinity' has been set to element 'Object Repository/SplitBill/splitBillCreateContactSearchtInputField'

2022-06-21 14:33:28 - [TEST_STEP][PASSED] - delay(3): Delayed 3 second(s)

2022-06-21 14:33:31 - [MESSAGE][PASSED] - Delayed 3 second(s)

2022-06-21 14:33:31 - [TEST_STEP][PASSED] - hideKeyboard(): Keyboard is hidden

2022-06-21 14:33:33 - [MESSAGE][PASSED] - Keyboard is hidden

2022-06-21 14:33:33 - [TEST_STEP][PASSED] - tap(findTestObject("SplitBill/splitBillCreateContactSelect"), 0): Tapped on element 'Object Repository/SplitBill/splitBillCreateContactSelect'

2022-06-21 14:33:33 - [MESSAGE][WARNING] - Timeout '0' is invalid. Using default page load timeout: '40'

2022-06-21 14:33:33 - [MESSAGE][PASSED] - Tapped on element 'Object Repository/SplitBill/splitBillCreateContactSelect'

2022-06-21 14:33:33 - [TEST_STEP][PASSED] - tap(findTestObject("SplitBill/splitBillCreateContactSelect"), 0): Tapped on element 'Object Repository/SplitBill/splitBillCreateContactSelect'

2022-06-21 14:33:33 - [MESSAGE][WARNING] - Timeout '0' is invalid. Using default page load timeout: '40'

2022-06-21 14:33:34 - [MESSAGE][PASSED] - Tapped on element 'Object Repository/SplitBill/splitBillCreateContactSelect'

2022-06-21 14:33:34 - [TEST_STEP][PASSED] - delay(3): Delayed 3 second(s)

2022-06-21 14:33:37 - [MESSAGE][PASSED] - Delayed 3 second(s)

2022-06-21 14:33:37 - [TEST_STEP][PASSED] - clearText(findTestObject("SplitBill/splitBillCreateContactSearchtInputField"), 0): Element 'Object Repository/SplitBill/splitBillCreateContactSearchtInputField' text is cleared

2022-06-21 14:33:37 - [MESSAGE][WARNING] - Timeout '0' is invalid. Using default page load timeout: '40'

2022-06-21 14:33:37 - [MESSAGE][PASSED] - Element 'Object Repository/SplitBill/splitBillCreateContactSearchtInputField' text is cleared

2022-06-21 14:33:37 - [TEST_STEP][PASSED] - delay(3): Delayed 3 second(s)

2022-06-21 14:33:40 - [MESSAGE][PASSED] - Delayed 3 second(s)

2022-06-21 14:33:40 - [TEST_STEP][PASSED] - setText(findTestObject("SplitBill/splitBillCreateContactSearchtInputField"), contactName2, 0): Text 'Fazatul PNS' has been set to element 'Object Repository/SplitBill/splitBillCreateContactSearchtInputField'

2022-06-21 14:33:40 - [MESSAGE][WARNING] - Timeout '0' is invalid. Using default page load timeout: '40'

2022-06-21 14:33:41 - [MESSAGE][PASSED] - Text 'Fazatul PNS' has been set to element 'Object Repository/SplitBill/splitBillCreateContactSearchtInputField'

2022-06-21 14:33:41 - [TEST_STEP][PASSED] - delay(3): Delayed 3 second(s)

2022-06-21 14:33:44 - [MESSAGE][PASSED] - Delayed 3 second(s)

2022-06-21 14:33:44 - [TEST_STEP][PASSED] - hideKeyboard(): Keyboard is hidden

2022-06-21 14:33:44 - [MESSAGE][PASSED] - Keyboard is hidden

2022-06-21 14:33:44 - [TEST_STEP][PASSED] - tap(findTestObject("SplitBill/splitBillCreateContactSelect"), 0): Tapped on element 'Object Repository/SplitBill/splitBillCreateContactSelect'

2022-06-21 14:33:44 - [MESSAGE][WARNING] - Timeout '0' is invalid. Using default page load timeout: '40'

2022-06-21 14:33:45 - [MESSAGE][PASSED] - Tapped on element 'Object Repository/SplitBill/splitBillCreateContactSelect'

2022-06-21 14:33:45 - [TEST_STEP][PASSED] - tap(findTestObject("SplitBill/splitBillCreateDoneBtn"), 0): Tapped on element 'Object Repository/SplitBill/splitBillCreateDoneBtn'

2022-06-21 14:33:45 - [MESSAGE][WARNING] - Timeout '0' is invalid. Using default page load timeout: '40'

2022-06-21 14:33:45 - [MESSAGE][PASSED] - Tapped on element 'Object Repository/SplitBill/splitBillCreateDoneBtn'

2022-06-21 14:33:45 - [TEST_STEP][PASSED] - delay(3): Delayed 3 second(s)

2022-06-21 14:33:48 - [MESSAGE][PASSED] - Delayed 3 second(s)

2022-06-21 14:33:48 - [TEST_STEP][PASSED] - driver = getDriver(): null

2022-06-21 14:33:48 - [TEST_STEP][PASSED] - elements = driver.findElementsByClassName("android.widget.ImageView"): null

2022-06-21 14:33:48 - [TEST_STEP][PASSED] - println("The size of elements is ::" + elements.size()): null

2022-06-21 14:33:48 - [TEST_STEP][PASSED] - tap(findTestObject("SplitBill/splitBillCreateContinueBtn"), 0): Tapped on element 'Object Repository/SplitBill/splitBillCreateContinueBtn'

2022-06-21 14:33:48 - [MESSAGE][WARNING] - Timeout '0' is invalid. Using default page load timeout: '40'

2022-06-21 14:33:48 - [MESSAGE][PASSED] - Tapped on element 'Object Repository/SplitBill/splitBillCreateContinueBtn'

2022-06-21 14:33:48 - [TEST_STEP][PASSED] - tap(findTestObject("SplitBill/splitBillConfirmCameraIcon1"), 0): Tapped on element 'Object Repository/SplitBill/splitBillConfirmCameraIcon1'

2022-06-21 14:33:48 - [MESSAGE][WARNING] - Timeout '0' is invalid. Using default page load timeout: '40'

2022-06-21 14:33:50 - [MESSAGE][PASSED] - Tapped on element 'Object Repository/SplitBill/splitBillConfirmCameraIcon1'

2022-06-21 14:33:50 - [TEST_STEP][PASSED] - tap(findTestObject("SplitBill/splitBillCameraTakePhotoBtn"), 0): Tapped on element 'Object Repository/SplitBill/splitBillCameraTakePhotoBtn'

2022-06-21 14:33:50 - [MESSAGE][WARNING] - Timeout '0' is invalid. Using default page load timeout: '40'

2022-06-21 14:33:52 - [MESSAGE][PASSED] - Tapped on element 'Object Repository/SplitBill/splitBillCameraTakePhotoBtn'

2022-06-21 14:33:52 - [TEST_STEP][PASSED] - tap(findTestObject("SplitBill/splitBillCameraCaptureBtn"), 0): Tapped on element 'Object Repository/SplitBill/splitBillCameraCaptureBtn'

2022-06-21 14:33:52 - [MESSAGE][WARNING] - Timeout '0' is invalid. Using default page load timeout: '40'

2022-06-21 14:33:52 - [MESSAGE][PASSED] - Tapped on element 'Object Repository/SplitBill/splitBillCameraCaptureBtn'

2022-06-21 14:33:52 - [TEST_STEP][PASSED] - delay(10): Delayed 10 second(s)

2022-06-21 14:34:02 - [MESSAGE][PASSED] - Delayed 10 second(s)

2022-06-21 14:34:02 - [TEST_STEP][PASSED] - tap(findTestObject("SplitBill/splitBillCreateCameraConfirmTickBtn"), 0): Tapped on element 'Object Repository/SplitBill/splitBillCreateCameraConfirmTickBtn'

2022-06-21 14:34:02 - [MESSAGE][WARNING] - Timeout '0' is invalid. Using default page load timeout: '40'

2022-06-21 14:34:02 - [MESSAGE][PASSED] - Tapped on element 'Object Repository/SplitBill/splitBillCreateCameraConfirmTickBtn'

2022-06-21 14:34:02 - [TEST_STEP][PASSED] - delay(10): Delayed 10 second(s)

2022-06-21 14:34:12 - [MESSAGE][PASSED] - Delayed 10 second(s)

2022-06-21 14:34:12 - [TEST_STEP][PASSED] - tap(findTestObject("SplitBill/splitBillSummarySplitNowBtn"), 0): Tapped on element 'Object Repository/SplitBill/splitBillSummarySplitNowBtn'

2022-06-21 14:34:12 - [MESSAGE][WARNING] - Timeout '0' is invalid. Using default page load timeout: '40'

2022-06-21 14:34:12 - [MESSAGE][PASSED] - Tapped on element 'Object Repository/SplitBill/splitBillSummarySplitNowBtn'

2022-06-21 14:34:12 - [TEST_STEP][PASSED] - delay(5): Delayed 5 second(s)

2022-06-21 14:34:17 - [MESSAGE][PASSED] - Delayed 5 second(s)

2022-06-21 14:34:17 - [TEST_STEP][PASSED] - waitForElementPresent(findTestObject("Main/mainDoneBtn"), 30): Object Object Repository/Main/mainDoneBtn not found

2022-06-21 14:34:48 - [MESSAGE][WARNING] - Object Object Repository/Main/mainDoneBtn not found

2022-06-21 14:34:48 - [TEST_STEP][FAILED] - verifyElementText(findTestObject("Main/mainTransactionStatusMessageTxt"), "Split bill created"): Actual text 'Split amount' and expected text 'Split bill created' of test object 'Object Repository/Main/mainTransactionStatusMessageTxt' are NOT matched.

2022-06-21 14:34:48 - [MESSAGE][FAILED] - Actual text 'Split amount' and expected text 'Split bill created' of test object 'Object Repository/Main/mainTransactionStatusMessageTxt' are NOT matched.

2022-06-21 14:34:48 - [TEST_STEP][PASSED] - waitForElementPresent(findTestObject("Main/mainDoneBtn"), 10): Object Object Repository/Main/mainDoneBtn not found

2022-06-21 14:34:58 - [MESSAGE][WARNING] - Object Object Repository/Main/mainDoneBtn not found

2022-06-21 14:34:58 - [TEST_STEP][PASSED] - takeScreenshot("/Users/a00139272/Desktop/Screenshot/createThreeSplitBill.png"): Screenshot is taken

2022-06-21 14:34:59 - [MESSAGE][PASSED] - Screenshot is taken
[[ATTACHMENT|/Users/a00139272/Desktop/Screenshot/createThreeSplitBill.png]]

2022-06-21 14:34:59 - [TEST_STEP][PASSED] - tap(findTestObject("Main/mainDoneBtn"), 0): Tapped on element 'Object Repository/Main/mainDoneBtn'

2022-06-21 14:34:59 - [MESSAGE][WARNING] - Timeout '0' is invalid. Using default page load timeout: '40'

2022-06-21 14:35:11 - [MESSAGE][PASSED] - Tapped on element 'Object Repository/Main/mainDoneBtn'

2022-06-21 14:35:11 - [TEST_STEP][PASSED] - delay(5): Delayed 5 second(s)

2022-06-21 14:35:16 - [MESSAGE][PASSED] - Delayed 5 second(s)]]></system-out>
         <system-err><![CDATA[2022-06-21 14:32:42 - [TEST_CASE][FAILED] - Test Cases/Split Bill/splitBill_createSplitBillThreeFriends_Paid: Test Cases/Split Bill/splitBill_createSplitBillThreeFriends_Paid FAILED.
Reason:
com.kms.katalon.core.exception.StepFailedException: Actual text 'Split amount' and expected text 'Split bill created' of test object 'Object Repository/Main/mainTransactionStatusMessageTxt' are NOT matched.
	at com.kms.katalon.core.keyword.internal.KeywordMain.stepFailed(KeywordMain.groovy:39)
	at com.kms.katalon.core.mobile.keyword.internal.MobileKeywordMain.stepFailed(MobileKeywordMain.groovy:40)
	at com.kms.katalon.core.mobile.keyword.builtin.VerifyElementTextKeyword$_verifyElementText_closure1.doCall(VerifyElementTextKeyword.groovy:56)
	at com.kms.katalon.core.mobile.keyword.builtin.VerifyElementTextKeyword$_verifyElementText_closure1.call(VerifyElementTextKeyword.groovy)
	at com.kms.katalon.core.mobile.keyword.internal.MobileKeywordMain.runKeyword(MobileKeywordMain.groovy:21)
	at com.kms.katalon.core.mobile.keyword.builtin.VerifyElementTextKeyword.verifyElementText(VerifyElementTextKeyword.groovy:62)
	at com.kms.katalon.core.mobile.keyword.builtin.VerifyElementTextKeyword.execute(VerifyElementTextKeyword.groovy:39)
	at com.kms.katalon.core.keyword.internal.KeywordExecutor.executeKeywordForPlatform(KeywordExecutor.groovy:74)
	at com.kms.katalon.core.mobile.keyword.MobileBuiltInKeywords.verifyElementText(MobileBuiltInKeywords.groovy:2901)
	at com.kms.katalon.core.mobile.keyword.MobileBuiltInKeywords$verifyElementText$12.call(Unknown Source)
	at splitBill_createSplitBillThreeFriends_Paid.run(splitBill_createSplitBillThreeFriends_Paid:166)
	at com.kms.katalon.core.main.ScriptEngine.run(ScriptEngine.java:194)
	at com.kms.katalon.core.main.ScriptEngine.runScriptAsRawText(ScriptEngine.java:119)
	at com.kms.katalon.core.main.TestCaseExecutor.runScript(TestCaseExecutor.java:445)
	at com.kms.katalon.core.main.TestCaseExecutor.doExecute(TestCaseExecutor.java:436)
	at com.kms.katalon.core.main.TestCaseExecutor.processExecutionPhase(TestCaseExecutor.java:415)
	at com.kms.katalon.core.main.TestCaseExecutor.accessMainPhase(TestCaseExecutor.java:407)
	at com.kms.katalon.core.main.TestCaseExecutor.execute(TestCaseExecutor.java:284)
	at com.kms.katalon.core.common.CommonExecutor.accessTestCaseMainPhase(CommonExecutor.java:65)
	at com.kms.katalon.core.main.TestSuiteExecutor.accessTestSuiteMainPhase(TestSuiteExecutor.java:144)
	at com.kms.katalon.core.main.TestSuiteExecutor.execute(TestSuiteExecutor.java:106)
	at com.kms.katalon.core.main.TestCaseMain.startTestSuite(TestCaseMain.java:185)
	at com.kms.katalon.core.main.TestCaseMain$startTestSuite$0.call(Unknown Source)
	at TempTestSuite1655790904660.run(TempTestSuite1655790904660.groovy:36)]]></system-err>
      </testcase>
      <testcase name="Test Cases/Split Bill/splitBill_markAsPaid" time="381.075" classname="Test Cases/Split Bill/splitBill_markAsPaid" status="FAILED">
         <failure type="FAILED" message="Test Cases/Split Bill/splitBill_markAsPaid FAILED.
Reason:
com.kms.katalon.core.exception.StepFailedException: Object Object Repository/SplitBill/splitBillToCollectListBillNameTxt not found
	at com.kms.katalon.core.keyword.internal.KeywordMain.stepFailed(KeywordMain.groovy:39)
	at com.kms.katalon.core.mobile.keyword.internal.MobileKeywordMain.stepFailed(MobileKeywordMain.groovy:40)
	at com.kms.katalon.core.mobile.keyword.builtin.TapKeyword$_tap_closure1.doCall(TapKeyword.groovy:79)
	at com.kms.katalon.core.mobile.keyword.builtin.TapKeyword$_tap_closure1.call(TapKeyword.groovy)
	at com.kms.katalon.core.mobile.keyword.internal.MobileKeywordMain.runKeyword(MobileKeywordMain.groovy:21)
	at com.kms.katalon.core.mobile.keyword.builtin.TapKeyword.tap(TapKeyword.groovy:84)
	at com.kms.katalon.core.mobile.keyword.builtin.TapKeyword.execute(TapKeyword.groovy:68)
	at com.kms.katalon.core.keyword.internal.KeywordExecutor.executeKeywordForPlatform(KeywordExecutor.groovy:74)
	at com.kms.katalon.core.mobile.keyword.MobileBuiltInKeywords.tap(MobileBuiltInKeywords.groovy:1490)
	at com.kms.katalon.core.mobile.keyword.MobileBuiltInKeywords$tap$5.call(Unknown Source)
	at splitBill_markAsPaid.run(splitBill_markAsPaid:93)
	at com.kms.katalon.core.main.ScriptEngine.run(ScriptEngine.java:194)
	at com.kms.katalon.core.main.ScriptEngine.runScriptAsRawText(ScriptEngine.java:119)
	at com.kms.katalon.core.main.TestCaseExecutor.runScript(TestCaseExecutor.java:445)
	at com.kms.katalon.core.main.TestCaseExecutor.doExecute(TestCaseExecutor.java:436)
	at com.kms.katalon.core.main.TestCaseExecutor.processExecutionPhase(TestCaseExecutor.java:415)
	at com.kms.katalon.core.main.TestCaseExecutor.accessMainPhase(TestCaseExecutor.java:407)
	at com.kms.katalon.core.main.TestCaseExecutor.execute(TestCaseExecutor.java:284)
	at com.kms.katalon.core.common.CommonExecutor.accessTestCaseMainPhase(CommonExecutor.java:65)
	at com.kms.katalon.core.main.TestSuiteExecutor.accessTestSuiteMainPhase(TestSuiteExecutor.java:144)
	at com.kms.katalon.core.main.TestSuiteExecutor.execute(TestSuiteExecutor.java:106)
	at com.kms.katalon.core.main.TestCaseMain.startTestSuite(TestCaseMain.java:185)
	at com.kms.katalon.core.main.TestCaseMain$startTestSuite$0.call(Unknown Source)
	at TempTestSuite1655790904660.run(TempTestSuite1655790904660.groovy:36)
"/>
         <system-out><![CDATA[2022-06-21 14:35:16 - [TEST_CASE][FAILED] - Test Cases/Split Bill/splitBill_markAsPaid: Test Cases/Split Bill/splitBill_markAsPaid FAILED.
Reason:
com.kms.katalon.core.exception.StepFailedException: Object Object Repository/SplitBill/splitBillToCollectListBillNameTxt not found
	at com.kms.katalon.core.keyword.internal.KeywordMain.stepFailed(KeywordMain.groovy:39)
	at com.kms.katalon.core.mobile.keyword.internal.MobileKeywordMain.stepFailed(MobileKeywordMain.groovy:40)
	at com.kms.katalon.core.mobile.keyword.builtin.TapKeyword$_tap_closure1.doCall(TapKeyword.groovy:79)
	at com.kms.katalon.core.mobile.keyword.builtin.TapKeyword$_tap_closure1.call(TapKeyword.groovy)
	at com.kms.katalon.core.mobile.keyword.internal.MobileKeywordMain.runKeyword(MobileKeywordMain.groovy:21)
	at com.kms.katalon.core.mobile.keyword.builtin.TapKeyword.tap(TapKeyword.groovy:84)
	at com.kms.katalon.core.mobile.keyword.builtin.TapKeyword.execute(TapKeyword.groovy:68)
	at com.kms.katalon.core.keyword.internal.KeywordExecutor.executeKeywordForPlatform(KeywordExecutor.groovy:74)
	at com.kms.katalon.core.mobile.keyword.MobileBuiltInKeywords.tap(MobileBuiltInKeywords.groovy:1490)
	at com.kms.katalon.core.mobile.keyword.MobileBuiltInKeywords$tap$5.call(Unknown Source)
	at splitBill_markAsPaid.run(splitBill_markAsPaid:93)
	at com.kms.katalon.core.main.ScriptEngine.run(ScriptEngine.java:194)
	at com.kms.katalon.core.main.ScriptEngine.runScriptAsRawText(ScriptEngine.java:119)
	at com.kms.katalon.core.main.TestCaseExecutor.runScript(TestCaseExecutor.java:445)
	at com.kms.katalon.core.main.TestCaseExecutor.doExecute(TestCaseExecutor.java:436)
	at com.kms.katalon.core.main.TestCaseExecutor.processExecutionPhase(TestCaseExecutor.java:415)
	at com.kms.katalon.core.main.TestCaseExecutor.accessMainPhase(TestCaseExecutor.java:407)
	at com.kms.katalon.core.main.TestCaseExecutor.execute(TestCaseExecutor.java:284)
	at com.kms.katalon.core.common.CommonExecutor.accessTestCaseMainPhase(CommonExecutor.java:65)
	at com.kms.katalon.core.main.TestSuiteExecutor.accessTestSuiteMainPhase(TestSuiteExecutor.java:144)
	at com.kms.katalon.core.main.TestSuiteExecutor.execute(TestSuiteExecutor.java:106)
	at com.kms.katalon.core.main.TestCaseMain.startTestSuite(TestCaseMain.java:185)
	at com.kms.katalon.core.main.TestCaseMain$startTestSuite$0.call(Unknown Source)
	at TempTestSuite1655790904660.run(TempTestSuite1655790904660.groovy:36)


2022-06-21 14:35:16 - [TEST_STEP][PASSED] - delay(3): Delayed 3 second(s)

2022-06-21 14:35:19 - [MESSAGE][PASSED] - Delayed 3 second(s)

2022-06-21 14:35:19 - [TEST_STEP][PASSED] - waitForElementPresent(findTestObject("SplitBill/splitBillToCollectListBillNameTxt", ["name":"Lunch"]), 0): Object Object Repository/SplitBill/splitBillToCollectListBillNameTxt not found

2022-06-21 14:35:19 - [MESSAGE][WARNING] - Timeout '0' is invalid. Using default page load timeout: '40'

2022-06-21 14:35:59 - [MESSAGE][WARNING] - Object Object Repository/SplitBill/splitBillToCollectListBillNameTxt not found

2022-06-21 14:35:59 - [TEST_STEP][FAILED] - tap(findTestObject("SplitBill/splitBillToCollectListBillNameTxt", ["name":"Lunch"]), 0): Object Object Repository/SplitBill/splitBillToCollectListBillNameTxt not found

2022-06-21 14:35:59 - [MESSAGE][WARNING] - Timeout '0' is invalid. Using default page load timeout: '40'

2022-06-21 14:36:39 - [MESSAGE][FAILED] - Object Object Repository/SplitBill/splitBillToCollectListBillNameTxt not found

2022-06-21 14:36:39 - [TEST_STEP][PASSED] - delay(3): Delayed 3 second(s)

2022-06-21 14:36:42 - [MESSAGE][PASSED] - Delayed 3 second(s)

2022-06-21 14:36:42 - [TEST_STEP][PASSED] - waitForElementPresent(findTestObject("SplitBill/splitBillDetailsParticipantMoreBtn"), 0): Object Object Repository/SplitBill/splitBillDetailsParticipantMoreBtn not found

2022-06-21 14:36:42 - [MESSAGE][WARNING] - Timeout '0' is invalid. Using default page load timeout: '40'

2022-06-21 14:37:22 - [MESSAGE][WARNING] - Object Object Repository/SplitBill/splitBillDetailsParticipantMoreBtn not found

2022-06-21 14:37:22 - [TEST_STEP][FAILED] - tap(findTestObject("SplitBill/splitBillDetailsParticipantMoreBtn"), 0): Object Object Repository/SplitBill/splitBillDetailsParticipantMoreBtn not found

2022-06-21 14:37:22 - [MESSAGE][WARNING] - Timeout '0' is invalid. Using default page load timeout: '40'

2022-06-21 14:38:02 - [MESSAGE][FAILED] - Object Object Repository/SplitBill/splitBillDetailsParticipantMoreBtn not found

2022-06-21 14:38:02 - [TEST_STEP][PASSED] - waitForElementPresent(findTestObject("SplitBill/splitBillDetailsParticipantMarkCollectedDropdownSelect"), 0): Object Object Repository/SplitBill/splitBillDetailsParticipantMarkCollectedDropdownSelect not found

2022-06-21 14:38:02 - [MESSAGE][WARNING] - Timeout '0' is invalid. Using default page load timeout: '40'

2022-06-21 14:38:42 - [MESSAGE][WARNING] - Object Object Repository/SplitBill/splitBillDetailsParticipantMarkCollectedDropdownSelect not found

2022-06-21 14:38:42 - [TEST_STEP][FAILED] - tap(findTestObject("SplitBill/splitBillDetailsParticipantMarkCollectedDropdownSelect"), 0): Object Object Repository/SplitBill/splitBillDetailsParticipantMarkCollectedDropdownSelect not found

2022-06-21 14:38:42 - [MESSAGE][WARNING] - Timeout '0' is invalid. Using default page load timeout: '40'

2022-06-21 14:39:22 - [MESSAGE][FAILED] - Object Object Repository/SplitBill/splitBillDetailsParticipantMarkCollectedDropdownSelect not found

2022-06-21 14:39:22 - [TEST_STEP][PASSED] - waitForElementPresent(findTestObject("SplitBill/splitBillDetailsParticipantDoneBtn"), 0): Object Object Repository/SplitBill/splitBillDetailsParticipantDoneBtn not found

2022-06-21 14:39:22 - [MESSAGE][WARNING] - Timeout '0' is invalid. Using default page load timeout: '40'

2022-06-21 14:40:02 - [MESSAGE][WARNING] - Object Object Repository/SplitBill/splitBillDetailsParticipantDoneBtn not found

2022-06-21 14:40:02 - [TEST_STEP][FAILED] - tap(findTestObject("SplitBill/splitBillDetailsParticipantDoneBtn"), 0): Object Object Repository/SplitBill/splitBillDetailsParticipantDoneBtn not found

2022-06-21 14:40:03 - [MESSAGE][WARNING] - Timeout '0' is invalid. Using default page load timeout: '40'

2022-06-21 14:40:43 - [MESSAGE][FAILED] - Object Object Repository/SplitBill/splitBillDetailsParticipantDoneBtn not found

2022-06-21 14:40:43 - [TEST_STEP][PASSED] - delay(3): Delayed 3 second(s)

2022-06-21 14:40:46 - [MESSAGE][PASSED] - Delayed 3 second(s)

2022-06-21 14:40:46 - [TEST_STEP][PASSED] - takeScreenshot("/Users/a00139272/Desktop/Screenshot/markPaidSplitBill.png"): Screenshot is taken

2022-06-21 14:40:47 - [MESSAGE][PASSED] - Screenshot is taken
[[ATTACHMENT|/Users/a00139272/Desktop/Screenshot/markPaidSplitBill.png]]

2022-06-21 14:40:47 - [TEST_STEP][FAILED] - verifyElementExist(findTestObject("SplitBill/splitBillDetailsParticipantPaidStatusTxt"), 0): Element 'Object Repository/SplitBill/splitBillDetailsParticipantPaidStatusTxt' not found

2022-06-21 14:40:47 - [MESSAGE][WARNING] - Timeout '0' is invalid. Using default page load timeout: '40'

2022-06-21 14:41:27 - [MESSAGE][FAILED] - Element 'Object Repository/SplitBill/splitBillDetailsParticipantPaidStatusTxt' not found

2022-06-21 14:41:27 - [TEST_STEP][PASSED] - delay(5): Delayed 5 second(s)

2022-06-21 14:41:32 - [MESSAGE][PASSED] - Delayed 5 second(s)

2022-06-21 14:41:32 - [TEST_STEP][PASSED] - waitForElementPresent(findTestObject("Main/mainTopLeftBackButton"), 0): Element 'Object Repository/Main/mainTopLeftBackButton' is present

2022-06-21 14:41:32 - [MESSAGE][WARNING] - Timeout '0' is invalid. Using default page load timeout: '40'

2022-06-21 14:41:32 - [MESSAGE][PASSED] - Element 'Object Repository/Main/mainTopLeftBackButton' is present

2022-06-21 14:41:32 - [TEST_STEP][PASSED] - tap(findTestObject("Main/mainTopLeftBackButton"), 0): Tapped on element 'Object Repository/Main/mainTopLeftBackButton'

2022-06-21 14:41:32 - [MESSAGE][WARNING] - Timeout '0' is invalid. Using default page load timeout: '40'

2022-06-21 14:41:32 - [MESSAGE][PASSED] - Tapped on element 'Object Repository/Main/mainTopLeftBackButton'

2022-06-21 14:41:32 - [TEST_STEP][PASSED] - delay(5): Delayed 5 second(s)

2022-06-21 14:41:37 - [MESSAGE][PASSED] - Delayed 5 second(s)]]></system-out>
         <system-err><![CDATA[2022-06-21 14:35:16 - [TEST_CASE][FAILED] - Test Cases/Split Bill/splitBill_markAsPaid: Test Cases/Split Bill/splitBill_markAsPaid FAILED.
Reason:
com.kms.katalon.core.exception.StepFailedException: Object Object Repository/SplitBill/splitBillToCollectListBillNameTxt not found
	at com.kms.katalon.core.keyword.internal.KeywordMain.stepFailed(KeywordMain.groovy:39)
	at com.kms.katalon.core.mobile.keyword.internal.MobileKeywordMain.stepFailed(MobileKeywordMain.groovy:40)
	at com.kms.katalon.core.mobile.keyword.builtin.TapKeyword$_tap_closure1.doCall(TapKeyword.groovy:79)
	at com.kms.katalon.core.mobile.keyword.builtin.TapKeyword$_tap_closure1.call(TapKeyword.groovy)
	at com.kms.katalon.core.mobile.keyword.internal.MobileKeywordMain.runKeyword(MobileKeywordMain.groovy:21)
	at com.kms.katalon.core.mobile.keyword.builtin.TapKeyword.tap(TapKeyword.groovy:84)
	at com.kms.katalon.core.mobile.keyword.builtin.TapKeyword.execute(TapKeyword.groovy:68)
	at com.kms.katalon.core.keyword.internal.KeywordExecutor.executeKeywordForPlatform(KeywordExecutor.groovy:74)
	at com.kms.katalon.core.mobile.keyword.MobileBuiltInKeywords.tap(MobileBuiltInKeywords.groovy:1490)
	at com.kms.katalon.core.mobile.keyword.MobileBuiltInKeywords$tap$5.call(Unknown Source)
	at splitBill_markAsPaid.run(splitBill_markAsPaid:93)
	at com.kms.katalon.core.main.ScriptEngine.run(ScriptEngine.java:194)
	at com.kms.katalon.core.main.ScriptEngine.runScriptAsRawText(ScriptEngine.java:119)
	at com.kms.katalon.core.main.TestCaseExecutor.runScript(TestCaseExecutor.java:445)
	at com.kms.katalon.core.main.TestCaseExecutor.doExecute(TestCaseExecutor.java:436)
	at com.kms.katalon.core.main.TestCaseExecutor.processExecutionPhase(TestCaseExecutor.java:415)
	at com.kms.katalon.core.main.TestCaseExecutor.accessMainPhase(TestCaseExecutor.java:407)
	at com.kms.katalon.core.main.TestCaseExecutor.execute(TestCaseExecutor.java:284)
	at com.kms.katalon.core.common.CommonExecutor.accessTestCaseMainPhase(CommonExecutor.java:65)
	at com.kms.katalon.core.main.TestSuiteExecutor.accessTestSuiteMainPhase(TestSuiteExecutor.java:144)
	at com.kms.katalon.core.main.TestSuiteExecutor.execute(TestSuiteExecutor.java:106)
	at com.kms.katalon.core.main.TestCaseMain.startTestSuite(TestCaseMain.java:185)
	at com.kms.katalon.core.main.TestCaseMain$startTestSuite$0.call(Unknown Source)
	at TempTestSuite1655790904660.run(TempTestSuite1655790904660.groovy:36)]]></system-err>
      </testcase>
      <testcase name="Test Cases/Split Bill/splitBill_removePastSplitBill" time="304.374" classname="Test Cases/Split Bill/splitBill_removePastSplitBill" status="FAILED">
         <failure type="FAILED" message="Test Cases/Split Bill/splitBill_removePastSplitBill FAILED.
Reason:
com.kms.katalon.core.exception.StepFailedException: Object Object Repository/SplitBill/splitBillToCollectListBillNameTxt not found
	at com.kms.katalon.core.keyword.internal.KeywordMain.stepFailed(KeywordMain.groovy:39)
	at com.kms.katalon.core.mobile.keyword.internal.MobileKeywordMain.stepFailed(MobileKeywordMain.groovy:40)
	at com.kms.katalon.core.mobile.keyword.builtin.TapKeyword$_tap_closure1.doCall(TapKeyword.groovy:79)
	at com.kms.katalon.core.mobile.keyword.builtin.TapKeyword$_tap_closure1.call(TapKeyword.groovy)
	at com.kms.katalon.core.mobile.keyword.internal.MobileKeywordMain.runKeyword(MobileKeywordMain.groovy:21)
	at com.kms.katalon.core.mobile.keyword.builtin.TapKeyword.tap(TapKeyword.groovy:84)
	at com.kms.katalon.core.mobile.keyword.builtin.TapKeyword.execute(TapKeyword.groovy:68)
	at com.kms.katalon.core.keyword.internal.KeywordExecutor.executeKeywordForPlatform(KeywordExecutor.groovy:74)
	at com.kms.katalon.core.mobile.keyword.MobileBuiltInKeywords.tap(MobileBuiltInKeywords.groovy:1490)
	at com.kms.katalon.core.mobile.keyword.MobileBuiltInKeywords$tap$5.call(Unknown Source)
	at splitBill_removePastSplitBill.run(splitBill_removePastSplitBill:68)
	at com.kms.katalon.core.main.ScriptEngine.run(ScriptEngine.java:194)
	at com.kms.katalon.core.main.ScriptEngine.runScriptAsRawText(ScriptEngine.java:119)
	at com.kms.katalon.core.main.TestCaseExecutor.runScript(TestCaseExecutor.java:445)
	at com.kms.katalon.core.main.TestCaseExecutor.doExecute(TestCaseExecutor.java:436)
	at com.kms.katalon.core.main.TestCaseExecutor.processExecutionPhase(TestCaseExecutor.java:415)
	at com.kms.katalon.core.main.TestCaseExecutor.accessMainPhase(TestCaseExecutor.java:407)
	at com.kms.katalon.core.main.TestCaseExecutor.execute(TestCaseExecutor.java:284)
	at com.kms.katalon.core.common.CommonExecutor.accessTestCaseMainPhase(CommonExecutor.java:65)
	at com.kms.katalon.core.main.TestSuiteExecutor.accessTestSuiteMainPhase(TestSuiteExecutor.java:144)
	at com.kms.katalon.core.main.TestSuiteExecutor.execute(TestSuiteExecutor.java:106)
	at com.kms.katalon.core.main.TestCaseMain.startTestSuite(TestCaseMain.java:185)
	at com.kms.katalon.core.main.TestCaseMain$startTestSuite$0.call(Unknown Source)
	at TempTestSuite1655790904660.run(TempTestSuite1655790904660.groovy:36)
"/>
         <system-out><![CDATA[2022-06-21 14:41:37 - [TEST_CASE][FAILED] - Test Cases/Split Bill/splitBill_removePastSplitBill: Test Cases/Split Bill/splitBill_removePastSplitBill FAILED.
Reason:
com.kms.katalon.core.exception.StepFailedException: Object Object Repository/SplitBill/splitBillToCollectListBillNameTxt not found
	at com.kms.katalon.core.keyword.internal.KeywordMain.stepFailed(KeywordMain.groovy:39)
	at com.kms.katalon.core.mobile.keyword.internal.MobileKeywordMain.stepFailed(MobileKeywordMain.groovy:40)
	at com.kms.katalon.core.mobile.keyword.builtin.TapKeyword$_tap_closure1.doCall(TapKeyword.groovy:79)
	at com.kms.katalon.core.mobile.keyword.builtin.TapKeyword$_tap_closure1.call(TapKeyword.groovy)
	at com.kms.katalon.core.mobile.keyword.internal.MobileKeywordMain.runKeyword(MobileKeywordMain.groovy:21)
	at com.kms.katalon.core.mobile.keyword.builtin.TapKeyword.tap(TapKeyword.groovy:84)
	at com.kms.katalon.core.mobile.keyword.builtin.TapKeyword.execute(TapKeyword.groovy:68)
	at com.kms.katalon.core.keyword.internal.KeywordExecutor.executeKeywordForPlatform(KeywordExecutor.groovy:74)
	at com.kms.katalon.core.mobile.keyword.MobileBuiltInKeywords.tap(MobileBuiltInKeywords.groovy:1490)
	at com.kms.katalon.core.mobile.keyword.MobileBuiltInKeywords$tap$5.call(Unknown Source)
	at splitBill_removePastSplitBill.run(splitBill_removePastSplitBill:68)
	at com.kms.katalon.core.main.ScriptEngine.run(ScriptEngine.java:194)
	at com.kms.katalon.core.main.ScriptEngine.runScriptAsRawText(ScriptEngine.java:119)
	at com.kms.katalon.core.main.TestCaseExecutor.runScript(TestCaseExecutor.java:445)
	at com.kms.katalon.core.main.TestCaseExecutor.doExecute(TestCaseExecutor.java:436)
	at com.kms.katalon.core.main.TestCaseExecutor.processExecutionPhase(TestCaseExecutor.java:415)
	at com.kms.katalon.core.main.TestCaseExecutor.accessMainPhase(TestCaseExecutor.java:407)
	at com.kms.katalon.core.main.TestCaseExecutor.execute(TestCaseExecutor.java:284)
	at com.kms.katalon.core.common.CommonExecutor.accessTestCaseMainPhase(CommonExecutor.java:65)
	at com.kms.katalon.core.main.TestSuiteExecutor.accessTestSuiteMainPhase(TestSuiteExecutor.java:144)
	at com.kms.katalon.core.main.TestSuiteExecutor.execute(TestSuiteExecutor.java:106)
	at com.kms.katalon.core.main.TestCaseMain.startTestSuite(TestCaseMain.java:185)
	at com.kms.katalon.core.main.TestCaseMain$startTestSuite$0.call(Unknown Source)
	at TempTestSuite1655790904660.run(TempTestSuite1655790904660.groovy:36)


2022-06-21 14:41:37 - [TEST_STEP][PASSED] - delay(3): Delayed 3 second(s)

2022-06-21 14:41:40 - [MESSAGE][PASSED] - Delayed 3 second(s)

2022-06-21 14:41:40 - [TEST_STEP][PASSED] - swipe(900, 1245, 300, 1245): Swiped from 900,1,245 to 300,1,245

2022-06-21 14:41:41 - [MESSAGE][PASSED] - Swiped from 900,1,245 to 300,1,245

2022-06-21 14:41:41 - [TEST_STEP][PASSED] - delay(3): Delayed 3 second(s)

2022-06-21 14:41:44 - [MESSAGE][PASSED] - Delayed 3 second(s)

2022-06-21 14:41:44 - [TEST_STEP][PASSED] - swipe(900, 1245, 300, 1245): Swiped from 900,1,245 to 300,1,245

2022-06-21 14:41:45 - [MESSAGE][PASSED] - Swiped from 900,1,245 to 300,1,245

2022-06-21 14:41:45 - [TEST_STEP][PASSED] - delay(3): Delayed 3 second(s)

2022-06-21 14:41:48 - [MESSAGE][PASSED] - Delayed 3 second(s)

2022-06-21 14:41:48 - [TEST_STEP][PASSED] - waitForElementPresent(findTestObject("SplitBill/splitBillToCollectListBillNameTxt", ["name":"Lunch"]), 0): Object Object Repository/SplitBill/splitBillToCollectListBillNameTxt not found

2022-06-21 14:41:48 - [MESSAGE][WARNING] - Timeout '0' is invalid. Using default page load timeout: '40'

2022-06-21 14:42:28 - [MESSAGE][WARNING] - Object Object Repository/SplitBill/splitBillToCollectListBillNameTxt not found

2022-06-21 14:42:28 - [TEST_STEP][FAILED] - tap(findTestObject("SplitBill/splitBillToCollectListBillNameTxt", ["name":"Lunch"]), 0): Object Object Repository/SplitBill/splitBillToCollectListBillNameTxt not found

2022-06-21 14:42:28 - [MESSAGE][WARNING] - Timeout '0' is invalid. Using default page load timeout: '40'

2022-06-21 14:43:09 - [MESSAGE][FAILED] - Object Object Repository/SplitBill/splitBillToCollectListBillNameTxt not found

2022-06-21 14:43:09 - [TEST_STEP][PASSED] - delay(3): Delayed 3 second(s)

2022-06-21 14:43:12 - [MESSAGE][PASSED] - Delayed 3 second(s)

2022-06-21 14:43:12 - [TEST_STEP][PASSED] - waitForElementPresent(findTestObject("SplitBill/splitBillDetailsThreeDotsBtn"), 0): Element 'Object Repository/SplitBill/splitBillDetailsThreeDotsBtn' is present

2022-06-21 14:43:12 - [MESSAGE][WARNING] - Timeout '0' is invalid. Using default page load timeout: '40'

2022-06-21 14:43:12 - [MESSAGE][PASSED] - Element 'Object Repository/SplitBill/splitBillDetailsThreeDotsBtn' is present

2022-06-21 14:43:12 - [TEST_STEP][PASSED] - tap(findTestObject("SplitBill/splitBillDetailsThreeDotsBtn"), 0): Tapped on element 'Object Repository/SplitBill/splitBillDetailsThreeDotsBtn'

2022-06-21 14:43:12 - [MESSAGE][WARNING] - Timeout '0' is invalid. Using default page load timeout: '40'

2022-06-21 14:43:12 - [MESSAGE][PASSED] - Tapped on element 'Object Repository/SplitBill/splitBillDetailsThreeDotsBtn'

2022-06-21 14:43:12 - [TEST_STEP][PASSED] - waitForElementPresent(findTestObject("SplitBill/splitBillDetailsThreeDotsRemoveBillBtn"), 0): Object Object Repository/SplitBill/splitBillDetailsThreeDotsRemoveBillBtn not found

2022-06-21 14:43:12 - [MESSAGE][WARNING] - Timeout '0' is invalid. Using default page load timeout: '40'

2022-06-21 14:43:52 - [MESSAGE][WARNING] - Object Object Repository/SplitBill/splitBillDetailsThreeDotsRemoveBillBtn not found

2022-06-21 14:43:52 - [TEST_STEP][FAILED] - tap(findTestObject("SplitBill/splitBillDetailsThreeDotsRemoveBillBtn"), 0): Object Object Repository/SplitBill/splitBillDetailsThreeDotsRemoveBillBtn not found

2022-06-21 14:43:52 - [MESSAGE][WARNING] - Timeout '0' is invalid. Using default page load timeout: '40'

2022-06-21 14:44:32 - [MESSAGE][FAILED] - Object Object Repository/SplitBill/splitBillDetailsThreeDotsRemoveBillBtn not found

2022-06-21 14:44:32 - [TEST_STEP][PASSED] - waitForElementPresent(findTestObject("SplitBill/splitBillRemoveConfirmBtn"), 0): Object Object Repository/SplitBill/splitBillRemoveConfirmBtn not found

2022-06-21 14:44:32 - [MESSAGE][WARNING] - Timeout '0' is invalid. Using default page load timeout: '40'

2022-06-21 14:45:12 - [MESSAGE][WARNING] - Object Object Repository/SplitBill/splitBillRemoveConfirmBtn not found

2022-06-21 14:45:12 - [TEST_STEP][FAILED] - tap(findTestObject("SplitBill/splitBillRemoveConfirmBtn"), 0): Object Object Repository/SplitBill/splitBillRemoveConfirmBtn not found

2022-06-21 14:45:12 - [MESSAGE][WARNING] - Timeout '0' is invalid. Using default page load timeout: '40'

2022-06-21 14:45:52 - [MESSAGE][FAILED] - Object Object Repository/SplitBill/splitBillRemoveConfirmBtn not found

2022-06-21 14:45:52 - [TEST_STEP][PASSED] - delay(3): Delayed 3 second(s)

2022-06-21 14:45:55 - [MESSAGE][PASSED] - Delayed 3 second(s)

2022-06-21 14:45:55 - [TEST_STEP][PASSED] - takeScreenshot("/Users/a00139272/Desktop/Screenshot/removePastSplit.png"): Screenshot is taken

2022-06-21 14:45:56 - [MESSAGE][PASSED] - Screenshot is taken
[[ATTACHMENT|/Users/a00139272/Desktop/Screenshot/removePastSplit.png]]

2022-06-21 14:45:56 - [TEST_STEP][PASSED] - verifyElementNotExist(findTestObject("SplitBill/splitBillToCollectListBillNameTxt", ["name":"Lunch"]), 0): Element 'Object Repository/SplitBill/splitBillToCollectListBillNameTxt' not found

2022-06-21 14:45:56 - [MESSAGE][WARNING] - Timeout '0' is invalid. Using default page load timeout: '40'

2022-06-21 14:46:36 - [MESSAGE][PASSED] - Element 'Object Repository/SplitBill/splitBillToCollectListBillNameTxt' not found

2022-06-21 14:46:36 - [TEST_STEP][PASSED] - delay(5): Delayed 5 second(s)

2022-06-21 14:46:41 - [MESSAGE][PASSED] - Delayed 5 second(s)]]></system-out>
         <system-err><![CDATA[2022-06-21 14:41:37 - [TEST_CASE][FAILED] - Test Cases/Split Bill/splitBill_removePastSplitBill: Test Cases/Split Bill/splitBill_removePastSplitBill FAILED.
Reason:
com.kms.katalon.core.exception.StepFailedException: Object Object Repository/SplitBill/splitBillToCollectListBillNameTxt not found
	at com.kms.katalon.core.keyword.internal.KeywordMain.stepFailed(KeywordMain.groovy:39)
	at com.kms.katalon.core.mobile.keyword.internal.MobileKeywordMain.stepFailed(MobileKeywordMain.groovy:40)
	at com.kms.katalon.core.mobile.keyword.builtin.TapKeyword$_tap_closure1.doCall(TapKeyword.groovy:79)
	at com.kms.katalon.core.mobile.keyword.builtin.TapKeyword$_tap_closure1.call(TapKeyword.groovy)
	at com.kms.katalon.core.mobile.keyword.internal.MobileKeywordMain.runKeyword(MobileKeywordMain.groovy:21)
	at com.kms.katalon.core.mobile.keyword.builtin.TapKeyword.tap(TapKeyword.groovy:84)
	at com.kms.katalon.core.mobile.keyword.builtin.TapKeyword.execute(TapKeyword.groovy:68)
	at com.kms.katalon.core.keyword.internal.KeywordExecutor.executeKeywordForPlatform(KeywordExecutor.groovy:74)
	at com.kms.katalon.core.mobile.keyword.MobileBuiltInKeywords.tap(MobileBuiltInKeywords.groovy:1490)
	at com.kms.katalon.core.mobile.keyword.MobileBuiltInKeywords$tap$5.call(Unknown Source)
	at splitBill_removePastSplitBill.run(splitBill_removePastSplitBill:68)
	at com.kms.katalon.core.main.ScriptEngine.run(ScriptEngine.java:194)
	at com.kms.katalon.core.main.ScriptEngine.runScriptAsRawText(ScriptEngine.java:119)
	at com.kms.katalon.core.main.TestCaseExecutor.runScript(TestCaseExecutor.java:445)
	at com.kms.katalon.core.main.TestCaseExecutor.doExecute(TestCaseExecutor.java:436)
	at com.kms.katalon.core.main.TestCaseExecutor.processExecutionPhase(TestCaseExecutor.java:415)
	at com.kms.katalon.core.main.TestCaseExecutor.accessMainPhase(TestCaseExecutor.java:407)
	at com.kms.katalon.core.main.TestCaseExecutor.execute(TestCaseExecutor.java:284)
	at com.kms.katalon.core.common.CommonExecutor.accessTestCaseMainPhase(CommonExecutor.java:65)
	at com.kms.katalon.core.main.TestSuiteExecutor.accessTestSuiteMainPhase(TestSuiteExecutor.java:144)
	at com.kms.katalon.core.main.TestSuiteExecutor.execute(TestSuiteExecutor.java:106)
	at com.kms.katalon.core.main.TestCaseMain.startTestSuite(TestCaseMain.java:185)
	at com.kms.katalon.core.main.TestCaseMain$startTestSuite$0.call(Unknown Source)
	at TempTestSuite1655790904660.run(TempTestSuite1655790904660.groovy:36)]]></system-err>
      </testcase>
      <system-out><![CDATA[2022-06-21 13:55:16 - [TEST_SUITE][FAILED] - Regress 4: Test Cases/Send Request Money/requestMoney_cancelRequest FAILED.
Reason:
com.kms.katalon.core.exception.StepFailedException: Actual text 'Icrpptwo' and expected text 'icrpp' of test object 'Object Repository/Send Request Money/requestMoneyDetailsNameTxt' are NOT matched.
	at com.kms.katalon.core.keyword.internal.KeywordMain.stepFailed(KeywordMain.groovy:39)
	at com.kms.katalon.core.mobile.keyword.internal.MobileKeywordMain.stepFailed(MobileKeywordMain.groovy:40)
	at com.kms.katalon.core.mobile.keyword.builtin.VerifyElementTextKeyword$_verifyElementText_closure1.doCall(VerifyElementTextKeyword.groovy:56)
	at com.kms.katalon.core.mobile.keyword.builtin.VerifyElementTextKeyword$_verifyElementText_closure1.call(VerifyElementTextKeyword.groovy)
	at com.kms.katalon.core.mobile.keyword.internal.MobileKeywordMain.runKeyword(MobileKeywordMain.groovy:21)
	at com.kms.katalon.core.mobile.keyword.builtin.VerifyElementTextKeyword.verifyElementText(VerifyElementTextKeyword.groovy:62)
	at com.kms.katalon.core.mobile.keyword.builtin.VerifyElementTextKeyword.execute(VerifyElementTextKeyword.groovy:39)
	at com.kms.katalon.core.keyword.internal.KeywordExecutor.executeKeywordForPlatform(KeywordExecutor.groovy:74)
	at com.kms.katalon.core.mobile.keyword.MobileBuiltInKeywords.verifyElementText(MobileBuiltInKeywords.groovy:2901)
	at com.kms.katalon.core.mobile.keyword.MobileBuiltInKeywords$verifyElementText$12.call(Unknown Source)
	at requestMoney_cancelRequest.run(requestMoney_cancelRequest:67)
	at com.kms.katalon.core.main.ScriptEngine.run(ScriptEngine.java:194)
	at com.kms.katalon.core.main.ScriptEngine.runScriptAsRawText(ScriptEngine.java:119)
	at com.kms.katalon.core.main.TestCaseExecutor.runScript(TestCaseExecutor.java:445)
	at com.kms.katalon.core.main.TestCaseExecutor.doExecute(TestCaseExecutor.java:436)
	at com.kms.katalon.core.main.TestCaseExecutor.processExecutionPhase(TestCaseExecutor.java:415)
	at com.kms.katalon.core.main.TestCaseExecutor.accessMainPhase(TestCaseExecutor.java:407)
	at com.kms.katalon.core.main.TestCaseExecutor.execute(TestCaseExecutor.java:284)
	at com.kms.katalon.core.common.CommonExecutor.accessTestCaseMainPhase(CommonExecutor.java:65)
	at com.kms.katalon.core.main.TestSuiteExecutor.accessTestSuiteMainPhase(TestSuiteExecutor.java:144)
	at com.kms.katalon.core.main.TestSuiteExecutor.execute(TestSuiteExecutor.java:106)
	at com.kms.katalon.core.main.TestCaseMain.startTestSuite(TestCaseMain.java:185)
	at com.kms.katalon.core.main.TestCaseMain$startTestSuite$0.call(Unknown Source)
	at TempTestSuite1655790904660.run(TempTestSuite1655790904660.groovy:36)]]></system-out>
      <system-err><![CDATA[2022-06-21 13:55:16 - [TEST_SUITE][FAILED] - Regress 4: Test Cases/Send Request Money/requestMoney_cancelRequest FAILED.
Reason:
com.kms.katalon.core.exception.StepFailedException: Actual text 'Icrpptwo' and expected text 'icrpp' of test object 'Object Repository/Send Request Money/requestMoneyDetailsNameTxt' are NOT matched.
	at com.kms.katalon.core.keyword.internal.KeywordMain.stepFailed(KeywordMain.groovy:39)
	at com.kms.katalon.core.mobile.keyword.internal.MobileKeywordMain.stepFailed(MobileKeywordMain.groovy:40)
	at com.kms.katalon.core.mobile.keyword.builtin.VerifyElementTextKeyword$_verifyElementText_closure1.doCall(VerifyElementTextKeyword.groovy:56)
	at com.kms.katalon.core.mobile.keyword.builtin.VerifyElementTextKeyword$_verifyElementText_closure1.call(VerifyElementTextKeyword.groovy)
	at com.kms.katalon.core.mobile.keyword.internal.MobileKeywordMain.runKeyword(MobileKeywordMain.groovy:21)
	at com.kms.katalon.core.mobile.keyword.builtin.VerifyElementTextKeyword.verifyElementText(VerifyElementTextKeyword.groovy:62)
	at com.kms.katalon.core.mobile.keyword.builtin.VerifyElementTextKeyword.execute(VerifyElementTextKeyword.groovy:39)
	at com.kms.katalon.core.keyword.internal.KeywordExecutor.executeKeywordForPlatform(KeywordExecutor.groovy:74)
	at com.kms.katalon.core.mobile.keyword.MobileBuiltInKeywords.verifyElementText(MobileBuiltInKeywords.groovy:2901)
	at com.kms.katalon.core.mobile.keyword.MobileBuiltInKeywords$verifyElementText$12.call(Unknown Source)
	at requestMoney_cancelRequest.run(requestMoney_cancelRequest:67)
	at com.kms.katalon.core.main.ScriptEngine.run(ScriptEngine.java:194)
	at com.kms.katalon.core.main.ScriptEngine.runScriptAsRawText(ScriptEngine.java:119)
	at com.kms.katalon.core.main.TestCaseExecutor.runScript(TestCaseExecutor.java:445)
	at com.kms.katalon.core.main.TestCaseExecutor.doExecute(TestCaseExecutor.java:436)
	at com.kms.katalon.core.main.TestCaseExecutor.processExecutionPhase(TestCaseExecutor.java:415)
	at com.kms.katalon.core.main.TestCaseExecutor.accessMainPhase(TestCaseExecutor.java:407)
	at com.kms.katalon.core.main.TestCaseExecutor.execute(TestCaseExecutor.java:284)
	at com.kms.katalon.core.common.CommonExecutor.accessTestCaseMainPhase(CommonExecutor.java:65)
	at com.kms.katalon.core.main.TestSuiteExecutor.accessTestSuiteMainPhase(TestSuiteExecutor.java:144)
	at com.kms.katalon.core.main.TestSuiteExecutor.execute(TestSuiteExecutor.java:106)
	at com.kms.katalon.core.main.TestCaseMain.startTestSuite(TestCaseMain.java:185)
	at com.kms.katalon.core.main.TestCaseMain$startTestSuite$0.call(Unknown Source)
	at TempTestSuite1655790904660.run(TempTestSuite1655790904660.groovy:36)]]></system-err>
   </testsuite>
</testsuites>
